<?xml version="1.0" encoding="UTF-8"?>
<testsuite xmlns:xsi="http://www.w3.org/2001/XMLSchema-instance" xsi:noNamespaceSchemaLocation="https://maven.apache.org/surefire/maven-surefire-plugin/xsd/surefire-test-report.xsd" version="3.0.2" name="TestSuite" time="66.958" tests="5" errors="0" skipped="0" failures="1">
  <properties>
    <property name="java.specification.version" value="21"/>
    <property name="sun.jnu.encoding" value="UTF-8"/>
    <property name="java.class.path" value="/Users/administrator/eclipse-workspace/AppiumFrameworkDesign/target/test-classes:/Users/administrator/eclipse-workspace/AppiumFrameworkDesign/target/classes:/Users/administrator/.m2/repository/io/appium/java-client/9.5.0/java-client-9.5.0.jar:/Users/administrator/.m2/repository/org/seleniumhq/selenium/selenium-api/4.34.0/selenium-api-4.34.0.jar:/Users/administrator/.m2/repository/org/seleniumhq/selenium/selenium-remote-driver/4.34.0/selenium-remote-driver-4.34.0.jar:/Users/administrator/.m2/repository/com/google/auto/service/auto-service-annotations/1.1.1/auto-service-annotations-1.1.1.jar:/Users/administrator/.m2/repository/com/google/guava/guava/33.4.8-jre/guava-33.4.8-jre.jar:/Users/administrator/.m2/repository/com/google/guava/failureaccess/1.0.3/failureaccess-1.0.3.jar:/Users/administrator/.m2/repository/com/google/guava/listenablefuture/9999.0-empty-to-avoid-conflict-with-guava/listenablefuture-9999.0-empty-to-avoid-conflict-with-guava.jar:/Users/administrator/.m2/repository/com/google/j2objc/j2objc-annotations/3.0.0/j2objc-annotations-3.0.0.jar:/Users/administrator/.m2/repository/io/opentelemetry/opentelemetry-api/1.51.0/opentelemetry-api-1.51.0.jar:/Users/administrator/.m2/repository/io/opentelemetry/opentelemetry-context/1.51.0/opentelemetry-context-1.51.0.jar:/Users/administrator/.m2/repository/io/opentelemetry/opentelemetry-exporter-logging/1.51.0/opentelemetry-exporter-logging-1.51.0.jar:/Users/administrator/.m2/repository/io/opentelemetry/opentelemetry-sdk-common/1.51.0/opentelemetry-sdk-common-1.51.0.jar:/Users/administrator/.m2/repository/io/opentelemetry/opentelemetry-sdk-extension-autoconfigure-spi/1.51.0/opentelemetry-sdk-extension-autoconfigure-spi-1.51.0.jar:/Users/administrator/.m2/repository/io/opentelemetry/opentelemetry-sdk-extension-autoconfigure/1.51.0/opentelemetry-sdk-extension-autoconfigure-1.51.0.jar:/Users/administrator/.m2/repository/io/opentelemetry/opentelemetry-sdk-trace/1.51.0/opentelemetry-sdk-trace-1.51.0.jar:/Users/administrator/.m2/repository/io/opentelemetry/opentelemetry-sdk/1.51.0/opentelemetry-sdk-1.51.0.jar:/Users/administrator/.m2/repository/io/opentelemetry/opentelemetry-sdk-metrics/1.51.0/opentelemetry-sdk-metrics-1.51.0.jar:/Users/administrator/.m2/repository/io/opentelemetry/opentelemetry-sdk-logs/1.51.0/opentelemetry-sdk-logs-1.51.0.jar:/Users/administrator/.m2/repository/net/bytebuddy/byte-buddy/1.17.6/byte-buddy-1.17.6.jar:/Users/administrator/.m2/repository/org/seleniumhq/selenium/selenium-http/4.34.0/selenium-http-4.34.0.jar:/Users/administrator/.m2/repository/org/seleniumhq/selenium/selenium-json/4.34.0/selenium-json-4.34.0.jar:/Users/administrator/.m2/repository/org/seleniumhq/selenium/selenium-manager/4.34.0/selenium-manager-4.34.0.jar:/Users/administrator/.m2/repository/org/seleniumhq/selenium/selenium-os/4.34.0/selenium-os-4.34.0.jar:/Users/administrator/.m2/repository/org/apache/commons/commons-exec/1.5.0/commons-exec-1.5.0.jar:/Users/administrator/.m2/repository/org/seleniumhq/selenium/selenium-support/4.34.0/selenium-support-4.34.0.jar:/Users/administrator/.m2/repository/com/google/code/gson/gson/2.13.1/gson-2.13.1.jar:/Users/administrator/.m2/repository/com/google/errorprone/error_prone_annotations/2.38.0/error_prone_annotations-2.38.0.jar:/Users/administrator/.m2/repository/org/slf4j/slf4j-api/2.0.17/slf4j-api-2.0.17.jar:/Users/administrator/.m2/repository/org/jspecify/jspecify/1.0.0/jspecify-1.0.0.jar:/Users/administrator/.m2/repository/org/testng/testng/7.10.2/testng-7.10.2.jar:/Users/administrator/.m2/repository/com/beust/jcommander/1.82/jcommander-1.82.jar:/Users/administrator/.m2/repository/org/webjars/jquery/3.7.1/jquery-3.7.1.jar:/Users/administrator/.m2/repository/commons-io/commons-io/2.19.0/commons-io-2.19.0.jar:/Users/administrator/.m2/repository/com/fasterxml/jackson/core/jackson-databind/2.19.1/jackson-databind-2.19.1.jar:/Users/administrator/.m2/repository/com/fasterxml/jackson/core/jackson-annotations/2.19.1/jackson-annotations-2.19.1.jar:/Users/administrator/.m2/repository/com/fasterxml/jackson/core/jackson-core/2.19.1/jackson-core-2.19.1.jar:/Users/administrator/.m2/repository/com/aventstack/extentreports/5.0.9/extentreports-5.0.9.jar:/Users/administrator/.m2/repository/io/reactivex/rxjava3/rxjava/3.0.4/rxjava-3.0.4.jar:/Users/administrator/.m2/repository/org/reactivestreams/reactive-streams/1.0.3/reactive-streams-1.0.3.jar:/Users/administrator/.m2/repository/org/freemarker/freemarker/2.3.30/freemarker-2.3.30.jar:/Users/administrator/.m2/repository/org/projectlombok/lombok/1.18.28/lombok-1.18.28.jar:"/>
    <property name="java.vm.vendor" value="Oracle Corporation"/>
    <property name="sun.arch.data.model" value="64"/>
    <property name="java.vendor.url" value="https://java.oracle.com/"/>
    <property name="user.timezone" value="America/New_York"/>
    <property name="os.name" value="Mac OS X"/>
    <property name="java.vm.specification.version" value="21"/>
    <property name="sun.java.launcher" value="SUN_STANDARD"/>
    <property name="user.country" value="US"/>
    <property name="sun.boot.library.path" value="/Library/Java/JavaVirtualMachines/jdk-21.jdk/Contents/Home/lib"/>
    <property name="sun.java.command" value="/Users/administrator/eclipse-workspace/AppiumFrameworkDesign/target/surefire/surefirebooter-20250723234916175_3.jar /Users/administrator/eclipse-workspace/AppiumFrameworkDesign/target/surefire 2025-07-23T23-49-16_149-jvmRun1 surefire-20250723234916175_1tmp surefire_0-20250723234916175_2tmp"/>
    <property name="http.nonProxyHosts" value="local|*.local|169.254/16|*.169.254/16"/>
    <property name="jdk.debug" value="release"/>
    <property name="surefire.test.class.path" value="/Users/administrator/eclipse-workspace/AppiumFrameworkDesign/target/test-classes:/Users/administrator/eclipse-workspace/AppiumFrameworkDesign/target/classes:/Users/administrator/.m2/repository/io/appium/java-client/9.5.0/java-client-9.5.0.jar:/Users/administrator/.m2/repository/org/seleniumhq/selenium/selenium-api/4.34.0/selenium-api-4.34.0.jar:/Users/administrator/.m2/repository/org/seleniumhq/selenium/selenium-remote-driver/4.34.0/selenium-remote-driver-4.34.0.jar:/Users/administrator/.m2/repository/com/google/auto/service/auto-service-annotations/1.1.1/auto-service-annotations-1.1.1.jar:/Users/administrator/.m2/repository/com/google/guava/guava/33.4.8-jre/guava-33.4.8-jre.jar:/Users/administrator/.m2/repository/com/google/guava/failureaccess/1.0.3/failureaccess-1.0.3.jar:/Users/administrator/.m2/repository/com/google/guava/listenablefuture/9999.0-empty-to-avoid-conflict-with-guava/listenablefuture-9999.0-empty-to-avoid-conflict-with-guava.jar:/Users/administrator/.m2/repository/com/google/j2objc/j2objc-annotations/3.0.0/j2objc-annotations-3.0.0.jar:/Users/administrator/.m2/repository/io/opentelemetry/opentelemetry-api/1.51.0/opentelemetry-api-1.51.0.jar:/Users/administrator/.m2/repository/io/opentelemetry/opentelemetry-context/1.51.0/opentelemetry-context-1.51.0.jar:/Users/administrator/.m2/repository/io/opentelemetry/opentelemetry-exporter-logging/1.51.0/opentelemetry-exporter-logging-1.51.0.jar:/Users/administrator/.m2/repository/io/opentelemetry/opentelemetry-sdk-common/1.51.0/opentelemetry-sdk-common-1.51.0.jar:/Users/administrator/.m2/repository/io/opentelemetry/opentelemetry-sdk-extension-autoconfigure-spi/1.51.0/opentelemetry-sdk-extension-autoconfigure-spi-1.51.0.jar:/Users/administrator/.m2/repository/io/opentelemetry/opentelemetry-sdk-extension-autoconfigure/1.51.0/opentelemetry-sdk-extension-autoconfigure-1.51.0.jar:/Users/administrator/.m2/repository/io/opentelemetry/opentelemetry-sdk-trace/1.51.0/opentelemetry-sdk-trace-1.51.0.jar:/Users/administrator/.m2/repository/io/opentelemetry/opentelemetry-sdk/1.51.0/opentelemetry-sdk-1.51.0.jar:/Users/administrator/.m2/repository/io/opentelemetry/opentelemetry-sdk-metrics/1.51.0/opentelemetry-sdk-metrics-1.51.0.jar:/Users/administrator/.m2/repository/io/opentelemetry/opentelemetry-sdk-logs/1.51.0/opentelemetry-sdk-logs-1.51.0.jar:/Users/administrator/.m2/repository/net/bytebuddy/byte-buddy/1.17.6/byte-buddy-1.17.6.jar:/Users/administrator/.m2/repository/org/seleniumhq/selenium/selenium-http/4.34.0/selenium-http-4.34.0.jar:/Users/administrator/.m2/repository/org/seleniumhq/selenium/selenium-json/4.34.0/selenium-json-4.34.0.jar:/Users/administrator/.m2/repository/org/seleniumhq/selenium/selenium-manager/4.34.0/selenium-manager-4.34.0.jar:/Users/administrator/.m2/repository/org/seleniumhq/selenium/selenium-os/4.34.0/selenium-os-4.34.0.jar:/Users/administrator/.m2/repository/org/apache/commons/commons-exec/1.5.0/commons-exec-1.5.0.jar:/Users/administrator/.m2/repository/org/seleniumhq/selenium/selenium-support/4.34.0/selenium-support-4.34.0.jar:/Users/administrator/.m2/repository/com/google/code/gson/gson/2.13.1/gson-2.13.1.jar:/Users/administrator/.m2/repository/com/google/errorprone/error_prone_annotations/2.38.0/error_prone_annotations-2.38.0.jar:/Users/administrator/.m2/repository/org/slf4j/slf4j-api/2.0.17/slf4j-api-2.0.17.jar:/Users/administrator/.m2/repository/org/jspecify/jspecify/1.0.0/jspecify-1.0.0.jar:/Users/administrator/.m2/repository/org/testng/testng/7.10.2/testng-7.10.2.jar:/Users/administrator/.m2/repository/com/beust/jcommander/1.82/jcommander-1.82.jar:/Users/administrator/.m2/repository/org/webjars/jquery/3.7.1/jquery-3.7.1.jar:/Users/administrator/.m2/repository/commons-io/commons-io/2.19.0/commons-io-2.19.0.jar:/Users/administrator/.m2/repository/com/fasterxml/jackson/core/jackson-databind/2.19.1/jackson-databind-2.19.1.jar:/Users/administrator/.m2/repository/com/fasterxml/jackson/core/jackson-annotations/2.19.1/jackson-annotations-2.19.1.jar:/Users/administrator/.m2/repository/com/fasterxml/jackson/core/jackson-core/2.19.1/jackson-core-2.19.1.jar:/Users/administrator/.m2/repository/com/aventstack/extentreports/5.0.9/extentreports-5.0.9.jar:/Users/administrator/.m2/repository/io/reactivex/rxjava3/rxjava/3.0.4/rxjava-3.0.4.jar:/Users/administrator/.m2/repository/org/reactivestreams/reactive-streams/1.0.3/reactive-streams-1.0.3.jar:/Users/administrator/.m2/repository/org/freemarker/freemarker/2.3.30/freemarker-2.3.30.jar:/Users/administrator/.m2/repository/org/projectlombok/lombok/1.18.28/lombok-1.18.28.jar:"/>
    <property name="sun.cpu.endian" value="little"/>
    <property name="user.home" value="/Users/administrator"/>
    <property name="user.language" value="en"/>
    <property name="ipAddress" value="127.0.0.1"/>
    <property name="java.specification.vendor" value="Oracle Corporation"/>
    <property name="java.version.date" value="2025-04-15"/>
    <property name="java.home" value="/Library/Java/JavaVirtualMachines/jdk-21.jdk/Contents/Home"/>
    <property name="file.separator" value="/"/>
    <property name="basedir" value="/Users/administrator/eclipse-workspace/AppiumFrameworkDesign"/>
    <property name="java.vm.compressedOopsMode" value="Zero based"/>
    <property name="line.separator" value="&#10;"/>
    <property name="java.vm.specification.vendor" value="Oracle Corporation"/>
    <property name="java.specification.name" value="Java Platform API Specification"/>
    <property name="apple.awt.application.name" value="ForkedBooter"/>
    <property name="surefire.real.class.path" value="/Users/administrator/eclipse-workspace/AppiumFrameworkDesign/target/surefire/surefirebooter-20250723234916175_3.jar"/>
    <property name="sun.management.compiler" value="HotSpot 64-Bit Tiered Compilers"/>
    <property name="ftp.nonProxyHosts" value="local|*.local|169.254/16|*.169.254/16"/>
    <property name="java.runtime.version" value="21.0.7+8-LTS-245"/>
    <property name="user.name" value="administrator"/>
    <property name="stdout.encoding" value="UTF-8"/>
    <property name="path.separator" value=":"/>
    <property name="os.version" value="15.5"/>
    <property name="java.runtime.name" value="Java(TM) SE Runtime Environment"/>
    <property name="file.encoding" value="UTF-8"/>
    <property name="java.vm.name" value="Java HotSpot(TM) 64-Bit Server VM"/>
    <property name="localRepository" value="/Users/administrator/.m2/repository"/>
    <property name="java.vendor.url.bug" value="https://bugreport.java.com/bugreport/"/>
    <property name="java.io.tmpdir" value="/var/folders/b5/zsb_c0_96m591__5t0hnl_q80000gn/T/"/>
    <property name="java.version" value="21.0.7"/>
    <property name="user.dir" value="/Users/administrator/eclipse-workspace/AppiumFrameworkDesign"/>
    <property name="os.arch" value="aarch64"/>
    <property name="java.vm.specification.name" value="Java Virtual Machine Specification"/>
    <property name="native.encoding" value="UTF-8"/>
    <property name="java.library.path" value="/Users/administrator/Library/Java/Extensions:/Library/Java/Extensions:/Network/Library/Java/Extensions:/System/Library/Java/Extensions:/usr/lib/java:."/>
    <property name="java.vm.info" value="mixed mode, sharing"/>
    <property name="stderr.encoding" value="UTF-8"/>
    <property name="java.vendor" value="Oracle Corporation"/>
    <property name="java.vm.version" value="21.0.7+8-LTS-245"/>
    <property name="sun.io.unicode.encoding" value="UnicodeBig"/>
    <property name="socksNonProxyHosts" value="local|*.local|169.254/16|*.169.254/16"/>
    <property name="java.class.version" value="65.0"/>
  </properties>
  <testcase name="EndToEndOrderFlowTest[{gender=Female, name=Nadu Syed, country=Australia}](1)" classname="org.latiffsyed.tests.android.PurchaseOrderFlowTest" time="17.583">
    <system-out><![CDATA[Hello/Users/administrator/eclipse-workspace/AppiumFrameworkDesign//reports//index.html
>>> TestNG Listener: onStart()
127.0.0.1
&amp#27;[38;5;112m[Appium]&amp#27;[0m Welcome to Appium v2.19.0
&amp#27;[38;5;112m[Appium]&amp#27;[0m Non-default server args:
&amp#27;[38;5;112m[Appium]&amp#27;[0m { address: &amp#27;[32m'127.0.0.1'&amp#27;[39m }
&amp#27;[38;5;112m[Appium]&amp#27;[0m The autodetected Appium home path: /Users/administrator/.appium
&amp#27;[38;5;112m[Appium]&amp#27;[0m Attempting to load driver uiautomator2...
&amp#27;[38;5;112m[Appium]&amp#27;[0m Attempting to load driver xcuitest...
&amp#27;[38;5;112m[Appium]&amp#27;[0m Requiring driver at /Users/administrator/.appium/node_modules/appium-uiautomator2-driver/build/index.js
&amp#27;[38;5;112m[Appium]&amp#27;[0m Requiring driver at /Users/administrator/.appium/node_modules/appium-xcuitest-driver/build/index.js
&amp#27;[38;5;112m[Appium]&amp#27;[0m AndroidUiautomator2Driver has been successfully loaded in 0.268s
&amp#27;[38;5;112m[Appium]&amp#27;[0m XCUITestDriver has been successfully loaded in 0.575s
&amp#27;[38;5;112m[Appium]&amp#27;[0m Appium REST http interface listener started on http://127.0.0.1:4723
&amp#27;[38;5;112m[Appium]&amp#27;[0m Available drivers:
&amp#27;[38;5;112m[Appium]&amp#27;[0m   - uiautomator2@4.2.3 (automationName 'UiAutomator2')
&amp#27;[38;5;112m[Appium]&amp#27;[0m   - xcuitest@9.9.1 (automationName 'XCUITest')
&amp#27;[38;5;112m[Appium]&amp#27;[0m No plugins have been installed. Use the "appium plugin" command to install the one(s) you want to use.
&amp#27;[38;5;86m[HTTP]&amp#27;[0m &amp#27;[37m-->&amp#27;[39m &amp#27;[37mGET&amp#27;[39m &amp#27;[37m/status&amp#27;[39m &amp#27;[90m{}&amp#27;[39m
&amp#27;[38;5;159m[AppiumDriver@6f23]&amp#27;[0m Calling AppiumDriver.getStatus() with args: []
&amp#27;[38;5;159m[AppiumDriver@6f23]&amp#27;[0m Responding to client with driver.getStatus() result: {"ready":true,"message":"The server is ready to accept new connections","build":{"version":"2.19.0"}}
&amp#27;[38;5;86m[HTTP]&amp#27;[0m &amp#27;[37m<-- GET /status &amp#27;[39m&amp#27;[32m200&amp#27;[39m &amp#27;[90m1 ms - 111&amp#27;[39m &amp#27;[90m&amp#27;[39m
&amp#27;[38;5;86m[HTTP]&amp#27;[0m Request idempotency key: 8451a561-3d9d-49d7-b2ca-a2c223cf16f0
&amp#27;[38;5;86m[HTTP]&amp#27;[0m &amp#27;[37m-->&amp#27;[39m &amp#27;[37mPOST&amp#27;[39m &amp#27;[37m/session&amp#27;[39m &amp#27;[90m{"capabilities":{"firstMatch":[{"appium:chromedriverExecutable":"//Users//administrator//Documents//Chromedriver 138.0.7204.92//chromedriver-mac-x64//chromedriver","appium:deviceName":"LatiffPhone","platformName":"ANDROID","appium:automationName":"UIAutomator2","appium:app":"/Users/administrator/eclipse-workspace/AppiumFrameworkDesign//src//test//java//org//latiffsyed//resources//General-Store.apk"}]}}&amp#27;[39m
&amp#27;[38;5;159m[AppiumDriver@6f23]&amp#27;[0m Calling AppiumDriver.createSession() with args: [null,null,{"firstMatch":[{"appium:chromedriverExecutable":"//Users//administrator//Documents//Chromedriver 138.0.7204.92//chromedriver-mac-x64//chromedriver","appium:deviceName":"LatiffPhone","platformName":"ANDROID","appium:automationName":"UIAutomator2","appium:app":"/Users/administrator/eclipse-workspace/AppiumFrameworkDesign//src//test//java//org//latiffsyed//resources//General-Store.apk"}]}]
&amp#27;[38;5;159m[AppiumDriver@6f23]&amp#27;[0m Event 'newSessionRequested' logged at 1753328957560 (23:49:17 GMT-0400 (Eastern Daylight Time))
&amp#27;[38;5;112m[Appium]&amp#27;[0m Attempting to find matching driver for automationName 'UIAutomator2' and platformName 'ANDROID'
&amp#27;[38;5;112m[Appium]&amp#27;[0m The 'uiautomator2' driver was installed and matched caps.
&amp#27;[38;5;112m[Appium]&amp#27;[0m Will require it at /Users/administrator/.appium/node_modules/appium-uiautomator2-driver
&amp#27;[38;5;112m[Appium]&amp#27;[0m Requiring driver at /Users/administrator/.appium/node_modules/appium-uiautomator2-driver/build/index.js
&amp#27;[38;5;159m[AppiumDriver@6f23]&amp#27;[0m Appium v2.19.0 creating new AndroidUiautomator2Driver (v4.2.3) session
&amp#27;[38;5;159m[AppiumDriver@6f23]&amp#27;[0m Checking BaseDriver versions for Appium and AndroidUiautomator2Driver
&amp#27;[38;5;159m[AppiumDriver@6f23]&amp#27;[0m Appium's BaseDriver version is 9.18.0
&amp#27;[38;5;159m[AppiumDriver@6f23]&amp#27;[0m AndroidUiautomator2Driver's BaseDriver version is 9.18.0
&amp#27;[38;5;-183m[AndroidUiautomator2Driver@0804]&amp#27;[0m 
&amp#27;[38;5;-183m[AndroidUiautomator2Driver@0804]&amp#27;[0m Creating session with W3C capabilities: {
  "alwaysMatch": {
    "platformName": "ANDROID",
    "appium:chromedriverExecutable": "//Users//administrator//Documents//Chromedriver 138.0.7204.92//chromedriver-mac-x64//chromedriver",
    "appium:deviceName": "LatiffPhone",
    "appium:automationName": "UIAutomator2",
    "appium:app": "/Users/administrator/eclipse-workspace/AppiumFrameworkDesign//src//test//java//org//latiffsyed//resources//General-Store.apk"
  },
  "firstMatch": [
    {}
  ]
}
&amp#27;[38;5;77m[d4a1b95a]&amp#27;[0m&amp#27;[38;5;-183m[AndroidUiautomator2Driver@0804]&amp#27;[0m Session created with session id: d4a1b95a-aaac-4a9c-a6c9-7729cd7256d5
&amp#27;[38;5;77m[d4a1b95a]&amp#27;[0m&amp#27;[38;5;229m[ADB]&amp#27;[0m Found 3 'build-tools' folders under '/Users/administrator/Library/Android/sdk' (newest first):
&amp#27;[38;5;77m[d4a1b95a]&amp#27;[0m&amp#27;[38;5;229m[ADB]&amp#27;[0m     /Users/administrator/Library/Android/sdk/build-tools/36.0.0
&amp#27;[38;5;77m[d4a1b95a]&amp#27;[0m&amp#27;[38;5;229m[ADB]&amp#27;[0m     /Users/administrator/Library/Android/sdk/build-tools/35.0.1
&amp#27;[38;5;77m[d4a1b95a]&amp#27;[0m&amp#27;[38;5;229m[ADB]&amp#27;[0m     /Users/administrator/Library/Android/sdk/build-tools/35.0.0
&amp#27;[38;5;77m[d4a1b95a]&amp#27;[0m&amp#27;[38;5;229m[ADB]&amp#27;[0m Using 'adb' from '/Users/administrator/Library/Android/sdk/platform-tools/adb'
&amp#27;[38;5;77m[d4a1b95a]&amp#27;[0m&amp#27;[38;5;229m[ADB]&amp#27;[0m Running '/Users/administrator/Library/Android/sdk/platform-tools/adb -P 5037 start-server'
&amp#27;[38;5;77m[d4a1b95a]&amp#27;[0m&amp#27;[38;5;-183m[AndroidUiautomator2Driver@0804]&amp#27;[0m Retrieving device list
&amp#27;[38;5;77m[d4a1b95a]&amp#27;[0m&amp#27;[38;5;229m[ADB]&amp#27;[0m Trying to find connected Android devices
&amp#27;[38;5;77m[d4a1b95a]&amp#27;[0m&amp#27;[38;5;229m[ADB]&amp#27;[0m Getting connected devices
&amp#27;[38;5;77m[d4a1b95a]&amp#27;[0m&amp#27;[38;5;229m[ADB]&amp#27;[0m Connected devices: [{"udid":"emulator-5554","state":"device"}]
&amp#27;[38;5;77m[d4a1b95a]&amp#27;[0m&amp#27;[38;5;-183m[AndroidUiautomator2Driver@0804]&amp#27;[0m Using device: emulator-5554
&amp#27;[38;5;77m[d4a1b95a]&amp#27;[0m&amp#27;[38;5;229m[ADB]&amp#27;[0m Using 'adb' from '/Users/administrator/Library/Android/sdk/platform-tools/adb'
&amp#27;[38;5;77m[d4a1b95a]&amp#27;[0m&amp#27;[38;5;229m[ADB]&amp#27;[0m Running '/Users/administrator/Library/Android/sdk/platform-tools/adb -P 5037 start-server'
&amp#27;[38;5;77m[d4a1b95a]&amp#27;[0m&amp#27;[38;5;229m[ADB]&amp#27;[0m Setting device id to emulator-5554
&amp#27;[38;5;77m[d4a1b95a]&amp#27;[0m&amp#27;[38;5;123m[BaseDriver]&amp#27;[0m Using local app '/Users/administrator/eclipse-workspace/AppiumFrameworkDesign//src//test//java//org//latiffsyed//resources//General-Store.apk'
&amp#27;[38;5;77m[d4a1b95a]&amp#27;[0m&amp#27;[38;5;-183m[AndroidUiautomator2Driver@0804]&amp#27;[0m Checking whether app is actually present
&amp#27;[38;5;77m[d4a1b95a]&amp#27;[0m&amp#27;[38;5;229m[ADB]&amp#27;[0m Running '/Users/administrator/Library/Android/sdk/platform-tools/adb -P 5037 -s emulator-5554 shell getprop ro.build.version.sdk'
&amp#27;[38;5;77m[d4a1b95a]&amp#27;[0m&amp#27;[38;5;229m[ADB]&amp#27;[0m Current device property 'ro.build.version.sdk': 32
&amp#27;[38;5;77m[d4a1b95a]&amp#27;[0m&amp#27;[38;5;229m[ADB]&amp#27;[0m Getting device platform version
&amp#27;[38;5;77m[d4a1b95a]&amp#27;[0m&amp#27;[38;5;229m[ADB]&amp#27;[0m Running '/Users/administrator/Library/Android/sdk/platform-tools/adb -P 5037 -s emulator-5554 shell getprop ro.build.version.release'
&amp#27;[38;5;77m[d4a1b95a]&amp#27;[0m&amp#27;[38;5;229m[ADB]&amp#27;[0m Current device property 'ro.build.version.release': 12
&amp#27;[38;5;77m[d4a1b95a]&amp#27;[0m&amp#27;[38;5;229m[ADB]&amp#27;[0m Device API level: 32
&amp#27;[38;5;77m[d4a1b95a]&amp#27;[0m&amp#27;[38;5;-183m[AndroidUiautomator2Driver@0804]&amp#27;[0m Relaxing hidden api policy
&amp#27;[38;5;77m[d4a1b95a]&amp#27;[0m&amp#27;[38;5;229m[ADB]&amp#27;[0m Running '/Users/administrator/Library/Android/sdk/platform-tools/adb -P 5037 -s emulator-5554 shell 'settings put global hidden_api_policy_pre_p_apps 1;settings put global hidden_api_policy_p_apps 1;settings put global hidden_api_policy 1''
&amp#27;[38;5;77m[d4a1b95a]&amp#27;[0m&amp#27;[38;5;-183m[AndroidUiautomator2Driver@0804]&amp#27;[0m Parsing package and activity from the 'General-Store.apk' file manifest
&amp#27;[38;5;77m[d4a1b95a]&amp#27;[0m&amp#27;[38;5;229m[ADB]&amp#27;[0m Running '/Users/administrator/Library/Android/sdk/platform-tools/adb -P 5037 -s emulator-5554 wait-for-device'
&amp#27;[38;5;77m[d4a1b95a]&amp#27;[0m&amp#27;[38;5;229m[ADB]&amp#27;[0m Using 'aapt2' from '/Users/administrator/Library/Android/sdk/build-tools/36.0.0/aapt2'
&amp#27;[38;5;77m[d4a1b95a]&amp#27;[0m&amp#27;[38;5;229m[ADB]&amp#27;[0m Reading package manifest: '/Users/administrator/Library/Android/sdk/build-tools/36.0.0/aapt2 dump badging /Users/administrator/eclipse-workspace/AppiumFrameworkDesign//src//test//java//org//latiffsyed//resources//General-Store.apk'
&amp#27;[38;5;77m[d4a1b95a]&amp#27;[0m&amp#27;[38;5;229m[ADB]&amp#27;[0m Running '/Users/administrator/Library/Android/sdk/platform-tools/adb -P 5037 -s emulator-5554 shell echo ping'
&amp#27;[38;5;77m[d4a1b95a]&amp#27;[0m&amp#27;[38;5;-183m[AndroidUiautomator2Driver@0804]&amp#27;[0m Pushing settings apk to the device...
&amp#27;[38;5;77m[d4a1b95a]&amp#27;[0m&amp#27;[38;5;229m[ADB]&amp#27;[0m Getting package info for 'io.appium.settings'
&amp#27;[38;5;77m[d4a1b95a]&amp#27;[0m&amp#27;[38;5;229m[ADB]&amp#27;[0m Running '/Users/administrator/Library/Android/sdk/platform-tools/adb -P 5037 -s emulator-5554 shell dumpsys package io.appium.settings'
&amp#27;[38;5;77m[d4a1b95a]&amp#27;[0m&amp#27;[38;5;229m[ADB]&amp#27;[0m Package name: 'com.androidsample.generalstore'
&amp#27;[38;5;77m[d4a1b95a]&amp#27;[0m&amp#27;[38;5;229m[ADB]&amp#27;[0m Main activity name: 'com.androidsample.generalstore.SplashActivity'
&amp#27;[38;5;77m[d4a1b95a]&amp#27;[0m&amp#27;[38;5;-183m[AndroidUiautomator2Driver@0804]&amp#27;[0m Resolved launch package -> activity: com.androidsample.generalstore -> com.androidsample.generalstore.SplashActivity
&amp#27;[38;5;77m[d4a1b95a]&amp#27;[0m&amp#27;[38;5;-183m[AndroidUiautomator2Driver@0804]&amp#27;[0m Resolved wait package -> activity: com.androidsample.generalstore -> com.androidsample.generalstore.SplashActivity
&amp#27;[38;5;77m[d4a1b95a]&amp#27;[0m&amp#27;[38;5;229m[ADB]&amp#27;[0m Reading package manifest: '/Users/administrator/Library/Android/sdk/build-tools/36.0.0/aapt2 dump badging /Users/administrator/.appium/node_modules/appium-uiautomator2-driver/node_modules/io.appium.settings/apks/settings_apk-debug.apk'
&amp#27;[38;5;77m[d4a1b95a]&amp#27;[0m&amp#27;[38;5;229m[ADB]&amp#27;[0m The version name of the installed 'io.appium.settings' is greater or equal to the application version name ('5.14.8' >= '5.14.8')
&amp#27;[38;5;77m[d4a1b95a]&amp#27;[0m&amp#27;[38;5;229m[ADB]&amp#27;[0m There is no need to install/upgrade '/Users/administrator/.appium/node_modules/appium-uiautomator2-driver/node_modules/io.appium.settings/apks/settings_apk-debug.apk'
&amp#27;[38;5;77m[d4a1b95a]&amp#27;[0m&amp#27;[38;5;229m[ADB]&amp#27;[0m Running '/Users/administrator/Library/Android/sdk/platform-tools/adb -P 5037 -s emulator-5554 shell dumpsys activity services io.appium.settings'
&amp#27;[38;5;77m[d4a1b95a]&amp#27;[0m&amp#27;[38;5;-183m[AndroidUiautomator2Driver@0804]&amp#27;[0m io.appium.settings is already running. There is no need to reset its permissions.
&amp#27;[38;5;77m[d4a1b95a]&amp#27;[0m&amp#27;[38;5;160m[Logcat]&amp#27;[0m Starting logs capture with command: /Users/administrator/Library/Android/sdk/platform-tools/adb -P 5037 -s emulator-5554 logcat -v threadtime
&amp#27;[38;5;77m[d4a1b95a]&amp#27;[0m&amp#27;[38;5;-183m[AndroidUiautomator2Driver@0804]&amp#27;[0m Forwarding UiAutomator2 Server port 6790 to local port 8200
&amp#27;[38;5;77m[d4a1b95a]&amp#27;[0m&amp#27;[38;5;229m[ADB]&amp#27;[0m Forwarding system: 8200 to device: 6790
&amp#27;[38;5;77m[d4a1b95a]&amp#27;[0m&amp#27;[38;5;229m[ADB]&amp#27;[0m Running '/Users/administrator/Library/Android/sdk/platform-tools/adb -P 5037 -s emulator-5554 forward tcp:8200 tcp:6790'
&amp#27;[38;5;77m[d4a1b95a]&amp#27;[0m&amp#27;[38;5;-183m[AndroidUiautomator2Driver@0804]&amp#27;[0m UIA2Proxy options: {"server":"127.0.0.1","port":8200,"keepAlive":true,"scheme":"http","base":"","reqBasePath":"","sessionId":null,"timeout":240000}
&amp#27;[38;5;77m[d4a1b95a]&amp#27;[0m&amp#27;[38;5;229m[ADB]&amp#27;[0m Getting package info for 'io.appium.uiautomator2.server'
&amp#27;[38;5;77m[d4a1b95a]&amp#27;[0m&amp#27;[38;5;229m[ADB]&amp#27;[0m Running '/Users/administrator/Library/Android/sdk/platform-tools/adb -P 5037 -s emulator-5554 shell dumpsys package io.appium.uiautomator2.server'
&amp#27;[38;5;77m[d4a1b95a]&amp#27;[0m&amp#27;[38;5;229m[ADB]&amp#27;[0m Getting install status for io.appium.uiautomator2.server.test
&amp#27;[38;5;77m[d4a1b95a]&amp#27;[0m&amp#27;[38;5;229m[ADB]&amp#27;[0m Checking app cert for /Users/administrator/eclipse-workspace/AppiumFrameworkDesign//src//test//java//org//latiffsyed//resources//General-Store.apk
&amp#27;[38;5;77m[d4a1b95a]&amp#27;[0m&amp#27;[38;5;229m[ADB]&amp#27;[0m Running '/Users/administrator/Library/Android/sdk/platform-tools/adb -P 5037 -s emulator-5554 shell cmd package list packages'
&amp#27;[38;5;77m[d4a1b95a]&amp#27;[0m&amp#27;[38;5;229m[ADB]&amp#27;[0m Using 'apksigner.jar' from '/Users/administrator/Library/Android/sdk/build-tools/36.0.0/lib/apksigner.jar'
&amp#27;[38;5;77m[d4a1b95a]&amp#27;[0m&amp#27;[38;5;229m[ADB]&amp#27;[0m Starting apksigner: /Library/Java/JavaVirtualMachines/jdk-21.jdk/Contents/Home/bin/java -Xmx1024M -Xss1m -jar /Users/administrator/Library/Android/sdk/build-tools/36.0.0/lib/apksigner.jar verify --print-certs /Users/administrator/eclipse-workspace/AppiumFrameworkDesign//src//test//java//org//latiffsyed//resources//General-Store.apk
&amp#27;[38;5;77m[d4a1b95a]&amp#27;[0m&amp#27;[38;5;229m[ADB]&amp#27;[0m 'io.appium.uiautomator2.server.test' is installed
&amp#27;[38;5;77m[d4a1b95a]&amp#27;[0m&amp#27;[38;5;229m[ADB]&amp#27;[0m Reading package manifest: '/Users/administrator/Library/Android/sdk/build-tools/36.0.0/aapt2 dump badging /Users/administrator/.appium/node_modules/appium-uiautomator2-driver/node_modules/appium-uiautomator2-server/apks/appium-uiautomator2-server-v7.5.2.apk'
&amp#27;[38;5;77m[d4a1b95a]&amp#27;[0m&amp#27;[38;5;229m[ADB]&amp#27;[0m The version name of the installed 'io.appium.uiautomator2.server' is greater or equal to the application version name ('7.5.2' >= '7.5.2')
&amp#27;[38;5;77m[d4a1b95a]&amp#27;[0m&amp#27;[38;5;-183m[AndroidUiautomator2Driver@0804]&amp#27;[0m Server packages status: [{"installState":"sameVersionInstalled","appPath":"/Users/administrator/.appium/node_modules/appium-uiautomator2-driver/node_modules/appium-uiautomator2-server/apks/appium-uiautomator2-server-v7.5.2.apk","appId":"io.appium.uiautomator2.server"},{"installState":"sameVersionInstalled","appPath":"/Users/administrator/.appium/node_modules/appium-uiautomator2-driver/node_modules/appium-uiautomator2-server/apks/appium-uiautomator2-server-debug-androidTest.apk","appId":"io.appium.uiautomator2.server.test"}]
&amp#27;[38;5;77m[d4a1b95a]&amp#27;[0m&amp#27;[38;5;-183m[AndroidUiautomator2Driver@0804]&amp#27;[0m Server packages are not going to be (re)installed
&amp#27;[38;5;77m[d4a1b95a]&amp#27;[0m&amp#27;[38;5;-183m[AndroidUiautomator2Driver@0804]&amp#27;[0m Waiting up to 30000ms for services to be available
&amp#27;[38;5;77m[d4a1b95a]&amp#27;[0m&amp#27;[38;5;229m[ADB]&amp#27;[0m Running '/Users/administrator/Library/Android/sdk/platform-tools/adb -P 5037 -s emulator-5554 shell pm list instrumentation'
&amp#27;[38;5;77m[d4a1b95a]&amp#27;[0m&amp#27;[38;5;-183m[AndroidUiautomator2Driver@0804]&amp#27;[0m Instrumentation target 'io.appium.uiautomator2.server.test/androidx.test.runner.AndroidJUnitRunner' is available
&amp#27;[38;5;77m[d4a1b95a]&amp#27;[0m&amp#27;[38;5;229m[ADB]&amp#27;[0m Adding packages ["io.appium.settings","io.appium.uiautomator2.server","io.appium.uiautomator2.server.test"] to Doze whitelist
&amp#27;[38;5;77m[d4a1b95a]&amp#27;[0m&amp#27;[38;5;229m[ADB]&amp#27;[0m Got the following command chunks to execute: [["dumpsys","deviceidle","whitelist","+io.appium.settings",";","dumpsys","deviceidle","whitelist","+io.appium.uiautomator2.server",";","dumpsys","deviceidle","whitelist","+io.appium.uiautomator2.server.test",";"]]
&amp#27;[38;5;77m[d4a1b95a]&amp#27;[0m&amp#27;[38;5;229m[ADB]&amp#27;[0m Running '/Users/administrator/Library/Android/sdk/platform-tools/adb -P 5037 -s emulator-5554 shell dumpsys deviceidle whitelist +io.appium.settings ; dumpsys deviceidle whitelist +io.appium.uiautomator2.server ; dumpsys deviceidle whitelist +io.appium.uiautomator2.server.test ;'
&amp#27;[38;5;77m[d4a1b95a]&amp#27;[0m&amp#27;[38;5;229m[ADB]&amp#27;[0m apksigner stdout: Signer #1 certificate DN: EMAILADDRESS=android@android.com, CN=Android, OU=Android, O=Android, L=Mountain View, ST=California, C=US
Signer #1 certificate SHA-256 digest: a40da80a59d170caa950cf15c18c454d47a39b26989d8b640ecd745ba71bf5dc
Signer #1 certificate SHA-1 digest: 61ed377e85d386a8dfee6b864bd85b0bfaa5af81
Signer #1 certificate MD5 digest: e89b158e4bcf988ebd09eb83f5378e87

&amp#27;[38;5;77m[d4a1b95a]&amp#27;[0m&amp#27;[38;5;229m[ADB]&amp#27;[0m sha256 hash did match for 'General-Store.apk'
&amp#27;[38;5;77m[d4a1b95a]&amp#27;[0m&amp#27;[38;5;229m[ADB]&amp#27;[0m '/Users/administrator/eclipse-workspace/AppiumFrameworkDesign//src//test//java//org//latiffsyed//resources//General-Store.apk' is signed with the default certificate
&amp#27;[38;5;77m[d4a1b95a]&amp#27;[0m&amp#27;[38;5;229m[ADB]&amp#27;[0m Getting package info for 'com.androidsample.generalstore'
&amp#27;[38;5;77m[d4a1b95a]&amp#27;[0m&amp#27;[38;5;229m[ADB]&amp#27;[0m Running '/Users/administrator/Library/Android/sdk/platform-tools/adb -P 5037 -s emulator-5554 shell dumpsys package com.androidsample.generalstore'
&amp#27;[38;5;77m[d4a1b95a]&amp#27;[0m&amp#27;[38;5;229m[ADB]&amp#27;[0m Reading package manifest: '/Users/administrator/Library/Android/sdk/build-tools/36.0.0/aapt2 dump badging /Users/administrator/eclipse-workspace/AppiumFrameworkDesign//src//test//java//org//latiffsyed//resources//General-Store.apk'
&amp#27;[38;5;77m[d4a1b95a]&amp#27;[0m&amp#27;[38;5;229m[ADB]&amp#27;[0m The version name of the installed 'com.androidsample.generalstore' is greater or equal to the application version name ('1.0.0' >= '1.0.0')
&amp#27;[38;5;77m[d4a1b95a]&amp#27;[0m&amp#27;[38;5;229m[ADB]&amp#27;[0m There is no need to install/upgrade '/Users/administrator/eclipse-workspace/AppiumFrameworkDesign//src//test//java//org//latiffsyed//resources//General-Store.apk'
&amp#27;[38;5;77m[d4a1b95a]&amp#27;[0m&amp#27;[38;5;-183m[AndroidUiautomator2Driver@0804]&amp#27;[0m Performing fast reset on 'com.androidsample.generalstore'
&amp#27;[38;5;77m[d4a1b95a]&amp#27;[0m&amp#27;[38;5;229m[ADB]&amp#27;[0m Getting install status for com.androidsample.generalstore
&amp#27;[38;5;77m[d4a1b95a]&amp#27;[0m&amp#27;[38;5;229m[ADB]&amp#27;[0m Running '/Users/administrator/Library/Android/sdk/platform-tools/adb -P 5037 -s emulator-5554 shell cmd package list packages'
&amp#27;[38;5;77m[d4a1b95a]&amp#27;[0m&amp#27;[38;5;229m[ADB]&amp#27;[0m 'com.androidsample.generalstore' is installed
&amp#27;[38;5;77m[d4a1b95a]&amp#27;[0m&amp#27;[38;5;229m[ADB]&amp#27;[0m Running '/Users/administrator/Library/Android/sdk/platform-tools/adb -P 5037 -s emulator-5554 shell am force-stop com.androidsample.generalstore'
&amp#27;[38;5;77m[d4a1b95a]&amp#27;[0m&amp#27;[38;5;229m[ADB]&amp#27;[0m Running '/Users/administrator/Library/Android/sdk/platform-tools/adb -P 5037 -s emulator-5554 shell pm clear com.androidsample.generalstore'
&amp#27;[38;5;77m[d4a1b95a]&amp#27;[0m&amp#27;[38;5;-183m[AndroidUiautomator2Driver@0804]&amp#27;[0m Performed fast reset on the installed 'com.androidsample.generalstore' application (stop and clear)
&amp#27;[38;5;77m[d4a1b95a]&amp#27;[0m&amp#27;[38;5;-183m[AndroidUiautomator2Driver@0804]&amp#27;[0m Performing shallow cleanup of automation leftovers
&amp#27;[38;5;77m[d4a1b95a]&amp#27;[0m&amp#27;[38;5;-183m[AndroidUiautomator2Driver@0804]&amp#27;[0m No obsolete sessions have been detected (socket hang up)
&amp#27;[38;5;77m[d4a1b95a]&amp#27;[0m&amp#27;[38;5;229m[ADB]&amp#27;[0m Running '/Users/administrator/Library/Android/sdk/platform-tools/adb -P 5037 -s emulator-5554 shell am force-stop io.appium.uiautomator2.server'
&amp#27;[38;5;77m[d4a1b95a]&amp#27;[0m&amp#27;[38;5;229m[ADB]&amp#27;[0m Running '/Users/administrator/Library/Android/sdk/platform-tools/adb -P 5037 -s emulator-5554 shell am force-stop io.appium.uiautomator2.server.test'
&amp#27;[38;5;77m[d4a1b95a]&amp#27;[0m&amp#27;[38;5;-183m[AndroidUiautomator2Driver@0804]&amp#27;[0m Starting UIAutomator2 server 7.5.2
&amp#27;[38;5;77m[d4a1b95a]&amp#27;[0m&amp#27;[38;5;-183m[AndroidUiautomator2Driver@0804]&amp#27;[0m Using UIAutomator2 server from '/Users/administrator/.appium/node_modules/appium-uiautomator2-driver/node_modules/appium-uiautomator2-server/apks/appium-uiautomator2-server-v7.5.2.apk' and test from '/Users/administrator/.appium/node_modules/appium-uiautomator2-driver/node_modules/appium-uiautomator2-server/apks/appium-uiautomator2-server-debug-androidTest.apk'
&amp#27;[38;5;77m[d4a1b95a]&amp#27;[0m&amp#27;[38;5;-183m[AndroidUiautomator2Driver@0804]&amp#27;[0m Waiting up to 30000ms for UiAutomator2 to be online...
&amp#27;[38;5;77m[d4a1b95a]&amp#27;[0m&amp#27;[38;5;229m[ADB]&amp#27;[0m Creating ADB subprocess with args: ["-P","5037","-s","emulator-5554","shell","am","instrument","-w","-e","disableAnalytics","true","io.appium.uiautomator2.server.test/androidx.test.runner.AndroidJUnitRunner"]
&amp#27;[38;5;77m[d4a1b95a]&amp#27;[0m&amp#27;[38;5;-183m[AndroidUiautomator2Driver@0804]&amp#27;[0m Matched '/status' to command name 'getStatus'
&amp#27;[38;5;77m[d4a1b95a]&amp#27;[0m&amp#27;[38;5;-183m[AndroidUiautomator2Driver@0804]&amp#27;[0m Proxying [GET /status] to [GET http://127.0.0.1:8200/status] with no body
&amp#27;[38;5;77m[d4a1b95a]&amp#27;[0m&amp#27;[38;5;-183m[AndroidUiautomator2Driver@0804]&amp#27;[0m socket hang up
&amp#27;[38;5;77m[d4a1b95a]&amp#27;[0m&amp#27;[38;5;-183m[AndroidUiautomator2Driver@0804]&amp#27;[0m [Instrumentation] 
&amp#27;[38;5;77m[d4a1b95a]&amp#27;[0m&amp#27;[38;5;-183m[AndroidUiautomator2Driver@0804]&amp#27;[0m Matched '/status' to command name 'getStatus'
&amp#27;[38;5;77m[d4a1b95a]&amp#27;[0m&amp#27;[38;5;-183m[AndroidUiautomator2Driver@0804]&amp#27;[0m Proxying [GET /status] to [GET http://127.0.0.1:8200/status] with no body
&amp#27;[38;5;77m[d4a1b95a]&amp#27;[0m&amp#27;[38;5;-183m[AndroidUiautomator2Driver@0804]&amp#27;[0m Got response with status 200: {"sessionId":"None","value":{"message":"UiAutomator2 Server is ready to accept commands","ready":true}}
&amp#27;[38;5;77m[d4a1b95a]&amp#27;[0m&amp#27;[38;5;-183m[AndroidUiautomator2Driver@0804]&amp#27;[0m The initialization of the instrumentation process took 1064ms
&amp#27;[38;5;77m[d4a1b95a]&amp#27;[0m&amp#27;[38;5;-183m[AndroidUiautomator2Driver@0804]&amp#27;[0m Matched '/session' to command name 'createSession'
&amp#27;[38;5;77m[d4a1b95a]&amp#27;[0m&amp#27;[38;5;-183m[AndroidUiautomator2Driver@0804]&amp#27;[0m Proxying [POST /session] to [POST http://127.0.0.1:8200/session] with body: {"capabilities":{"firstMatch":[{"platformName":"ANDROID","chromedriverExecutable":"//Users//administrator//Documents//Chromedriver 138.0.7204.92//chromedriver-mac-x64//chromedriver","deviceName":"emulator-5554","automationName":"UIAutomator2","app":"/Users/administrator/eclipse-workspace/AppiumFrameworkDesign//src//test//java//org//latiffsyed//resources//General-Store.apk","platform":"LINUX","webStorageEnabled":false,"takesScreenshot":true,"javascriptEnabled":true,"databaseEnabled":false,"networkConnectionEnabled":true,"locationContextEnabled":false,"warnings":{},"desired":{"platformName":"ANDROID","chromedriverExecutable":"//Users//administrator//Documents//Chromedriver 138.0.7204.92//chromedriver-mac-x64//chromedriver","deviceName":"LatiffPhone","automationName":"UIAutomator2","app":"/Users/administrator/eclipse-workspace/AppiumFrameworkDesign//src//test//java//org//latiffsyed//resources//General-Store.apk"},"deviceUDID":"emulator-5554","appPackage":"com.androidsample.generalstore","appActivity":"com.and...
&amp#27;[38;5;77m[d4a1b95a]&amp#27;[0m&amp#27;[38;5;-183m[AndroidUiautomator2Driver@0804]&amp#27;[0m Got response with status 200: {"sessionId":"ccc822a8-3c70-4f89-80b4-4aed707196b0","value":{"capabilities":{"firstMatch":[{"platformName":"ANDROID","chromedriverExecutable":"//Users//administrator//Documents//Chromedriver 138.0.7204.92//chromedriver-mac-x64//chromedriver","deviceName":"emulator-5554","automationName":"UIAutomator2","app":"/Users/administrator/eclipse-workspace/AppiumFrameworkDesign//src//test//java//org//latiffsyed//resources//General-Store.apk","platform":"LINUX","webStorageEnabled":false,"takesScreenshot":true,"javascriptEnabled":true,"databaseEnabled":false,"networkConnectionEnabled":true,"locationContextEnabled":false,"warnings":{},"desired":{"platformName":"ANDROID","chromedriverExecutable":"//Users//administrator//Documents//Chromedriver 138.0.7204.92//chromedriver-mac-x64//chromedriver","deviceName":"LatiffPhone","automationName":"UIAutomator2","app":"/Users/administrator/eclipse-workspace/AppiumFrameworkDesign//src//test//java//org//latiffsyed//resources//General-Store.apk"},"deviceUDID":"emulator-5554","appPack...
&amp#27;[38;5;77m[d4a1b95a]&amp#27;[0m&amp#27;[38;5;-183m[AndroidUiautomator2Driver@0804]&amp#27;[0m Determined the downstream protocol as 'W3C'
&amp#27;[38;5;77m[d4a1b95a]&amp#27;[0m&amp#27;[38;5;-183m[AndroidUiautomator2Driver@0804]&amp#27;[0m Proxying [GET /appium/device/pixel_ratio] to [GET http://127.0.0.1:8200/session/ccc822a8-3c70-4f89-80b4-4aed707196b0/appium/device/pixel_ratio] with no body
&amp#27;[38;5;77m[d4a1b95a]&amp#27;[0m&amp#27;[38;5;-183m[AndroidUiautomator2Driver@0804]&amp#27;[0m Matched '/appium/device/system_bars' to command name 'getSystemBars'
&amp#27;[38;5;77m[d4a1b95a]&amp#27;[0m&amp#27;[38;5;-183m[AndroidUiautomator2Driver@0804]&amp#27;[0m Proxying [GET /appium/device/system_bars] to [GET http://127.0.0.1:8200/session/ccc822a8-3c70-4f89-80b4-4aed707196b0/appium/device/system_bars] with no body
&amp#27;[38;5;77m[d4a1b95a]&amp#27;[0m&amp#27;[38;5;-183m[AndroidUiautomator2Driver@0804]&amp#27;[0m Matched '/window/current/size' to command name 'getWindowSize'
&amp#27;[38;5;77m[d4a1b95a]&amp#27;[0m&amp#27;[38;5;-183m[AndroidUiautomator2Driver@0804]&amp#27;[0m Proxying [GET /window/current/size] to [GET http://127.0.0.1:8200/session/ccc822a8-3c70-4f89-80b4-4aed707196b0/window/current/size] with no body
&amp#27;[38;5;77m[d4a1b95a]&amp#27;[0m&amp#27;[38;5;-183m[AndroidUiautomator2Driver@0804]&amp#27;[0m Proxying [GET /appium/device/info] to [GET http://127.0.0.1:8200/session/ccc822a8-3c70-4f89-80b4-4aed707196b0/appium/device/info] with no body
&amp#27;[38;5;77m[d4a1b95a]&amp#27;[0m&amp#27;[38;5;229m[ADB]&amp#27;[0m Running '/Users/administrator/Library/Android/sdk/platform-tools/adb -P 5037 -s emulator-5554 shell dumpsys window'
&amp#27;[38;5;77m[d4a1b95a]&amp#27;[0m&amp#27;[38;5;229m[ADB]&amp#27;[0m Running '/Users/administrator/Library/Android/sdk/platform-tools/adb -P 5037 -s emulator-5554 shell dumpsys power'
&amp#27;[38;5;77m[d4a1b95a]&amp#27;[0m&amp#27;[38;5;-183m[AndroidUiautomator2Driver@0804]&amp#27;[0m Got response with status 200: {"sessionId":"ccc822a8-3c70-4f89-80b4-4aed707196b0","value":2.75}
&amp#27;[38;5;77m[d4a1b95a]&amp#27;[0m&amp#27;[38;5;-183m[AndroidUiautomator2Driver@0804]&amp#27;[0m Got response with status 200: {"sessionId":"ccc822a8-3c70-4f89-80b4-4aed707196b0","value":{"statusBar":66}}
&amp#27;[38;5;77m[d4a1b95a]&amp#27;[0m&amp#27;[38;5;-183m[AndroidUiautomator2Driver@0804]&amp#27;[0m Got response with status 200: {"sessionId":"ccc822a8-3c70-4f89-80b4-4aed707196b0","value":{"height":2220,"width":1080}}
&amp#27;[38;5;77m[d4a1b95a]&amp#27;[0m&amp#27;[38;5;-183m[AndroidUiautomator2Driver@0804]&amp#27;[0m Got response with status 200: {"sessionId":"ccc822a8-3c70-4f89-80b4-4aed707196b0","value":{"androidId":"5f96aaf4fe72de32","apiVersion":"32","bluetooth":{"state":"ON"},"brand":"google","carrierName":"T-Mobile","displayDensity":440,"locale":"en_US","manufacturer":"Google","model":"sdk_gphone64_arm64","networks":[{"capabilities":{"SSID":null,"linkDownBandwidthKbps":4300,"linkUpstreamBandwidthKbps":1800,"networkCapabilities":"NET_CAPABILITY_MMS,NET_CAPABILITY_SUPL,NET_CAPABILITY_DUN,NET_CAPABILITY_FOTA,NET_CAPABILITY_IMS,NET_CAPABILITY_CBS,NET_CAPABILITY_INTERNET,NET_CAPABILITY_NOT_RESTRICTED,NET_CAPABILITY_TRUSTED,NET_CAPABILITY_NOT_VPN,NET_CAPABILITY_VALIDATED,NET_CAPABILITY_NOT_ROAMING,NET_CAPABILITY_NOT_CONGESTED,NET_CAPABILITY_NOT_SUSPENDED","signalStrength":-2147483648,"transportTypes":"TRANSPORT_CELLULAR"},"detailedState":"CONNECTED","extraInfo":"epc.tmobile.com","isAvailable":true,"isConnected":true,"isFailover":false,"isRoaming":false,"state":"CONNECTED","subtype":10,"subtypeName":"HSPA","type":0,"typeName":"MOBILE"},{"capabilitie...
&amp#27;[38;5;77m[d4a1b95a]&amp#27;[0m&amp#27;[38;5;-183m[AndroidUiautomator2Driver@0804]&amp#27;[0m Screen already unlocked, doing nothing
&amp#27;[38;5;77m[d4a1b95a]&amp#27;[0m&amp#27;[38;5;-183m[AndroidUiautomator2Driver@0804]&amp#27;[0m Starting 'com.androidsample.generalstore/com.androidsample.generalstore.SplashActivity' and waiting for 'com.androidsample.generalstore/com.androidsample.generalstore.SplashActivity'
&amp#27;[38;5;77m[d4a1b95a]&amp#27;[0m&amp#27;[38;5;229m[ADB]&amp#27;[0m Running '/Users/administrator/Library/Android/sdk/platform-tools/adb -P 5037 -s emulator-5554 shell am start-activity -W -n com.androidsample.generalstore/com.androidsample.generalstore.SplashActivity -S -a android.intent.action.MAIN -c android.intent.category.LAUNCHER -f 0x10200000'
&amp#27;[38;5;77m[d4a1b95a]&amp#27;[0m&amp#27;[38;5;229m[ADB]&amp#27;[0m Expected package names to be focused within 20000ms: 'com.androidsample.generalstore'
&amp#27;[38;5;77m[d4a1b95a]&amp#27;[0m&amp#27;[38;5;229m[ADB]&amp#27;[0m Expected activity name patterns to be focused within 20000ms: '/^com\.androidsample\.generalstore\.SplashActivity$/'
&amp#27;[38;5;77m[d4a1b95a]&amp#27;[0m&amp#27;[38;5;229m[ADB]&amp#27;[0m Getting focused package and activity
&amp#27;[38;5;77m[d4a1b95a]&amp#27;[0m&amp#27;[38;5;229m[ADB]&amp#27;[0m Running '/Users/administrator/Library/Android/sdk/platform-tools/adb -P 5037 -s emulator-5554 shell dumpsys window displays'
&amp#27;[38;5;77m[d4a1b95a]&amp#27;[0m&amp#27;[38;5;229m[ADB]&amp#27;[0m Focused package: com.androidsample.generalstore
&amp#27;[38;5;77m[d4a1b95a]&amp#27;[0m&amp#27;[38;5;229m[ADB]&amp#27;[0m Focused fully qualified activity name: com.androidsample.generalstore.SplashActivity
&amp#27;[38;5;77m[d4a1b95a]&amp#27;[0m&amp#27;[38;5;159m[AppiumDriver@6f23]&amp#27;[0m New AndroidUiautomator2Driver session created successfully, session d4a1b95a-aaac-4a9c-a6c9-7729cd7256d5 added to master session list
&amp#27;[38;5;77m[d4a1b95a]&amp#27;[0m&amp#27;[38;5;159m[AppiumDriver@6f23]&amp#27;[0m Event 'newSessionStarted' logged at 1753328959770 (23:49:19 GMT-0400 (Eastern Daylight Time))
&amp#27;[38;5;77m[d4a1b95a]&amp#27;[0m&amp#27;[38;5;-183m[AndroidUiautomator2Driver@0804]&amp#27;[0m Cached the protocol value 'W3C' for the new session d4a1b95a-aaac-4a9c-a6c9-7729cd7256d5
&amp#27;[38;5;77m[d4a1b95a]&amp#27;[0m&amp#27;[38;5;-183m[AndroidUiautomator2Driver@0804]&amp#27;[0m Responding to client with driver.createSession() result: {"capabilities":{"platformName":"ANDROID","chromedriverExecutable":"//Users//administrator//Documents//Chromedriver 138.0.7204.92//chromedriver-mac-x64//chromedriver","deviceName":"emulator-5554","automationName":"UIAutomator2","app":"/Users/administrator/eclipse-workspace/AppiumFrameworkDesign//src//test//java//org//latiffsyed//resources//General-Store.apk","platform":"LINUX","webStorageEnabled":false,"takesScreenshot":true,"javascriptEnabled":true,"databaseEnabled":false,"networkConnectionEnabled":true,"locationContextEnabled":false,"warnings":{},"desired":{"platformName":"ANDROID","chromedriverExecutable":"//Users//administrator//Documents//Chromedriver 138.0.7204.92//chromedriver-mac-x64//chromedriver","deviceName":"LatiffPhone","automationName":"UIAutomator2","app":"/Users/administrator/eclipse-workspace/AppiumFrameworkDesign//src//test//java//org//latiffsyed//resources//General-Store.apk"},"deviceUDID":"emulator-5554","appPackage":"com.androidsample.generalstore","appActivity":"com.androidsample.gene...
&amp#27;[38;5;77m[d4a1b95a]&amp#27;[0m&amp#27;[38;5;86m[HTTP]&amp#27;[0m &amp#27;[37m<-- POST /session &amp#27;[39m&amp#27;[32m200&amp#27;[39m &amp#27;[90m2210 ms - 1374&amp#27;[39m &amp#27;[90m&amp#27;[39m
&amp#27;[38;5;77m[d4a1b95a]&amp#27;[0m&amp#27;[38;5;86m[HTTP]&amp#27;[0m &amp#27;[37m-->&amp#27;[39m &amp#27;[37mPOST&amp#27;[39m &amp#27;[37m/session/d4a1b95a-aaac-4a9c-a6c9-7729cd7256d5/timeouts&amp#27;[39m &amp#27;[90m{"implicit":10000}&amp#27;[39m
&amp#27;[38;5;77m[d4a1b95a]&amp#27;[0m&amp#27;[38;5;-183m[AndroidUiautomator2Driver@0804]&amp#27;[0m Calling AppiumDriver.timeouts() with args: [null,null,null,null,10000,"d4a1b95a-aaac-4a9c-a6c9-7729cd7256d5"]
&amp#27;[38;5;77m[d4a1b95a]&amp#27;[0m&amp#27;[38;5;-183m[AndroidUiautomator2Driver@0804]&amp#27;[0m W3C timeout argument: {"implicit":10000}}
&amp#27;[38;5;77m[d4a1b95a]&amp#27;[0m&amp#27;[38;5;-183m[AndroidUiautomator2Driver@0804]&amp#27;[0m Set implicit wait to 10000ms
&amp#27;[38;5;77m[d4a1b95a]&amp#27;[0m&amp#27;[38;5;-183m[AndroidUiautomator2Driver@0804]&amp#27;[0m Responding to client with driver.timeouts() result: null
&amp#27;[38;5;77m[d4a1b95a]&amp#27;[0m&amp#27;[38;5;86m[HTTP]&amp#27;[0m &amp#27;[37m<-- POST /session/d4a1b95a-aaac-4a9c-a6c9-7729cd7256d5/timeouts &amp#27;[39m&amp#27;[32m200&amp#27;[39m &amp#27;[90m1 ms - 14&amp#27;[39m &amp#27;[90m&amp#27;[39m
&amp#27;[38;5;77m[d4a1b95a]&amp#27;[0m&amp#27;[38;5;86m[HTTP]&amp#27;[0m &amp#27;[37m-->&amp#27;[39m &amp#27;[37mPOST&amp#27;[39m &amp#27;[37m/session/d4a1b95a-aaac-4a9c-a6c9-7729cd7256d5/execute/sync&amp#27;[39m &amp#27;[90m{"args":[{"intent":"com.androidsample.generalstore/com.androidsample.generalstore.SplashActivity"}],"script":"mobile: startActivity"}&amp#27;[39m
&amp#27;[38;5;77m[d4a1b95a]&amp#27;[0m&amp#27;[38;5;-183m[AndroidUiautomator2Driver@0804]&amp#27;[0m Calling AppiumDriver.execute() with args: ["mobile: startActivity",[{"intent":"com.androidsample.generalstore/com.androidsample.generalstore.SplashActivity"}],"d4a1b95a-aaac-4a9c-a6c9-7729cd7256d5"]
&amp#27;[38;5;77m[d4a1b95a]&amp#27;[0m&amp#27;[38;5;229m[ADB]&amp#27;[0m Running '/Users/administrator/Library/Android/sdk/platform-tools/adb -P 5037 -s emulator-5554 shell am start-activity com.androidsample.generalstore/com.androidsample.generalstore.SplashActivity'
&amp#27;[38;5;77m[d4a1b95a]&amp#27;[0m&amp#27;[38;5;-183m[AndroidUiautomator2Driver@0804]&amp#27;[0m Responding to client with driver.execute() result: "Starting: Intent { act=android.intent.action.MAIN cat=[android.intent.category.LAUNCHER] cmp=com.androidsample.generalstore/.SplashActivity }"
&amp#27;[38;5;77m[d4a1b95a]&amp#27;[0m&amp#27;[38;5;86m[HTTP]&amp#27;[0m &amp#27;[37m<-- POST /session/d4a1b95a-aaac-4a9c-a6c9-7729cd7256d5/execute/sync &amp#27;[39m&amp#27;[32m200&amp#27;[39m &amp#27;[90m23 ms - 153&amp#27;[39m &amp#27;[90m&amp#27;[39m
&amp#27;[38;5;77m[d4a1b95a]&amp#27;[0m&amp#27;[38;5;86m[HTTP]&amp#27;[0m &amp#27;[37m-->&amp#27;[39m &amp#27;[37mGET&amp#27;[39m &amp#27;[37m/session/d4a1b95a-aaac-4a9c-a6c9-7729cd7256d5/context&amp#27;[39m &amp#27;[90m{}&amp#27;[39m
&amp#27;[38;5;77m[d4a1b95a]&amp#27;[0m&amp#27;[38;5;-183m[AndroidUiautomator2Driver@0804]&amp#27;[0m Calling AppiumDriver.getCurrentContext() with args: ["d4a1b95a-aaac-4a9c-a6c9-7729cd7256d5"]
&amp#27;[38;5;77m[d4a1b95a]&amp#27;[0m&amp#27;[38;5;-183m[AndroidUiautomator2Driver@0804]&amp#27;[0m Responding to client with driver.getCurrentContext() result: "NATIVE_APP"
&amp#27;[38;5;77m[d4a1b95a]&amp#27;[0m&amp#27;[38;5;86m[HTTP]&amp#27;[0m &amp#27;[37m<-- GET /session/d4a1b95a-aaac-4a9c-a6c9-7729cd7256d5/context &amp#27;[39m&amp#27;[32m200&amp#27;[39m &amp#27;[90m1 ms - 22&amp#27;[39m &amp#27;[90m&amp#27;[39m
&amp#27;[38;5;77m[d4a1b95a]&amp#27;[0m&amp#27;[38;5;86m[HTTP]&amp#27;[0m &amp#27;[37m-->&amp#27;[39m &amp#27;[37mPOST&amp#27;[39m &amp#27;[37m/session/d4a1b95a-aaac-4a9c-a6c9-7729cd7256d5/element&amp#27;[39m &amp#27;[90m{"value":"com.androidsample.generalstore:id/nameField","using":"id"}&amp#27;[39m
&amp#27;[38;5;77m[d4a1b95a]&amp#27;[0m&amp#27;[38;5;-183m[AndroidUiautomator2Driver@0804]&amp#27;[0m Calling AppiumDriver.findElement() with args: ["id","com.androidsample.generalstore:id/nameField","d4a1b95a-aaac-4a9c-a6c9-7729cd7256d5"]
&amp#27;[38;5;77m[d4a1b95a]&amp#27;[0m&amp#27;[38;5;-183m[AndroidUiautomator2Driver@0804]&amp#27;[0m Valid locator strategies for this request: xpath, id, class name, accessibility id, css selector, -android uiautomator
&amp#27;[38;5;77m[d4a1b95a]&amp#27;[0m&amp#27;[38;5;-183m[AndroidUiautomator2Driver@0804]&amp#27;[0m Waiting up to 10000 ms for condition
&amp#27;[38;5;77m[d4a1b95a]&amp#27;[0m&amp#27;[38;5;-183m[AndroidUiautomator2Driver@0804]&amp#27;[0m Matched '/element' to command name 'findElement'
&amp#27;[38;5;77m[d4a1b95a]&amp#27;[0m&amp#27;[38;5;-183m[AndroidUiautomator2Driver@0804]&amp#27;[0m Proxying [POST /element] to [POST http://127.0.0.1:8200/session/ccc822a8-3c70-4f89-80b4-4aed707196b0/element] with body: {"strategy":"id","selector":"com.androidsample.generalstore:id/nameField","context":"","multiple":false}
&amp#27;[38;5;77m[d4a1b95a]&amp#27;[0m&amp#27;[38;5;-183m[AndroidUiautomator2Driver@0804]&amp#27;[0m Got response with status 404: {"sessionId":"ccc822a8-3c70-4f89-80b4-4aed707196b0","value":{"error":"no such element","message":"An element could not be located on the page using the given search parameters","stacktrace":"io.appium.uiautomator2.common.exceptions.ElementNotFoundException: An element could not be located on the page using the given search parameters\n\tat io.appium.uiautomator2.handler.FindElement.safeHandle(FindElement.java:63)\n\tat io.appium.uiautomator2.handler.request.SafeRequestHandler.handle(SafeRequestHandler.java:59)\n\tat io.appium.uiautomator2.server.AppiumServlet.handleRequest(AppiumServlet.java:259)\n\tat io.appium.uiautomator2.server.AppiumServlet.handleHttpRequest(AppiumServlet.java:253)\n\tat io.appium.uiautomator2.http.ServerHandler.channelRead(ServerHandler.java:77)\n\tat io.netty.channel.AbstractChannelHandlerContext.invokeChannelRead(AbstractChannelHandlerContext.java:374)\n\tat io.netty.channel.AbstractChannelHandlerContext.invokeChannelRead(AbstractChannelHandlerContext.java:360)\n\tat io.netty.chann...
&amp#27;[38;5;77m[d4a1b95a]&amp#27;[0m&amp#27;[38;5;123m[W3C]&amp#27;[0m Matched W3C error code 'no such element' to NoSuchElementError
&amp#27;[38;5;77m[d4a1b95a]&amp#27;[0m&amp#27;[38;5;-183m[AndroidUiautomator2Driver@0804]&amp#27;[0m Waited for 336 ms so far
&amp#27;[38;5;77m[d4a1b95a]&amp#27;[0m&amp#27;[38;5;-183m[AndroidUiautomator2Driver@0804]&amp#27;[0m Matched '/element' to command name 'findElement'
&amp#27;[38;5;77m[d4a1b95a]&amp#27;[0m&amp#27;[38;5;-183m[AndroidUiautomator2Driver@0804]&amp#27;[0m Proxying [POST /element] to [POST http://127.0.0.1:8200/session/ccc822a8-3c70-4f89-80b4-4aed707196b0/element] with body: {"strategy":"id","selector":"com.androidsample.generalstore:id/nameField","context":"","multiple":false}
&amp#27;[38;5;77m[d4a1b95a]&amp#27;[0m&amp#27;[38;5;-183m[AndroidUiautomator2Driver@0804]&amp#27;[0m Got response with status 404: {"sessionId":"ccc822a8-3c70-4f89-80b4-4aed707196b0","value":{"error":"no such element","message":"An element could not be located on the page using the given search parameters","stacktrace":"io.appium.uiautomator2.common.exceptions.ElementNotFoundException: An element could not be located on the page using the given search parameters\n\tat io.appium.uiautomator2.handler.FindElement.safeHandle(FindElement.java:63)\n\tat io.appium.uiautomator2.handler.request.SafeRequestHandler.handle(SafeRequestHandler.java:59)\n\tat io.appium.uiautomator2.server.AppiumServlet.handleRequest(AppiumServlet.java:259)\n\tat io.appium.uiautomator2.server.AppiumServlet.handleHttpRequest(AppiumServlet.java:253)\n\tat io.appium.uiautomator2.http.ServerHandler.channelRead(ServerHandler.java:77)\n\tat io.netty.channel.AbstractChannelHandlerContext.invokeChannelRead(AbstractChannelHandlerContext.java:374)\n\tat io.netty.channel.AbstractChannelHandlerContext.invokeChannelRead(AbstractChannelHandlerContext.java:360)\n\tat io.netty.chann...
&amp#27;[38;5;77m[d4a1b95a]&amp#27;[0m&amp#27;[38;5;123m[W3C]&amp#27;[0m Matched W3C error code 'no such element' to NoSuchElementError
&amp#27;[38;5;77m[d4a1b95a]&amp#27;[0m&amp#27;[38;5;-183m[AndroidUiautomator2Driver@0804]&amp#27;[0m Waited for 862 ms so far
&amp#27;[38;5;77m[d4a1b95a]&amp#27;[0m&amp#27;[38;5;-183m[AndroidUiautomator2Driver@0804]&amp#27;[0m Matched '/element' to command name 'findElement'
&amp#27;[38;5;77m[d4a1b95a]&amp#27;[0m&amp#27;[38;5;-183m[AndroidUiautomator2Driver@0804]&amp#27;[0m Proxying [POST /element] to [POST http://127.0.0.1:8200/session/ccc822a8-3c70-4f89-80b4-4aed707196b0/element] with body: {"strategy":"id","selector":"com.androidsample.generalstore:id/nameField","context":"","multiple":false}
&amp#27;[38;5;77m[d4a1b95a]&amp#27;[0m&amp#27;[38;5;-183m[AndroidUiautomator2Driver@0804]&amp#27;[0m Got response with status 404: {"sessionId":"ccc822a8-3c70-4f89-80b4-4aed707196b0","value":{"error":"no such element","message":"An element could not be located on the page using the given search parameters","stacktrace":"io.appium.uiautomator2.common.exceptions.ElementNotFoundException: An element could not be located on the page using the given search parameters\n\tat io.appium.uiautomator2.handler.FindElement.safeHandle(FindElement.java:63)\n\tat io.appium.uiautomator2.handler.request.SafeRequestHandler.handle(SafeRequestHandler.java:59)\n\tat io.appium.uiautomator2.server.AppiumServlet.handleRequest(AppiumServlet.java:259)\n\tat io.appium.uiautomator2.server.AppiumServlet.handleHttpRequest(AppiumServlet.java:253)\n\tat io.appium.uiautomator2.http.ServerHandler.channelRead(ServerHandler.java:77)\n\tat io.netty.channel.AbstractChannelHandlerContext.invokeChannelRead(AbstractChannelHandlerContext.java:374)\n\tat io.netty.channel.AbstractChannelHandlerContext.invokeChannelRead(AbstractChannelHandlerContext.java:360)\n\tat io.netty.chann...
&amp#27;[38;5;77m[d4a1b95a]&amp#27;[0m&amp#27;[38;5;123m[W3C]&amp#27;[0m Matched W3C error code 'no such element' to NoSuchElementError
&amp#27;[38;5;77m[d4a1b95a]&amp#27;[0m&amp#27;[38;5;-183m[AndroidUiautomator2Driver@0804]&amp#27;[0m Waited for 1390 ms so far
&amp#27;[38;5;77m[d4a1b95a]&amp#27;[0m&amp#27;[38;5;-183m[AndroidUiautomator2Driver@0804]&amp#27;[0m Matched '/element' to command name 'findElement'
&amp#27;[38;5;77m[d4a1b95a]&amp#27;[0m&amp#27;[38;5;-183m[AndroidUiautomator2Driver@0804]&amp#27;[0m Proxying [POST /element] to [POST http://127.0.0.1:8200/session/ccc822a8-3c70-4f89-80b4-4aed707196b0/element] with body: {"strategy":"id","selector":"com.androidsample.generalstore:id/nameField","context":"","multiple":false}
&amp#27;[38;5;77m[d4a1b95a]&amp#27;[0m&amp#27;[38;5;-183m[AndroidUiautomator2Driver@0804]&amp#27;[0m Got response with status 404: {"sessionId":"ccc822a8-3c70-4f89-80b4-4aed707196b0","value":{"error":"no such element","message":"An element could not be located on the page using the given search parameters","stacktrace":"io.appium.uiautomator2.common.exceptions.ElementNotFoundException: An element could not be located on the page using the given search parameters\n\tat io.appium.uiautomator2.handler.FindElement.safeHandle(FindElement.java:63)\n\tat io.appium.uiautomator2.handler.request.SafeRequestHandler.handle(SafeRequestHandler.java:59)\n\tat io.appium.uiautomator2.server.AppiumServlet.handleRequest(AppiumServlet.java:259)\n\tat io.appium.uiautomator2.server.AppiumServlet.handleHttpRequest(AppiumServlet.java:253)\n\tat io.appium.uiautomator2.http.ServerHandler.channelRead(ServerHandler.java:77)\n\tat io.netty.channel.AbstractChannelHandlerContext.invokeChannelRead(AbstractChannelHandlerContext.java:374)\n\tat io.netty.channel.AbstractChannelHandlerContext.invokeChannelRead(AbstractChannelHandlerContext.java:360)\n\tat io.netty.chann...
&amp#27;[38;5;77m[d4a1b95a]&amp#27;[0m&amp#27;[38;5;123m[W3C]&amp#27;[0m Matched W3C error code 'no such element' to NoSuchElementError
&amp#27;[38;5;77m[d4a1b95a]&amp#27;[0m&amp#27;[38;5;-183m[AndroidUiautomator2Driver@0804]&amp#27;[0m Waited for 1917 ms so far
&amp#27;[38;5;77m[d4a1b95a]&amp#27;[0m&amp#27;[38;5;-183m[AndroidUiautomator2Driver@0804]&amp#27;[0m Matched '/element' to command name 'findElement'
&amp#27;[38;5;77m[d4a1b95a]&amp#27;[0m&amp#27;[38;5;-183m[AndroidUiautomator2Driver@0804]&amp#27;[0m Proxying [POST /element] to [POST http://127.0.0.1:8200/session/ccc822a8-3c70-4f89-80b4-4aed707196b0/element] with body: {"strategy":"id","selector":"com.androidsample.generalstore:id/nameField","context":"","multiple":false}
&amp#27;[38;5;77m[d4a1b95a]&amp#27;[0m&amp#27;[38;5;-183m[AndroidUiautomator2Driver@0804]&amp#27;[0m Got response with status 404: {"sessionId":"ccc822a8-3c70-4f89-80b4-4aed707196b0","value":{"error":"no such element","message":"An element could not be located on the page using the given search parameters","stacktrace":"io.appium.uiautomator2.common.exceptions.ElementNotFoundException: An element could not be located on the page using the given search parameters\n\tat io.appium.uiautomator2.handler.FindElement.safeHandle(FindElement.java:63)\n\tat io.appium.uiautomator2.handler.request.SafeRequestHandler.handle(SafeRequestHandler.java:59)\n\tat io.appium.uiautomator2.server.AppiumServlet.handleRequest(AppiumServlet.java:259)\n\tat io.appium.uiautomator2.server.AppiumServlet.handleHttpRequest(AppiumServlet.java:253)\n\tat io.appium.uiautomator2.http.ServerHandler.channelRead(ServerHandler.java:77)\n\tat io.netty.channel.AbstractChannelHandlerContext.invokeChannelRead(AbstractChannelHandlerContext.java:374)\n\tat io.netty.channel.AbstractChannelHandlerContext.invokeChannelRead(AbstractChannelHandlerContext.java:360)\n\tat io.netty.chann...
&amp#27;[38;5;77m[d4a1b95a]&amp#27;[0m&amp#27;[38;5;123m[W3C]&amp#27;[0m Matched W3C error code 'no such element' to NoSuchElementError
&amp#27;[38;5;77m[d4a1b95a]&amp#27;[0m&amp#27;[38;5;-183m[AndroidUiautomator2Driver@0804]&amp#27;[0m Waited for 2444 ms so far
&amp#27;[38;5;77m[d4a1b95a]&amp#27;[0m&amp#27;[38;5;-183m[AndroidUiautomator2Driver@0804]&amp#27;[0m Matched '/element' to command name 'findElement'
&amp#27;[38;5;77m[d4a1b95a]&amp#27;[0m&amp#27;[38;5;-183m[AndroidUiautomator2Driver@0804]&amp#27;[0m Proxying [POST /element] to [POST http://127.0.0.1:8200/session/ccc822a8-3c70-4f89-80b4-4aed707196b0/element] with body: {"strategy":"id","selector":"com.androidsample.generalstore:id/nameField","context":"","multiple":false}
&amp#27;[38;5;77m[d4a1b95a]&amp#27;[0m&amp#27;[38;5;-183m[AndroidUiautomator2Driver@0804]&amp#27;[0m Got response with status 200: {"sessionId":"ccc822a8-3c70-4f89-80b4-4aed707196b0","value":{"ELEMENT":"00000000-0000-0033-ffff-ffff0000001c","element-6066-11e4-a52e-4f735466cecf":"00000000-0000-0033-ffff-ffff0000001c"}}
&amp#27;[38;5;77m[d4a1b95a]&amp#27;[0m&amp#27;[38;5;-183m[AndroidUiautomator2Driver@0804]&amp#27;[0m Responding to client with driver.findElement() result: {"element-6066-11e4-a52e-4f735466cecf":"00000000-0000-0033-ffff-ffff0000001c","ELEMENT":"00000000-0000-0033-ffff-ffff0000001c"}
&amp#27;[38;5;77m[d4a1b95a]&amp#27;[0m&amp#27;[38;5;86m[HTTP]&amp#27;[0m &amp#27;[37m<-- POST /session/d4a1b95a-aaac-4a9c-a6c9-7729cd7256d5/element &amp#27;[39m&amp#27;[32m200&amp#27;[39m &amp#27;[90m3409 ms - 137&amp#27;[39m &amp#27;[90m&amp#27;[39m
&amp#27;[38;5;77m[d4a1b95a]&amp#27;[0m&amp#27;[38;5;86m[HTTP]&amp#27;[0m &amp#27;[37m-->&amp#27;[39m &amp#27;[37mPOST&amp#27;[39m &amp#27;[37m/session/d4a1b95a-aaac-4a9c-a6c9-7729cd7256d5/element/00000000-0000-0033-ffff-ffff0000001c/value&amp#27;[39m &amp#27;[90m{"value":["N","a","d","u"," ","S","y","e","d"],"text":"Nadu Syed","id":"00000000-0000-0033-ffff-ffff0000001c"}&amp#27;[39m
&amp#27;[38;5;77m[d4a1b95a]&amp#27;[0m&amp#27;[38;5;-183m[AndroidUiautomator2Driver@0804]&amp#27;[0m Calling AppiumDriver.setValue() with args: [["N","a","d","u"," ","S","y","e","d"],"00000000-0000-0033-ffff-ffff0000001c","d4a1b95a-aaac-4a9c-a6c9-7729cd7256d5"]
&amp#27;[38;5;77m[d4a1b95a]&amp#27;[0m&amp#27;[38;5;-183m[AndroidUiautomator2Driver@0804]&amp#27;[0m Matched '/element/00000000-0000-0033-ffff-ffff0000001c/value' to command name 'setValue'
&amp#27;[38;5;77m[d4a1b95a]&amp#27;[0m&amp#27;[38;5;-183m[AndroidUiautomator2Driver@0804]&amp#27;[0m Added 'value' property ["N","a","d","u"," ","S","y","e","d"] to 'setValue' request body
&amp#27;[38;5;77m[d4a1b95a]&amp#27;[0m&amp#27;[38;5;-183m[AndroidUiautomator2Driver@0804]&amp#27;[0m Proxying [POST /element/00000000-0000-0033-ffff-ffff0000001c/value] to [POST http://127.0.0.1:8200/session/ccc822a8-3c70-4f89-80b4-4aed707196b0/element/00000000-0000-0033-ffff-ffff0000001c/value] with body: {"elementId":"00000000-0000-0033-ffff-ffff0000001c","text":"Nadu Syed","replace":false,"value":["N","a","d","u"," ","S","y","e","d"]}
&amp#27;[38;5;77m[d4a1b95a]&amp#27;[0m&amp#27;[38;5;-183m[AndroidUiautomator2Driver@0804]&amp#27;[0m Got response with status 200: {"sessionId":"ccc822a8-3c70-4f89-80b4-4aed707196b0","value":null}
&amp#27;[38;5;77m[d4a1b95a]&amp#27;[0m&amp#27;[38;5;-183m[AndroidUiautomator2Driver@0804]&amp#27;[0m Responding to client with driver.setValue() result: null
&amp#27;[38;5;77m[d4a1b95a]&amp#27;[0m&amp#27;[38;5;86m[HTTP]&amp#27;[0m &amp#27;[37m<-- POST /session/d4a1b95a-aaac-4a9c-a6c9-7729cd7256d5/element/00000000-0000-0033-ffff-ffff0000001c/value &amp#27;[39m&amp#27;[32m200&amp#27;[39m &amp#27;[90m546 ms - 14&amp#27;[39m &amp#27;[90m&amp#27;[39m
&amp#27;[38;5;77m[d4a1b95a]&amp#27;[0m&amp#27;[38;5;86m[HTTP]&amp#27;[0m &amp#27;[37m-->&amp#27;[39m &amp#27;[37mPOST&amp#27;[39m &amp#27;[37m/session/d4a1b95a-aaac-4a9c-a6c9-7729cd7256d5/execute/sync&amp#27;[39m &amp#27;[90m{"args":[],"script":"mobile: hideKeyboard"}&amp#27;[39m
&amp#27;[38;5;77m[d4a1b95a]&amp#27;[0m&amp#27;[38;5;-183m[AndroidUiautomator2Driver@0804]&amp#27;[0m Calling AppiumDriver.execute() with args: ["mobile: hideKeyboard",[],"d4a1b95a-aaac-4a9c-a6c9-7729cd7256d5"]
&amp#27;[38;5;77m[d4a1b95a]&amp#27;[0m&amp#27;[38;5;229m[ADB]&amp#27;[0m Running '/Users/administrator/Library/Android/sdk/platform-tools/adb -P 5037 -s emulator-5554 shell dumpsys input_method'
&amp#27;[38;5;77m[d4a1b95a]&amp#27;[0m&amp#27;[38;5;229m[ADB]&amp#27;[0m Keyboard has no UI; no closing necessary
&amp#27;[38;5;77m[d4a1b95a]&amp#27;[0m&amp#27;[38;5;-183m[AndroidUiautomator2Driver@0804]&amp#27;[0m Responding to client with driver.execute() result: false
&amp#27;[38;5;77m[d4a1b95a]&amp#27;[0m&amp#27;[38;5;86m[HTTP]&amp#27;[0m &amp#27;[37m<-- POST /session/d4a1b95a-aaac-4a9c-a6c9-7729cd7256d5/execute/sync &amp#27;[39m&amp#27;[32m200&amp#27;[39m &amp#27;[90m158 ms - 15&amp#27;[39m &amp#27;[90m&amp#27;[39m
&amp#27;[38;5;77m[d4a1b95a]&amp#27;[0m&amp#27;[38;5;86m[HTTP]&amp#27;[0m &amp#27;[37m-->&amp#27;[39m &amp#27;[37mGET&amp#27;[39m &amp#27;[37m/session/d4a1b95a-aaac-4a9c-a6c9-7729cd7256d5/context&amp#27;[39m &amp#27;[90m{}&amp#27;[39m
&amp#27;[38;5;77m[d4a1b95a]&amp#27;[0m&amp#27;[38;5;-183m[AndroidUiautomator2Driver@0804]&amp#27;[0m Calling AppiumDriver.getCurrentContext() with args: ["d4a1b95a-aaac-4a9c-a6c9-7729cd7256d5"]
&amp#27;[38;5;77m[d4a1b95a]&amp#27;[0m&amp#27;[38;5;-183m[AndroidUiautomator2Driver@0804]&amp#27;[0m Responding to client with driver.getCurrentContext() result: "NATIVE_APP"
&amp#27;[38;5;77m[d4a1b95a]&amp#27;[0m&amp#27;[38;5;86m[HTTP]&amp#27;[0m &amp#27;[37m<-- GET /session/d4a1b95a-aaac-4a9c-a6c9-7729cd7256d5/context &amp#27;[39m&amp#27;[32m200&amp#27;[39m &amp#27;[90m2 ms - 22&amp#27;[39m &amp#27;[90m&amp#27;[39m
&amp#27;[38;5;77m[d4a1b95a]&amp#27;[0m&amp#27;[38;5;86m[HTTP]&amp#27;[0m &amp#27;[37m-->&amp#27;[39m &amp#27;[37mPOST&amp#27;[39m &amp#27;[37m/session/d4a1b95a-aaac-4a9c-a6c9-7729cd7256d5/element&amp#27;[39m &amp#27;[90m{"value":"//android.widget.RadioButton[@text='Female']","using":"xpath"}&amp#27;[39m
&amp#27;[38;5;77m[d4a1b95a]&amp#27;[0m&amp#27;[38;5;-183m[AndroidUiautomator2Driver@0804]&amp#27;[0m Calling AppiumDriver.findElement() with args: ["xpath","//android.widget.RadioButton[@text='Female']","d4a1b95a-aaac-4a9c-a6c9-7729cd7256d5"]
&amp#27;[38;5;77m[d4a1b95a]&amp#27;[0m&amp#27;[38;5;-183m[AndroidUiautomator2Driver@0804]&amp#27;[0m Valid locator strategies for this request: xpath, id, class name, accessibility id, css selector, -android uiautomator
&amp#27;[38;5;77m[d4a1b95a]&amp#27;[0m&amp#27;[38;5;-183m[AndroidUiautomator2Driver@0804]&amp#27;[0m Waiting up to 10000 ms for condition
&amp#27;[38;5;77m[d4a1b95a]&amp#27;[0m&amp#27;[38;5;-183m[AndroidUiautomator2Driver@0804]&amp#27;[0m Matched '/element' to command name 'findElement'
&amp#27;[38;5;77m[d4a1b95a]&amp#27;[0m&amp#27;[38;5;-183m[AndroidUiautomator2Driver@0804]&amp#27;[0m Proxying [POST /element] to [POST http://127.0.0.1:8200/session/ccc822a8-3c70-4f89-80b4-4aed707196b0/element] with body: {"strategy":"xpath","selector":"//android.widget.RadioButton[@text='Female']","context":"","multiple":false}
&amp#27;[38;5;77m[d4a1b95a]&amp#27;[0m&amp#27;[38;5;-183m[AndroidUiautomator2Driver@0804]&amp#27;[0m Got response with status 200: {"sessionId":"ccc822a8-3c70-4f89-80b4-4aed707196b0","value":{"ELEMENT":"00000000-0000-0033-ffff-ffff00000020","element-6066-11e4-a52e-4f735466cecf":"00000000-0000-0033-ffff-ffff00000020"}}
&amp#27;[38;5;77m[d4a1b95a]&amp#27;[0m&amp#27;[38;5;-183m[AndroidUiautomator2Driver@0804]&amp#27;[0m Responding to client with driver.findElement() result: {"element-6066-11e4-a52e-4f735466cecf":"00000000-0000-0033-ffff-ffff00000020","ELEMENT":"00000000-0000-0033-ffff-ffff00000020"}
&amp#27;[38;5;77m[d4a1b95a]&amp#27;[0m&amp#27;[38;5;86m[HTTP]&amp#27;[0m &amp#27;[37m<-- POST /session/d4a1b95a-aaac-4a9c-a6c9-7729cd7256d5/element &amp#27;[39m&amp#27;[32m200&amp#27;[39m &amp#27;[90m434 ms - 137&amp#27;[39m &amp#27;[90m&amp#27;[39m
&amp#27;[38;5;77m[d4a1b95a]&amp#27;[0m&amp#27;[38;5;86m[HTTP]&amp#27;[0m &amp#27;[37m-->&amp#27;[39m &amp#27;[37mPOST&amp#27;[39m &amp#27;[37m/session/d4a1b95a-aaac-4a9c-a6c9-7729cd7256d5/element/00000000-0000-0033-ffff-ffff00000020/click&amp#27;[39m &amp#27;[90m{"id":"00000000-0000-0033-ffff-ffff00000020"}&amp#27;[39m
&amp#27;[38;5;77m[d4a1b95a]&amp#27;[0m&amp#27;[38;5;-183m[AndroidUiautomator2Driver@0804]&amp#27;[0m Calling AppiumDriver.click() with args: ["00000000-0000-0033-ffff-ffff00000020","d4a1b95a-aaac-4a9c-a6c9-7729cd7256d5"]
&amp#27;[38;5;77m[d4a1b95a]&amp#27;[0m&amp#27;[38;5;-183m[AndroidUiautomator2Driver@0804]&amp#27;[0m Matched '/element/00000000-0000-0033-ffff-ffff00000020/click' to command name 'click'
&amp#27;[38;5;77m[d4a1b95a]&amp#27;[0m&amp#27;[38;5;-183m[AndroidUiautomator2Driver@0804]&amp#27;[0m Proxying [POST /element/00000000-0000-0033-ffff-ffff00000020/click] to [POST http://127.0.0.1:8200/session/ccc822a8-3c70-4f89-80b4-4aed707196b0/element/00000000-0000-0033-ffff-ffff00000020/click] with body: {"element":"00000000-0000-0033-ffff-ffff00000020"}
&amp#27;[38;5;77m[d4a1b95a]&amp#27;[0m&amp#27;[38;5;-183m[AndroidUiautomator2Driver@0804]&amp#27;[0m Got response with status 200: {"sessionId":"ccc822a8-3c70-4f89-80b4-4aed707196b0","value":null}
&amp#27;[38;5;77m[d4a1b95a]&amp#27;[0m&amp#27;[38;5;-183m[AndroidUiautomator2Driver@0804]&amp#27;[0m Responding to client with driver.click() result: null
&amp#27;[38;5;77m[d4a1b95a]&amp#27;[0m&amp#27;[38;5;86m[HTTP]&amp#27;[0m &amp#27;[37m<-- POST /session/d4a1b95a-aaac-4a9c-a6c9-7729cd7256d5/element/00000000-0000-0033-ffff-ffff00000020/click &amp#27;[39m&amp#27;[32m200&amp#27;[39m &amp#27;[90m47 ms - 14&amp#27;[39m &amp#27;[90m&amp#27;[39m
&amp#27;[38;5;77m[d4a1b95a]&amp#27;[0m&amp#27;[38;5;86m[HTTP]&amp#27;[0m &amp#27;[37m-->&amp#27;[39m &amp#27;[37mGET&amp#27;[39m &amp#27;[37m/session/d4a1b95a-aaac-4a9c-a6c9-7729cd7256d5/context&amp#27;[39m &amp#27;[90m{}&amp#27;[39m
&amp#27;[38;5;77m[d4a1b95a]&amp#27;[0m&amp#27;[38;5;-183m[AndroidUiautomator2Driver@0804]&amp#27;[0m Calling AppiumDriver.getCurrentContext() with args: ["d4a1b95a-aaac-4a9c-a6c9-7729cd7256d5"]
&amp#27;[38;5;77m[d4a1b95a]&amp#27;[0m&amp#27;[38;5;-183m[AndroidUiautomator2Driver@0804]&amp#27;[0m Responding to client with driver.getCurrentContext() result: "NATIVE_APP"
&amp#27;[38;5;77m[d4a1b95a]&amp#27;[0m&amp#27;[38;5;86m[HTTP]&amp#27;[0m &amp#27;[37m<-- GET /session/d4a1b95a-aaac-4a9c-a6c9-7729cd7256d5/context &amp#27;[39m&amp#27;[32m200&amp#27;[39m &amp#27;[90m1 ms - 22&amp#27;[39m &amp#27;[90m&amp#27;[39m
&amp#27;[38;5;77m[d4a1b95a]&amp#27;[0m&amp#27;[38;5;86m[HTTP]&amp#27;[0m &amp#27;[37m-->&amp#27;[39m &amp#27;[37mPOST&amp#27;[39m &amp#27;[37m/session/d4a1b95a-aaac-4a9c-a6c9-7729cd7256d5/element&amp#27;[39m &amp#27;[90m{"value":"android:id/text1","using":"id"}&amp#27;[39m
&amp#27;[38;5;77m[d4a1b95a]&amp#27;[0m&amp#27;[38;5;-183m[AndroidUiautomator2Driver@0804]&amp#27;[0m Calling AppiumDriver.findElement() with args: ["id","android:id/text1","d4a1b95a-aaac-4a9c-a6c9-7729cd7256d5"]
&amp#27;[38;5;77m[d4a1b95a]&amp#27;[0m&amp#27;[38;5;-183m[AndroidUiautomator2Driver@0804]&amp#27;[0m Valid locator strategies for this request: xpath, id, class name, accessibility id, css selector, -android uiautomator
&amp#27;[38;5;77m[d4a1b95a]&amp#27;[0m&amp#27;[38;5;-183m[AndroidUiautomator2Driver@0804]&amp#27;[0m Waiting up to 10000 ms for condition
&amp#27;[38;5;77m[d4a1b95a]&amp#27;[0m&amp#27;[38;5;-183m[AndroidUiautomator2Driver@0804]&amp#27;[0m Matched '/element' to command name 'findElement'
&amp#27;[38;5;77m[d4a1b95a]&amp#27;[0m&amp#27;[38;5;-183m[AndroidUiautomator2Driver@0804]&amp#27;[0m Proxying [POST /element] to [POST http://127.0.0.1:8200/session/ccc822a8-3c70-4f89-80b4-4aed707196b0/element] with body: {"strategy":"id","selector":"android:id/text1","context":"","multiple":false}
&amp#27;[38;5;77m[d4a1b95a]&amp#27;[0m&amp#27;[38;5;-183m[AndroidUiautomator2Driver@0804]&amp#27;[0m Got response with status 200: {"sessionId":"ccc822a8-3c70-4f89-80b4-4aed707196b0","value":{"ELEMENT":"00000000-0000-0033-ffff-ffff00000024","element-6066-11e4-a52e-4f735466cecf":"00000000-0000-0033-ffff-ffff00000024"}}
&amp#27;[38;5;77m[d4a1b95a]&amp#27;[0m&amp#27;[38;5;-183m[AndroidUiautomator2Driver@0804]&amp#27;[0m Responding to client with driver.findElement() result: {"element-6066-11e4-a52e-4f735466cecf":"00000000-0000-0033-ffff-ffff00000024","ELEMENT":"00000000-0000-0033-ffff-ffff00000024"}
&amp#27;[38;5;77m[d4a1b95a]&amp#27;[0m&amp#27;[38;5;86m[HTTP]&amp#27;[0m &amp#27;[37m<-- POST /session/d4a1b95a-aaac-4a9c-a6c9-7729cd7256d5/element &amp#27;[39m&amp#27;[32m200&amp#27;[39m &amp#27;[90m33 ms - 137&amp#27;[39m &amp#27;[90m&amp#27;[39m
&amp#27;[38;5;77m[d4a1b95a]&amp#27;[0m&amp#27;[38;5;86m[HTTP]&amp#27;[0m &amp#27;[37m-->&amp#27;[39m &amp#27;[37mPOST&amp#27;[39m &amp#27;[37m/session/d4a1b95a-aaac-4a9c-a6c9-7729cd7256d5/element/00000000-0000-0033-ffff-ffff00000024/click&amp#27;[39m &amp#27;[90m{"id":"00000000-0000-0033-ffff-ffff00000024"}&amp#27;[39m
&amp#27;[38;5;77m[d4a1b95a]&amp#27;[0m&amp#27;[38;5;-183m[AndroidUiautomator2Driver@0804]&amp#27;[0m Calling AppiumDriver.click() with args: ["00000000-0000-0033-ffff-ffff00000024","d4a1b95a-aaac-4a9c-a6c9-7729cd7256d5"]
&amp#27;[38;5;77m[d4a1b95a]&amp#27;[0m&amp#27;[38;5;-183m[AndroidUiautomator2Driver@0804]&amp#27;[0m Matched '/element/00000000-0000-0033-ffff-ffff00000024/click' to command name 'click'
&amp#27;[38;5;77m[d4a1b95a]&amp#27;[0m&amp#27;[38;5;-183m[AndroidUiautomator2Driver@0804]&amp#27;[0m Proxying [POST /element/00000000-0000-0033-ffff-ffff00000024/click] to [POST http://127.0.0.1:8200/session/ccc822a8-3c70-4f89-80b4-4aed707196b0/element/00000000-0000-0033-ffff-ffff00000024/click] with body: {"element":"00000000-0000-0033-ffff-ffff00000024"}
&amp#27;[38;5;77m[d4a1b95a]&amp#27;[0m&amp#27;[38;5;-183m[AndroidUiautomator2Driver@0804]&amp#27;[0m Got response with status 200: {"sessionId":"ccc822a8-3c70-4f89-80b4-4aed707196b0","value":null}
&amp#27;[38;5;77m[d4a1b95a]&amp#27;[0m&amp#27;[38;5;-183m[AndroidUiautomator2Driver@0804]&amp#27;[0m Responding to client with driver.click() result: null
&amp#27;[38;5;77m[d4a1b95a]&amp#27;[0m&amp#27;[38;5;86m[HTTP]&amp#27;[0m &amp#27;[37m<-- POST /session/d4a1b95a-aaac-4a9c-a6c9-7729cd7256d5/element/00000000-0000-0033-ffff-ffff00000024/click &amp#27;[39m&amp#27;[32m200&amp#27;[39m &amp#27;[90m584 ms - 14&amp#27;[39m &amp#27;[90m&amp#27;[39m
&amp#27;[38;5;77m[d4a1b95a]&amp#27;[0m&amp#27;[38;5;86m[HTTP]&amp#27;[0m &amp#27;[37m-->&amp#27;[39m &amp#27;[37mPOST&amp#27;[39m &amp#27;[37m/session/d4a1b95a-aaac-4a9c-a6c9-7729cd7256d5/element&amp#27;[39m &amp#27;[90m{"value":"new UiScrollable(new UiSelector()).scrollIntoView(text(\"Australia\"));","using":"-android uiautomator"}&amp#27;[39m
&amp#27;[38;5;77m[d4a1b95a]&amp#27;[0m&amp#27;[38;5;-183m[AndroidUiautomator2Driver@0804]&amp#27;[0m Calling AppiumDriver.findElement() with args: ["-android uiautomator","new UiScrollable(new UiSelector()).scrollIntoView(text(\"Australia\"));","d4a1b95a-aaac-4a9c-a6c9-7729cd7256d5"]
&amp#27;[38;5;77m[d4a1b95a]&amp#27;[0m&amp#27;[38;5;-183m[AndroidUiautomator2Driver@0804]&amp#27;[0m Valid locator strategies for this request: xpath, id, class name, accessibility id, css selector, -android uiautomator
&amp#27;[38;5;77m[d4a1b95a]&amp#27;[0m&amp#27;[38;5;-183m[AndroidUiautomator2Driver@0804]&amp#27;[0m Waiting up to 10000 ms for condition
&amp#27;[38;5;77m[d4a1b95a]&amp#27;[0m&amp#27;[38;5;-183m[AndroidUiautomator2Driver@0804]&amp#27;[0m Matched '/element' to command name 'findElement'
&amp#27;[38;5;77m[d4a1b95a]&amp#27;[0m&amp#27;[38;5;-183m[AndroidUiautomator2Driver@0804]&amp#27;[0m Proxying [POST /element] to [POST http://127.0.0.1:8200/session/ccc822a8-3c70-4f89-80b4-4aed707196b0/element] with body: {"strategy":"-android uiautomator","selector":"new UiScrollable(new UiSelector()).scrollIntoView(text(\"Australia\"));","context":"","multiple":false}
&amp#27;[38;5;77m[d4a1b95a]&amp#27;[0m&amp#27;[38;5;-183m[AndroidUiautomator2Driver@0804]&amp#27;[0m Got response with status 200: {"sessionId":"ccc822a8-3c70-4f89-80b4-4aed707196b0","value":{"ELEMENT":"00000000-0000-0034-ffff-ffff0000002b","element-6066-11e4-a52e-4f735466cecf":"00000000-0000-0034-ffff-ffff0000002b"}}
&amp#27;[38;5;77m[d4a1b95a]&amp#27;[0m&amp#27;[38;5;-183m[AndroidUiautomator2Driver@0804]&amp#27;[0m Responding to client with driver.findElement() result: {"element-6066-11e4-a52e-4f735466cecf":"00000000-0000-0034-ffff-ffff0000002b","ELEMENT":"00000000-0000-0034-ffff-ffff0000002b"}
&amp#27;[38;5;77m[d4a1b95a]&amp#27;[0m&amp#27;[38;5;86m[HTTP]&amp#27;[0m &amp#27;[37m<-- POST /session/d4a1b95a-aaac-4a9c-a6c9-7729cd7256d5/element &amp#27;[39m&amp#27;[32m200&amp#27;[39m &amp#27;[90m4094 ms - 137&amp#27;[39m &amp#27;[90m&amp#27;[39m
&amp#27;[38;5;77m[d4a1b95a]&amp#27;[0m&amp#27;[38;5;86m[HTTP]&amp#27;[0m &amp#27;[37m-->&amp#27;[39m &amp#27;[37mPOST&amp#27;[39m &amp#27;[37m/session/d4a1b95a-aaac-4a9c-a6c9-7729cd7256d5/element&amp#27;[39m &amp#27;[90m{"value":"//android.widget.TextView[@text='Australia']","using":"xpath"}&amp#27;[39m
&amp#27;[38;5;77m[d4a1b95a]&amp#27;[0m&amp#27;[38;5;-183m[AndroidUiautomator2Driver@0804]&amp#27;[0m Calling AppiumDriver.findElement() with args: ["xpath","//android.widget.TextView[@text='Australia']","d4a1b95a-aaac-4a9c-a6c9-7729cd7256d5"]
&amp#27;[38;5;77m[d4a1b95a]&amp#27;[0m&amp#27;[38;5;-183m[AndroidUiautomator2Driver@0804]&amp#27;[0m Valid locator strategies for this request: xpath, id, class name, accessibility id, css selector, -android uiautomator
&amp#27;[38;5;77m[d4a1b95a]&amp#27;[0m&amp#27;[38;5;-183m[AndroidUiautomator2Driver@0804]&amp#27;[0m Waiting up to 10000 ms for condition
&amp#27;[38;5;77m[d4a1b95a]&amp#27;[0m&amp#27;[38;5;-183m[AndroidUiautomator2Driver@0804]&amp#27;[0m Matched '/element' to command name 'findElement'
&amp#27;[38;5;77m[d4a1b95a]&amp#27;[0m&amp#27;[38;5;-183m[AndroidUiautomator2Driver@0804]&amp#27;[0m Proxying [POST /element] to [POST http://127.0.0.1:8200/session/ccc822a8-3c70-4f89-80b4-4aed707196b0/element] with body: {"strategy":"xpath","selector":"//android.widget.TextView[@text='Australia']","context":"","multiple":false}
&amp#27;[38;5;77m[d4a1b95a]&amp#27;[0m&amp#27;[38;5;-183m[AndroidUiautomator2Driver@0804]&amp#27;[0m Got response with status 200: {"sessionId":"ccc822a8-3c70-4f89-80b4-4aed707196b0","value":{"ELEMENT":"00000000-0000-0034-ffff-ffff0000002b","element-6066-11e4-a52e-4f735466cecf":"00000000-0000-0034-ffff-ffff0000002b"}}
&amp#27;[38;5;77m[d4a1b95a]&amp#27;[0m&amp#27;[38;5;-183m[AndroidUiautomator2Driver@0804]&amp#27;[0m Responding to client with driver.findElement() result: {"element-6066-11e4-a52e-4f735466cecf":"00000000-0000-0034-ffff-ffff0000002b","ELEMENT":"00000000-0000-0034-ffff-ffff0000002b"}
&amp#27;[38;5;77m[d4a1b95a]&amp#27;[0m&amp#27;[38;5;86m[HTTP]&amp#27;[0m &amp#27;[37m<-- POST /session/d4a1b95a-aaac-4a9c-a6c9-7729cd7256d5/element &amp#27;[39m&amp#27;[32m200&amp#27;[39m &amp#27;[90m37 ms - 137&amp#27;[39m &amp#27;[90m&amp#27;[39m
&amp#27;[38;5;77m[d4a1b95a]&amp#27;[0m&amp#27;[38;5;86m[HTTP]&amp#27;[0m &amp#27;[37m-->&amp#27;[39m &amp#27;[37mPOST&amp#27;[39m &amp#27;[37m/session/d4a1b95a-aaac-4a9c-a6c9-7729cd7256d5/element/00000000-0000-0034-ffff-ffff0000002b/click&amp#27;[39m &amp#27;[90m{"id":"00000000-0000-0034-ffff-ffff0000002b"}&amp#27;[39m
&amp#27;[38;5;77m[d4a1b95a]&amp#27;[0m&amp#27;[38;5;-183m[AndroidUiautomator2Driver@0804]&amp#27;[0m Calling AppiumDriver.click() with args: ["00000000-0000-0034-ffff-ffff0000002b","d4a1b95a-aaac-4a9c-a6c9-7729cd7256d5"]
&amp#27;[38;5;77m[d4a1b95a]&amp#27;[0m&amp#27;[38;5;-183m[AndroidUiautomator2Driver@0804]&amp#27;[0m Matched '/element/00000000-0000-0034-ffff-ffff0000002b/click' to command name 'click'
&amp#27;[38;5;77m[d4a1b95a]&amp#27;[0m&amp#27;[38;5;-183m[AndroidUiautomator2Driver@0804]&amp#27;[0m Proxying [POST /element/00000000-0000-0034-ffff-ffff0000002b/click] to [POST http://127.0.0.1:8200/session/ccc822a8-3c70-4f89-80b4-4aed707196b0/element/00000000-0000-0034-ffff-ffff0000002b/click] with body: {"element":"00000000-0000-0034-ffff-ffff0000002b"}
&amp#27;[38;5;77m[d4a1b95a]&amp#27;[0m&amp#27;[38;5;-183m[AndroidUiautomator2Driver@0804]&amp#27;[0m Got response with status 200: {"sessionId":"ccc822a8-3c70-4f89-80b4-4aed707196b0","value":null}
&amp#27;[38;5;77m[d4a1b95a]&amp#27;[0m&amp#27;[38;5;-183m[AndroidUiautomator2Driver@0804]&amp#27;[0m Responding to client with driver.click() result: null
&amp#27;[38;5;77m[d4a1b95a]&amp#27;[0m&amp#27;[38;5;86m[HTTP]&amp#27;[0m &amp#27;[37m<-- POST /session/d4a1b95a-aaac-4a9c-a6c9-7729cd7256d5/element/00000000-0000-0034-ffff-ffff0000002b/click &amp#27;[39m&amp#27;[32m200&amp#27;[39m &amp#27;[90m1097 ms - 14&amp#27;[39m &amp#27;[90m&amp#27;[39m
&amp#27;[38;5;77m[d4a1b95a]&amp#27;[0m&amp#27;[38;5;86m[HTTP]&amp#27;[0m &amp#27;[37m-->&amp#27;[39m &amp#27;[37mGET&amp#27;[39m &amp#27;[37m/session/d4a1b95a-aaac-4a9c-a6c9-7729cd7256d5/context&amp#27;[39m &amp#27;[90m{}&amp#27;[39m
&amp#27;[38;5;77m[d4a1b95a]&amp#27;[0m&amp#27;[38;5;-183m[AndroidUiautomator2Driver@0804]&amp#27;[0m Calling AppiumDriver.getCurrentContext() with args: ["d4a1b95a-aaac-4a9c-a6c9-7729cd7256d5"]
&amp#27;[38;5;77m[d4a1b95a]&amp#27;[0m&amp#27;[38;5;-183m[AndroidUiautomator2Driver@0804]&amp#27;[0m Responding to client with driver.getCurrentContext() result: "NATIVE_APP"
&amp#27;[38;5;77m[d4a1b95a]&amp#27;[0m&amp#27;[38;5;86m[HTTP]&amp#27;[0m &amp#27;[37m<-- GET /session/d4a1b95a-aaac-4a9c-a6c9-7729cd7256d5/context &amp#27;[39m&amp#27;[32m200&amp#27;[39m &amp#27;[90m1 ms - 22&amp#27;[39m &amp#27;[90m&amp#27;[39m
&amp#27;[38;5;77m[d4a1b95a]&amp#27;[0m&amp#27;[38;5;86m[HTTP]&amp#27;[0m &amp#27;[37m-->&amp#27;[39m &amp#27;[37mPOST&amp#27;[39m &amp#27;[37m/session/d4a1b95a-aaac-4a9c-a6c9-7729cd7256d5/element&amp#27;[39m &amp#27;[90m{"value":"com.androidsample.generalstore:id/btnLetsShop","using":"id"}&amp#27;[39m
&amp#27;[38;5;77m[d4a1b95a]&amp#27;[0m&amp#27;[38;5;-183m[AndroidUiautomator2Driver@0804]&amp#27;[0m Calling AppiumDriver.findElement() with args: ["id","com.androidsample.generalstore:id/btnLetsShop","d4a1b95a-aaac-4a9c-a6c9-7729cd7256d5"]
&amp#27;[38;5;77m[d4a1b95a]&amp#27;[0m&amp#27;[38;5;-183m[AndroidUiautomator2Driver@0804]&amp#27;[0m Valid locator strategies for this request: xpath, id, class name, accessibility id, css selector, -android uiautomator
&amp#27;[38;5;77m[d4a1b95a]&amp#27;[0m&amp#27;[38;5;-183m[AndroidUiautomator2Driver@0804]&amp#27;[0m Waiting up to 10000 ms for condition
&amp#27;[38;5;77m[d4a1b95a]&amp#27;[0m&amp#27;[38;5;-183m[AndroidUiautomator2Driver@0804]&amp#27;[0m Matched '/element' to command name 'findElement'
&amp#27;[38;5;77m[d4a1b95a]&amp#27;[0m&amp#27;[38;5;-183m[AndroidUiautomator2Driver@0804]&amp#27;[0m Proxying [POST /element] to [POST http://127.0.0.1:8200/session/ccc822a8-3c70-4f89-80b4-4aed707196b0/element] with body: {"strategy":"id","selector":"com.androidsample.generalstore:id/btnLetsShop","context":"","multiple":false}
&amp#27;[38;5;77m[d4a1b95a]&amp#27;[0m&amp#27;[38;5;-183m[AndroidUiautomator2Driver@0804]&amp#27;[0m Got response with status 200: {"sessionId":"ccc822a8-3c70-4f89-80b4-4aed707196b0","value":{"ELEMENT":"00000000-0000-0033-ffff-ffff00000021","element-6066-11e4-a52e-4f735466cecf":"00000000-0000-0033-ffff-ffff00000021"}}
&amp#27;[38;5;77m[d4a1b95a]&amp#27;[0m&amp#27;[38;5;-183m[AndroidUiautomator2Driver@0804]&amp#27;[0m Responding to client with driver.findElement() result: {"element-6066-11e4-a52e-4f735466cecf":"00000000-0000-0033-ffff-ffff00000021","ELEMENT":"00000000-0000-0033-ffff-ffff00000021"}
&amp#27;[38;5;77m[d4a1b95a]&amp#27;[0m&amp#27;[38;5;86m[HTTP]&amp#27;[0m &amp#27;[37m<-- POST /session/d4a1b95a-aaac-4a9c-a6c9-7729cd7256d5/element &amp#27;[39m&amp#27;[32m200&amp#27;[39m &amp#27;[90m32 ms - 137&amp#27;[39m &amp#27;[90m&amp#27;[39m
&amp#27;[38;5;77m[d4a1b95a]&amp#27;[0m&amp#27;[38;5;86m[HTTP]&amp#27;[0m &amp#27;[37m-->&amp#27;[39m &amp#27;[37mPOST&amp#27;[39m &amp#27;[37m/session/d4a1b95a-aaac-4a9c-a6c9-7729cd7256d5/element/00000000-0000-0033-ffff-ffff00000021/click&amp#27;[39m &amp#27;[90m{"id":"00000000-0000-0033-ffff-ffff00000021"}&amp#27;[39m
&amp#27;[38;5;77m[d4a1b95a]&amp#27;[0m&amp#27;[38;5;-183m[AndroidUiautomator2Driver@0804]&amp#27;[0m Calling AppiumDriver.click() with args: ["00000000-0000-0033-ffff-ffff00000021","d4a1b95a-aaac-4a9c-a6c9-7729cd7256d5"]
&amp#27;[38;5;77m[d4a1b95a]&amp#27;[0m&amp#27;[38;5;-183m[AndroidUiautomator2Driver@0804]&amp#27;[0m Matched '/element/00000000-0000-0033-ffff-ffff00000021/click' to command name 'click'
&amp#27;[38;5;77m[d4a1b95a]&amp#27;[0m&amp#27;[38;5;-183m[AndroidUiautomator2Driver@0804]&amp#27;[0m Proxying [POST /element/00000000-0000-0033-ffff-ffff00000021/click] to [POST http://127.0.0.1:8200/session/ccc822a8-3c70-4f89-80b4-4aed707196b0/element/00000000-0000-0033-ffff-ffff00000021/click] with body: {"element":"00000000-0000-0033-ffff-ffff00000021"}
&amp#27;[38;5;77m[d4a1b95a]&amp#27;[0m&amp#27;[38;5;-183m[AndroidUiautomator2Driver@0804]&amp#27;[0m Got response with status 200: {"sessionId":"ccc822a8-3c70-4f89-80b4-4aed707196b0","value":null}
&amp#27;[38;5;77m[d4a1b95a]&amp#27;[0m&amp#27;[38;5;-183m[AndroidUiautomator2Driver@0804]&amp#27;[0m Responding to client with driver.click() result: null
&amp#27;[38;5;77m[d4a1b95a]&amp#27;[0m&amp#27;[38;5;86m[HTTP]&amp#27;[0m &amp#27;[37m<-- POST /session/d4a1b95a-aaac-4a9c-a6c9-7729cd7256d5/element/00000000-0000-0033-ffff-ffff00000021/click &amp#27;[39m&amp#27;[32m200&amp#27;[39m &amp#27;[90m48 ms - 14&amp#27;[39m &amp#27;[90m&amp#27;[39m
&amp#27;[38;5;77m[d4a1b95a]&amp#27;[0m&amp#27;[38;5;86m[HTTP]&amp#27;[0m &amp#27;[37m-->&amp#27;[39m &amp#27;[37mGET&amp#27;[39m &amp#27;[37m/session/d4a1b95a-aaac-4a9c-a6c9-7729cd7256d5/context&amp#27;[39m &amp#27;[90m{}&amp#27;[39m
&amp#27;[38;5;77m[d4a1b95a]&amp#27;[0m&amp#27;[38;5;-183m[AndroidUiautomator2Driver@0804]&amp#27;[0m Calling AppiumDriver.getCurrentContext() with args: ["d4a1b95a-aaac-4a9c-a6c9-7729cd7256d5"]
&amp#27;[38;5;77m[d4a1b95a]&amp#27;[0m&amp#27;[38;5;-183m[AndroidUiautomator2Driver@0804]&amp#27;[0m Responding to client with driver.getCurrentContext() result: "NATIVE_APP"
&amp#27;[38;5;77m[d4a1b95a]&amp#27;[0m&amp#27;[38;5;86m[HTTP]&amp#27;[0m &amp#27;[37m<-- GET /session/d4a1b95a-aaac-4a9c-a6c9-7729cd7256d5/context &amp#27;[39m&amp#27;[32m200&amp#27;[39m &amp#27;[90m0 ms - 22&amp#27;[39m &amp#27;[90m&amp#27;[39m
&amp#27;[38;5;77m[d4a1b95a]&amp#27;[0m&amp#27;[38;5;86m[HTTP]&amp#27;[0m &amp#27;[37m-->&amp#27;[39m &amp#27;[37mPOST&amp#27;[39m &amp#27;[37m/session/d4a1b95a-aaac-4a9c-a6c9-7729cd7256d5/elements&amp#27;[39m &amp#27;[90m{"value":"com.androidsample.generalstore:id/productAddCart","using":"id"}&amp#27;[39m
&amp#27;[38;5;77m[d4a1b95a]&amp#27;[0m&amp#27;[38;5;-183m[AndroidUiautomator2Driver@0804]&amp#27;[0m Calling AppiumDriver.findElements() with args: ["id","com.androidsample.generalstore:id/productAddCart","d4a1b95a-aaac-4a9c-a6c9-7729cd7256d5"]
&amp#27;[38;5;77m[d4a1b95a]&amp#27;[0m&amp#27;[38;5;-183m[AndroidUiautomator2Driver@0804]&amp#27;[0m Valid locator strategies for this request: xpath, id, class name, accessibility id, css selector, -android uiautomator
&amp#27;[38;5;77m[d4a1b95a]&amp#27;[0m&amp#27;[38;5;-183m[AndroidUiautomator2Driver@0804]&amp#27;[0m Waiting up to 10000 ms for condition
&amp#27;[38;5;77m[d4a1b95a]&amp#27;[0m&amp#27;[38;5;-183m[AndroidUiautomator2Driver@0804]&amp#27;[0m Matched '/elements' to command name 'findElements'
&amp#27;[38;5;77m[d4a1b95a]&amp#27;[0m&amp#27;[38;5;-183m[AndroidUiautomator2Driver@0804]&amp#27;[0m Proxying [POST /elements] to [POST http://127.0.0.1:8200/session/ccc822a8-3c70-4f89-80b4-4aed707196b0/elements] with body: {"strategy":"id","selector":"com.androidsample.generalstore:id/productAddCart","context":"","multiple":true}
&amp#27;[38;5;77m[d4a1b95a]&amp#27;[0m&amp#27;[38;5;-183m[AndroidUiautomator2Driver@0804]&amp#27;[0m Got response with status 200: {"sessionId":"ccc822a8-3c70-4f89-80b4-4aed707196b0","value":[{"ELEMENT":"00000000-0000-0035-ffff-ffff00000051","element-6066-11e4-a52e-4f735466cecf":"00000000-0000-0035-ffff-ffff00000051"},{"ELEMENT":"00000000-0000-0035-ffff-ffff00000059","element-6066-11e4-a52e-4f735466cecf":"00000000-0000-0035-ffff-ffff00000059"}]}
&amp#27;[38;5;77m[d4a1b95a]&amp#27;[0m&amp#27;[38;5;-183m[AndroidUiautomator2Driver@0804]&amp#27;[0m Responding to client with driver.findElements() result: [{"element-6066-11e4-a52e-4f735466cecf":"00000000-0000-0035-ffff-ffff00000051","ELEMENT":"00000000-0000-0035-ffff-ffff00000051"},{"element-6066-11e4-a52e-4f735466cecf":"00000000-0000-0035-ffff-ffff00000059","ELEMENT":"00000000-0000-0035-ffff-ffff00000059"}]
&amp#27;[38;5;77m[d4a1b95a]&amp#27;[0m&amp#27;[38;5;86m[HTTP]&amp#27;[0m &amp#27;[37m<-- POST /session/d4a1b95a-aaac-4a9c-a6c9-7729cd7256d5/elements &amp#27;[39m&amp#27;[32m200&amp#27;[39m &amp#27;[90m623 ms - 267&amp#27;[39m &amp#27;[90m&amp#27;[39m
&amp#27;[38;5;77m[d4a1b95a]&amp#27;[0m&amp#27;[38;5;86m[HTTP]&amp#27;[0m &amp#27;[37m-->&amp#27;[39m &amp#27;[37mGET&amp#27;[39m &amp#27;[37m/session/d4a1b95a-aaac-4a9c-a6c9-7729cd7256d5/context&amp#27;[39m &amp#27;[90m{}&amp#27;[39m
&amp#27;[38;5;77m[d4a1b95a]&amp#27;[0m&amp#27;[38;5;-183m[AndroidUiautomator2Driver@0804]&amp#27;[0m Calling AppiumDriver.getCurrentContext() with args: ["d4a1b95a-aaac-4a9c-a6c9-7729cd7256d5"]
&amp#27;[38;5;77m[d4a1b95a]&amp#27;[0m&amp#27;[38;5;-183m[AndroidUiautomator2Driver@0804]&amp#27;[0m Responding to client with driver.getCurrentContext() result: "NATIVE_APP"
&amp#27;[38;5;77m[d4a1b95a]&amp#27;[0m&amp#27;[38;5;86m[HTTP]&amp#27;[0m &amp#27;[37m<-- GET /session/d4a1b95a-aaac-4a9c-a6c9-7729cd7256d5/context &amp#27;[39m&amp#27;[32m200&amp#27;[39m &amp#27;[90m1 ms - 22&amp#27;[39m &amp#27;[90m&amp#27;[39m
&amp#27;[38;5;77m[d4a1b95a]&amp#27;[0m&amp#27;[38;5;86m[HTTP]&amp#27;[0m &amp#27;[37m-->&amp#27;[39m &amp#27;[37mPOST&amp#27;[39m &amp#27;[37m/session/d4a1b95a-aaac-4a9c-a6c9-7729cd7256d5/elements&amp#27;[39m &amp#27;[90m{"value":"com.androidsample.generalstore:id/productAddCart","using":"id"}&amp#27;[39m
&amp#27;[38;5;77m[d4a1b95a]&amp#27;[0m&amp#27;[38;5;-183m[AndroidUiautomator2Driver@0804]&amp#27;[0m Calling AppiumDriver.findElements() with args: ["id","com.androidsample.generalstore:id/productAddCart","d4a1b95a-aaac-4a9c-a6c9-7729cd7256d5"]
&amp#27;[38;5;77m[d4a1b95a]&amp#27;[0m&amp#27;[38;5;-183m[AndroidUiautomator2Driver@0804]&amp#27;[0m Valid locator strategies for this request: xpath, id, class name, accessibility id, css selector, -android uiautomator
&amp#27;[38;5;77m[d4a1b95a]&amp#27;[0m&amp#27;[38;5;-183m[AndroidUiautomator2Driver@0804]&amp#27;[0m Waiting up to 10000 ms for condition
&amp#27;[38;5;77m[d4a1b95a]&amp#27;[0m&amp#27;[38;5;-183m[AndroidUiautomator2Driver@0804]&amp#27;[0m Matched '/elements' to command name 'findElements'
&amp#27;[38;5;77m[d4a1b95a]&amp#27;[0m&amp#27;[38;5;-183m[AndroidUiautomator2Driver@0804]&amp#27;[0m Proxying [POST /elements] to [POST http://127.0.0.1:8200/session/ccc822a8-3c70-4f89-80b4-4aed707196b0/elements] with body: {"strategy":"id","selector":"com.androidsample.generalstore:id/productAddCart","context":"","multiple":true}
&amp#27;[38;5;77m[d4a1b95a]&amp#27;[0m&amp#27;[38;5;-183m[AndroidUiautomator2Driver@0804]&amp#27;[0m Got response with status 200: {"sessionId":"ccc822a8-3c70-4f89-80b4-4aed707196b0","value":[{"ELEMENT":"00000000-0000-0035-ffff-ffff00000051","element-6066-11e4-a52e-4f735466cecf":"00000000-0000-0035-ffff-ffff00000051"},{"ELEMENT":"00000000-0000-0035-ffff-ffff00000059","element-6066-11e4-a52e-4f735466cecf":"00000000-0000-0035-ffff-ffff00000059"}]}
&amp#27;[38;5;77m[d4a1b95a]&amp#27;[0m&amp#27;[38;5;-183m[AndroidUiautomator2Driver@0804]&amp#27;[0m Responding to client with driver.findElements() result: [{"element-6066-11e4-a52e-4f735466cecf":"00000000-0000-0035-ffff-ffff00000051","ELEMENT":"00000000-0000-0035-ffff-ffff00000051"},{"element-6066-11e4-a52e-4f735466cecf":"00000000-0000-0035-ffff-ffff00000059","ELEMENT":"00000000-0000-0035-ffff-ffff00000059"}]
&amp#27;[38;5;77m[d4a1b95a]&amp#27;[0m&amp#27;[38;5;86m[HTTP]&amp#27;[0m &amp#27;[37m<-- POST /session/d4a1b95a-aaac-4a9c-a6c9-7729cd7256d5/elements &amp#27;[39m&amp#27;[32m200&amp#27;[39m &amp#27;[90m18 ms - 267&amp#27;[39m &amp#27;[90m&amp#27;[39m
&amp#27;[38;5;77m[d4a1b95a]&amp#27;[0m&amp#27;[38;5;86m[HTTP]&amp#27;[0m &amp#27;[37m-->&amp#27;[39m &amp#27;[37mGET&amp#27;[39m &amp#27;[37m/session/d4a1b95a-aaac-4a9c-a6c9-7729cd7256d5/element/00000000-0000-0035-ffff-ffff00000051/text&amp#27;[39m &amp#27;[90m{}&amp#27;[39m
&amp#27;[38;5;77m[d4a1b95a]&amp#27;[0m&amp#27;[38;5;-183m[AndroidUiautomator2Driver@0804]&amp#27;[0m Driver proxy active, passing request on via HTTP proxy
&amp#27;[38;5;77m[d4a1b95a]&amp#27;[0m&amp#27;[38;5;-183m[AndroidUiautomator2Driver@0804]&amp#27;[0m Matched '/session/d4a1b95a-aaac-4a9c-a6c9-7729cd7256d5/element/00000000-0000-0035-ffff-ffff00000051/text' to command name 'getText'
&amp#27;[38;5;77m[d4a1b95a]&amp#27;[0m&amp#27;[38;5;-183m[AndroidUiautomator2Driver@0804]&amp#27;[0m Proxying [GET /session/d4a1b95a-aaac-4a9c-a6c9-7729cd7256d5/element/00000000-0000-0035-ffff-ffff00000051/text] to [GET http://127.0.0.1:8200/session/ccc822a8-3c70-4f89-80b4-4aed707196b0/element/00000000-0000-0035-ffff-ffff00000051/text] with no body
&amp#27;[38;5;77m[d4a1b95a]&amp#27;[0m&amp#27;[38;5;-183m[AndroidUiautomator2Driver@0804]&amp#27;[0m Got response with status 200: {"sessionId":"ccc822a8-3c70-4f89-80b4-4aed707196b0","value":"ADD TO CART"}
&amp#27;[38;5;77m[d4a1b95a]&amp#27;[0m&amp#27;[38;5;-183m[AndroidUiautomator2Driver@0804]&amp#27;[0m Replacing sessionId ccc822a8-3c70-4f89-80b4-4aed707196b0 with d4a1b95a-aaac-4a9c-a6c9-7729cd7256d5
&amp#27;[38;5;77m[d4a1b95a]&amp#27;[0m&amp#27;[38;5;86m[HTTP]&amp#27;[0m &amp#27;[37m<-- GET /session/d4a1b95a-aaac-4a9c-a6c9-7729cd7256d5/element/00000000-0000-0035-ffff-ffff00000051/text &amp#27;[39m&amp#27;[32m200&amp#27;[39m &amp#27;[90m8 ms - 74&amp#27;[39m &amp#27;[90m&amp#27;[39m
&amp#27;[38;5;77m[d4a1b95a]&amp#27;[0m&amp#27;[38;5;86m[HTTP]&amp#27;[0m &amp#27;[37m-->&amp#27;[39m &amp#27;[37mGET&amp#27;[39m &amp#27;[37m/session/d4a1b95a-aaac-4a9c-a6c9-7729cd7256d5/context&amp#27;[39m &amp#27;[90m{}&amp#27;[39m
&amp#27;[38;5;77m[d4a1b95a]&amp#27;[0m&amp#27;[38;5;-183m[AndroidUiautomator2Driver@0804]&amp#27;[0m Calling AppiumDriver.getCurrentContext() with args: ["d4a1b95a-aaac-4a9c-a6c9-7729cd7256d5"]
&amp#27;[38;5;77m[d4a1b95a]&amp#27;[0m&amp#27;[38;5;-183m[AndroidUiautomator2Driver@0804]&amp#27;[0m Responding to client with driver.getCurrentContext() result: "NATIVE_APP"
&amp#27;[38;5;77m[d4a1b95a]&amp#27;[0m&amp#27;[38;5;86m[HTTP]&amp#27;[0m &amp#27;[37m<-- GET /session/d4a1b95a-aaac-4a9c-a6c9-7729cd7256d5/context &amp#27;[39m&amp#27;[32m200&amp#27;[39m &amp#27;[90m1 ms - 22&amp#27;[39m &amp#27;[90m&amp#27;[39m
&amp#27;[38;5;77m[d4a1b95a]&amp#27;[0m&amp#27;[38;5;86m[HTTP]&amp#27;[0m &amp#27;[37m-->&amp#27;[39m &amp#27;[37mPOST&amp#27;[39m &amp#27;[37m/session/d4a1b95a-aaac-4a9c-a6c9-7729cd7256d5/elements&amp#27;[39m &amp#27;[90m{"value":"com.androidsample.generalstore:id/productAddCart","using":"id"}&amp#27;[39m
&amp#27;[38;5;77m[d4a1b95a]&amp#27;[0m&amp#27;[38;5;-183m[AndroidUiautomator2Driver@0804]&amp#27;[0m Calling AppiumDriver.findElements() with args: ["id","com.androidsample.generalstore:id/productAddCart","d4a1b95a-aaac-4a9c-a6c9-7729cd7256d5"]
&amp#27;[38;5;77m[d4a1b95a]&amp#27;[0m&amp#27;[38;5;-183m[AndroidUiautomator2Driver@0804]&amp#27;[0m Valid locator strategies for this request: xpath, id, class name, accessibility id, css selector, -android uiautomator
&amp#27;[38;5;77m[d4a1b95a]&amp#27;[0m&amp#27;[38;5;-183m[AndroidUiautomator2Driver@0804]&amp#27;[0m Waiting up to 10000 ms for condition
&amp#27;[38;5;77m[d4a1b95a]&amp#27;[0m&amp#27;[38;5;-183m[AndroidUiautomator2Driver@0804]&amp#27;[0m Matched '/elements' to command name 'findElements'
&amp#27;[38;5;77m[d4a1b95a]&amp#27;[0m&amp#27;[38;5;-183m[AndroidUiautomator2Driver@0804]&amp#27;[0m Proxying [POST /elements] to [POST http://127.0.0.1:8200/session/ccc822a8-3c70-4f89-80b4-4aed707196b0/elements] with body: {"strategy":"id","selector":"com.androidsample.generalstore:id/productAddCart","context":"","multiple":true}
&amp#27;[38;5;77m[d4a1b95a]&amp#27;[0m&amp#27;[38;5;-183m[AndroidUiautomator2Driver@0804]&amp#27;[0m Got response with status 200: {"sessionId":"ccc822a8-3c70-4f89-80b4-4aed707196b0","value":[{"ELEMENT":"00000000-0000-0035-ffff-ffff00000051","element-6066-11e4-a52e-4f735466cecf":"00000000-0000-0035-ffff-ffff00000051"},{"ELEMENT":"00000000-0000-0035-ffff-ffff00000059","element-6066-11e4-a52e-4f735466cecf":"00000000-0000-0035-ffff-ffff00000059"}]}
&amp#27;[38;5;77m[d4a1b95a]&amp#27;[0m&amp#27;[38;5;-183m[AndroidUiautomator2Driver@0804]&amp#27;[0m Responding to client with driver.findElements() result: [{"element-6066-11e4-a52e-4f735466cecf":"00000000-0000-0035-ffff-ffff00000051","ELEMENT":"00000000-0000-0035-ffff-ffff00000051"},{"element-6066-11e4-a52e-4f735466cecf":"00000000-0000-0035-ffff-ffff00000059","ELEMENT":"00000000-0000-0035-ffff-ffff00000059"}]
&amp#27;[38;5;77m[d4a1b95a]&amp#27;[0m&amp#27;[38;5;86m[HTTP]&amp#27;[0m &amp#27;[37m<-- POST /session/d4a1b95a-aaac-4a9c-a6c9-7729cd7256d5/elements &amp#27;[39m&amp#27;[32m200&amp#27;[39m &amp#27;[90m17 ms - 267&amp#27;[39m &amp#27;[90m&amp#27;[39m
&amp#27;[38;5;77m[d4a1b95a]&amp#27;[0m&amp#27;[38;5;86m[HTTP]&amp#27;[0m &amp#27;[37m-->&amp#27;[39m &amp#27;[37mPOST&amp#27;[39m &amp#27;[37m/session/d4a1b95a-aaac-4a9c-a6c9-7729cd7256d5/element/00000000-0000-0035-ffff-ffff00000051/click&amp#27;[39m &amp#27;[90m{"id":"00000000-0000-0035-ffff-ffff00000051"}&amp#27;[39m
&amp#27;[38;5;77m[d4a1b95a]&amp#27;[0m&amp#27;[38;5;-183m[AndroidUiautomator2Driver@0804]&amp#27;[0m Calling AppiumDriver.click() with args: ["00000000-0000-0035-ffff-ffff00000051","d4a1b95a-aaac-4a9c-a6c9-7729cd7256d5"]
&amp#27;[38;5;77m[d4a1b95a]&amp#27;[0m&amp#27;[38;5;-183m[AndroidUiautomator2Driver@0804]&amp#27;[0m Matched '/element/00000000-0000-0035-ffff-ffff00000051/click' to command name 'click'
&amp#27;[38;5;77m[d4a1b95a]&amp#27;[0m&amp#27;[38;5;-183m[AndroidUiautomator2Driver@0804]&amp#27;[0m Proxying [POST /element/00000000-0000-0035-ffff-ffff00000051/click] to [POST http://127.0.0.1:8200/session/ccc822a8-3c70-4f89-80b4-4aed707196b0/element/00000000-0000-0035-ffff-ffff00000051/click] with body: {"element":"00000000-0000-0035-ffff-ffff00000051"}
&amp#27;[38;5;77m[d4a1b95a]&amp#27;[0m&amp#27;[38;5;-183m[AndroidUiautomator2Driver@0804]&amp#27;[0m Got response with status 200: {"sessionId":"ccc822a8-3c70-4f89-80b4-4aed707196b0","value":null}
&amp#27;[38;5;77m[d4a1b95a]&amp#27;[0m&amp#27;[38;5;-183m[AndroidUiautomator2Driver@0804]&amp#27;[0m Responding to client with driver.click() result: null
&amp#27;[38;5;77m[d4a1b95a]&amp#27;[0m&amp#27;[38;5;86m[HTTP]&amp#27;[0m &amp#27;[37m<-- POST /session/d4a1b95a-aaac-4a9c-a6c9-7729cd7256d5/element/00000000-0000-0035-ffff-ffff00000051/click &amp#27;[39m&amp#27;[32m200&amp#27;[39m &amp#27;[90m526 ms - 14&amp#27;[39m &amp#27;[90m&amp#27;[39m
&amp#27;[38;5;77m[d4a1b95a]&amp#27;[0m&amp#27;[38;5;86m[HTTP]&amp#27;[0m &amp#27;[37m-->&amp#27;[39m &amp#27;[37mGET&amp#27;[39m &amp#27;[37m/session/d4a1b95a-aaac-4a9c-a6c9-7729cd7256d5/context&amp#27;[39m &amp#27;[90m{}&amp#27;[39m
&amp#27;[38;5;77m[d4a1b95a]&amp#27;[0m&amp#27;[38;5;-183m[AndroidUiautomator2Driver@0804]&amp#27;[0m Calling AppiumDriver.getCurrentContext() with args: ["d4a1b95a-aaac-4a9c-a6c9-7729cd7256d5"]
&amp#27;[38;5;77m[d4a1b95a]&amp#27;[0m&amp#27;[38;5;-183m[AndroidUiautomator2Driver@0804]&amp#27;[0m Responding to client with driver.getCurrentContext() result: "NATIVE_APP"
&amp#27;[38;5;77m[d4a1b95a]&amp#27;[0m&amp#27;[38;5;86m[HTTP]&amp#27;[0m &amp#27;[37m<-- GET /session/d4a1b95a-aaac-4a9c-a6c9-7729cd7256d5/context &amp#27;[39m&amp#27;[32m200&amp#27;[39m &amp#27;[90m1 ms - 22&amp#27;[39m &amp#27;[90m&amp#27;[39m
&amp#27;[38;5;77m[d4a1b95a]&amp#27;[0m&amp#27;[38;5;86m[HTTP]&amp#27;[0m &amp#27;[37m-->&amp#27;[39m &amp#27;[37mPOST&amp#27;[39m &amp#27;[37m/session/d4a1b95a-aaac-4a9c-a6c9-7729cd7256d5/elements&amp#27;[39m &amp#27;[90m{"value":"com.androidsample.generalstore:id/productAddCart","using":"id"}&amp#27;[39m
&amp#27;[38;5;77m[d4a1b95a]&amp#27;[0m&amp#27;[38;5;-183m[AndroidUiautomator2Driver@0804]&amp#27;[0m Calling AppiumDriver.findElements() with args: ["id","com.androidsample.generalstore:id/productAddCart","d4a1b95a-aaac-4a9c-a6c9-7729cd7256d5"]
&amp#27;[38;5;77m[d4a1b95a]&amp#27;[0m&amp#27;[38;5;-183m[AndroidUiautomator2Driver@0804]&amp#27;[0m Valid locator strategies for this request: xpath, id, class name, accessibility id, css selector, -android uiautomator
&amp#27;[38;5;77m[d4a1b95a]&amp#27;[0m&amp#27;[38;5;-183m[AndroidUiautomator2Driver@0804]&amp#27;[0m Waiting up to 10000 ms for condition
&amp#27;[38;5;77m[d4a1b95a]&amp#27;[0m&amp#27;[38;5;-183m[AndroidUiautomator2Driver@0804]&amp#27;[0m Matched '/elements' to command name 'findElements'
&amp#27;[38;5;77m[d4a1b95a]&amp#27;[0m&amp#27;[38;5;-183m[AndroidUiautomator2Driver@0804]&amp#27;[0m Proxying [POST /elements] to [POST http://127.0.0.1:8200/session/ccc822a8-3c70-4f89-80b4-4aed707196b0/elements] with body: {"strategy":"id","selector":"com.androidsample.generalstore:id/productAddCart","context":"","multiple":true}
&amp#27;[38;5;77m[d4a1b95a]&amp#27;[0m&amp#27;[38;5;-183m[AndroidUiautomator2Driver@0804]&amp#27;[0m Got response with status 200: {"sessionId":"ccc822a8-3c70-4f89-80b4-4aed707196b0","value":[{"ELEMENT":"00000000-0000-0035-ffff-ffff00000051","element-6066-11e4-a52e-4f735466cecf":"00000000-0000-0035-ffff-ffff00000051"},{"ELEMENT":"00000000-0000-0035-ffff-ffff00000059","element-6066-11e4-a52e-4f735466cecf":"00000000-0000-0035-ffff-ffff00000059"}]}
&amp#27;[38;5;77m[d4a1b95a]&amp#27;[0m&amp#27;[38;5;-183m[AndroidUiautomator2Driver@0804]&amp#27;[0m Responding to client with driver.findElements() result: [{"element-6066-11e4-a52e-4f735466cecf":"00000000-0000-0035-ffff-ffff00000051","ELEMENT":"00000000-0000-0035-ffff-ffff00000051"},{"element-6066-11e4-a52e-4f735466cecf":"00000000-0000-0035-ffff-ffff00000059","ELEMENT":"00000000-0000-0035-ffff-ffff00000059"}]
&amp#27;[38;5;77m[d4a1b95a]&amp#27;[0m&amp#27;[38;5;86m[HTTP]&amp#27;[0m &amp#27;[37m<-- POST /session/d4a1b95a-aaac-4a9c-a6c9-7729cd7256d5/elements &amp#27;[39m&amp#27;[32m200&amp#27;[39m &amp#27;[90m31 ms - 267&amp#27;[39m &amp#27;[90m&amp#27;[39m
&amp#27;[38;5;77m[d4a1b95a]&amp#27;[0m&amp#27;[38;5;86m[HTTP]&amp#27;[0m &amp#27;[37m-->&amp#27;[39m &amp#27;[37mGET&amp#27;[39m &amp#27;[37m/session/d4a1b95a-aaac-4a9c-a6c9-7729cd7256d5/context&amp#27;[39m &amp#27;[90m{}&amp#27;[39m
&amp#27;[38;5;77m[d4a1b95a]&amp#27;[0m&amp#27;[38;5;-183m[AndroidUiautomator2Driver@0804]&amp#27;[0m Calling AppiumDriver.getCurrentContext() with args: ["d4a1b95a-aaac-4a9c-a6c9-7729cd7256d5"]
&amp#27;[38;5;77m[d4a1b95a]&amp#27;[0m&amp#27;[38;5;-183m[AndroidUiautomator2Driver@0804]&amp#27;[0m Responding to client with driver.getCurrentContext() result: "NATIVE_APP"
&amp#27;[38;5;77m[d4a1b95a]&amp#27;[0m&amp#27;[38;5;86m[HTTP]&amp#27;[0m &amp#27;[37m<-- GET /session/d4a1b95a-aaac-4a9c-a6c9-7729cd7256d5/context &amp#27;[39m&amp#27;[32m200&amp#27;[39m &amp#27;[90m1 ms - 22&amp#27;[39m &amp#27;[90m&amp#27;[39m
&amp#27;[38;5;77m[d4a1b95a]&amp#27;[0m&amp#27;[38;5;86m[HTTP]&amp#27;[0m &amp#27;[37m-->&amp#27;[39m &amp#27;[37mPOST&amp#27;[39m &amp#27;[37m/session/d4a1b95a-aaac-4a9c-a6c9-7729cd7256d5/elements&amp#27;[39m &amp#27;[90m{"value":"com.androidsample.generalstore:id/productAddCart","using":"id"}&amp#27;[39m
&amp#27;[38;5;77m[d4a1b95a]&amp#27;[0m&amp#27;[38;5;-183m[AndroidUiautomator2Driver@0804]&amp#27;[0m Calling AppiumDriver.findElements() with args: ["id","com.androidsample.generalstore:id/productAddCart","d4a1b95a-aaac-4a9c-a6c9-7729cd7256d5"]
&amp#27;[38;5;77m[d4a1b95a]&amp#27;[0m&amp#27;[38;5;-183m[AndroidUiautomator2Driver@0804]&amp#27;[0m Valid locator strategies for this request: xpath, id, class name, accessibility id, css selector, -android uiautomator
&amp#27;[38;5;77m[d4a1b95a]&amp#27;[0m&amp#27;[38;5;-183m[AndroidUiautomator2Driver@0804]&amp#27;[0m Waiting up to 10000 ms for condition
&amp#27;[38;5;77m[d4a1b95a]&amp#27;[0m&amp#27;[38;5;-183m[AndroidUiautomator2Driver@0804]&amp#27;[0m Matched '/elements' to command name 'findElements'
&amp#27;[38;5;77m[d4a1b95a]&amp#27;[0m&amp#27;[38;5;-183m[AndroidUiautomator2Driver@0804]&amp#27;[0m Proxying [POST /elements] to [POST http://127.0.0.1:8200/session/ccc822a8-3c70-4f89-80b4-4aed707196b0/elements] with body: {"strategy":"id","selector":"com.androidsample.generalstore:id/productAddCart","context":"","multiple":true}
&amp#27;[38;5;77m[d4a1b95a]&amp#27;[0m&amp#27;[38;5;-183m[AndroidUiautomator2Driver@0804]&amp#27;[0m Got response with status 200: {"sessionId":"ccc822a8-3c70-4f89-80b4-4aed707196b0","value":[{"ELEMENT":"00000000-0000-0035-ffff-ffff00000051","element-6066-11e4-a52e-4f735466cecf":"00000000-0000-0035-ffff-ffff00000051"},{"ELEMENT":"00000000-0000-0035-ffff-ffff00000059","element-6066-11e4-a52e-4f735466cecf":"00000000-0000-0035-ffff-ffff00000059"}]}
&amp#27;[38;5;77m[d4a1b95a]&amp#27;[0m&amp#27;[38;5;-183m[AndroidUiautomator2Driver@0804]&amp#27;[0m Responding to client with driver.findElements() result: [{"element-6066-11e4-a52e-4f735466cecf":"00000000-0000-0035-ffff-ffff00000051","ELEMENT":"00000000-0000-0035-ffff-ffff00000051"},{"element-6066-11e4-a52e-4f735466cecf":"00000000-0000-0035-ffff-ffff00000059","ELEMENT":"00000000-0000-0035-ffff-ffff00000059"}]
&amp#27;[38;5;77m[d4a1b95a]&amp#27;[0m&amp#27;[38;5;86m[HTTP]&amp#27;[0m &amp#27;[37m<-- POST /session/d4a1b95a-aaac-4a9c-a6c9-7729cd7256d5/elements &amp#27;[39m&amp#27;[32m200&amp#27;[39m &amp#27;[90m24 ms - 267&amp#27;[39m &amp#27;[90m&amp#27;[39m
&amp#27;[38;5;77m[d4a1b95a]&amp#27;[0m&amp#27;[38;5;86m[HTTP]&amp#27;[0m &amp#27;[37m-->&amp#27;[39m &amp#27;[37mGET&amp#27;[39m &amp#27;[37m/session/d4a1b95a-aaac-4a9c-a6c9-7729cd7256d5/element/00000000-0000-0035-ffff-ffff00000059/text&amp#27;[39m &amp#27;[90m{}&amp#27;[39m
&amp#27;[38;5;77m[d4a1b95a]&amp#27;[0m&amp#27;[38;5;-183m[AndroidUiautomator2Driver@0804]&amp#27;[0m Driver proxy active, passing request on via HTTP proxy
&amp#27;[38;5;77m[d4a1b95a]&amp#27;[0m&amp#27;[38;5;-183m[AndroidUiautomator2Driver@0804]&amp#27;[0m Matched '/session/d4a1b95a-aaac-4a9c-a6c9-7729cd7256d5/element/00000000-0000-0035-ffff-ffff00000059/text' to command name 'getText'
&amp#27;[38;5;77m[d4a1b95a]&amp#27;[0m&amp#27;[38;5;-183m[AndroidUiautomator2Driver@0804]&amp#27;[0m Proxying [GET /session/d4a1b95a-aaac-4a9c-a6c9-7729cd7256d5/element/00000000-0000-0035-ffff-ffff00000059/text] to [GET http://127.0.0.1:8200/session/ccc822a8-3c70-4f89-80b4-4aed707196b0/element/00000000-0000-0035-ffff-ffff00000059/text] with no body
&amp#27;[38;5;77m[d4a1b95a]&amp#27;[0m&amp#27;[38;5;-183m[AndroidUiautomator2Driver@0804]&amp#27;[0m Got response with status 200: {"sessionId":"ccc822a8-3c70-4f89-80b4-4aed707196b0","value":"ADD TO CART"}
&amp#27;[38;5;77m[d4a1b95a]&amp#27;[0m&amp#27;[38;5;-183m[AndroidUiautomator2Driver@0804]&amp#27;[0m Replacing sessionId ccc822a8-3c70-4f89-80b4-4aed707196b0 with d4a1b95a-aaac-4a9c-a6c9-7729cd7256d5
&amp#27;[38;5;77m[d4a1b95a]&amp#27;[0m&amp#27;[38;5;86m[HTTP]&amp#27;[0m &amp#27;[37m<-- GET /session/d4a1b95a-aaac-4a9c-a6c9-7729cd7256d5/element/00000000-0000-0035-ffff-ffff00000059/text &amp#27;[39m&amp#27;[32m200&amp#27;[39m &amp#27;[90m8 ms - 74&amp#27;[39m &amp#27;[90m&amp#27;[39m
&amp#27;[38;5;77m[d4a1b95a]&amp#27;[0m&amp#27;[38;5;86m[HTTP]&amp#27;[0m &amp#27;[37m-->&amp#27;[39m &amp#27;[37mGET&amp#27;[39m &amp#27;[37m/session/d4a1b95a-aaac-4a9c-a6c9-7729cd7256d5/context&amp#27;[39m &amp#27;[90m{}&amp#27;[39m
&amp#27;[38;5;77m[d4a1b95a]&amp#27;[0m&amp#27;[38;5;-183m[AndroidUiautomator2Driver@0804]&amp#27;[0m Calling AppiumDriver.getCurrentContext() with args: ["d4a1b95a-aaac-4a9c-a6c9-7729cd7256d5"]
&amp#27;[38;5;77m[d4a1b95a]&amp#27;[0m&amp#27;[38;5;-183m[AndroidUiautomator2Driver@0804]&amp#27;[0m Responding to client with driver.getCurrentContext() result: "NATIVE_APP"
&amp#27;[38;5;77m[d4a1b95a]&amp#27;[0m&amp#27;[38;5;86m[HTTP]&amp#27;[0m &amp#27;[37m<-- GET /session/d4a1b95a-aaac-4a9c-a6c9-7729cd7256d5/context &amp#27;[39m&amp#27;[32m200&amp#27;[39m &amp#27;[90m1 ms - 22&amp#27;[39m &amp#27;[90m&amp#27;[39m
&amp#27;[38;5;77m[d4a1b95a]&amp#27;[0m&amp#27;[38;5;86m[HTTP]&amp#27;[0m &amp#27;[37m-->&amp#27;[39m &amp#27;[37mPOST&amp#27;[39m &amp#27;[37m/session/d4a1b95a-aaac-4a9c-a6c9-7729cd7256d5/elements&amp#27;[39m &amp#27;[90m{"value":"com.androidsample.generalstore:id/productAddCart","using":"id"}&amp#27;[39m
&amp#27;[38;5;77m[d4a1b95a]&amp#27;[0m&amp#27;[38;5;-183m[AndroidUiautomator2Driver@0804]&amp#27;[0m Calling AppiumDriver.findElements() with args: ["id","com.androidsample.generalstore:id/productAddCart","d4a1b95a-aaac-4a9c-a6c9-7729cd7256d5"]
&amp#27;[38;5;77m[d4a1b95a]&amp#27;[0m&amp#27;[38;5;-183m[AndroidUiautomator2Driver@0804]&amp#27;[0m Valid locator strategies for this request: xpath, id, class name, accessibility id, css selector, -android uiautomator
&amp#27;[38;5;77m[d4a1b95a]&amp#27;[0m&amp#27;[38;5;-183m[AndroidUiautomator2Driver@0804]&amp#27;[0m Waiting up to 10000 ms for condition
&amp#27;[38;5;77m[d4a1b95a]&amp#27;[0m&amp#27;[38;5;-183m[AndroidUiautomator2Driver@0804]&amp#27;[0m Matched '/elements' to command name 'findElements'
&amp#27;[38;5;77m[d4a1b95a]&amp#27;[0m&amp#27;[38;5;-183m[AndroidUiautomator2Driver@0804]&amp#27;[0m Proxying [POST /elements] to [POST http://127.0.0.1:8200/session/ccc822a8-3c70-4f89-80b4-4aed707196b0/elements] with body: {"strategy":"id","selector":"com.androidsample.generalstore:id/productAddCart","context":"","multiple":true}
&amp#27;[38;5;77m[d4a1b95a]&amp#27;[0m&amp#27;[38;5;-183m[AndroidUiautomator2Driver@0804]&amp#27;[0m Got response with status 200: {"sessionId":"ccc822a8-3c70-4f89-80b4-4aed707196b0","value":[{"ELEMENT":"00000000-0000-0035-ffff-ffff00000051","element-6066-11e4-a52e-4f735466cecf":"00000000-0000-0035-ffff-ffff00000051"},{"ELEMENT":"00000000-0000-0035-ffff-ffff00000059","element-6066-11e4-a52e-4f735466cecf":"00000000-0000-0035-ffff-ffff00000059"}]}
&amp#27;[38;5;77m[d4a1b95a]&amp#27;[0m&amp#27;[38;5;-183m[AndroidUiautomator2Driver@0804]&amp#27;[0m Responding to client with driver.findElements() result: [{"element-6066-11e4-a52e-4f735466cecf":"00000000-0000-0035-ffff-ffff00000051","ELEMENT":"00000000-0000-0035-ffff-ffff00000051"},{"element-6066-11e4-a52e-4f735466cecf":"00000000-0000-0035-ffff-ffff00000059","ELEMENT":"00000000-0000-0035-ffff-ffff00000059"}]
&amp#27;[38;5;77m[d4a1b95a]&amp#27;[0m&amp#27;[38;5;86m[HTTP]&amp#27;[0m &amp#27;[37m<-- POST /session/d4a1b95a-aaac-4a9c-a6c9-7729cd7256d5/elements &amp#27;[39m&amp#27;[32m200&amp#27;[39m &amp#27;[90m16 ms - 267&amp#27;[39m &amp#27;[90m&amp#27;[39m
&amp#27;[38;5;77m[d4a1b95a]&amp#27;[0m&amp#27;[38;5;86m[HTTP]&amp#27;[0m &amp#27;[37m-->&amp#27;[39m &amp#27;[37mPOST&amp#27;[39m &amp#27;[37m/session/d4a1b95a-aaac-4a9c-a6c9-7729cd7256d5/element/00000000-0000-0035-ffff-ffff00000059/click&amp#27;[39m &amp#27;[90m{"id":"00000000-0000-0035-ffff-ffff00000059"}&amp#27;[39m
&amp#27;[38;5;77m[d4a1b95a]&amp#27;[0m&amp#27;[38;5;-183m[AndroidUiautomator2Driver@0804]&amp#27;[0m Calling AppiumDriver.click() with args: ["00000000-0000-0035-ffff-ffff00000059","d4a1b95a-aaac-4a9c-a6c9-7729cd7256d5"]
&amp#27;[38;5;77m[d4a1b95a]&amp#27;[0m&amp#27;[38;5;-183m[AndroidUiautomator2Driver@0804]&amp#27;[0m Matched '/element/00000000-0000-0035-ffff-ffff00000059/click' to command name 'click'
&amp#27;[38;5;77m[d4a1b95a]&amp#27;[0m&amp#27;[38;5;-183m[AndroidUiautomator2Driver@0804]&amp#27;[0m Proxying [POST /element/00000000-0000-0035-ffff-ffff00000059/click] to [POST http://127.0.0.1:8200/session/ccc822a8-3c70-4f89-80b4-4aed707196b0/element/00000000-0000-0035-ffff-ffff00000059/click] with body: {"element":"00000000-0000-0035-ffff-ffff00000059"}
&amp#27;[38;5;77m[d4a1b95a]&amp#27;[0m&amp#27;[38;5;-183m[AndroidUiautomator2Driver@0804]&amp#27;[0m Got response with status 200: {"sessionId":"ccc822a8-3c70-4f89-80b4-4aed707196b0","value":null}
&amp#27;[38;5;77m[d4a1b95a]&amp#27;[0m&amp#27;[38;5;-183m[AndroidUiautomator2Driver@0804]&amp#27;[0m Responding to client with driver.click() result: null
&amp#27;[38;5;77m[d4a1b95a]&amp#27;[0m&amp#27;[38;5;86m[HTTP]&amp#27;[0m &amp#27;[37m<-- POST /session/d4a1b95a-aaac-4a9c-a6c9-7729cd7256d5/element/00000000-0000-0035-ffff-ffff00000059/click &amp#27;[39m&amp#27;[32m200&amp#27;[39m &amp#27;[90m529 ms - 14&amp#27;[39m &amp#27;[90m&amp#27;[39m
&amp#27;[38;5;77m[d4a1b95a]&amp#27;[0m&amp#27;[38;5;86m[HTTP]&amp#27;[0m &amp#27;[37m-->&amp#27;[39m &amp#27;[37mGET&amp#27;[39m &amp#27;[37m/session/d4a1b95a-aaac-4a9c-a6c9-7729cd7256d5/context&amp#27;[39m &amp#27;[90m{}&amp#27;[39m
&amp#27;[38;5;77m[d4a1b95a]&amp#27;[0m&amp#27;[38;5;-183m[AndroidUiautomator2Driver@0804]&amp#27;[0m Calling AppiumDriver.getCurrentContext() with args: ["d4a1b95a-aaac-4a9c-a6c9-7729cd7256d5"]
&amp#27;[38;5;77m[d4a1b95a]&amp#27;[0m&amp#27;[38;5;-183m[AndroidUiautomator2Driver@0804]&amp#27;[0m Responding to client with driver.getCurrentContext() result: "NATIVE_APP"
&amp#27;[38;5;77m[d4a1b95a]&amp#27;[0m&amp#27;[38;5;86m[HTTP]&amp#27;[0m &amp#27;[37m<-- GET /session/d4a1b95a-aaac-4a9c-a6c9-7729cd7256d5/context &amp#27;[39m&amp#27;[32m200&amp#27;[39m &amp#27;[90m1 ms - 22&amp#27;[39m &amp#27;[90m&amp#27;[39m
&amp#27;[38;5;77m[d4a1b95a]&amp#27;[0m&amp#27;[38;5;86m[HTTP]&amp#27;[0m &amp#27;[37m-->&amp#27;[39m &amp#27;[37mPOST&amp#27;[39m &amp#27;[37m/session/d4a1b95a-aaac-4a9c-a6c9-7729cd7256d5/elements&amp#27;[39m &amp#27;[90m{"value":"com.androidsample.generalstore:id/productAddCart","using":"id"}&amp#27;[39m
&amp#27;[38;5;77m[d4a1b95a]&amp#27;[0m&amp#27;[38;5;-183m[AndroidUiautomator2Driver@0804]&amp#27;[0m Calling AppiumDriver.findElements() with args: ["id","com.androidsample.generalstore:id/productAddCart","d4a1b95a-aaac-4a9c-a6c9-7729cd7256d5"]
&amp#27;[38;5;77m[d4a1b95a]&amp#27;[0m&amp#27;[38;5;-183m[AndroidUiautomator2Driver@0804]&amp#27;[0m Valid locator strategies for this request: xpath, id, class name, accessibility id, css selector, -android uiautomator
&amp#27;[38;5;77m[d4a1b95a]&amp#27;[0m&amp#27;[38;5;-183m[AndroidUiautomator2Driver@0804]&amp#27;[0m Waiting up to 10000 ms for condition
&amp#27;[38;5;77m[d4a1b95a]&amp#27;[0m&amp#27;[38;5;-183m[AndroidUiautomator2Driver@0804]&amp#27;[0m Matched '/elements' to command name 'findElements'
&amp#27;[38;5;77m[d4a1b95a]&amp#27;[0m&amp#27;[38;5;-183m[AndroidUiautomator2Driver@0804]&amp#27;[0m Proxying [POST /elements] to [POST http://127.0.0.1:8200/session/ccc822a8-3c70-4f89-80b4-4aed707196b0/elements] with body: {"strategy":"id","selector":"com.androidsample.generalstore:id/productAddCart","context":"","multiple":true}
&amp#27;[38;5;77m[d4a1b95a]&amp#27;[0m&amp#27;[38;5;-183m[AndroidUiautomator2Driver@0804]&amp#27;[0m Got response with status 200: {"sessionId":"ccc822a8-3c70-4f89-80b4-4aed707196b0","value":[{"ELEMENT":"00000000-0000-0035-ffff-ffff00000051","element-6066-11e4-a52e-4f735466cecf":"00000000-0000-0035-ffff-ffff00000051"},{"ELEMENT":"00000000-0000-0035-ffff-ffff00000059","element-6066-11e4-a52e-4f735466cecf":"00000000-0000-0035-ffff-ffff00000059"}]}
&amp#27;[38;5;77m[d4a1b95a]&amp#27;[0m&amp#27;[38;5;-183m[AndroidUiautomator2Driver@0804]&amp#27;[0m Responding to client with driver.findElements() result: [{"element-6066-11e4-a52e-4f735466cecf":"00000000-0000-0035-ffff-ffff00000051","ELEMENT":"00000000-0000-0035-ffff-ffff00000051"},{"element-6066-11e4-a52e-4f735466cecf":"00000000-0000-0035-ffff-ffff00000059","ELEMENT":"00000000-0000-0035-ffff-ffff00000059"}]
&amp#27;[38;5;77m[d4a1b95a]&amp#27;[0m&amp#27;[38;5;86m[HTTP]&amp#27;[0m &amp#27;[37m<-- POST /session/d4a1b95a-aaac-4a9c-a6c9-7729cd7256d5/elements &amp#27;[39m&amp#27;[32m200&amp#27;[39m &amp#27;[90m30 ms - 267&amp#27;[39m &amp#27;[90m&amp#27;[39m
&amp#27;[38;5;77m[d4a1b95a]&amp#27;[0m&amp#27;[38;5;86m[HTTP]&amp#27;[0m &amp#27;[37m-->&amp#27;[39m &amp#27;[37mGET&amp#27;[39m &amp#27;[37m/session/d4a1b95a-aaac-4a9c-a6c9-7729cd7256d5/context&amp#27;[39m &amp#27;[90m{}&amp#27;[39m
&amp#27;[38;5;77m[d4a1b95a]&amp#27;[0m&amp#27;[38;5;-183m[AndroidUiautomator2Driver@0804]&amp#27;[0m Calling AppiumDriver.getCurrentContext() with args: ["d4a1b95a-aaac-4a9c-a6c9-7729cd7256d5"]
&amp#27;[38;5;77m[d4a1b95a]&amp#27;[0m&amp#27;[38;5;-183m[AndroidUiautomator2Driver@0804]&amp#27;[0m Responding to client with driver.getCurrentContext() result: "NATIVE_APP"
&amp#27;[38;5;77m[d4a1b95a]&amp#27;[0m&amp#27;[38;5;86m[HTTP]&amp#27;[0m &amp#27;[37m<-- GET /session/d4a1b95a-aaac-4a9c-a6c9-7729cd7256d5/context &amp#27;[39m&amp#27;[32m200&amp#27;[39m &amp#27;[90m1 ms - 22&amp#27;[39m &amp#27;[90m&amp#27;[39m
&amp#27;[38;5;77m[d4a1b95a]&amp#27;[0m&amp#27;[38;5;86m[HTTP]&amp#27;[0m &amp#27;[37m-->&amp#27;[39m &amp#27;[37mPOST&amp#27;[39m &amp#27;[37m/session/d4a1b95a-aaac-4a9c-a6c9-7729cd7256d5/element&amp#27;[39m &amp#27;[90m{"value":"com.androidsample.generalstore:id/appbar_btn_cart","using":"id"}&amp#27;[39m
&amp#27;[38;5;77m[d4a1b95a]&amp#27;[0m&amp#27;[38;5;-183m[AndroidUiautomator2Driver@0804]&amp#27;[0m Calling AppiumDriver.findElement() with args: ["id","com.androidsample.generalstore:id/appbar_btn_cart","d4a1b95a-aaac-4a9c-a6c9-7729cd7256d5"]
&amp#27;[38;5;77m[d4a1b95a]&amp#27;[0m&amp#27;[38;5;-183m[AndroidUiautomator2Driver@0804]&amp#27;[0m Valid locator strategies for this request: xpath, id, class name, accessibility id, css selector, -android uiautomator
&amp#27;[38;5;77m[d4a1b95a]&amp#27;[0m&amp#27;[38;5;-183m[AndroidUiautomator2Driver@0804]&amp#27;[0m Waiting up to 10000 ms for condition
&amp#27;[38;5;77m[d4a1b95a]&amp#27;[0m&amp#27;[38;5;-183m[AndroidUiautomator2Driver@0804]&amp#27;[0m Matched '/element' to command name 'findElement'
&amp#27;[38;5;77m[d4a1b95a]&amp#27;[0m&amp#27;[38;5;-183m[AndroidUiautomator2Driver@0804]&amp#27;[0m Proxying [POST /element] to [POST http://127.0.0.1:8200/session/ccc822a8-3c70-4f89-80b4-4aed707196b0/element] with body: {"strategy":"id","selector":"com.androidsample.generalstore:id/appbar_btn_cart","context":"","multiple":false}
&amp#27;[38;5;77m[d4a1b95a]&amp#27;[0m&amp#27;[38;5;-183m[AndroidUiautomator2Driver@0804]&amp#27;[0m Got response with status 200: {"sessionId":"ccc822a8-3c70-4f89-80b4-4aed707196b0","value":{"ELEMENT":"00000000-0000-0035-ffff-ffff00000044","element-6066-11e4-a52e-4f735466cecf":"00000000-0000-0035-ffff-ffff00000044"}}
&amp#27;[38;5;77m[d4a1b95a]&amp#27;[0m&amp#27;[38;5;-183m[AndroidUiautomator2Driver@0804]&amp#27;[0m Responding to client with driver.findElement() result: {"element-6066-11e4-a52e-4f735466cecf":"00000000-0000-0035-ffff-ffff00000044","ELEMENT":"00000000-0000-0035-ffff-ffff00000044"}
&amp#27;[38;5;77m[d4a1b95a]&amp#27;[0m&amp#27;[38;5;86m[HTTP]&amp#27;[0m &amp#27;[37m<-- POST /session/d4a1b95a-aaac-4a9c-a6c9-7729cd7256d5/element &amp#27;[39m&amp#27;[32m200&amp#27;[39m &amp#27;[90m17 ms - 137&amp#27;[39m &amp#27;[90m&amp#27;[39m
&amp#27;[38;5;77m[d4a1b95a]&amp#27;[0m&amp#27;[38;5;86m[HTTP]&amp#27;[0m &amp#27;[37m-->&amp#27;[39m &amp#27;[37mPOST&amp#27;[39m &amp#27;[37m/session/d4a1b95a-aaac-4a9c-a6c9-7729cd7256d5/element/00000000-0000-0035-ffff-ffff00000044/click&amp#27;[39m &amp#27;[90m{"id":"00000000-0000-0035-ffff-ffff00000044"}&amp#27;[39m
&amp#27;[38;5;77m[d4a1b95a]&amp#27;[0m&amp#27;[38;5;-183m[AndroidUiautomator2Driver@0804]&amp#27;[0m Calling AppiumDriver.click() with args: ["00000000-0000-0035-ffff-ffff00000044","d4a1b95a-aaac-4a9c-a6c9-7729cd7256d5"]
&amp#27;[38;5;77m[d4a1b95a]&amp#27;[0m&amp#27;[38;5;-183m[AndroidUiautomator2Driver@0804]&amp#27;[0m Matched '/element/00000000-0000-0035-ffff-ffff00000044/click' to command name 'click'
&amp#27;[38;5;77m[d4a1b95a]&amp#27;[0m&amp#27;[38;5;-183m[AndroidUiautomator2Driver@0804]&amp#27;[0m Proxying [POST /element/00000000-0000-0035-ffff-ffff00000044/click] to [POST http://127.0.0.1:8200/session/ccc822a8-3c70-4f89-80b4-4aed707196b0/element/00000000-0000-0035-ffff-ffff00000044/click] with body: {"element":"00000000-0000-0035-ffff-ffff00000044"}
&amp#27;[38;5;77m[d4a1b95a]&amp#27;[0m&amp#27;[38;5;-183m[AndroidUiautomator2Driver@0804]&amp#27;[0m Got response with status 200: {"sessionId":"ccc822a8-3c70-4f89-80b4-4aed707196b0","value":null}
&amp#27;[38;5;77m[d4a1b95a]&amp#27;[0m&amp#27;[38;5;-183m[AndroidUiautomator2Driver@0804]&amp#27;[0m Responding to client with driver.click() result: null
&amp#27;[38;5;77m[d4a1b95a]&amp#27;[0m&amp#27;[38;5;86m[HTTP]&amp#27;[0m &amp#27;[37m<-- POST /session/d4a1b95a-aaac-4a9c-a6c9-7729cd7256d5/element/00000000-0000-0035-ffff-ffff00000044/click &amp#27;[39m&amp#27;[32m200&amp#27;[39m &amp#27;[90m45 ms - 14&amp#27;[39m &amp#27;[90m&amp#27;[39m
&amp#27;[38;5;77m[d4a1b95a]&amp#27;[0m&amp#27;[38;5;86m[HTTP]&amp#27;[0m &amp#27;[37m-->&amp#27;[39m &amp#27;[37mGET&amp#27;[39m &amp#27;[37m/session/d4a1b95a-aaac-4a9c-a6c9-7729cd7256d5/context&amp#27;[39m &amp#27;[90m{}&amp#27;[39m
&amp#27;[38;5;77m[d4a1b95a]&amp#27;[0m&amp#27;[38;5;-183m[AndroidUiautomator2Driver@0804]&amp#27;[0m Calling AppiumDriver.getCurrentContext() with args: ["d4a1b95a-aaac-4a9c-a6c9-7729cd7256d5"]
&amp#27;[38;5;77m[d4a1b95a]&amp#27;[0m&amp#27;[38;5;-183m[AndroidUiautomator2Driver@0804]&amp#27;[0m Responding to client with driver.getCurrentContext() result: "NATIVE_APP"
&amp#27;[38;5;77m[d4a1b95a]&amp#27;[0m&amp#27;[38;5;86m[HTTP]&amp#27;[0m &amp#27;[37m<-- GET /session/d4a1b95a-aaac-4a9c-a6c9-7729cd7256d5/context &amp#27;[39m&amp#27;[32m200&amp#27;[39m &amp#27;[90m1 ms - 22&amp#27;[39m &amp#27;[90m&amp#27;[39m
&amp#27;[38;5;77m[d4a1b95a]&amp#27;[0m&amp#27;[38;5;86m[HTTP]&amp#27;[0m &amp#27;[37m-->&amp#27;[39m &amp#27;[37mPOST&amp#27;[39m &amp#27;[37m/session/d4a1b95a-aaac-4a9c-a6c9-7729cd7256d5/element&amp#27;[39m &amp#27;[90m{"value":"com.androidsample.generalstore:id/toolbar_title","using":"id"}&amp#27;[39m
&amp#27;[38;5;77m[d4a1b95a]&amp#27;[0m&amp#27;[38;5;-183m[AndroidUiautomator2Driver@0804]&amp#27;[0m Calling AppiumDriver.findElement() with args: ["id","com.androidsample.generalstore:id/toolbar_title","d4a1b95a-aaac-4a9c-a6c9-7729cd7256d5"]
&amp#27;[38;5;77m[d4a1b95a]&amp#27;[0m&amp#27;[38;5;-183m[AndroidUiautomator2Driver@0804]&amp#27;[0m Valid locator strategies for this request: xpath, id, class name, accessibility id, css selector, -android uiautomator
&amp#27;[38;5;77m[d4a1b95a]&amp#27;[0m&amp#27;[38;5;-183m[AndroidUiautomator2Driver@0804]&amp#27;[0m Waiting up to 10000 ms for condition
&amp#27;[38;5;77m[d4a1b95a]&amp#27;[0m&amp#27;[38;5;-183m[AndroidUiautomator2Driver@0804]&amp#27;[0m Matched '/element' to command name 'findElement'
&amp#27;[38;5;77m[d4a1b95a]&amp#27;[0m&amp#27;[38;5;-183m[AndroidUiautomator2Driver@0804]&amp#27;[0m Proxying [POST /element] to [POST http://127.0.0.1:8200/session/ccc822a8-3c70-4f89-80b4-4aed707196b0/element] with body: {"strategy":"id","selector":"com.androidsample.generalstore:id/toolbar_title","context":"","multiple":false}
&amp#27;[38;5;77m[d4a1b95a]&amp#27;[0m&amp#27;[38;5;-183m[AndroidUiautomator2Driver@0804]&amp#27;[0m Got response with status 200: {"sessionId":"ccc822a8-3c70-4f89-80b4-4aed707196b0","value":{"ELEMENT":"00000000-0000-0036-ffff-ffff0000006f","element-6066-11e4-a52e-4f735466cecf":"00000000-0000-0036-ffff-ffff0000006f"}}
&amp#27;[38;5;77m[d4a1b95a]&amp#27;[0m&amp#27;[38;5;-183m[AndroidUiautomator2Driver@0804]&amp#27;[0m Responding to client with driver.findElement() result: {"element-6066-11e4-a52e-4f735466cecf":"00000000-0000-0036-ffff-ffff0000006f","ELEMENT":"00000000-0000-0036-ffff-ffff0000006f"}
&amp#27;[38;5;77m[d4a1b95a]&amp#27;[0m&amp#27;[38;5;86m[HTTP]&amp#27;[0m &amp#27;[37m<-- POST /session/d4a1b95a-aaac-4a9c-a6c9-7729cd7256d5/element &amp#27;[39m&amp#27;[32m200&amp#27;[39m &amp#27;[90m637 ms - 137&amp#27;[39m &amp#27;[90m&amp#27;[39m
&amp#27;[38;5;77m[d4a1b95a]&amp#27;[0m&amp#27;[38;5;86m[HTTP]&amp#27;[0m &amp#27;[37m-->&amp#27;[39m &amp#27;[37mGET&amp#27;[39m &amp#27;[37m/session/d4a1b95a-aaac-4a9c-a6c9-7729cd7256d5/element/00000000-0000-0036-ffff-ffff0000006f/text&amp#27;[39m &amp#27;[90m{}&amp#27;[39m
&amp#27;[38;5;77m[d4a1b95a]&amp#27;[0m&amp#27;[38;5;-183m[AndroidUiautomator2Driver@0804]&amp#27;[0m Driver proxy active, passing request on via HTTP proxy
&amp#27;[38;5;77m[d4a1b95a]&amp#27;[0m&amp#27;[38;5;-183m[AndroidUiautomator2Driver@0804]&amp#27;[0m Matched '/session/d4a1b95a-aaac-4a9c-a6c9-7729cd7256d5/element/00000000-0000-0036-ffff-ffff0000006f/text' to command name 'getText'
&amp#27;[38;5;77m[d4a1b95a]&amp#27;[0m&amp#27;[38;5;-183m[AndroidUiautomator2Driver@0804]&amp#27;[0m Proxying [GET /session/d4a1b95a-aaac-4a9c-a6c9-7729cd7256d5/element/00000000-0000-0036-ffff-ffff0000006f/text] to [GET http://127.0.0.1:8200/session/ccc822a8-3c70-4f89-80b4-4aed707196b0/element/00000000-0000-0036-ffff-ffff0000006f/text] with no body
&amp#27;[38;5;77m[d4a1b95a]&amp#27;[0m&amp#27;[38;5;-183m[AndroidUiautomator2Driver@0804]&amp#27;[0m Got response with status 200: {"sessionId":"ccc822a8-3c70-4f89-80b4-4aed707196b0","value":"Cart"}
&amp#27;[38;5;77m[d4a1b95a]&amp#27;[0m&amp#27;[38;5;-183m[AndroidUiautomator2Driver@0804]&amp#27;[0m Replacing sessionId ccc822a8-3c70-4f89-80b4-4aed707196b0 with d4a1b95a-aaac-4a9c-a6c9-7729cd7256d5
&amp#27;[38;5;77m[d4a1b95a]&amp#27;[0m&amp#27;[38;5;86m[HTTP]&amp#27;[0m &amp#27;[37m<-- GET /session/d4a1b95a-aaac-4a9c-a6c9-7729cd7256d5/element/00000000-0000-0036-ffff-ffff0000006f/text &amp#27;[39m&amp#27;[32m200&amp#27;[39m &amp#27;[90m11 ms - 67&amp#27;[39m &amp#27;[90m&amp#27;[39m
&amp#27;[38;5;77m[d4a1b95a]&amp#27;[0m&amp#27;[38;5;86m[HTTP]&amp#27;[0m &amp#27;[37m-->&amp#27;[39m &amp#27;[37mGET&amp#27;[39m &amp#27;[37m/session/d4a1b95a-aaac-4a9c-a6c9-7729cd7256d5/context&amp#27;[39m &amp#27;[90m{}&amp#27;[39m
&amp#27;[38;5;77m[d4a1b95a]&amp#27;[0m&amp#27;[38;5;-183m[AndroidUiautomator2Driver@0804]&amp#27;[0m Calling AppiumDriver.getCurrentContext() with args: ["d4a1b95a-aaac-4a9c-a6c9-7729cd7256d5"]
&amp#27;[38;5;77m[d4a1b95a]&amp#27;[0m&amp#27;[38;5;-183m[AndroidUiautomator2Driver@0804]&amp#27;[0m Responding to client with driver.getCurrentContext() result: "NATIVE_APP"
&amp#27;[38;5;77m[d4a1b95a]&amp#27;[0m&amp#27;[38;5;86m[HTTP]&amp#27;[0m &amp#27;[37m<-- GET /session/d4a1b95a-aaac-4a9c-a6c9-7729cd7256d5/context &amp#27;[39m&amp#27;[32m200&amp#27;[39m &amp#27;[90m1 ms - 22&amp#27;[39m &amp#27;[90m&amp#27;[39m
&amp#27;[38;5;77m[d4a1b95a]&amp#27;[0m&amp#27;[38;5;86m[HTTP]&amp#27;[0m &amp#27;[37m-->&amp#27;[39m &amp#27;[37mPOST&amp#27;[39m &amp#27;[37m/session/d4a1b95a-aaac-4a9c-a6c9-7729cd7256d5/elements&amp#27;[39m &amp#27;[90m{"value":"com.androidsample.generalstore:id/productPrice","using":"id"}&amp#27;[39m
&amp#27;[38;5;77m[d4a1b95a]&amp#27;[0m&amp#27;[38;5;-183m[AndroidUiautomator2Driver@0804]&amp#27;[0m Calling AppiumDriver.findElements() with args: ["id","com.androidsample.generalstore:id/productPrice","d4a1b95a-aaac-4a9c-a6c9-7729cd7256d5"]
&amp#27;[38;5;77m[d4a1b95a]&amp#27;[0m&amp#27;[38;5;-183m[AndroidUiautomator2Driver@0804]&amp#27;[0m Valid locator strategies for this request: xpath, id, class name, accessibility id, css selector, -android uiautomator
&amp#27;[38;5;77m[d4a1b95a]&amp#27;[0m&amp#27;[38;5;-183m[AndroidUiautomator2Driver@0804]&amp#27;[0m Waiting up to 10000 ms for condition
&amp#27;[38;5;77m[d4a1b95a]&amp#27;[0m&amp#27;[38;5;-183m[AndroidUiautomator2Driver@0804]&amp#27;[0m Matched '/elements' to command name 'findElements'
&amp#27;[38;5;77m[d4a1b95a]&amp#27;[0m&amp#27;[38;5;-183m[AndroidUiautomator2Driver@0804]&amp#27;[0m Proxying [POST /elements] to [POST http://127.0.0.1:8200/session/ccc822a8-3c70-4f89-80b4-4aed707196b0/elements] with body: {"strategy":"id","selector":"com.androidsample.generalstore:id/productPrice","context":"","multiple":true}
&amp#27;[38;5;77m[d4a1b95a]&amp#27;[0m&amp#27;[38;5;-183m[AndroidUiautomator2Driver@0804]&amp#27;[0m Got response with status 200: {"sessionId":"ccc822a8-3c70-4f89-80b4-4aed707196b0","value":[{"ELEMENT":"00000000-0000-0036-ffff-ffff00000086","element-6066-11e4-a52e-4f735466cecf":"00000000-0000-0036-ffff-ffff00000086"},{"ELEMENT":"00000000-0000-0036-ffff-ffff0000008e","element-6066-11e4-a52e-4f735466cecf":"00000000-0000-0036-ffff-ffff0000008e"}]}
&amp#27;[38;5;77m[d4a1b95a]&amp#27;[0m&amp#27;[38;5;-183m[AndroidUiautomator2Driver@0804]&amp#27;[0m Responding to client with driver.findElements() result: [{"element-6066-11e4-a52e-4f735466cecf":"00000000-0000-0036-ffff-ffff00000086","ELEMENT":"00000000-0000-0036-ffff-ffff00000086"},{"element-6066-11e4-a52e-4f735466cecf":"00000000-0000-0036-ffff-ffff0000008e","ELEMENT":"00000000-0000-0036-ffff-ffff0000008e"}]
&amp#27;[38;5;77m[d4a1b95a]&amp#27;[0m&amp#27;[38;5;86m[HTTP]&amp#27;[0m &amp#27;[37m<-- POST /session/d4a1b95a-aaac-4a9c-a6c9-7729cd7256d5/elements &amp#27;[39m&amp#27;[32m200&amp#27;[39m &amp#27;[90m27 ms - 267&amp#27;[39m &amp#27;[90m&amp#27;[39m
&amp#27;[38;5;77m[d4a1b95a]&amp#27;[0m&amp#27;[38;5;86m[HTTP]&amp#27;[0m &amp#27;[37m-->&amp#27;[39m &amp#27;[37mGET&amp#27;[39m &amp#27;[37m/session/d4a1b95a-aaac-4a9c-a6c9-7729cd7256d5/context&amp#27;[39m &amp#27;[90m{}&amp#27;[39m
&amp#27;[38;5;77m[d4a1b95a]&amp#27;[0m&amp#27;[38;5;-183m[AndroidUiautomator2Driver@0804]&amp#27;[0m Calling AppiumDriver.getCurrentContext() with args: ["d4a1b95a-aaac-4a9c-a6c9-7729cd7256d5"]
&amp#27;[38;5;77m[d4a1b95a]&amp#27;[0m&amp#27;[38;5;-183m[AndroidUiautomator2Driver@0804]&amp#27;[0m Responding to client with driver.getCurrentContext() result: "NATIVE_APP"
&amp#27;[38;5;77m[d4a1b95a]&amp#27;[0m&amp#27;[38;5;86m[HTTP]&amp#27;[0m &amp#27;[37m<-- GET /session/d4a1b95a-aaac-4a9c-a6c9-7729cd7256d5/context &amp#27;[39m&amp#27;[32m200&amp#27;[39m &amp#27;[90m1 ms - 22&amp#27;[39m &amp#27;[90m&amp#27;[39m
&amp#27;[38;5;77m[d4a1b95a]&amp#27;[0m&amp#27;[38;5;86m[HTTP]&amp#27;[0m &amp#27;[37m-->&amp#27;[39m &amp#27;[37mPOST&amp#27;[39m &amp#27;[37m/session/d4a1b95a-aaac-4a9c-a6c9-7729cd7256d5/elements&amp#27;[39m &amp#27;[90m{"value":"com.androidsample.generalstore:id/productPrice","using":"id"}&amp#27;[39m
&amp#27;[38;5;77m[d4a1b95a]&amp#27;[0m&amp#27;[38;5;-183m[AndroidUiautomator2Driver@0804]&amp#27;[0m Calling AppiumDriver.findElements() with args: ["id","com.androidsample.generalstore:id/productPrice","d4a1b95a-aaac-4a9c-a6c9-7729cd7256d5"]
&amp#27;[38;5;77m[d4a1b95a]&amp#27;[0m&amp#27;[38;5;-183m[AndroidUiautomator2Driver@0804]&amp#27;[0m Valid locator strategies for this request: xpath, id, class name, accessibility id, css selector, -android uiautomator
&amp#27;[38;5;77m[d4a1b95a]&amp#27;[0m&amp#27;[38;5;-183m[AndroidUiautomator2Driver@0804]&amp#27;[0m Waiting up to 10000 ms for condition
&amp#27;[38;5;77m[d4a1b95a]&amp#27;[0m&amp#27;[38;5;-183m[AndroidUiautomator2Driver@0804]&amp#27;[0m Matched '/elements' to command name 'findElements'
&amp#27;[38;5;77m[d4a1b95a]&amp#27;[0m&amp#27;[38;5;-183m[AndroidUiautomator2Driver@0804]&amp#27;[0m Proxying [POST /elements] to [POST http://127.0.0.1:8200/session/ccc822a8-3c70-4f89-80b4-4aed707196b0/elements] with body: {"strategy":"id","selector":"com.androidsample.generalstore:id/productPrice","context":"","multiple":true}
&amp#27;[38;5;77m[d4a1b95a]&amp#27;[0m&amp#27;[38;5;-183m[AndroidUiautomator2Driver@0804]&amp#27;[0m Got response with status 200: {"sessionId":"ccc822a8-3c70-4f89-80b4-4aed707196b0","value":[{"ELEMENT":"00000000-0000-0036-ffff-ffff00000086","element-6066-11e4-a52e-4f735466cecf":"00000000-0000-0036-ffff-ffff00000086"},{"ELEMENT":"00000000-0000-0036-ffff-ffff0000008e","element-6066-11e4-a52e-4f735466cecf":"00000000-0000-0036-ffff-ffff0000008e"}]}
&amp#27;[38;5;77m[d4a1b95a]&amp#27;[0m&amp#27;[38;5;-183m[AndroidUiautomator2Driver@0804]&amp#27;[0m Responding to client with driver.findElements() result: [{"element-6066-11e4-a52e-4f735466cecf":"00000000-0000-0036-ffff-ffff00000086","ELEMENT":"00000000-0000-0036-ffff-ffff00000086"},{"element-6066-11e4-a52e-4f735466cecf":"00000000-0000-0036-ffff-ffff0000008e","ELEMENT":"00000000-0000-0036-ffff-ffff0000008e"}]
&amp#27;[38;5;77m[d4a1b95a]&amp#27;[0m&amp#27;[38;5;86m[HTTP]&amp#27;[0m &amp#27;[37m<-- POST /session/d4a1b95a-aaac-4a9c-a6c9-7729cd7256d5/elements &amp#27;[39m&amp#27;[32m200&amp#27;[39m &amp#27;[90m17 ms - 267&amp#27;[39m &amp#27;[90m&amp#27;[39m
&amp#27;[38;5;77m[d4a1b95a]&amp#27;[0m&amp#27;[38;5;86m[HTTP]&amp#27;[0m &amp#27;[37m-->&amp#27;[39m &amp#27;[37mGET&amp#27;[39m &amp#27;[37m/session/d4a1b95a-aaac-4a9c-a6c9-7729cd7256d5/element/00000000-0000-0036-ffff-ffff00000086/text&amp#27;[39m &amp#27;[90m{}&amp#27;[39m
&amp#27;[38;5;77m[d4a1b95a]&amp#27;[0m&amp#27;[38;5;-183m[AndroidUiautomator2Driver@0804]&amp#27;[0m Driver proxy active, passing request on via HTTP proxy
&amp#27;[38;5;77m[d4a1b95a]&amp#27;[0m&amp#27;[38;5;-183m[AndroidUiautomator2Driver@0804]&amp#27;[0m Matched '/session/d4a1b95a-aaac-4a9c-a6c9-7729cd7256d5/element/00000000-0000-0036-ffff-ffff00000086/text' to command name 'getText'
&amp#27;[38;5;77m[d4a1b95a]&amp#27;[0m&amp#27;[38;5;-183m[AndroidUiautomator2Driver@0804]&amp#27;[0m Proxying [GET /session/d4a1b95a-aaac-4a9c-a6c9-7729cd7256d5/element/00000000-0000-0036-ffff-ffff00000086/text] to [GET http://127.0.0.1:8200/session/ccc822a8-3c70-4f89-80b4-4aed707196b0/element/00000000-0000-0036-ffff-ffff00000086/text] with no body
&amp#27;[38;5;77m[d4a1b95a]&amp#27;[0m&amp#27;[38;5;-183m[AndroidUiautomator2Driver@0804]&amp#27;[0m Got response with status 200: {"sessionId":"ccc822a8-3c70-4f89-80b4-4aed707196b0","value":"$160.97"}
&amp#27;[38;5;77m[d4a1b95a]&amp#27;[0m&amp#27;[38;5;-183m[AndroidUiautomator2Driver@0804]&amp#27;[0m Replacing sessionId ccc822a8-3c70-4f89-80b4-4aed707196b0 with d4a1b95a-aaac-4a9c-a6c9-7729cd7256d5
&amp#27;[38;5;77m[d4a1b95a]&amp#27;[0m&amp#27;[38;5;86m[HTTP]&amp#27;[0m &amp#27;[37m<-- GET /session/d4a1b95a-aaac-4a9c-a6c9-7729cd7256d5/element/00000000-0000-0036-ffff-ffff00000086/text &amp#27;[39m&amp#27;[32m200&amp#27;[39m &amp#27;[90m6 ms - 70&amp#27;[39m &amp#27;[90m&amp#27;[39m
&amp#27;[38;5;77m[d4a1b95a]&amp#27;[0m&amp#27;[38;5;86m[HTTP]&amp#27;[0m &amp#27;[37m-->&amp#27;[39m &amp#27;[37mGET&amp#27;[39m &amp#27;[37m/session/d4a1b95a-aaac-4a9c-a6c9-7729cd7256d5/context&amp#27;[39m &amp#27;[90m{}&amp#27;[39m
&amp#27;[38;5;77m[d4a1b95a]&amp#27;[0m&amp#27;[38;5;-183m[AndroidUiautomator2Driver@0804]&amp#27;[0m Calling AppiumDriver.getCurrentContext() with args: ["d4a1b95a-aaac-4a9c-a6c9-7729cd7256d5"]
&amp#27;[38;5;77m[d4a1b95a]&amp#27;[0m&amp#27;[38;5;-183m[AndroidUiautomator2Driver@0804]&amp#27;[0m Responding to client with driver.getCurrentContext() result: "NATIVE_APP"
&amp#27;[38;5;77m[d4a1b95a]&amp#27;[0m&amp#27;[38;5;86m[HTTP]&amp#27;[0m &amp#27;[37m<-- GET /session/d4a1b95a-aaac-4a9c-a6c9-7729cd7256d5/context &amp#27;[39m&amp#27;[32m200&amp#27;[39m &amp#27;[90m0 ms - 22&amp#27;[39m &amp#27;[90m&amp#27;[39m
&amp#27;[38;5;77m[d4a1b95a]&amp#27;[0m&amp#27;[38;5;86m[HTTP]&amp#27;[0m &amp#27;[37m-->&amp#27;[39m &amp#27;[37mPOST&amp#27;[39m &amp#27;[37m/session/d4a1b95a-aaac-4a9c-a6c9-7729cd7256d5/elements&amp#27;[39m &amp#27;[90m{"value":"com.androidsample.generalstore:id/productPrice","using":"id"}&amp#27;[39m
&amp#27;[38;5;77m[d4a1b95a]&amp#27;[0m&amp#27;[38;5;-183m[AndroidUiautomator2Driver@0804]&amp#27;[0m Calling AppiumDriver.findElements() with args: ["id","com.androidsample.generalstore:id/productPrice","d4a1b95a-aaac-4a9c-a6c9-7729cd7256d5"]
&amp#27;[38;5;77m[d4a1b95a]&amp#27;[0m&amp#27;[38;5;-183m[AndroidUiautomator2Driver@0804]&amp#27;[0m Valid locator strategies for this request: xpath, id, class name, accessibility id, css selector, -android uiautomator
&amp#27;[38;5;77m[d4a1b95a]&amp#27;[0m&amp#27;[38;5;-183m[AndroidUiautomator2Driver@0804]&amp#27;[0m Waiting up to 10000 ms for condition
&amp#27;[38;5;77m[d4a1b95a]&amp#27;[0m&amp#27;[38;5;-183m[AndroidUiautomator2Driver@0804]&amp#27;[0m Matched '/elements' to command name 'findElements'
&amp#27;[38;5;77m[d4a1b95a]&amp#27;[0m&amp#27;[38;5;-183m[AndroidUiautomator2Driver@0804]&amp#27;[0m Proxying [POST /elements] to [POST http://127.0.0.1:8200/session/ccc822a8-3c70-4f89-80b4-4aed707196b0/elements] with body: {"strategy":"id","selector":"com.androidsample.generalstore:id/productPrice","context":"","multiple":true}
&amp#27;[38;5;77m[d4a1b95a]&amp#27;[0m&amp#27;[38;5;-183m[AndroidUiautomator2Driver@0804]&amp#27;[0m Got response with status 200: {"sessionId":"ccc822a8-3c70-4f89-80b4-4aed707196b0","value":[{"ELEMENT":"00000000-0000-0036-ffff-ffff00000086","element-6066-11e4-a52e-4f735466cecf":"00000000-0000-0036-ffff-ffff00000086"},{"ELEMENT":"00000000-0000-0036-ffff-ffff0000008e","element-6066-11e4-a52e-4f735466cecf":"00000000-0000-0036-ffff-ffff0000008e"}]}
&amp#27;[38;5;77m[d4a1b95a]&amp#27;[0m&amp#27;[38;5;-183m[AndroidUiautomator2Driver@0804]&amp#27;[0m Responding to client with driver.findElements() result: [{"element-6066-11e4-a52e-4f735466cecf":"00000000-0000-0036-ffff-ffff00000086","ELEMENT":"00000000-0000-0036-ffff-ffff00000086"},{"element-6066-11e4-a52e-4f735466cecf":"00000000-0000-0036-ffff-ffff0000008e","ELEMENT":"00000000-0000-0036-ffff-ffff0000008e"}]
&amp#27;[38;5;77m[d4a1b95a]&amp#27;[0m&amp#27;[38;5;86m[HTTP]&amp#27;[0m &amp#27;[37m<-- POST /session/d4a1b95a-aaac-4a9c-a6c9-7729cd7256d5/elements &amp#27;[39m&amp#27;[32m200&amp#27;[39m &amp#27;[90m15 ms - 267&amp#27;[39m &amp#27;[90m&amp#27;[39m
&amp#27;[38;5;77m[d4a1b95a]&amp#27;[0m&amp#27;[38;5;86m[HTTP]&amp#27;[0m &amp#27;[37m-->&amp#27;[39m &amp#27;[37mGET&amp#27;[39m &amp#27;[37m/session/d4a1b95a-aaac-4a9c-a6c9-7729cd7256d5/element/00000000-0000-0036-ffff-ffff0000008e/text&amp#27;[39m &amp#27;[90m{}&amp#27;[39m
&amp#27;[38;5;77m[d4a1b95a]&amp#27;[0m&amp#27;[38;5;-183m[AndroidUiautomator2Driver@0804]&amp#27;[0m Driver proxy active, passing request on via HTTP proxy
&amp#27;[38;5;77m[d4a1b95a]&amp#27;[0m&amp#27;[38;5;-183m[AndroidUiautomator2Driver@0804]&amp#27;[0m Matched '/session/d4a1b95a-aaac-4a9c-a6c9-7729cd7256d5/element/00000000-0000-0036-ffff-ffff0000008e/text' to command name 'getText'
&amp#27;[38;5;77m[d4a1b95a]&amp#27;[0m&amp#27;[38;5;-183m[AndroidUiautomator2Driver@0804]&amp#27;[0m Proxying [GET /session/d4a1b95a-aaac-4a9c-a6c9-7729cd7256d5/element/00000000-0000-0036-ffff-ffff0000008e/text] to [GET http://127.0.0.1:8200/session/ccc822a8-3c70-4f89-80b4-4aed707196b0/element/00000000-0000-0036-ffff-ffff0000008e/text] with no body
&amp#27;[38;5;77m[d4a1b95a]&amp#27;[0m&amp#27;[38;5;-183m[AndroidUiautomator2Driver@0804]&amp#27;[0m Got response with status 200: {"sessionId":"ccc822a8-3c70-4f89-80b4-4aed707196b0","value":"$120.0"}
&amp#27;[38;5;77m[d4a1b95a]&amp#27;[0m&amp#27;[38;5;-183m[AndroidUiautomator2Driver@0804]&amp#27;[0m Replacing sessionId ccc822a8-3c70-4f89-80b4-4aed707196b0 with d4a1b95a-aaac-4a9c-a6c9-7729cd7256d5
&amp#27;[38;5;77m[d4a1b95a]&amp#27;[0m&amp#27;[38;5;86m[HTTP]&amp#27;[0m &amp#27;[37m<-- GET /session/d4a1b95a-aaac-4a9c-a6c9-7729cd7256d5/element/00000000-0000-0036-ffff-ffff0000008e/text &amp#27;[39m&amp#27;[32m200&amp#27;[39m &amp#27;[90m5 ms - 69&amp#27;[39m &amp#27;[90m&amp#27;[39m
&amp#27;[38;5;77m[d4a1b95a]&amp#27;[0m&amp#27;[38;5;86m[HTTP]&amp#27;[0m &amp#27;[37m-->&amp#27;[39m &amp#27;[37mGET&amp#27;[39m &amp#27;[37m/session/d4a1b95a-aaac-4a9c-a6c9-7729cd7256d5/context&amp#27;[39m &amp#27;[90m{}&amp#27;[39m
&amp#27;[38;5;77m[d4a1b95a]&amp#27;[0m&amp#27;[38;5;-183m[AndroidUiautomator2Driver@0804]&amp#27;[0m Calling AppiumDriver.getCurrentContext() with args: ["d4a1b95a-aaac-4a9c-a6c9-7729cd7256d5"]
&amp#27;[38;5;77m[d4a1b95a]&amp#27;[0m&amp#27;[38;5;-183m[AndroidUiautomator2Driver@0804]&amp#27;[0m Responding to client with driver.getCurrentContext() result: "NATIVE_APP"
&amp#27;[38;5;77m[d4a1b95a]&amp#27;[0m&amp#27;[38;5;86m[HTTP]&amp#27;[0m &amp#27;[37m<-- GET /session/d4a1b95a-aaac-4a9c-a6c9-7729cd7256d5/context &amp#27;[39m&amp#27;[32m200&amp#27;[39m &amp#27;[90m1 ms - 22&amp#27;[39m &amp#27;[90m&amp#27;[39m
&amp#27;[38;5;77m[d4a1b95a]&amp#27;[0m&amp#27;[38;5;86m[HTTP]&amp#27;[0m &amp#27;[37m-->&amp#27;[39m &amp#27;[37mPOST&amp#27;[39m &amp#27;[37m/session/d4a1b95a-aaac-4a9c-a6c9-7729cd7256d5/element&amp#27;[39m &amp#27;[90m{"value":"com.androidsample.generalstore:id/totalAmountLbl","using":"id"}&amp#27;[39m
&amp#27;[38;5;77m[d4a1b95a]&amp#27;[0m&amp#27;[38;5;-183m[AndroidUiautomator2Driver@0804]&amp#27;[0m Calling AppiumDriver.findElement() with args: ["id","com.androidsample.generalstore:id/totalAmountLbl","d4a1b95a-aaac-4a9c-a6c9-7729cd7256d5"]
&amp#27;[38;5;77m[d4a1b95a]&amp#27;[0m&amp#27;[38;5;-183m[AndroidUiautomator2Driver@0804]&amp#27;[0m Valid locator strategies for this request: xpath, id, class name, accessibility id, css selector, -android uiautomator
&amp#27;[38;5;77m[d4a1b95a]&amp#27;[0m&amp#27;[38;5;-183m[AndroidUiautomator2Driver@0804]&amp#27;[0m Waiting up to 10000 ms for condition
&amp#27;[38;5;77m[d4a1b95a]&amp#27;[0m&amp#27;[38;5;-183m[AndroidUiautomator2Driver@0804]&amp#27;[0m Matched '/element' to command name 'findElement'
&amp#27;[38;5;77m[d4a1b95a]&amp#27;[0m&amp#27;[38;5;-183m[AndroidUiautomator2Driver@0804]&amp#27;[0m Proxying [POST /element] to [POST http://127.0.0.1:8200/session/ccc822a8-3c70-4f89-80b4-4aed707196b0/element] with body: {"strategy":"id","selector":"com.androidsample.generalstore:id/totalAmountLbl","context":"","multiple":false}
&amp#27;[38;5;77m[d4a1b95a]&amp#27;[0m&amp#27;[38;5;-183m[AndroidUiautomator2Driver@0804]&amp#27;[0m Got response with status 200: {"sessionId":"ccc822a8-3c70-4f89-80b4-4aed707196b0","value":{"ELEMENT":"00000000-0000-0036-ffff-ffff0000007a","element-6066-11e4-a52e-4f735466cecf":"00000000-0000-0036-ffff-ffff0000007a"}}
&amp#27;[38;5;77m[d4a1b95a]&amp#27;[0m&amp#27;[38;5;-183m[AndroidUiautomator2Driver@0804]&amp#27;[0m Responding to client with driver.findElement() result: {"element-6066-11e4-a52e-4f735466cecf":"00000000-0000-0036-ffff-ffff0000007a","ELEMENT":"00000000-0000-0036-ffff-ffff0000007a"}
&amp#27;[38;5;77m[d4a1b95a]&amp#27;[0m&amp#27;[38;5;86m[HTTP]&amp#27;[0m &amp#27;[37m<-- POST /session/d4a1b95a-aaac-4a9c-a6c9-7729cd7256d5/element &amp#27;[39m&amp#27;[32m200&amp#27;[39m &amp#27;[90m11 ms - 137&amp#27;[39m &amp#27;[90m&amp#27;[39m
&amp#27;[38;5;77m[d4a1b95a]&amp#27;[0m&amp#27;[38;5;86m[HTTP]&amp#27;[0m &amp#27;[37m-->&amp#27;[39m &amp#27;[37mGET&amp#27;[39m &amp#27;[37m/session/d4a1b95a-aaac-4a9c-a6c9-7729cd7256d5/element/00000000-0000-0036-ffff-ffff0000007a/text&amp#27;[39m &amp#27;[90m{}&amp#27;[39m
&amp#27;[38;5;77m[d4a1b95a]&amp#27;[0m&amp#27;[38;5;-183m[AndroidUiautomator2Driver@0804]&amp#27;[0m Driver proxy active, passing request on via HTTP proxy
&amp#27;[38;5;77m[d4a1b95a]&amp#27;[0m&amp#27;[38;5;-183m[AndroidUiautomator2Driver@0804]&amp#27;[0m Matched '/session/d4a1b95a-aaac-4a9c-a6c9-7729cd7256d5/element/00000000-0000-0036-ffff-ffff0000007a/text' to command name 'getText'
&amp#27;[38;5;77m[d4a1b95a]&amp#27;[0m&amp#27;[38;5;-183m[AndroidUiautomator2Driver@0804]&amp#27;[0m Proxying [GET /session/d4a1b95a-aaac-4a9c-a6c9-7729cd7256d5/element/00000000-0000-0036-ffff-ffff0000007a/text] to [GET http://127.0.0.1:8200/session/ccc822a8-3c70-4f89-80b4-4aed707196b0/element/00000000-0000-0036-ffff-ffff0000007a/text] with no body
&amp#27;[38;5;77m[d4a1b95a]&amp#27;[0m&amp#27;[38;5;-183m[AndroidUiautomator2Driver@0804]&amp#27;[0m Got response with status 200: {"sessionId":"ccc822a8-3c70-4f89-80b4-4aed707196b0","value":"$ 280.97"}
&amp#27;[38;5;77m[d4a1b95a]&amp#27;[0m&amp#27;[38;5;-183m[AndroidUiautomator2Driver@0804]&amp#27;[0m Replacing sessionId ccc822a8-3c70-4f89-80b4-4aed707196b0 with d4a1b95a-aaac-4a9c-a6c9-7729cd7256d5
&amp#27;[38;5;77m[d4a1b95a]&amp#27;[0m&amp#27;[38;5;86m[HTTP]&amp#27;[0m &amp#27;[37m<-- GET /session/d4a1b95a-aaac-4a9c-a6c9-7729cd7256d5/element/00000000-0000-0036-ffff-ffff0000007a/text &amp#27;[39m&amp#27;[32m200&amp#27;[39m &amp#27;[90m5 ms - 71&amp#27;[39m &amp#27;[90m&amp#27;[39m
&amp#27;[38;5;77m[d4a1b95a]&amp#27;[0m&amp#27;[38;5;86m[HTTP]&amp#27;[0m &amp#27;[37m-->&amp#27;[39m &amp#27;[37mGET&amp#27;[39m &amp#27;[37m/session/d4a1b95a-aaac-4a9c-a6c9-7729cd7256d5/context&amp#27;[39m &amp#27;[90m{}&amp#27;[39m
&amp#27;[38;5;77m[d4a1b95a]&amp#27;[0m&amp#27;[38;5;-183m[AndroidUiautomator2Driver@0804]&amp#27;[0m Calling AppiumDriver.getCurrentContext() with args: ["d4a1b95a-aaac-4a9c-a6c9-7729cd7256d5"]
&amp#27;[38;5;77m[d4a1b95a]&amp#27;[0m&amp#27;[38;5;-183m[AndroidUiautomator2Driver@0804]&amp#27;[0m Responding to client with driver.getCurrentContext() result: "NATIVE_APP"
&amp#27;[38;5;77m[d4a1b95a]&amp#27;[0m&amp#27;[38;5;86m[HTTP]&amp#27;[0m &amp#27;[37m<-- GET /session/d4a1b95a-aaac-4a9c-a6c9-7729cd7256d5/context &amp#27;[39m&amp#27;[32m200&amp#27;[39m &amp#27;[90m0 ms - 22&amp#27;[39m &amp#27;[90m&amp#27;[39m
&amp#27;[38;5;77m[d4a1b95a]&amp#27;[0m&amp#27;[38;5;86m[HTTP]&amp#27;[0m &amp#27;[37m-->&amp#27;[39m &amp#27;[37mPOST&amp#27;[39m &amp#27;[37m/session/d4a1b95a-aaac-4a9c-a6c9-7729cd7256d5/element&amp#27;[39m &amp#27;[90m{"value":"com.androidsample.generalstore:id/termsButton","using":"id"}&amp#27;[39m
&amp#27;[38;5;77m[d4a1b95a]&amp#27;[0m&amp#27;[38;5;-183m[AndroidUiautomator2Driver@0804]&amp#27;[0m Calling AppiumDriver.findElement() with args: ["id","com.androidsample.generalstore:id/termsButton","d4a1b95a-aaac-4a9c-a6c9-7729cd7256d5"]
&amp#27;[38;5;77m[d4a1b95a]&amp#27;[0m&amp#27;[38;5;-183m[AndroidUiautomator2Driver@0804]&amp#27;[0m Valid locator strategies for this request: xpath, id, class name, accessibility id, css selector, -android uiautomator
&amp#27;[38;5;77m[d4a1b95a]&amp#27;[0m&amp#27;[38;5;-183m[AndroidUiautomator2Driver@0804]&amp#27;[0m Waiting up to 10000 ms for condition
&amp#27;[38;5;77m[d4a1b95a]&amp#27;[0m&amp#27;[38;5;-183m[AndroidUiautomator2Driver@0804]&amp#27;[0m Matched '/element' to command name 'findElement'
&amp#27;[38;5;77m[d4a1b95a]&amp#27;[0m&amp#27;[38;5;-183m[AndroidUiautomator2Driver@0804]&amp#27;[0m Proxying [POST /element] to [POST http://127.0.0.1:8200/session/ccc822a8-3c70-4f89-80b4-4aed707196b0/element] with body: {"strategy":"id","selector":"com.androidsample.generalstore:id/termsButton","context":"","multiple":false}
&amp#27;[38;5;77m[d4a1b95a]&amp#27;[0m&amp#27;[38;5;-183m[AndroidUiautomator2Driver@0804]&amp#27;[0m Got response with status 200: {"sessionId":"ccc822a8-3c70-4f89-80b4-4aed707196b0","value":{"ELEMENT":"00000000-0000-0036-ffff-ffff0000007d","element-6066-11e4-a52e-4f735466cecf":"00000000-0000-0036-ffff-ffff0000007d"}}
&amp#27;[38;5;77m[d4a1b95a]&amp#27;[0m&amp#27;[38;5;-183m[AndroidUiautomator2Driver@0804]&amp#27;[0m Responding to client with driver.findElement() result: {"element-6066-11e4-a52e-4f735466cecf":"00000000-0000-0036-ffff-ffff0000007d","ELEMENT":"00000000-0000-0036-ffff-ffff0000007d"}
&amp#27;[38;5;77m[d4a1b95a]&amp#27;[0m&amp#27;[38;5;86m[HTTP]&amp#27;[0m &amp#27;[37m<-- POST /session/d4a1b95a-aaac-4a9c-a6c9-7729cd7256d5/element &amp#27;[39m&amp#27;[32m200&amp#27;[39m &amp#27;[90m11 ms - 137&amp#27;[39m &amp#27;[90m&amp#27;[39m
&amp#27;[38;5;77m[d4a1b95a]&amp#27;[0m&amp#27;[38;5;86m[HTTP]&amp#27;[0m &amp#27;[37m-->&amp#27;[39m &amp#27;[37mPOST&amp#27;[39m &amp#27;[37m/session/d4a1b95a-aaac-4a9c-a6c9-7729cd7256d5/execute/sync&amp#27;[39m &amp#27;[90m{"args":[{"elementId":"00000000-0000-0036-ffff-ffff0000007d","duration":2000}],"script":"mobile: longClickGesture"}&amp#27;[39m
&amp#27;[38;5;77m[d4a1b95a]&amp#27;[0m&amp#27;[38;5;-183m[AndroidUiautomator2Driver@0804]&amp#27;[0m Calling AppiumDriver.execute() with args: ["mobile: longClickGesture",[{"elementId":"00000000-0000-0036-ffff-ffff0000007d","duration":2000}],"d4a1b95a-aaac-4a9c-a6c9-7729cd7256d5"]
&amp#27;[38;5;77m[d4a1b95a]&amp#27;[0m&amp#27;[38;5;-183m[AndroidUiautomator2Driver@0804]&amp#27;[0m Proxying [POST /appium/gestures/long_click] to [POST http://127.0.0.1:8200/session/ccc822a8-3c70-4f89-80b4-4aed707196b0/appium/gestures/long_click] with body: {"origin":{"ELEMENT":"00000000-0000-0036-ffff-ffff0000007d","element-6066-11e4-a52e-4f735466cecf":"00000000-0000-0036-ffff-ffff0000007d"},"duration":2000}
&amp#27;[38;5;77m[d4a1b95a]&amp#27;[0m&amp#27;[38;5;-183m[AndroidUiautomator2Driver@0804]&amp#27;[0m Got response with status 200: {"sessionId":"ccc822a8-3c70-4f89-80b4-4aed707196b0","value":null}
&amp#27;[38;5;77m[d4a1b95a]&amp#27;[0m&amp#27;[38;5;-183m[AndroidUiautomator2Driver@0804]&amp#27;[0m Responding to client with driver.execute() result: null
&amp#27;[38;5;77m[d4a1b95a]&amp#27;[0m&amp#27;[38;5;86m[HTTP]&amp#27;[0m &amp#27;[37m<-- POST /session/d4a1b95a-aaac-4a9c-a6c9-7729cd7256d5/execute/sync &amp#27;[39m&amp#27;[32m200&amp#27;[39m &amp#27;[90m2712 ms - 14&amp#27;[39m &amp#27;[90m&amp#27;[39m
&amp#27;[38;5;77m[d4a1b95a]&amp#27;[0m&amp#27;[38;5;86m[HTTP]&amp#27;[0m &amp#27;[37m-->&amp#27;[39m &amp#27;[37mGET&amp#27;[39m &amp#27;[37m/session/d4a1b95a-aaac-4a9c-a6c9-7729cd7256d5/context&amp#27;[39m &amp#27;[90m{}&amp#27;[39m
&amp#27;[38;5;77m[d4a1b95a]&amp#27;[0m&amp#27;[38;5;-183m[AndroidUiautomator2Driver@0804]&amp#27;[0m Calling AppiumDriver.getCurrentContext() with args: ["d4a1b95a-aaac-4a9c-a6c9-7729cd7256d5"]
&amp#27;[38;5;77m[d4a1b95a]&amp#27;[0m&amp#27;[38;5;-183m[AndroidUiautomator2Driver@0804]&amp#27;[0m Responding to client with driver.getCurrentContext() result: "NATIVE_APP"
&amp#27;[38;5;77m[d4a1b95a]&amp#27;[0m&amp#27;[38;5;86m[HTTP]&amp#27;[0m &amp#27;[37m<-- GET /session/d4a1b95a-aaac-4a9c-a6c9-7729cd7256d5/context &amp#27;[39m&amp#27;[32m200&amp#27;[39m &amp#27;[90m1 ms - 22&amp#27;[39m &amp#27;[90m&amp#27;[39m
&amp#27;[38;5;77m[d4a1b95a]&amp#27;[0m&amp#27;[38;5;86m[HTTP]&amp#27;[0m &amp#27;[37m-->&amp#27;[39m &amp#27;[37mPOST&amp#27;[39m &amp#27;[37m/session/d4a1b95a-aaac-4a9c-a6c9-7729cd7256d5/element&amp#27;[39m &amp#27;[90m{"value":"//android.widget.TextView[@text='Terms Of Conditions']","using":"xpath"}&amp#27;[39m
&amp#27;[38;5;77m[d4a1b95a]&amp#27;[0m&amp#27;[38;5;-183m[AndroidUiautomator2Driver@0804]&amp#27;[0m Calling AppiumDriver.findElement() with args: ["xpath","//android.widget.TextView[@text='Terms Of Conditions']","d4a1b95a-aaac-4a9c-a6c9-7729cd7256d5"]
&amp#27;[38;5;77m[d4a1b95a]&amp#27;[0m&amp#27;[38;5;-183m[AndroidUiautomator2Driver@0804]&amp#27;[0m Valid locator strategies for this request: xpath, id, class name, accessibility id, css selector, -android uiautomator
&amp#27;[38;5;77m[d4a1b95a]&amp#27;[0m&amp#27;[38;5;-183m[AndroidUiautomator2Driver@0804]&amp#27;[0m Waiting up to 10000 ms for condition
&amp#27;[38;5;77m[d4a1b95a]&amp#27;[0m&amp#27;[38;5;-183m[AndroidUiautomator2Driver@0804]&amp#27;[0m Matched '/element' to command name 'findElement'
&amp#27;[38;5;77m[d4a1b95a]&amp#27;[0m&amp#27;[38;5;-183m[AndroidUiautomator2Driver@0804]&amp#27;[0m Proxying [POST /element] to [POST http://127.0.0.1:8200/session/ccc822a8-3c70-4f89-80b4-4aed707196b0/element] with body: {"strategy":"xpath","selector":"//android.widget.TextView[@text='Terms Of Conditions']","context":"","multiple":false}
&amp#27;[38;5;77m[d4a1b95a]&amp#27;[0m&amp#27;[38;5;-183m[AndroidUiautomator2Driver@0804]&amp#27;[0m Got response with status 200: {"sessionId":"ccc822a8-3c70-4f89-80b4-4aed707196b0","value":{"ELEMENT":"00000000-0000-0037-ffff-ffff0000009a","element-6066-11e4-a52e-4f735466cecf":"00000000-0000-0037-ffff-ffff0000009a"}}
&amp#27;[38;5;77m[d4a1b95a]&amp#27;[0m&amp#27;[38;5;-183m[AndroidUiautomator2Driver@0804]&amp#27;[0m Responding to client with driver.findElement() result: {"element-6066-11e4-a52e-4f735466cecf":"00000000-0000-0037-ffff-ffff0000009a","ELEMENT":"00000000-0000-0037-ffff-ffff0000009a"}
&amp#27;[38;5;77m[d4a1b95a]&amp#27;[0m&amp#27;[38;5;86m[HTTP]&amp#27;[0m &amp#27;[37m<-- POST /session/d4a1b95a-aaac-4a9c-a6c9-7729cd7256d5/element &amp#27;[39m&amp#27;[32m200&amp#27;[39m &amp#27;[90m38 ms - 137&amp#27;[39m &amp#27;[90m&amp#27;[39m
&amp#27;[38;5;77m[d4a1b95a]&amp#27;[0m&amp#27;[38;5;86m[HTTP]&amp#27;[0m &amp#27;[37m-->&amp#27;[39m &amp#27;[37mGET&amp#27;[39m &amp#27;[37m/session/d4a1b95a-aaac-4a9c-a6c9-7729cd7256d5/element/00000000-0000-0037-ffff-ffff0000009a/text&amp#27;[39m &amp#27;[90m{}&amp#27;[39m
&amp#27;[38;5;77m[d4a1b95a]&amp#27;[0m&amp#27;[38;5;-183m[AndroidUiautomator2Driver@0804]&amp#27;[0m Driver proxy active, passing request on via HTTP proxy
&amp#27;[38;5;77m[d4a1b95a]&amp#27;[0m&amp#27;[38;5;-183m[AndroidUiautomator2Driver@0804]&amp#27;[0m Matched '/session/d4a1b95a-aaac-4a9c-a6c9-7729cd7256d5/element/00000000-0000-0037-ffff-ffff0000009a/text' to command name 'getText'
&amp#27;[38;5;77m[d4a1b95a]&amp#27;[0m&amp#27;[38;5;-183m[AndroidUiautomator2Driver@0804]&amp#27;[0m Proxying [GET /session/d4a1b95a-aaac-4a9c-a6c9-7729cd7256d5/element/00000000-0000-0037-ffff-ffff0000009a/text] to [GET http://127.0.0.1:8200/session/ccc822a8-3c70-4f89-80b4-4aed707196b0/element/00000000-0000-0037-ffff-ffff0000009a/text] with no body
&amp#27;[38;5;77m[d4a1b95a]&amp#27;[0m&amp#27;[38;5;-183m[AndroidUiautomator2Driver@0804]&amp#27;[0m Got response with status 200: {"sessionId":"ccc822a8-3c70-4f89-80b4-4aed707196b0","value":"Terms Of Conditions"}
&amp#27;[38;5;77m[d4a1b95a]&amp#27;[0m&amp#27;[38;5;-183m[AndroidUiautomator2Driver@0804]&amp#27;[0m Replacing sessionId ccc822a8-3c70-4f89-80b4-4aed707196b0 with d4a1b95a-aaac-4a9c-a6c9-7729cd7256d5
&amp#27;[38;5;77m[d4a1b95a]&amp#27;[0m&amp#27;[38;5;86m[HTTP]&amp#27;[0m &amp#27;[37m<-- GET /session/d4a1b95a-aaac-4a9c-a6c9-7729cd7256d5/element/00000000-0000-0037-ffff-ffff0000009a/text &amp#27;[39m&amp#27;[32m200&amp#27;[39m &amp#27;[90m7 ms - 82&amp#27;[39m &amp#27;[90m&amp#27;[39m
&amp#27;[38;5;77m[d4a1b95a]&amp#27;[0m&amp#27;[38;5;86m[HTTP]&amp#27;[0m &amp#27;[37m-->&amp#27;[39m &amp#27;[37mGET&amp#27;[39m &amp#27;[37m/session/d4a1b95a-aaac-4a9c-a6c9-7729cd7256d5/context&amp#27;[39m &amp#27;[90m{}&amp#27;[39m
&amp#27;[38;5;77m[d4a1b95a]&amp#27;[0m&amp#27;[38;5;-183m[AndroidUiautomator2Driver@0804]&amp#27;[0m Calling AppiumDriver.getCurrentContext() with args: ["d4a1b95a-aaac-4a9c-a6c9-7729cd7256d5"]
&amp#27;[38;5;77m[d4a1b95a]&amp#27;[0m&amp#27;[38;5;-183m[AndroidUiautomator2Driver@0804]&amp#27;[0m Responding to client with driver.getCurrentContext() result: "NATIVE_APP"
&amp#27;[38;5;77m[d4a1b95a]&amp#27;[0m&amp#27;[38;5;86m[HTTP]&amp#27;[0m &amp#27;[37m<-- GET /session/d4a1b95a-aaac-4a9c-a6c9-7729cd7256d5/context &amp#27;[39m&amp#27;[32m200&amp#27;[39m &amp#27;[90m1 ms - 22&amp#27;[39m &amp#27;[90m&amp#27;[39m
&amp#27;[38;5;77m[d4a1b95a]&amp#27;[0m&amp#27;[38;5;86m[HTTP]&amp#27;[0m &amp#27;[37m-->&amp#27;[39m &amp#27;[37mPOST&amp#27;[39m &amp#27;[37m/session/d4a1b95a-aaac-4a9c-a6c9-7729cd7256d5/element&amp#27;[39m &amp#27;[90m{"value":"//android.widget.Button[@text='CLOSE']","using":"xpath"}&amp#27;[39m
&amp#27;[38;5;77m[d4a1b95a]&amp#27;[0m&amp#27;[38;5;-183m[AndroidUiautomator2Driver@0804]&amp#27;[0m Calling AppiumDriver.findElement() with args: ["xpath","//android.widget.Button[@text='CLOSE']","d4a1b95a-aaac-4a9c-a6c9-7729cd7256d5"]
&amp#27;[38;5;77m[d4a1b95a]&amp#27;[0m&amp#27;[38;5;-183m[AndroidUiautomator2Driver@0804]&amp#27;[0m Valid locator strategies for this request: xpath, id, class name, accessibility id, css selector, -android uiautomator
&amp#27;[38;5;77m[d4a1b95a]&amp#27;[0m&amp#27;[38;5;-183m[AndroidUiautomator2Driver@0804]&amp#27;[0m Waiting up to 10000 ms for condition
&amp#27;[38;5;77m[d4a1b95a]&amp#27;[0m&amp#27;[38;5;-183m[AndroidUiautomator2Driver@0804]&amp#27;[0m Matched '/element' to command name 'findElement'
&amp#27;[38;5;77m[d4a1b95a]&amp#27;[0m&amp#27;[38;5;-183m[AndroidUiautomator2Driver@0804]&amp#27;[0m Proxying [POST /element] to [POST http://127.0.0.1:8200/session/ccc822a8-3c70-4f89-80b4-4aed707196b0/element] with body: {"strategy":"xpath","selector":"//android.widget.Button[@text='CLOSE']","context":"","multiple":false}
&amp#27;[38;5;77m[d4a1b95a]&amp#27;[0m&amp#27;[38;5;-183m[AndroidUiautomator2Driver@0804]&amp#27;[0m Got response with status 200: {"sessionId":"ccc822a8-3c70-4f89-80b4-4aed707196b0","value":{"ELEMENT":"00000000-0000-0037-ffff-ffff000000a9","element-6066-11e4-a52e-4f735466cecf":"00000000-0000-0037-ffff-ffff000000a9"}}
&amp#27;[38;5;77m[d4a1b95a]&amp#27;[0m&amp#27;[38;5;-183m[AndroidUiautomator2Driver@0804]&amp#27;[0m Responding to client with driver.findElement() result: {"element-6066-11e4-a52e-4f735466cecf":"00000000-0000-0037-ffff-ffff000000a9","ELEMENT":"00000000-0000-0037-ffff-ffff000000a9"}
&amp#27;[38;5;77m[d4a1b95a]&amp#27;[0m&amp#27;[38;5;86m[HTTP]&amp#27;[0m &amp#27;[37m<-- POST /session/d4a1b95a-aaac-4a9c-a6c9-7729cd7256d5/element &amp#27;[39m&amp#27;[32m200&amp#27;[39m &amp#27;[90m25 ms - 137&amp#27;[39m &amp#27;[90m&amp#27;[39m
&amp#27;[38;5;77m[d4a1b95a]&amp#27;[0m&amp#27;[38;5;86m[HTTP]&amp#27;[0m &amp#27;[37m-->&amp#27;[39m &amp#27;[37mPOST&amp#27;[39m &amp#27;[37m/session/d4a1b95a-aaac-4a9c-a6c9-7729cd7256d5/element/00000000-0000-0037-ffff-ffff000000a9/click&amp#27;[39m &amp#27;[90m{"id":"00000000-0000-0037-ffff-ffff000000a9"}&amp#27;[39m
&amp#27;[38;5;77m[d4a1b95a]&amp#27;[0m&amp#27;[38;5;-183m[AndroidUiautomator2Driver@0804]&amp#27;[0m Calling AppiumDriver.click() with args: ["00000000-0000-0037-ffff-ffff000000a9","d4a1b95a-aaac-4a9c-a6c9-7729cd7256d5"]
&amp#27;[38;5;77m[d4a1b95a]&amp#27;[0m&amp#27;[38;5;-183m[AndroidUiautomator2Driver@0804]&amp#27;[0m Matched '/element/00000000-0000-0037-ffff-ffff000000a9/click' to command name 'click'
&amp#27;[38;5;77m[d4a1b95a]&amp#27;[0m&amp#27;[38;5;-183m[AndroidUiautomator2Driver@0804]&amp#27;[0m Proxying [POST /element/00000000-0000-0037-ffff-ffff000000a9/click] to [POST http://127.0.0.1:8200/session/ccc822a8-3c70-4f89-80b4-4aed707196b0/element/00000000-0000-0037-ffff-ffff000000a9/click] with body: {"element":"00000000-0000-0037-ffff-ffff000000a9"}
&amp#27;[38;5;77m[d4a1b95a]&amp#27;[0m&amp#27;[38;5;-183m[AndroidUiautomator2Driver@0804]&amp#27;[0m Got response with status 200: {"sessionId":"ccc822a8-3c70-4f89-80b4-4aed707196b0","value":null}
&amp#27;[38;5;77m[d4a1b95a]&amp#27;[0m&amp#27;[38;5;-183m[AndroidUiautomator2Driver@0804]&amp#27;[0m Responding to client with driver.click() result: null
&amp#27;[38;5;77m[d4a1b95a]&amp#27;[0m&amp#27;[38;5;86m[HTTP]&amp#27;[0m &amp#27;[37m<-- POST /session/d4a1b95a-aaac-4a9c-a6c9-7729cd7256d5/element/00000000-0000-0037-ffff-ffff000000a9/click &amp#27;[39m&amp#27;[32m200&amp#27;[39m &amp#27;[90m53 ms - 14&amp#27;[39m &amp#27;[90m&amp#27;[39m
&amp#27;[38;5;77m[d4a1b95a]&amp#27;[0m&amp#27;[38;5;86m[HTTP]&amp#27;[0m &amp#27;[37m-->&amp#27;[39m &amp#27;[37mGET&amp#27;[39m &amp#27;[37m/session/d4a1b95a-aaac-4a9c-a6c9-7729cd7256d5/context&amp#27;[39m &amp#27;[90m{}&amp#27;[39m
&amp#27;[38;5;77m[d4a1b95a]&amp#27;[0m&amp#27;[38;5;-183m[AndroidUiautomator2Driver@0804]&amp#27;[0m Calling AppiumDriver.getCurrentContext() with args: ["d4a1b95a-aaac-4a9c-a6c9-7729cd7256d5"]
&amp#27;[38;5;77m[d4a1b95a]&amp#27;[0m&amp#27;[38;5;-183m[AndroidUiautomator2Driver@0804]&amp#27;[0m Responding to client with driver.getCurrentContext() result: "NATIVE_APP"
&amp#27;[38;5;77m[d4a1b95a]&amp#27;[0m&amp#27;[38;5;86m[HTTP]&amp#27;[0m &amp#27;[37m<-- GET /session/d4a1b95a-aaac-4a9c-a6c9-7729cd7256d5/context &amp#27;[39m&amp#27;[32m200&amp#27;[39m &amp#27;[90m1 ms - 22&amp#27;[39m &amp#27;[90m&amp#27;[39m
&amp#27;[38;5;77m[d4a1b95a]&amp#27;[0m&amp#27;[38;5;86m[HTTP]&amp#27;[0m &amp#27;[37m-->&amp#27;[39m &amp#27;[37mPOST&amp#27;[39m &amp#27;[37m/session/d4a1b95a-aaac-4a9c-a6c9-7729cd7256d5/element&amp#27;[39m &amp#27;[90m{"value":"android.widget.CheckBox","using":"class name"}&amp#27;[39m
&amp#27;[38;5;77m[d4a1b95a]&amp#27;[0m&amp#27;[38;5;-183m[AndroidUiautomator2Driver@0804]&amp#27;[0m Calling AppiumDriver.findElement() with args: ["class name","android.widget.CheckBox","d4a1b95a-aaac-4a9c-a6c9-7729cd7256d5"]
&amp#27;[38;5;77m[d4a1b95a]&amp#27;[0m&amp#27;[38;5;-183m[AndroidUiautomator2Driver@0804]&amp#27;[0m Valid locator strategies for this request: xpath, id, class name, accessibility id, css selector, -android uiautomator
&amp#27;[38;5;77m[d4a1b95a]&amp#27;[0m&amp#27;[38;5;-183m[AndroidUiautomator2Driver@0804]&amp#27;[0m Waiting up to 10000 ms for condition
&amp#27;[38;5;77m[d4a1b95a]&amp#27;[0m&amp#27;[38;5;-183m[AndroidUiautomator2Driver@0804]&amp#27;[0m Matched '/element' to command name 'findElement'
&amp#27;[38;5;77m[d4a1b95a]&amp#27;[0m&amp#27;[38;5;-183m[AndroidUiautomator2Driver@0804]&amp#27;[0m Proxying [POST /element] to [POST http://127.0.0.1:8200/session/ccc822a8-3c70-4f89-80b4-4aed707196b0/element] with body: {"strategy":"class name","selector":"android.widget.CheckBox","context":"","multiple":false}
&amp#27;[38;5;77m[d4a1b95a]&amp#27;[0m&amp#27;[38;5;-183m[AndroidUiautomator2Driver@0804]&amp#27;[0m Got response with status 200: {"sessionId":"ccc822a8-3c70-4f89-80b4-4aed707196b0","value":{"ELEMENT":"00000000-0000-0036-ffff-ffff0000007b","element-6066-11e4-a52e-4f735466cecf":"00000000-0000-0036-ffff-ffff0000007b"}}
&amp#27;[38;5;77m[d4a1b95a]&amp#27;[0m&amp#27;[38;5;-183m[AndroidUiautomator2Driver@0804]&amp#27;[0m Responding to client with driver.findElement() result: {"element-6066-11e4-a52e-4f735466cecf":"00000000-0000-0036-ffff-ffff0000007b","ELEMENT":"00000000-0000-0036-ffff-ffff0000007b"}
&amp#27;[38;5;77m[d4a1b95a]&amp#27;[0m&amp#27;[38;5;86m[HTTP]&amp#27;[0m &amp#27;[37m<-- POST /session/d4a1b95a-aaac-4a9c-a6c9-7729cd7256d5/element &amp#27;[39m&amp#27;[32m200&amp#27;[39m &amp#27;[90m566 ms - 137&amp#27;[39m &amp#27;[90m&amp#27;[39m
&amp#27;[38;5;77m[d4a1b95a]&amp#27;[0m&amp#27;[38;5;86m[HTTP]&amp#27;[0m &amp#27;[37m-->&amp#27;[39m &amp#27;[37mPOST&amp#27;[39m &amp#27;[37m/session/d4a1b95a-aaac-4a9c-a6c9-7729cd7256d5/element/00000000-0000-0036-ffff-ffff0000007b/click&amp#27;[39m &amp#27;[90m{"id":"00000000-0000-0036-ffff-ffff0000007b"}&amp#27;[39m
&amp#27;[38;5;77m[d4a1b95a]&amp#27;[0m&amp#27;[38;5;-183m[AndroidUiautomator2Driver@0804]&amp#27;[0m Calling AppiumDriver.click() with args: ["00000000-0000-0036-ffff-ffff0000007b","d4a1b95a-aaac-4a9c-a6c9-7729cd7256d5"]
&amp#27;[38;5;77m[d4a1b95a]&amp#27;[0m&amp#27;[38;5;-183m[AndroidUiautomator2Driver@0804]&amp#27;[0m Matched '/element/00000000-0000-0036-ffff-ffff0000007b/click' to command name 'click'
&amp#27;[38;5;77m[d4a1b95a]&amp#27;[0m&amp#27;[38;5;-183m[AndroidUiautomator2Driver@0804]&amp#27;[0m Proxying [POST /element/00000000-0000-0036-ffff-ffff0000007b/click] to [POST http://127.0.0.1:8200/session/ccc822a8-3c70-4f89-80b4-4aed707196b0/element/00000000-0000-0036-ffff-ffff0000007b/click] with body: {"element":"00000000-0000-0036-ffff-ffff0000007b"}
&amp#27;[38;5;77m[d4a1b95a]&amp#27;[0m&amp#27;[38;5;-183m[AndroidUiautomator2Driver@0804]&amp#27;[0m Got response with status 200: {"sessionId":"ccc822a8-3c70-4f89-80b4-4aed707196b0","value":null}
&amp#27;[38;5;77m[d4a1b95a]&amp#27;[0m&amp#27;[38;5;-183m[AndroidUiautomator2Driver@0804]&amp#27;[0m Responding to client with driver.click() result: null
&amp#27;[38;5;77m[d4a1b95a]&amp#27;[0m&amp#27;[38;5;86m[HTTP]&amp#27;[0m &amp#27;[37m<-- POST /session/d4a1b95a-aaac-4a9c-a6c9-7729cd7256d5/element/00000000-0000-0036-ffff-ffff0000007b/click &amp#27;[39m&amp#27;[32m200&amp#27;[39m &amp#27;[90m55 ms - 14&amp#27;[39m &amp#27;[90m&amp#27;[39m
&amp#27;[38;5;77m[d4a1b95a]&amp#27;[0m&amp#27;[38;5;86m[HTTP]&amp#27;[0m &amp#27;[37m-->&amp#27;[39m &amp#27;[37mGET&amp#27;[39m &amp#27;[37m/session/d4a1b95a-aaac-4a9c-a6c9-7729cd7256d5/context&amp#27;[39m &amp#27;[90m{}&amp#27;[39m
&amp#27;[38;5;77m[d4a1b95a]&amp#27;[0m&amp#27;[38;5;-183m[AndroidUiautomator2Driver@0804]&amp#27;[0m Calling AppiumDriver.getCurrentContext() with args: ["d4a1b95a-aaac-4a9c-a6c9-7729cd7256d5"]
&amp#27;[38;5;77m[d4a1b95a]&amp#27;[0m&amp#27;[38;5;-183m[AndroidUiautomator2Driver@0804]&amp#27;[0m Responding to client with driver.getCurrentContext() result: "NATIVE_APP"
&amp#27;[38;5;77m[d4a1b95a]&amp#27;[0m&amp#27;[38;5;86m[HTTP]&amp#27;[0m &amp#27;[37m<-- GET /session/d4a1b95a-aaac-4a9c-a6c9-7729cd7256d5/context &amp#27;[39m&amp#27;[32m200&amp#27;[39m &amp#27;[90m2 ms - 22&amp#27;[39m &amp#27;[90m&amp#27;[39m
&amp#27;[38;5;77m[d4a1b95a]&amp#27;[0m&amp#27;[38;5;86m[HTTP]&amp#27;[0m &amp#27;[37m-->&amp#27;[39m &amp#27;[37mPOST&amp#27;[39m &amp#27;[37m/session/d4a1b95a-aaac-4a9c-a6c9-7729cd7256d5/element&amp#27;[39m &amp#27;[90m{"value":"//android.widget.Button[@text='Visit to the website to complete purchase']","using":"xpath"}&amp#27;[39m
&amp#27;[38;5;77m[d4a1b95a]&amp#27;[0m&amp#27;[38;5;-183m[AndroidUiautomator2Driver@0804]&amp#27;[0m Calling AppiumDriver.findElement() with args: ["xpath","//android.widget.Button[@text='Visit to the website to complete purchase']","d4a1b95a-aaac-4a9c-a6c9-7729cd7256d5"]
&amp#27;[38;5;77m[d4a1b95a]&amp#27;[0m&amp#27;[38;5;-183m[AndroidUiautomator2Driver@0804]&amp#27;[0m Valid locator strategies for this request: xpath, id, class name, accessibility id, css selector, -android uiautomator
&amp#27;[38;5;77m[d4a1b95a]&amp#27;[0m&amp#27;[38;5;-183m[AndroidUiautomator2Driver@0804]&amp#27;[0m Waiting up to 10000 ms for condition
&amp#27;[38;5;77m[d4a1b95a]&amp#27;[0m&amp#27;[38;5;-183m[AndroidUiautomator2Driver@0804]&amp#27;[0m Matched '/element' to command name 'findElement'
&amp#27;[38;5;77m[d4a1b95a]&amp#27;[0m&amp#27;[38;5;-183m[AndroidUiautomator2Driver@0804]&amp#27;[0m Proxying [POST /element] to [POST http://127.0.0.1:8200/session/ccc822a8-3c70-4f89-80b4-4aed707196b0/element] with body: {"strategy":"xpath","selector":"//android.widget.Button[@text='Visit to the website to complete purchase']","context":"","multiple":false}
&amp#27;[38;5;77m[d4a1b95a]&amp#27;[0m&amp#27;[38;5;-183m[AndroidUiautomator2Driver@0804]&amp#27;[0m Got response with status 200: {"sessionId":"ccc822a8-3c70-4f89-80b4-4aed707196b0","value":{"ELEMENT":"00000000-0000-0036-ffff-ffff0000007c","element-6066-11e4-a52e-4f735466cecf":"00000000-0000-0036-ffff-ffff0000007c"}}
&amp#27;[38;5;77m[d4a1b95a]&amp#27;[0m&amp#27;[38;5;-183m[AndroidUiautomator2Driver@0804]&amp#27;[0m Responding to client with driver.findElement() result: {"element-6066-11e4-a52e-4f735466cecf":"00000000-0000-0036-ffff-ffff0000007c","ELEMENT":"00000000-0000-0036-ffff-ffff0000007c"}
&amp#27;[38;5;77m[d4a1b95a]&amp#27;[0m&amp#27;[38;5;86m[HTTP]&amp#27;[0m &amp#27;[37m<-- POST /session/d4a1b95a-aaac-4a9c-a6c9-7729cd7256d5/element &amp#27;[39m&amp#27;[32m200&amp#27;[39m &amp#27;[90m609 ms - 137&amp#27;[39m &amp#27;[90m&amp#27;[39m
&amp#27;[38;5;77m[d4a1b95a]&amp#27;[0m&amp#27;[38;5;86m[HTTP]&amp#27;[0m &amp#27;[37m-->&amp#27;[39m &amp#27;[37mPOST&amp#27;[39m &amp#27;[37m/session/d4a1b95a-aaac-4a9c-a6c9-7729cd7256d5/element/00000000-0000-0036-ffff-ffff0000007c/click&amp#27;[39m &amp#27;[90m{"id":"00000000-0000-0036-ffff-ffff0000007c"}&amp#27;[39m
&amp#27;[38;5;77m[d4a1b95a]&amp#27;[0m&amp#27;[38;5;-183m[AndroidUiautomator2Driver@0804]&amp#27;[0m Calling AppiumDriver.click() with args: ["00000000-0000-0036-ffff-ffff0000007c","d4a1b95a-aaac-4a9c-a6c9-7729cd7256d5"]
&amp#27;[38;5;77m[d4a1b95a]&amp#27;[0m&amp#27;[38;5;-183m[AndroidUiautomator2Driver@0804]&amp#27;[0m Matched '/element/00000000-0000-0036-ffff-ffff0000007c/click' to command name 'click'
&amp#27;[38;5;77m[d4a1b95a]&amp#27;[0m&amp#27;[38;5;-183m[AndroidUiautomator2Driver@0804]&amp#27;[0m Proxying [POST /element/00000000-0000-0036-ffff-ffff0000007c/click] to [POST http://127.0.0.1:8200/session/ccc822a8-3c70-4f89-80b4-4aed707196b0/element/00000000-0000-0036-ffff-ffff0000007c/click] with body: {"element":"00000000-0000-0036-ffff-ffff0000007c"}
&amp#27;[38;5;77m[d4a1b95a]&amp#27;[0m&amp#27;[38;5;-183m[AndroidUiautomator2Driver@0804]&amp#27;[0m Got response with status 200: {"sessionId":"ccc822a8-3c70-4f89-80b4-4aed707196b0","value":null}
&amp#27;[38;5;77m[d4a1b95a]&amp#27;[0m&amp#27;[38;5;-183m[AndroidUiautomator2Driver@0804]&amp#27;[0m Responding to client with driver.click() result: null
&amp#27;[38;5;77m[d4a1b95a]&amp#27;[0m&amp#27;[38;5;86m[HTTP]&amp#27;[0m &amp#27;[37m<-- POST /session/d4a1b95a-aaac-4a9c-a6c9-7729cd7256d5/element/00000000-0000-0036-ffff-ffff0000007c/click &amp#27;[39m&amp#27;[32m200&amp#27;[39m &amp#27;[90m41 ms - 14&amp#27;[39m &amp#27;[90m&amp#27;[39m
]]></system-out>
    <system-err><![CDATA[SLF4J(W): No SLF4J providers were found.
SLF4J(W): Defaulting to no-operation (NOP) logger implementation
SLF4J(W): See https://www.slf4j.org/codes.html#noProviders for further details.
]]></system-err>
  </testcase>
  <testcase name="FormLogin_ErrorValidationFailedTest" classname="org.latiffsyed.tests.android.LoginFormValidationTest" time="11.734">
    <failure message="expected:&lt;Please enter your name&gt; but was:&lt;Please your name&gt;" type="java.lang.AssertionError"><![CDATA[java.lang.AssertionError: expected:<Please enter your name> but was:<Please your name>
	at org.testng.AssertJUnit.assertEquals(AssertJUnit.java:115)
	at org.testng.AssertJUnit.assertEquals(AssertJUnit.java:125)
	at org.latiffsyed.tests.android.LoginFormValidationTest.FormLogin_ErrorValidationFailedTest(LoginFormValidationTest.java:70)
	at java.base/jdk.internal.reflect.DirectMethodHandleAccessor.invoke(DirectMethodHandleAccessor.java:103)
	at java.base/java.lang.reflect.Method.invoke(Method.java:580)
	at org.testng.internal.invokers.MethodInvocationHelper.invokeMethod(MethodInvocationHelper.java:141)
	at org.testng.internal.invokers.TestInvoker.invokeMethod(TestInvoker.java:686)
	at org.testng.internal.invokers.TestInvoker.invokeTestMethod(TestInvoker.java:230)
	at org.testng.internal.invokers.MethodRunner.runInSequence(MethodRunner.java:63)
	at org.testng.internal.invokers.TestInvoker$MethodInvocationAgent.invoke(TestInvoker.java:992)
	at org.testng.internal.invokers.TestInvoker.invokeTestMethods(TestInvoker.java:203)
	at org.testng.internal.invokers.TestMethodWorker.invokeTestMethods(TestMethodWorker.java:154)
	at org.testng.internal.invokers.TestMethodWorker.run(TestMethodWorker.java:134)
	at java.base/java.util.ArrayList.forEach(ArrayList.java:1596)
	at org.testng.TestRunner.privateRun(TestRunner.java:739)
	at org.testng.TestRunner.run(TestRunner.java:614)
	at org.testng.SuiteRunner.runTest(SuiteRunner.java:421)
	at org.testng.SuiteRunner.runSequentially(SuiteRunner.java:413)
	at org.testng.SuiteRunner.privateRun(SuiteRunner.java:373)
	at org.testng.SuiteRunner.run(SuiteRunner.java:312)
	at org.testng.SuiteRunnerWorker.runSuite(SuiteRunnerWorker.java:52)
	at org.testng.SuiteRunnerWorker.run(SuiteRunnerWorker.java:95)
	at org.testng.TestNG.runSuitesSequentially(TestNG.java:1274)
	at org.testng.TestNG.runSuitesLocally(TestNG.java:1208)
	at org.testng.TestNG.runSuites(TestNG.java:1112)
	at org.testng.TestNG.run(TestNG.java:1079)
	at org.apache.maven.surefire.testng.TestNGExecutor.run(TestNGExecutor.java:308)
	at org.apache.maven.surefire.testng.TestNGXmlTestSuite.execute(TestNGXmlTestSuite.java:71)
	at org.apache.maven.surefire.testng.TestNGProvider.invoke(TestNGProvider.java:113)
	at org.apache.maven.surefire.booter.ForkedBooter.runSuitesInProcess(ForkedBooter.java:385)
	at org.apache.maven.surefire.booter.ForkedBooter.execute(ForkedBooter.java:162)
	at org.apache.maven.surefire.booter.ForkedBooter.run(ForkedBooter.java:507)
	at org.apache.maven.surefire.booter.ForkedBooter.main(ForkedBooter.java:495)
]]></failure>
    <system-out><![CDATA[&amp#27;[38;5;77m[d4a1b95a]&amp#27;[0m&amp#27;[38;5;86m[HTTP]&amp#27;[0m &amp#27;[37m-->&amp#27;[39m &amp#27;[37mDELETE&amp#27;[39m &amp#27;[37m/session/d4a1b95a-aaac-4a9c-a6c9-7729cd7256d5&amp#27;[39m &amp#27;[90m{}&amp#27;[39m
&amp#27;[38;5;77m[d4a1b95a]&amp#27;[0m&amp#27;[38;5;-183m[AndroidUiautomator2Driver@0804]&amp#27;[0m Calling AppiumDriver.deleteSession() with args: ["d4a1b95a-aaac-4a9c-a6c9-7729cd7256d5"]
&amp#27;[38;5;77m[d4a1b95a]&amp#27;[0m&amp#27;[38;5;159m[AppiumDriver@6f23]&amp#27;[0m Event 'quitSessionRequested' logged at 1753328977611 (23:49:37 GMT-0400 (Eastern Daylight Time))
&amp#27;[38;5;77m[d4a1b95a]&amp#27;[0m&amp#27;[38;5;159m[AppiumDriver@6f23]&amp#27;[0m Removing session d4a1b95a-aaac-4a9c-a6c9-7729cd7256d5 from our master session list
&amp#27;[38;5;77m[d4a1b95a]&amp#27;[0m&amp#27;[38;5;-183m[AndroidUiautomator2Driver@0804]&amp#27;[0m Deleting UiAutomator2 session
&amp#27;[38;5;77m[d4a1b95a]&amp#27;[0m&amp#27;[38;5;-183m[AndroidUiautomator2Driver@0804]&amp#27;[0m Deleting UiAutomator2 server session
&amp#27;[38;5;77m[d4a1b95a]&amp#27;[0m&amp#27;[38;5;-183m[AndroidUiautomator2Driver@0804]&amp#27;[0m Proxying [DELETE /] to [DELETE http://127.0.0.1:8200/session/ccc822a8-3c70-4f89-80b4-4aed707196b0] with no body
&amp#27;[38;5;77m[d4a1b95a]&amp#27;[0m&amp#27;[38;5;-183m[AndroidUiautomator2Driver@0804]&amp#27;[0m Got response with status 200: {"sessionId":"ccc822a8-3c70-4f89-80b4-4aed707196b0","value":null}
&amp#27;[38;5;77m[d4a1b95a]&amp#27;[0m&amp#27;[38;5;229m[ADB]&amp#27;[0m Getting IDs of all 'io.appium.uiautomator2.server' processes
&amp#27;[38;5;77m[d4a1b95a]&amp#27;[0m&amp#27;[38;5;229m[ADB]&amp#27;[0m Running '/Users/administrator/Library/Android/sdk/platform-tools/adb -P 5037 -s emulator-5554 shell 'pgrep --help; echo $?''
&amp#27;[38;5;77m[d4a1b95a]&amp#27;[0m&amp#27;[38;5;-183m[AndroidUiautomator2Driver@0804]&amp#27;[0m [Instrumentation] io.appium.uiautomator2.server.test.AppiumUiAutomator2Server:.
&amp#27;[38;5;77m[d4a1b95a]&amp#27;[0m&amp#27;[38;5;-183m[AndroidUiautomator2Driver@0804]&amp#27;[0m [Instrumentation] 
&amp#27;[38;5;77m[d4a1b95a]&amp#27;[0m&amp#27;[38;5;-183m[AndroidUiautomator2Driver@0804]&amp#27;[0m [Instrumentation] Time: 19.332
&amp#27;[38;5;77m[d4a1b95a]&amp#27;[0m&amp#27;[38;5;-183m[AndroidUiautomator2Driver@0804]&amp#27;[0m [Instrumentation] 
&amp#27;[38;5;77m[d4a1b95a]&amp#27;[0m&amp#27;[38;5;-183m[AndroidUiautomator2Driver@0804]&amp#27;[0m [Instrumentation] OK (1 test)
&amp#27;[38;5;77m[d4a1b95a]&amp#27;[0m&amp#27;[38;5;-183m[AndroidUiautomator2Driver@0804]&amp#27;[0m [Instrumentation] 
&amp#27;[38;5;77m[d4a1b95a]&amp#27;[0m&amp#27;[38;5;-183m[AndroidUiautomator2Driver@0804]&amp#27;[0m [Instrumentation] 
&amp#27;[38;5;77m[d4a1b95a]&amp#27;[0m&amp#27;[38;5;229m[ADB]&amp#27;[0m Running '/Users/administrator/Library/Android/sdk/platform-tools/adb -P 5037 -s emulator-5554 shell pgrep -f \(\[\[:blank:\]\]\|\^\)io\.appium\.uiautomator2\.server\(:\[a-zA-Z0-9_-\]\+\)\?\(\[\[:blank:\]\]\|\$\)'
&amp#27;[38;5;77m[d4a1b95a]&amp#27;[0m&amp#27;[38;5;-183m[AndroidUiautomator2Driver@0804]&amp#27;[0m [Instrumentation] The process has exited with code null, signal SIGTERM
&amp#27;[38;5;77m[d4a1b95a]&amp#27;[0m&amp#27;[38;5;229m[ADB]&amp#27;[0m Running '/Users/administrator/Library/Android/sdk/platform-tools/adb -P 5037 -s emulator-5554 shell am force-stop io.appium.uiautomator2.server'
&amp#27;[38;5;77m[d4a1b95a]&amp#27;[0m&amp#27;[38;5;229m[ADB]&amp#27;[0m Running '/Users/administrator/Library/Android/sdk/platform-tools/adb -P 5037 -s emulator-5554 shell am force-stop io.appium.uiautomator2.server.test'
&amp#27;[38;5;77m[d4a1b95a]&amp#27;[0m&amp#27;[38;5;229m[ADB]&amp#27;[0m Running '/Users/administrator/Library/Android/sdk/platform-tools/adb -P 5037 -s emulator-5554 shell dumpsys activity services io.appium.settings/.recorder.RecorderService'
&amp#27;[38;5;77m[d4a1b95a]&amp#27;[0m&amp#27;[38;5;229m[ADB]&amp#27;[0m Running '/Users/administrator/Library/Android/sdk/platform-tools/adb -P 5037 -s emulator-5554 shell am force-stop com.androidsample.generalstore'
&amp#27;[38;5;77m[d4a1b95a]&amp#27;[0m&amp#27;[38;5;229m[ADB]&amp#27;[0m Removing forwarded port socket connection: 8200 
&amp#27;[38;5;77m[d4a1b95a]&amp#27;[0m&amp#27;[38;5;229m[ADB]&amp#27;[0m Running '/Users/administrator/Library/Android/sdk/platform-tools/adb -P 5037 -s emulator-5554 forward --remove tcp:8200'
&amp#27;[38;5;77m[d4a1b95a]&amp#27;[0m&amp#27;[38;5;-183m[AndroidUiautomator2Driver@0804]&amp#27;[0m Restoring hidden api policy to the device default configuration
&amp#27;[38;5;77m[d4a1b95a]&amp#27;[0m&amp#27;[38;5;229m[ADB]&amp#27;[0m Running '/Users/administrator/Library/Android/sdk/platform-tools/adb -P 5037 -s emulator-5554 shell 'settings delete global hidden_api_policy_pre_p_apps;settings delete global hidden_api_policy_p_apps;settings delete global hidden_api_policy''
&amp#27;[38;5;77m[d4a1b95a]&amp#27;[0m&amp#27;[38;5;160m[Logcat]&amp#27;[0m Stopping logcat capture
&amp#27;[38;5;77m[d4a1b95a]&amp#27;[0m&amp#27;[38;5;159m[AppiumDriver@6f23]&amp#27;[0m Event 'quitSessionFinished' logged at 1753328977788 (23:49:37 GMT-0400 (Eastern Daylight Time))
&amp#27;[38;5;77m[d4a1b95a]&amp#27;[0m&amp#27;[38;5;159m[AppiumDriver@6f23]&amp#27;[0m Received response: null
&amp#27;[38;5;77m[d4a1b95a]&amp#27;[0m&amp#27;[38;5;159m[AppiumDriver@6f23]&amp#27;[0m But deleting session, so not returning
&amp#27;[38;5;77m[d4a1b95a]&amp#27;[0m&amp#27;[38;5;159m[AppiumDriver@6f23]&amp#27;[0m Responding to client with driver.deleteSession() result: null
&amp#27;[38;5;77m[d4a1b95a]&amp#27;[0m&amp#27;[38;5;86m[HTTP]&amp#27;[0m &amp#27;[37m<-- DELETE /session/d4a1b95a-aaac-4a9c-a6c9-7729cd7256d5 &amp#27;[39m&amp#27;[32m200&amp#27;[39m &amp#27;[90m178 ms - 14&amp#27;[39m &amp#27;[90m&amp#27;[39m
&amp#27;[38;5;112m[Appium]&amp#27;[0m Received SIGTERM - shutting down
&amp#27;[38;5;159m[AppiumDriver@6f23]&amp#27;[0m There are no active sessions for cleanup
&amp#27;[38;5;86m[HTTP]&amp#27;[0m Closing Appium HTTP server
&amp#27;[38;5;86m[HTTP]&amp#27;[0m Appium HTTP server has been successfully closed after 0ms
>>> TestNG Listener: onFinish()
>>> TestNG Listener: onStart()
127.0.0.1
&amp#27;[38;5;112m[Appium]&amp#27;[0m Welcome to Appium v2.19.0
&amp#27;[38;5;112m[Appium]&amp#27;[0m Non-default server args:
&amp#27;[38;5;112m[Appium]&amp#27;[0m { address: &amp#27;[32m'127.0.0.1'&amp#27;[39m }
&amp#27;[38;5;112m[Appium]&amp#27;[0m The autodetected Appium home path: /Users/administrator/.appium
&amp#27;[38;5;112m[Appium]&amp#27;[0m Attempting to load driver uiautomator2...
&amp#27;[38;5;112m[Appium]&amp#27;[0m Attempting to load driver xcuitest...
&amp#27;[38;5;112m[Appium]&amp#27;[0m Requiring driver at /Users/administrator/.appium/node_modules/appium-uiautomator2-driver/build/index.js
&amp#27;[38;5;112m[Appium]&amp#27;[0m Requiring driver at /Users/administrator/.appium/node_modules/appium-xcuitest-driver/build/index.js
&amp#27;[38;5;112m[Appium]&amp#27;[0m AndroidUiautomator2Driver has been successfully loaded in 0.291s
&amp#27;[38;5;112m[Appium]&amp#27;[0m XCUITestDriver has been successfully loaded in 0.616s
&amp#27;[38;5;112m[Appium]&amp#27;[0m Appium REST http interface listener started on http://127.0.0.1:4723
&amp#27;[38;5;112m[Appium]&amp#27;[0m Available drivers:
&amp#27;[38;5;112m[Appium]&amp#27;[0m   - uiautomator2@4.2.3 (automationName 'UiAutomator2')
&amp#27;[38;5;112m[Appium]&amp#27;[0m   - xcuitest@9.9.1 (automationName 'XCUITest')
&amp#27;[38;5;112m[Appium]&amp#27;[0m No plugins have been installed. Use the "appium plugin" command to install the one(s) you want to use.
&amp#27;[38;5;86m[HTTP]&amp#27;[0m &amp#27;[37m-->&amp#27;[39m &amp#27;[37mGET&amp#27;[39m &amp#27;[37m/status&amp#27;[39m &amp#27;[90m{}&amp#27;[39m
&amp#27;[38;5;38m[AppiumDriver@1ca5]&amp#27;[0m Calling AppiumDriver.getStatus() with args: []
&amp#27;[38;5;38m[AppiumDriver@1ca5]&amp#27;[0m Responding to client with driver.getStatus() result: {"ready":true,"message":"The server is ready to accept new connections","build":{"version":"2.19.0"}}
&amp#27;[38;5;86m[HTTP]&amp#27;[0m &amp#27;[37m<-- GET /status &amp#27;[39m&amp#27;[32m200&amp#27;[39m &amp#27;[90m5 ms - 111&amp#27;[39m &amp#27;[90m&amp#27;[39m
&amp#27;[38;5;86m[HTTP]&amp#27;[0m Request idempotency key: 902208e9-b474-41d4-b22b-6ae7ac88d28f
&amp#27;[38;5;86m[HTTP]&amp#27;[0m &amp#27;[37m-->&amp#27;[39m &amp#27;[37mPOST&amp#27;[39m &amp#27;[37m/session&amp#27;[39m &amp#27;[90m{"capabilities":{"firstMatch":[{"appium:chromedriverExecutable":"//Users//administrator//Documents//Chromedriver 138.0.7204.92//chromedriver-mac-x64//chromedriver","appium:deviceName":"LatiffPhone","platformName":"ANDROID","appium:automationName":"UIAutomator2","appium:app":"/Users/administrator/eclipse-workspace/AppiumFrameworkDesign//src//test//java//org//latiffsyed//resources//General-Store.apk"}]}}&amp#27;[39m
&amp#27;[38;5;38m[AppiumDriver@1ca5]&amp#27;[0m Calling AppiumDriver.createSession() with args: [null,null,{"firstMatch":[{"appium:chromedriverExecutable":"//Users//administrator//Documents//Chromedriver 138.0.7204.92//chromedriver-mac-x64//chromedriver","appium:deviceName":"LatiffPhone","platformName":"ANDROID","appium:automationName":"UIAutomator2","appium:app":"/Users/administrator/eclipse-workspace/AppiumFrameworkDesign//src//test//java//org//latiffsyed//resources//General-Store.apk"}]}]
&amp#27;[38;5;38m[AppiumDriver@1ca5]&amp#27;[0m Event 'newSessionRequested' logged at 1753328979217 (23:49:39 GMT-0400 (Eastern Daylight Time))
&amp#27;[38;5;112m[Appium]&amp#27;[0m Attempting to find matching driver for automationName 'UIAutomator2' and platformName 'ANDROID'
&amp#27;[38;5;112m[Appium]&amp#27;[0m The 'uiautomator2' driver was installed and matched caps.
&amp#27;[38;5;112m[Appium]&amp#27;[0m Will require it at /Users/administrator/.appium/node_modules/appium-uiautomator2-driver
&amp#27;[38;5;112m[Appium]&amp#27;[0m Requiring driver at /Users/administrator/.appium/node_modules/appium-uiautomator2-driver/build/index.js
&amp#27;[38;5;38m[AppiumDriver@1ca5]&amp#27;[0m Appium v2.19.0 creating new AndroidUiautomator2Driver (v4.2.3) session
&amp#27;[38;5;38m[AppiumDriver@1ca5]&amp#27;[0m Checking BaseDriver versions for Appium and AndroidUiautomator2Driver
&amp#27;[38;5;38m[AppiumDriver@1ca5]&amp#27;[0m Appium's BaseDriver version is 9.18.0
&amp#27;[38;5;38m[AppiumDriver@1ca5]&amp#27;[0m AndroidUiautomator2Driver's BaseDriver version is 9.18.0
&amp#27;[38;5;-150m[AndroidUiautomator2Driver@3ba1]&amp#27;[0m 
&amp#27;[38;5;-150m[AndroidUiautomator2Driver@3ba1]&amp#27;[0m Creating session with W3C capabilities: {
  "alwaysMatch": {
    "platformName": "ANDROID",
    "appium:chromedriverExecutable": "//Users//administrator//Documents//Chromedriver 138.0.7204.92//chromedriver-mac-x64//chromedriver",
    "appium:deviceName": "LatiffPhone",
    "appium:automationName": "UIAutomator2",
    "appium:app": "/Users/administrator/eclipse-workspace/AppiumFrameworkDesign//src//test//java//org//latiffsyed//resources//General-Store.apk"
  },
  "firstMatch": [
    {}
  ]
}
&amp#27;[38;5;66m[c5dffeeb]&amp#27;[0m&amp#27;[38;5;-150m[AndroidUiautomator2Driver@3ba1]&amp#27;[0m Session created with session id: c5dffeeb-4ddc-4168-8588-bad0cfb1f774
&amp#27;[38;5;66m[c5dffeeb]&amp#27;[0m&amp#27;[38;5;229m[ADB]&amp#27;[0m Found 3 'build-tools' folders under '/Users/administrator/Library/Android/sdk' (newest first):
&amp#27;[38;5;66m[c5dffeeb]&amp#27;[0m&amp#27;[38;5;229m[ADB]&amp#27;[0m     /Users/administrator/Library/Android/sdk/build-tools/36.0.0
&amp#27;[38;5;66m[c5dffeeb]&amp#27;[0m&amp#27;[38;5;229m[ADB]&amp#27;[0m     /Users/administrator/Library/Android/sdk/build-tools/35.0.1
&amp#27;[38;5;66m[c5dffeeb]&amp#27;[0m&amp#27;[38;5;229m[ADB]&amp#27;[0m     /Users/administrator/Library/Android/sdk/build-tools/35.0.0
&amp#27;[38;5;66m[c5dffeeb]&amp#27;[0m&amp#27;[38;5;229m[ADB]&amp#27;[0m Using 'adb' from '/Users/administrator/Library/Android/sdk/platform-tools/adb'
&amp#27;[38;5;66m[c5dffeeb]&amp#27;[0m&amp#27;[38;5;229m[ADB]&amp#27;[0m Running '/Users/administrator/Library/Android/sdk/platform-tools/adb -P 5037 start-server'
&amp#27;[38;5;66m[c5dffeeb]&amp#27;[0m&amp#27;[38;5;-150m[AndroidUiautomator2Driver@3ba1]&amp#27;[0m Retrieving device list
&amp#27;[38;5;66m[c5dffeeb]&amp#27;[0m&amp#27;[38;5;229m[ADB]&amp#27;[0m Trying to find connected Android devices
&amp#27;[38;5;66m[c5dffeeb]&amp#27;[0m&amp#27;[38;5;229m[ADB]&amp#27;[0m Getting connected devices
&amp#27;[38;5;66m[c5dffeeb]&amp#27;[0m&amp#27;[38;5;229m[ADB]&amp#27;[0m Connected devices: [{"udid":"emulator-5554","state":"device"}]
&amp#27;[38;5;66m[c5dffeeb]&amp#27;[0m&amp#27;[38;5;-150m[AndroidUiautomator2Driver@3ba1]&amp#27;[0m Using device: emulator-5554
&amp#27;[38;5;66m[c5dffeeb]&amp#27;[0m&amp#27;[38;5;229m[ADB]&amp#27;[0m Using 'adb' from '/Users/administrator/Library/Android/sdk/platform-tools/adb'
&amp#27;[38;5;66m[c5dffeeb]&amp#27;[0m&amp#27;[38;5;229m[ADB]&amp#27;[0m Running '/Users/administrator/Library/Android/sdk/platform-tools/adb -P 5037 start-server'
&amp#27;[38;5;66m[c5dffeeb]&amp#27;[0m&amp#27;[38;5;229m[ADB]&amp#27;[0m Setting device id to emulator-5554
&amp#27;[38;5;66m[c5dffeeb]&amp#27;[0m&amp#27;[38;5;123m[BaseDriver]&amp#27;[0m Using local app '/Users/administrator/eclipse-workspace/AppiumFrameworkDesign//src//test//java//org//latiffsyed//resources//General-Store.apk'
&amp#27;[38;5;66m[c5dffeeb]&amp#27;[0m&amp#27;[38;5;-150m[AndroidUiautomator2Driver@3ba1]&amp#27;[0m Checking whether app is actually present
&amp#27;[38;5;66m[c5dffeeb]&amp#27;[0m&amp#27;[38;5;229m[ADB]&amp#27;[0m Running '/Users/administrator/Library/Android/sdk/platform-tools/adb -P 5037 -s emulator-5554 shell getprop ro.build.version.sdk'
&amp#27;[38;5;66m[c5dffeeb]&amp#27;[0m&amp#27;[38;5;229m[ADB]&amp#27;[0m Current device property 'ro.build.version.sdk': 32
&amp#27;[38;5;66m[c5dffeeb]&amp#27;[0m&amp#27;[38;5;229m[ADB]&amp#27;[0m Getting device platform version
&amp#27;[38;5;66m[c5dffeeb]&amp#27;[0m&amp#27;[38;5;229m[ADB]&amp#27;[0m Running '/Users/administrator/Library/Android/sdk/platform-tools/adb -P 5037 -s emulator-5554 shell getprop ro.build.version.release'
&amp#27;[38;5;66m[c5dffeeb]&amp#27;[0m&amp#27;[38;5;229m[ADB]&amp#27;[0m Current device property 'ro.build.version.release': 12
&amp#27;[38;5;66m[c5dffeeb]&amp#27;[0m&amp#27;[38;5;229m[ADB]&amp#27;[0m Device API level: 32
&amp#27;[38;5;66m[c5dffeeb]&amp#27;[0m&amp#27;[38;5;-150m[AndroidUiautomator2Driver@3ba1]&amp#27;[0m Relaxing hidden api policy
&amp#27;[38;5;66m[c5dffeeb]&amp#27;[0m&amp#27;[38;5;229m[ADB]&amp#27;[0m Running '/Users/administrator/Library/Android/sdk/platform-tools/adb -P 5037 -s emulator-5554 shell 'settings put global hidden_api_policy_pre_p_apps 1;settings put global hidden_api_policy_p_apps 1;settings put global hidden_api_policy 1''
&amp#27;[38;5;66m[c5dffeeb]&amp#27;[0m&amp#27;[38;5;-150m[AndroidUiautomator2Driver@3ba1]&amp#27;[0m Parsing package and activity from the 'General-Store.apk' file manifest
&amp#27;[38;5;66m[c5dffeeb]&amp#27;[0m&amp#27;[38;5;229m[ADB]&amp#27;[0m Running '/Users/administrator/Library/Android/sdk/platform-tools/adb -P 5037 -s emulator-5554 wait-for-device'
&amp#27;[38;5;66m[c5dffeeb]&amp#27;[0m&amp#27;[38;5;229m[ADB]&amp#27;[0m Using 'aapt2' from '/Users/administrator/Library/Android/sdk/build-tools/36.0.0/aapt2'
&amp#27;[38;5;66m[c5dffeeb]&amp#27;[0m&amp#27;[38;5;229m[ADB]&amp#27;[0m Reading package manifest: '/Users/administrator/Library/Android/sdk/build-tools/36.0.0/aapt2 dump badging /Users/administrator/eclipse-workspace/AppiumFrameworkDesign//src//test//java//org//latiffsyed//resources//General-Store.apk'
&amp#27;[38;5;66m[c5dffeeb]&amp#27;[0m&amp#27;[38;5;229m[ADB]&amp#27;[0m Running '/Users/administrator/Library/Android/sdk/platform-tools/adb -P 5037 -s emulator-5554 shell echo ping'
&amp#27;[38;5;66m[c5dffeeb]&amp#27;[0m&amp#27;[38;5;-150m[AndroidUiautomator2Driver@3ba1]&amp#27;[0m Pushing settings apk to the device...
&amp#27;[38;5;66m[c5dffeeb]&amp#27;[0m&amp#27;[38;5;229m[ADB]&amp#27;[0m Getting package info for 'io.appium.settings'
&amp#27;[38;5;66m[c5dffeeb]&amp#27;[0m&amp#27;[38;5;229m[ADB]&amp#27;[0m Running '/Users/administrator/Library/Android/sdk/platform-tools/adb -P 5037 -s emulator-5554 shell dumpsys package io.appium.settings'
&amp#27;[38;5;66m[c5dffeeb]&amp#27;[0m&amp#27;[38;5;229m[ADB]&amp#27;[0m Package name: 'com.androidsample.generalstore'
&amp#27;[38;5;66m[c5dffeeb]&amp#27;[0m&amp#27;[38;5;229m[ADB]&amp#27;[0m Main activity name: 'com.androidsample.generalstore.SplashActivity'
&amp#27;[38;5;66m[c5dffeeb]&amp#27;[0m&amp#27;[38;5;-150m[AndroidUiautomator2Driver@3ba1]&amp#27;[0m Resolved launch package -> activity: com.androidsample.generalstore -> com.androidsample.generalstore.SplashActivity
&amp#27;[38;5;66m[c5dffeeb]&amp#27;[0m&amp#27;[38;5;-150m[AndroidUiautomator2Driver@3ba1]&amp#27;[0m Resolved wait package -> activity: com.androidsample.generalstore -> com.androidsample.generalstore.SplashActivity
&amp#27;[38;5;66m[c5dffeeb]&amp#27;[0m&amp#27;[38;5;229m[ADB]&amp#27;[0m Reading package manifest: '/Users/administrator/Library/Android/sdk/build-tools/36.0.0/aapt2 dump badging /Users/administrator/.appium/node_modules/appium-uiautomator2-driver/node_modules/io.appium.settings/apks/settings_apk-debug.apk'
&amp#27;[38;5;66m[c5dffeeb]&amp#27;[0m&amp#27;[38;5;229m[ADB]&amp#27;[0m The version name of the installed 'io.appium.settings' is greater or equal to the application version name ('5.14.8' >= '5.14.8')
&amp#27;[38;5;66m[c5dffeeb]&amp#27;[0m&amp#27;[38;5;229m[ADB]&amp#27;[0m There is no need to install/upgrade '/Users/administrator/.appium/node_modules/appium-uiautomator2-driver/node_modules/io.appium.settings/apks/settings_apk-debug.apk'
&amp#27;[38;5;66m[c5dffeeb]&amp#27;[0m&amp#27;[38;5;229m[ADB]&amp#27;[0m Running '/Users/administrator/Library/Android/sdk/platform-tools/adb -P 5037 -s emulator-5554 shell dumpsys activity services io.appium.settings'
&amp#27;[38;5;66m[c5dffeeb]&amp#27;[0m&amp#27;[38;5;-150m[AndroidUiautomator2Driver@3ba1]&amp#27;[0m io.appium.settings is already running. There is no need to reset its permissions.
&amp#27;[38;5;66m[c5dffeeb]&amp#27;[0m&amp#27;[38;5;160m[Logcat]&amp#27;[0m Starting logs capture with command: /Users/administrator/Library/Android/sdk/platform-tools/adb -P 5037 -s emulator-5554 logcat -v threadtime
&amp#27;[38;5;66m[c5dffeeb]&amp#27;[0m&amp#27;[38;5;-150m[AndroidUiautomator2Driver@3ba1]&amp#27;[0m Forwarding UiAutomator2 Server port 6790 to local port 8200
&amp#27;[38;5;66m[c5dffeeb]&amp#27;[0m&amp#27;[38;5;229m[ADB]&amp#27;[0m Forwarding system: 8200 to device: 6790
&amp#27;[38;5;66m[c5dffeeb]&amp#27;[0m&amp#27;[38;5;229m[ADB]&amp#27;[0m Running '/Users/administrator/Library/Android/sdk/platform-tools/adb -P 5037 -s emulator-5554 forward tcp:8200 tcp:6790'
&amp#27;[38;5;66m[c5dffeeb]&amp#27;[0m&amp#27;[38;5;-150m[AndroidUiautomator2Driver@3ba1]&amp#27;[0m UIA2Proxy options: {"server":"127.0.0.1","port":8200,"keepAlive":true,"scheme":"http","base":"","reqBasePath":"","sessionId":null,"timeout":240000}
&amp#27;[38;5;66m[c5dffeeb]&amp#27;[0m&amp#27;[38;5;229m[ADB]&amp#27;[0m Getting package info for 'io.appium.uiautomator2.server'
&amp#27;[38;5;66m[c5dffeeb]&amp#27;[0m&amp#27;[38;5;229m[ADB]&amp#27;[0m Running '/Users/administrator/Library/Android/sdk/platform-tools/adb -P 5037 -s emulator-5554 shell dumpsys package io.appium.uiautomator2.server'
&amp#27;[38;5;66m[c5dffeeb]&amp#27;[0m&amp#27;[38;5;229m[ADB]&amp#27;[0m Getting install status for io.appium.uiautomator2.server.test
&amp#27;[38;5;66m[c5dffeeb]&amp#27;[0m&amp#27;[38;5;229m[ADB]&amp#27;[0m Checking app cert for /Users/administrator/eclipse-workspace/AppiumFrameworkDesign//src//test//java//org//latiffsyed//resources//General-Store.apk
&amp#27;[38;5;66m[c5dffeeb]&amp#27;[0m&amp#27;[38;5;229m[ADB]&amp#27;[0m Running '/Users/administrator/Library/Android/sdk/platform-tools/adb -P 5037 -s emulator-5554 shell cmd package list packages'
&amp#27;[38;5;66m[c5dffeeb]&amp#27;[0m&amp#27;[38;5;229m[ADB]&amp#27;[0m Using 'apksigner.jar' from '/Users/administrator/Library/Android/sdk/build-tools/36.0.0/lib/apksigner.jar'
&amp#27;[38;5;66m[c5dffeeb]&amp#27;[0m&amp#27;[38;5;229m[ADB]&amp#27;[0m Starting apksigner: /Library/Java/JavaVirtualMachines/jdk-21.jdk/Contents/Home/bin/java -Xmx1024M -Xss1m -jar /Users/administrator/Library/Android/sdk/build-tools/36.0.0/lib/apksigner.jar verify --print-certs /Users/administrator/eclipse-workspace/AppiumFrameworkDesign//src//test//java//org//latiffsyed//resources//General-Store.apk
&amp#27;[38;5;66m[c5dffeeb]&amp#27;[0m&amp#27;[38;5;229m[ADB]&amp#27;[0m 'io.appium.uiautomator2.server.test' is installed
&amp#27;[38;5;66m[c5dffeeb]&amp#27;[0m&amp#27;[38;5;229m[ADB]&amp#27;[0m Reading package manifest: '/Users/administrator/Library/Android/sdk/build-tools/36.0.0/aapt2 dump badging /Users/administrator/.appium/node_modules/appium-uiautomator2-driver/node_modules/appium-uiautomator2-server/apks/appium-uiautomator2-server-v7.5.2.apk'
&amp#27;[38;5;66m[c5dffeeb]&amp#27;[0m&amp#27;[38;5;229m[ADB]&amp#27;[0m The version name of the installed 'io.appium.uiautomator2.server' is greater or equal to the application version name ('7.5.2' >= '7.5.2')
&amp#27;[38;5;66m[c5dffeeb]&amp#27;[0m&amp#27;[38;5;-150m[AndroidUiautomator2Driver@3ba1]&amp#27;[0m Server packages status: [{"installState":"sameVersionInstalled","appPath":"/Users/administrator/.appium/node_modules/appium-uiautomator2-driver/node_modules/appium-uiautomator2-server/apks/appium-uiautomator2-server-v7.5.2.apk","appId":"io.appium.uiautomator2.server"},{"installState":"sameVersionInstalled","appPath":"/Users/administrator/.appium/node_modules/appium-uiautomator2-driver/node_modules/appium-uiautomator2-server/apks/appium-uiautomator2-server-debug-androidTest.apk","appId":"io.appium.uiautomator2.server.test"}]
&amp#27;[38;5;66m[c5dffeeb]&amp#27;[0m&amp#27;[38;5;-150m[AndroidUiautomator2Driver@3ba1]&amp#27;[0m Server packages are not going to be (re)installed
&amp#27;[38;5;66m[c5dffeeb]&amp#27;[0m&amp#27;[38;5;-150m[AndroidUiautomator2Driver@3ba1]&amp#27;[0m Waiting up to 30000ms for services to be available
&amp#27;[38;5;66m[c5dffeeb]&amp#27;[0m&amp#27;[38;5;229m[ADB]&amp#27;[0m Running '/Users/administrator/Library/Android/sdk/platform-tools/adb -P 5037 -s emulator-5554 shell pm list instrumentation'
&amp#27;[38;5;66m[c5dffeeb]&amp#27;[0m&amp#27;[38;5;-150m[AndroidUiautomator2Driver@3ba1]&amp#27;[0m Instrumentation target 'io.appium.uiautomator2.server.test/androidx.test.runner.AndroidJUnitRunner' is available
&amp#27;[38;5;66m[c5dffeeb]&amp#27;[0m&amp#27;[38;5;229m[ADB]&amp#27;[0m Adding packages ["io.appium.settings","io.appium.uiautomator2.server","io.appium.uiautomator2.server.test"] to Doze whitelist
&amp#27;[38;5;66m[c5dffeeb]&amp#27;[0m&amp#27;[38;5;229m[ADB]&amp#27;[0m Got the following command chunks to execute: [["dumpsys","deviceidle","whitelist","+io.appium.settings",";","dumpsys","deviceidle","whitelist","+io.appium.uiautomator2.server",";","dumpsys","deviceidle","whitelist","+io.appium.uiautomator2.server.test",";"]]
&amp#27;[38;5;66m[c5dffeeb]&amp#27;[0m&amp#27;[38;5;229m[ADB]&amp#27;[0m Running '/Users/administrator/Library/Android/sdk/platform-tools/adb -P 5037 -s emulator-5554 shell dumpsys deviceidle whitelist +io.appium.settings ; dumpsys deviceidle whitelist +io.appium.uiautomator2.server ; dumpsys deviceidle whitelist +io.appium.uiautomator2.server.test ;'
&amp#27;[38;5;66m[c5dffeeb]&amp#27;[0m&amp#27;[38;5;229m[ADB]&amp#27;[0m apksigner stdout: Signer #1 certificate DN: EMAILADDRESS=android@android.com, CN=Android, OU=Android, O=Android, L=Mountain View, ST=California, C=US
Signer #1 certificate SHA-256 digest: a40da80a59d170caa950cf15c18c454d47a39b26989d8b640ecd745ba71bf5dc
Signer #1 certificate SHA-1 digest: 61ed377e85d386a8dfee6b864bd85b0bfaa5af81
Signer #1 certificate MD5 digest: e89b158e4bcf988ebd09eb83f5378e87

&amp#27;[38;5;66m[c5dffeeb]&amp#27;[0m&amp#27;[38;5;229m[ADB]&amp#27;[0m sha256 hash did match for 'General-Store.apk'
&amp#27;[38;5;66m[c5dffeeb]&amp#27;[0m&amp#27;[38;5;229m[ADB]&amp#27;[0m '/Users/administrator/eclipse-workspace/AppiumFrameworkDesign//src//test//java//org//latiffsyed//resources//General-Store.apk' is signed with the default certificate
&amp#27;[38;5;66m[c5dffeeb]&amp#27;[0m&amp#27;[38;5;229m[ADB]&amp#27;[0m Getting package info for 'com.androidsample.generalstore'
&amp#27;[38;5;66m[c5dffeeb]&amp#27;[0m&amp#27;[38;5;229m[ADB]&amp#27;[0m Running '/Users/administrator/Library/Android/sdk/platform-tools/adb -P 5037 -s emulator-5554 shell dumpsys package com.androidsample.generalstore'
&amp#27;[38;5;66m[c5dffeeb]&amp#27;[0m&amp#27;[38;5;229m[ADB]&amp#27;[0m Reading package manifest: '/Users/administrator/Library/Android/sdk/build-tools/36.0.0/aapt2 dump badging /Users/administrator/eclipse-workspace/AppiumFrameworkDesign//src//test//java//org//latiffsyed//resources//General-Store.apk'
&amp#27;[38;5;66m[c5dffeeb]&amp#27;[0m&amp#27;[38;5;229m[ADB]&amp#27;[0m The version name of the installed 'com.androidsample.generalstore' is greater or equal to the application version name ('1.0.0' >= '1.0.0')
&amp#27;[38;5;66m[c5dffeeb]&amp#27;[0m&amp#27;[38;5;229m[ADB]&amp#27;[0m There is no need to install/upgrade '/Users/administrator/eclipse-workspace/AppiumFrameworkDesign//src//test//java//org//latiffsyed//resources//General-Store.apk'
&amp#27;[38;5;66m[c5dffeeb]&amp#27;[0m&amp#27;[38;5;-150m[AndroidUiautomator2Driver@3ba1]&amp#27;[0m Performing fast reset on 'com.androidsample.generalstore'
&amp#27;[38;5;66m[c5dffeeb]&amp#27;[0m&amp#27;[38;5;229m[ADB]&amp#27;[0m Getting install status for com.androidsample.generalstore
&amp#27;[38;5;66m[c5dffeeb]&amp#27;[0m&amp#27;[38;5;229m[ADB]&amp#27;[0m Running '/Users/administrator/Library/Android/sdk/platform-tools/adb -P 5037 -s emulator-5554 shell cmd package list packages'
&amp#27;[38;5;66m[c5dffeeb]&amp#27;[0m&amp#27;[38;5;229m[ADB]&amp#27;[0m 'com.androidsample.generalstore' is installed
&amp#27;[38;5;66m[c5dffeeb]&amp#27;[0m&amp#27;[38;5;229m[ADB]&amp#27;[0m Running '/Users/administrator/Library/Android/sdk/platform-tools/adb -P 5037 -s emulator-5554 shell am force-stop com.androidsample.generalstore'
&amp#27;[38;5;66m[c5dffeeb]&amp#27;[0m&amp#27;[38;5;229m[ADB]&amp#27;[0m Running '/Users/administrator/Library/Android/sdk/platform-tools/adb -P 5037 -s emulator-5554 shell pm clear com.androidsample.generalstore'
&amp#27;[38;5;66m[c5dffeeb]&amp#27;[0m&amp#27;[38;5;-150m[AndroidUiautomator2Driver@3ba1]&amp#27;[0m Performed fast reset on the installed 'com.androidsample.generalstore' application (stop and clear)
&amp#27;[38;5;66m[c5dffeeb]&amp#27;[0m&amp#27;[38;5;-150m[AndroidUiautomator2Driver@3ba1]&amp#27;[0m Performing shallow cleanup of automation leftovers
&amp#27;[38;5;66m[c5dffeeb]&amp#27;[0m&amp#27;[38;5;-150m[AndroidUiautomator2Driver@3ba1]&amp#27;[0m No obsolete sessions have been detected (socket hang up)
&amp#27;[38;5;66m[c5dffeeb]&amp#27;[0m&amp#27;[38;5;229m[ADB]&amp#27;[0m Running '/Users/administrator/Library/Android/sdk/platform-tools/adb -P 5037 -s emulator-5554 shell am force-stop io.appium.uiautomator2.server'
&amp#27;[38;5;66m[c5dffeeb]&amp#27;[0m&amp#27;[38;5;229m[ADB]&amp#27;[0m Running '/Users/administrator/Library/Android/sdk/platform-tools/adb -P 5037 -s emulator-5554 shell am force-stop io.appium.uiautomator2.server.test'
&amp#27;[38;5;66m[c5dffeeb]&amp#27;[0m&amp#27;[38;5;-150m[AndroidUiautomator2Driver@3ba1]&amp#27;[0m Starting UIAutomator2 server 7.5.2
&amp#27;[38;5;66m[c5dffeeb]&amp#27;[0m&amp#27;[38;5;-150m[AndroidUiautomator2Driver@3ba1]&amp#27;[0m Using UIAutomator2 server from '/Users/administrator/.appium/node_modules/appium-uiautomator2-driver/node_modules/appium-uiautomator2-server/apks/appium-uiautomator2-server-v7.5.2.apk' and test from '/Users/administrator/.appium/node_modules/appium-uiautomator2-driver/node_modules/appium-uiautomator2-server/apks/appium-uiautomator2-server-debug-androidTest.apk'
&amp#27;[38;5;66m[c5dffeeb]&amp#27;[0m&amp#27;[38;5;-150m[AndroidUiautomator2Driver@3ba1]&amp#27;[0m Waiting up to 30000ms for UiAutomator2 to be online...
&amp#27;[38;5;66m[c5dffeeb]&amp#27;[0m&amp#27;[38;5;229m[ADB]&amp#27;[0m Creating ADB subprocess with args: ["-P","5037","-s","emulator-5554","shell","am","instrument","-w","-e","disableAnalytics","true","io.appium.uiautomator2.server.test/androidx.test.runner.AndroidJUnitRunner"]
&amp#27;[38;5;66m[c5dffeeb]&amp#27;[0m&amp#27;[38;5;-150m[AndroidUiautomator2Driver@3ba1]&amp#27;[0m Matched '/status' to command name 'getStatus'
&amp#27;[38;5;66m[c5dffeeb]&amp#27;[0m&amp#27;[38;5;-150m[AndroidUiautomator2Driver@3ba1]&amp#27;[0m Proxying [GET /status] to [GET http://127.0.0.1:8200/status] with no body
&amp#27;[38;5;66m[c5dffeeb]&amp#27;[0m&amp#27;[38;5;-150m[AndroidUiautomator2Driver@3ba1]&amp#27;[0m socket hang up
&amp#27;[38;5;66m[c5dffeeb]&amp#27;[0m&amp#27;[38;5;-150m[AndroidUiautomator2Driver@3ba1]&amp#27;[0m [Instrumentation] 
&amp#27;[38;5;66m[c5dffeeb]&amp#27;[0m&amp#27;[38;5;-150m[AndroidUiautomator2Driver@3ba1]&amp#27;[0m Matched '/status' to command name 'getStatus'
&amp#27;[38;5;66m[c5dffeeb]&amp#27;[0m&amp#27;[38;5;-150m[AndroidUiautomator2Driver@3ba1]&amp#27;[0m Proxying [GET /status] to [GET http://127.0.0.1:8200/status] with no body
&amp#27;[38;5;66m[c5dffeeb]&amp#27;[0m&amp#27;[38;5;-150m[AndroidUiautomator2Driver@3ba1]&amp#27;[0m Got response with status 200: {"sessionId":"None","value":{"message":"UiAutomator2 Server is ready to accept commands","ready":true}}
&amp#27;[38;5;66m[c5dffeeb]&amp#27;[0m&amp#27;[38;5;-150m[AndroidUiautomator2Driver@3ba1]&amp#27;[0m The initialization of the instrumentation process took 1058ms
&amp#27;[38;5;66m[c5dffeeb]&amp#27;[0m&amp#27;[38;5;-150m[AndroidUiautomator2Driver@3ba1]&amp#27;[0m Matched '/session' to command name 'createSession'
&amp#27;[38;5;66m[c5dffeeb]&amp#27;[0m&amp#27;[38;5;-150m[AndroidUiautomator2Driver@3ba1]&amp#27;[0m Proxying [POST /session] to [POST http://127.0.0.1:8200/session] with body: {"capabilities":{"firstMatch":[{"platformName":"ANDROID","chromedriverExecutable":"//Users//administrator//Documents//Chromedriver 138.0.7204.92//chromedriver-mac-x64//chromedriver","deviceName":"emulator-5554","automationName":"UIAutomator2","app":"/Users/administrator/eclipse-workspace/AppiumFrameworkDesign//src//test//java//org//latiffsyed//resources//General-Store.apk","platform":"LINUX","webStorageEnabled":false,"takesScreenshot":true,"javascriptEnabled":true,"databaseEnabled":false,"networkConnectionEnabled":true,"locationContextEnabled":false,"warnings":{},"desired":{"platformName":"ANDROID","chromedriverExecutable":"//Users//administrator//Documents//Chromedriver 138.0.7204.92//chromedriver-mac-x64//chromedriver","deviceName":"LatiffPhone","automationName":"UIAutomator2","app":"/Users/administrator/eclipse-workspace/AppiumFrameworkDesign//src//test//java//org//latiffsyed//resources//General-Store.apk"},"deviceUDID":"emulator-5554","appPackage":"com.androidsample.generalstore","appActivity":"com.and...
&amp#27;[38;5;66m[c5dffeeb]&amp#27;[0m&amp#27;[38;5;-150m[AndroidUiautomator2Driver@3ba1]&amp#27;[0m Got response with status 200: {"sessionId":"3f23cf38-c563-4e1f-b3fd-c48e482a31ec","value":{"capabilities":{"firstMatch":[{"platformName":"ANDROID","chromedriverExecutable":"//Users//administrator//Documents//Chromedriver 138.0.7204.92//chromedriver-mac-x64//chromedriver","deviceName":"emulator-5554","automationName":"UIAutomator2","app":"/Users/administrator/eclipse-workspace/AppiumFrameworkDesign//src//test//java//org//latiffsyed//resources//General-Store.apk","platform":"LINUX","webStorageEnabled":false,"takesScreenshot":true,"javascriptEnabled":true,"databaseEnabled":false,"networkConnectionEnabled":true,"locationContextEnabled":false,"warnings":{},"desired":{"platformName":"ANDROID","chromedriverExecutable":"//Users//administrator//Documents//Chromedriver 138.0.7204.92//chromedriver-mac-x64//chromedriver","deviceName":"LatiffPhone","automationName":"UIAutomator2","app":"/Users/administrator/eclipse-workspace/AppiumFrameworkDesign//src//test//java//org//latiffsyed//resources//General-Store.apk"},"deviceUDID":"emulator-5554","appPack...
&amp#27;[38;5;66m[c5dffeeb]&amp#27;[0m&amp#27;[38;5;-150m[AndroidUiautomator2Driver@3ba1]&amp#27;[0m Determined the downstream protocol as 'W3C'
&amp#27;[38;5;66m[c5dffeeb]&amp#27;[0m&amp#27;[38;5;-150m[AndroidUiautomator2Driver@3ba1]&amp#27;[0m Proxying [GET /appium/device/pixel_ratio] to [GET http://127.0.0.1:8200/session/3f23cf38-c563-4e1f-b3fd-c48e482a31ec/appium/device/pixel_ratio] with no body
&amp#27;[38;5;66m[c5dffeeb]&amp#27;[0m&amp#27;[38;5;-150m[AndroidUiautomator2Driver@3ba1]&amp#27;[0m Matched '/appium/device/system_bars' to command name 'getSystemBars'
&amp#27;[38;5;66m[c5dffeeb]&amp#27;[0m&amp#27;[38;5;-150m[AndroidUiautomator2Driver@3ba1]&amp#27;[0m Proxying [GET /appium/device/system_bars] to [GET http://127.0.0.1:8200/session/3f23cf38-c563-4e1f-b3fd-c48e482a31ec/appium/device/system_bars] with no body
&amp#27;[38;5;66m[c5dffeeb]&amp#27;[0m&amp#27;[38;5;-150m[AndroidUiautomator2Driver@3ba1]&amp#27;[0m Matched '/window/current/size' to command name 'getWindowSize'
&amp#27;[38;5;66m[c5dffeeb]&amp#27;[0m&amp#27;[38;5;-150m[AndroidUiautomator2Driver@3ba1]&amp#27;[0m Proxying [GET /window/current/size] to [GET http://127.0.0.1:8200/session/3f23cf38-c563-4e1f-b3fd-c48e482a31ec/window/current/size] with no body
&amp#27;[38;5;66m[c5dffeeb]&amp#27;[0m&amp#27;[38;5;-150m[AndroidUiautomator2Driver@3ba1]&amp#27;[0m Proxying [GET /appium/device/info] to [GET http://127.0.0.1:8200/session/3f23cf38-c563-4e1f-b3fd-c48e482a31ec/appium/device/info] with no body
&amp#27;[38;5;66m[c5dffeeb]&amp#27;[0m&amp#27;[38;5;229m[ADB]&amp#27;[0m Running '/Users/administrator/Library/Android/sdk/platform-tools/adb -P 5037 -s emulator-5554 shell dumpsys window'
&amp#27;[38;5;66m[c5dffeeb]&amp#27;[0m&amp#27;[38;5;229m[ADB]&amp#27;[0m Running '/Users/administrator/Library/Android/sdk/platform-tools/adb -P 5037 -s emulator-5554 shell dumpsys power'
&amp#27;[38;5;66m[c5dffeeb]&amp#27;[0m&amp#27;[38;5;-150m[AndroidUiautomator2Driver@3ba1]&amp#27;[0m Got response with status 200: {"sessionId":"3f23cf38-c563-4e1f-b3fd-c48e482a31ec","value":2.75}
&amp#27;[38;5;66m[c5dffeeb]&amp#27;[0m&amp#27;[38;5;-150m[AndroidUiautomator2Driver@3ba1]&amp#27;[0m Got response with status 200: {"sessionId":"3f23cf38-c563-4e1f-b3fd-c48e482a31ec","value":{"statusBar":66}}
&amp#27;[38;5;66m[c5dffeeb]&amp#27;[0m&amp#27;[38;5;-150m[AndroidUiautomator2Driver@3ba1]&amp#27;[0m Got response with status 200: {"sessionId":"3f23cf38-c563-4e1f-b3fd-c48e482a31ec","value":{"height":2220,"width":1080}}
&amp#27;[38;5;66m[c5dffeeb]&amp#27;[0m&amp#27;[38;5;-150m[AndroidUiautomator2Driver@3ba1]&amp#27;[0m Got response with status 200: {"sessionId":"3f23cf38-c563-4e1f-b3fd-c48e482a31ec","value":{"androidId":"5f96aaf4fe72de32","apiVersion":"32","bluetooth":{"state":"ON"},"brand":"google","carrierName":"T-Mobile","displayDensity":440,"locale":"en_US","manufacturer":"Google","model":"sdk_gphone64_arm64","networks":[{"capabilities":{"SSID":null,"linkDownBandwidthKbps":4300,"linkUpstreamBandwidthKbps":1800,"networkCapabilities":"NET_CAPABILITY_MMS,NET_CAPABILITY_SUPL,NET_CAPABILITY_DUN,NET_CAPABILITY_FOTA,NET_CAPABILITY_IMS,NET_CAPABILITY_CBS,NET_CAPABILITY_INTERNET,NET_CAPABILITY_NOT_RESTRICTED,NET_CAPABILITY_TRUSTED,NET_CAPABILITY_NOT_VPN,NET_CAPABILITY_VALIDATED,NET_CAPABILITY_NOT_ROAMING,NET_CAPABILITY_NOT_CONGESTED,NET_CAPABILITY_NOT_SUSPENDED","signalStrength":-2147483648,"transportTypes":"TRANSPORT_CELLULAR"},"detailedState":"CONNECTED","extraInfo":"epc.tmobile.com","isAvailable":true,"isConnected":true,"isFailover":false,"isRoaming":false,"state":"CONNECTED","subtype":10,"subtypeName":"HSPA","type":0,"typeName":"MOBILE"},{"capabilitie...
&amp#27;[38;5;66m[c5dffeeb]&amp#27;[0m&amp#27;[38;5;-150m[AndroidUiautomator2Driver@3ba1]&amp#27;[0m Screen already unlocked, doing nothing
&amp#27;[38;5;66m[c5dffeeb]&amp#27;[0m&amp#27;[38;5;-150m[AndroidUiautomator2Driver@3ba1]&amp#27;[0m Starting 'com.androidsample.generalstore/com.androidsample.generalstore.SplashActivity' and waiting for 'com.androidsample.generalstore/com.androidsample.generalstore.SplashActivity'
&amp#27;[38;5;66m[c5dffeeb]&amp#27;[0m&amp#27;[38;5;229m[ADB]&amp#27;[0m Running '/Users/administrator/Library/Android/sdk/platform-tools/adb -P 5037 -s emulator-5554 shell am start-activity -W -n com.androidsample.generalstore/com.androidsample.generalstore.SplashActivity -S -a android.intent.action.MAIN -c android.intent.category.LAUNCHER -f 0x10200000'
&amp#27;[38;5;66m[c5dffeeb]&amp#27;[0m&amp#27;[38;5;229m[ADB]&amp#27;[0m Expected package names to be focused within 20000ms: 'com.androidsample.generalstore'
&amp#27;[38;5;66m[c5dffeeb]&amp#27;[0m&amp#27;[38;5;229m[ADB]&amp#27;[0m Expected activity name patterns to be focused within 20000ms: '/^com\.androidsample\.generalstore\.SplashActivity$/'
&amp#27;[38;5;66m[c5dffeeb]&amp#27;[0m&amp#27;[38;5;229m[ADB]&amp#27;[0m Getting focused package and activity
&amp#27;[38;5;66m[c5dffeeb]&amp#27;[0m&amp#27;[38;5;229m[ADB]&amp#27;[0m Running '/Users/administrator/Library/Android/sdk/platform-tools/adb -P 5037 -s emulator-5554 shell dumpsys window displays'
&amp#27;[38;5;66m[c5dffeeb]&amp#27;[0m&amp#27;[38;5;229m[ADB]&amp#27;[0m Focused package: com.androidsample.generalstore
&amp#27;[38;5;66m[c5dffeeb]&amp#27;[0m&amp#27;[38;5;229m[ADB]&amp#27;[0m Focused fully qualified activity name: com.androidsample.generalstore.SplashActivity
&amp#27;[38;5;66m[c5dffeeb]&amp#27;[0m&amp#27;[38;5;38m[AppiumDriver@1ca5]&amp#27;[0m New AndroidUiautomator2Driver session created successfully, session c5dffeeb-4ddc-4168-8588-bad0cfb1f774 added to master session list
&amp#27;[38;5;66m[c5dffeeb]&amp#27;[0m&amp#27;[38;5;38m[AppiumDriver@1ca5]&amp#27;[0m Event 'newSessionStarted' logged at 1753328981361 (23:49:41 GMT-0400 (Eastern Daylight Time))
&amp#27;[38;5;66m[c5dffeeb]&amp#27;[0m&amp#27;[38;5;-150m[AndroidUiautomator2Driver@3ba1]&amp#27;[0m Cached the protocol value 'W3C' for the new session c5dffeeb-4ddc-4168-8588-bad0cfb1f774
&amp#27;[38;5;66m[c5dffeeb]&amp#27;[0m&amp#27;[38;5;-150m[AndroidUiautomator2Driver@3ba1]&amp#27;[0m Responding to client with driver.createSession() result: {"capabilities":{"platformName":"ANDROID","chromedriverExecutable":"//Users//administrator//Documents//Chromedriver 138.0.7204.92//chromedriver-mac-x64//chromedriver","deviceName":"emulator-5554","automationName":"UIAutomator2","app":"/Users/administrator/eclipse-workspace/AppiumFrameworkDesign//src//test//java//org//latiffsyed//resources//General-Store.apk","platform":"LINUX","webStorageEnabled":false,"takesScreenshot":true,"javascriptEnabled":true,"databaseEnabled":false,"networkConnectionEnabled":true,"locationContextEnabled":false,"warnings":{},"desired":{"platformName":"ANDROID","chromedriverExecutable":"//Users//administrator//Documents//Chromedriver 138.0.7204.92//chromedriver-mac-x64//chromedriver","deviceName":"LatiffPhone","automationName":"UIAutomator2","app":"/Users/administrator/eclipse-workspace/AppiumFrameworkDesign//src//test//java//org//latiffsyed//resources//General-Store.apk"},"deviceUDID":"emulator-5554","appPackage":"com.androidsample.generalstore","appActivity":"com.androidsample.gene...
&amp#27;[38;5;66m[c5dffeeb]&amp#27;[0m&amp#27;[38;5;86m[HTTP]&amp#27;[0m &amp#27;[37m<-- POST /session &amp#27;[39m&amp#27;[32m200&amp#27;[39m &amp#27;[90m2145 ms - 1374&amp#27;[39m &amp#27;[90m&amp#27;[39m
&amp#27;[38;5;66m[c5dffeeb]&amp#27;[0m&amp#27;[38;5;86m[HTTP]&amp#27;[0m &amp#27;[37m-->&amp#27;[39m &amp#27;[37mPOST&amp#27;[39m &amp#27;[37m/session/c5dffeeb-4ddc-4168-8588-bad0cfb1f774/timeouts&amp#27;[39m &amp#27;[90m{"implicit":10000}&amp#27;[39m
&amp#27;[38;5;66m[c5dffeeb]&amp#27;[0m&amp#27;[38;5;-150m[AndroidUiautomator2Driver@3ba1]&amp#27;[0m Calling AppiumDriver.timeouts() with args: [null,null,null,null,10000,"c5dffeeb-4ddc-4168-8588-bad0cfb1f774"]
&amp#27;[38;5;66m[c5dffeeb]&amp#27;[0m&amp#27;[38;5;-150m[AndroidUiautomator2Driver@3ba1]&amp#27;[0m W3C timeout argument: {"implicit":10000}}
&amp#27;[38;5;66m[c5dffeeb]&amp#27;[0m&amp#27;[38;5;-150m[AndroidUiautomator2Driver@3ba1]&amp#27;[0m Set implicit wait to 10000ms
&amp#27;[38;5;66m[c5dffeeb]&amp#27;[0m&amp#27;[38;5;-150m[AndroidUiautomator2Driver@3ba1]&amp#27;[0m Responding to client with driver.timeouts() result: null
&amp#27;[38;5;66m[c5dffeeb]&amp#27;[0m&amp#27;[38;5;86m[HTTP]&amp#27;[0m &amp#27;[37m<-- POST /session/c5dffeeb-4ddc-4168-8588-bad0cfb1f774/timeouts &amp#27;[39m&amp#27;[32m200&amp#27;[39m &amp#27;[90m1 ms - 14&amp#27;[39m &amp#27;[90m&amp#27;[39m
Executing @BeforeMethod: preSteup()
&amp#27;[38;5;66m[c5dffeeb]&amp#27;[0m&amp#27;[38;5;86m[HTTP]&amp#27;[0m &amp#27;[37m-->&amp#27;[39m &amp#27;[37mPOST&amp#27;[39m &amp#27;[37m/session/c5dffeeb-4ddc-4168-8588-bad0cfb1f774/execute/sync&amp#27;[39m &amp#27;[90m{"args":[{"intent":"com.androidsample.generalstore/com.androidsample.generalstore.SplashActivity"}],"script":"mobile: startActivity"}&amp#27;[39m
&amp#27;[38;5;66m[c5dffeeb]&amp#27;[0m&amp#27;[38;5;-150m[AndroidUiautomator2Driver@3ba1]&amp#27;[0m Calling AppiumDriver.execute() with args: ["mobile: startActivity",[{"intent":"com.androidsample.generalstore/com.androidsample.generalstore.SplashActivity"}],"c5dffeeb-4ddc-4168-8588-bad0cfb1f774"]
&amp#27;[38;5;66m[c5dffeeb]&amp#27;[0m&amp#27;[38;5;229m[ADB]&amp#27;[0m Running '/Users/administrator/Library/Android/sdk/platform-tools/adb -P 5037 -s emulator-5554 shell am start-activity com.androidsample.generalstore/com.androidsample.generalstore.SplashActivity'
&amp#27;[38;5;66m[c5dffeeb]&amp#27;[0m&amp#27;[38;5;-150m[AndroidUiautomator2Driver@3ba1]&amp#27;[0m Responding to client with driver.execute() result: "Starting: Intent { act=android.intent.action.MAIN cat=[android.intent.category.LAUNCHER] cmp=com.androidsample.generalstore/.SplashActivity }"
&amp#27;[38;5;66m[c5dffeeb]&amp#27;[0m&amp#27;[38;5;86m[HTTP]&amp#27;[0m &amp#27;[37m<-- POST /session/c5dffeeb-4ddc-4168-8588-bad0cfb1f774/execute/sync &amp#27;[39m&amp#27;[32m200&amp#27;[39m &amp#27;[90m22 ms - 153&amp#27;[39m &amp#27;[90m&amp#27;[39m
&amp#27;[38;5;66m[c5dffeeb]&amp#27;[0m&amp#27;[38;5;86m[HTTP]&amp#27;[0m &amp#27;[37m-->&amp#27;[39m &amp#27;[37mGET&amp#27;[39m &amp#27;[37m/session/c5dffeeb-4ddc-4168-8588-bad0cfb1f774/context&amp#27;[39m &amp#27;[90m{}&amp#27;[39m
&amp#27;[38;5;66m[c5dffeeb]&amp#27;[0m&amp#27;[38;5;-150m[AndroidUiautomator2Driver@3ba1]&amp#27;[0m Calling AppiumDriver.getCurrentContext() with args: ["c5dffeeb-4ddc-4168-8588-bad0cfb1f774"]
&amp#27;[38;5;66m[c5dffeeb]&amp#27;[0m&amp#27;[38;5;-150m[AndroidUiautomator2Driver@3ba1]&amp#27;[0m Responding to client with driver.getCurrentContext() result: "NATIVE_APP"
&amp#27;[38;5;66m[c5dffeeb]&amp#27;[0m&amp#27;[38;5;86m[HTTP]&amp#27;[0m &amp#27;[37m<-- GET /session/c5dffeeb-4ddc-4168-8588-bad0cfb1f774/context &amp#27;[39m&amp#27;[32m200&amp#27;[39m &amp#27;[90m1 ms - 22&amp#27;[39m &amp#27;[90m&amp#27;[39m
&amp#27;[38;5;66m[c5dffeeb]&amp#27;[0m&amp#27;[38;5;86m[HTTP]&amp#27;[0m &amp#27;[37m-->&amp#27;[39m &amp#27;[37mPOST&amp#27;[39m &amp#27;[37m/session/c5dffeeb-4ddc-4168-8588-bad0cfb1f774/element&amp#27;[39m &amp#27;[90m{"value":"//android.widget.RadioButton[@text='Female']","using":"xpath"}&amp#27;[39m
&amp#27;[38;5;66m[c5dffeeb]&amp#27;[0m&amp#27;[38;5;-150m[AndroidUiautomator2Driver@3ba1]&amp#27;[0m Calling AppiumDriver.findElement() with args: ["xpath","//android.widget.RadioButton[@text='Female']","c5dffeeb-4ddc-4168-8588-bad0cfb1f774"]
&amp#27;[38;5;66m[c5dffeeb]&amp#27;[0m&amp#27;[38;5;-150m[AndroidUiautomator2Driver@3ba1]&amp#27;[0m Valid locator strategies for this request: xpath, id, class name, accessibility id, css selector, -android uiautomator
&amp#27;[38;5;66m[c5dffeeb]&amp#27;[0m&amp#27;[38;5;-150m[AndroidUiautomator2Driver@3ba1]&amp#27;[0m Waiting up to 10000 ms for condition
&amp#27;[38;5;66m[c5dffeeb]&amp#27;[0m&amp#27;[38;5;-150m[AndroidUiautomator2Driver@3ba1]&amp#27;[0m Matched '/element' to command name 'findElement'
&amp#27;[38;5;66m[c5dffeeb]&amp#27;[0m&amp#27;[38;5;-150m[AndroidUiautomator2Driver@3ba1]&amp#27;[0m Proxying [POST /element] to [POST http://127.0.0.1:8200/session/3f23cf38-c563-4e1f-b3fd-c48e482a31ec/element] with body: {"strategy":"xpath","selector":"//android.widget.RadioButton[@text='Female']","context":"","multiple":false}
&amp#27;[38;5;66m[c5dffeeb]&amp#27;[0m&amp#27;[38;5;-150m[AndroidUiautomator2Driver@3ba1]&amp#27;[0m Got response with status 404: {"sessionId":"3f23cf38-c563-4e1f-b3fd-c48e482a31ec","value":{"error":"no such element","message":"An element could not be located on the page using the given search parameters","stacktrace":"io.appium.uiautomator2.common.exceptions.ElementNotFoundException: An element could not be located on the page using the given search parameters\n\tat io.appium.uiautomator2.utils.ElementLocationHelpers.findElement(ElementLocationHelpers.java:156)\n\tat io.appium.uiautomator2.handler.FindElement.safeHandle(FindElement.java:60)\n\tat io.appium.uiautomator2.handler.request.SafeRequestHandler.handle(SafeRequestHandler.java:59)\n\tat io.appium.uiautomator2.server.AppiumServlet.handleRequest(AppiumServlet.java:259)\n\tat io.appium.uiautomator2.server.AppiumServlet.handleHttpRequest(AppiumServlet.java:253)\n\tat io.appium.uiautomator2.http.ServerHandler.channelRead(ServerHandler.java:77)\n\tat io.netty.channel.AbstractChannelHandlerContext.invokeChannelRead(AbstractChannelHandlerContext.java:374)\n\tat io.netty.channel.Abstr...
&amp#27;[38;5;66m[c5dffeeb]&amp#27;[0m&amp#27;[38;5;123m[W3C]&amp#27;[0m Matched W3C error code 'no such element' to NoSuchElementError
&amp#27;[38;5;66m[c5dffeeb]&amp#27;[0m&amp#27;[38;5;-150m[AndroidUiautomator2Driver@3ba1]&amp#27;[0m Waited for 644 ms so far
&amp#27;[38;5;66m[c5dffeeb]&amp#27;[0m&amp#27;[38;5;-150m[AndroidUiautomator2Driver@3ba1]&amp#27;[0m Matched '/element' to command name 'findElement'
&amp#27;[38;5;66m[c5dffeeb]&amp#27;[0m&amp#27;[38;5;-150m[AndroidUiautomator2Driver@3ba1]&amp#27;[0m Proxying [POST /element] to [POST http://127.0.0.1:8200/session/3f23cf38-c563-4e1f-b3fd-c48e482a31ec/element] with body: {"strategy":"xpath","selector":"//android.widget.RadioButton[@text='Female']","context":"","multiple":false}
&amp#27;[38;5;66m[c5dffeeb]&amp#27;[0m&amp#27;[38;5;-150m[AndroidUiautomator2Driver@3ba1]&amp#27;[0m Got response with status 404: {"sessionId":"3f23cf38-c563-4e1f-b3fd-c48e482a31ec","value":{"error":"no such element","message":"An element could not be located on the page using the given search parameters","stacktrace":"io.appium.uiautomator2.common.exceptions.ElementNotFoundException: An element could not be located on the page using the given search parameters\n\tat io.appium.uiautomator2.utils.ElementLocationHelpers.findElement(ElementLocationHelpers.java:156)\n\tat io.appium.uiautomator2.handler.FindElement.safeHandle(FindElement.java:60)\n\tat io.appium.uiautomator2.handler.request.SafeRequestHandler.handle(SafeRequestHandler.java:59)\n\tat io.appium.uiautomator2.server.AppiumServlet.handleRequest(AppiumServlet.java:259)\n\tat io.appium.uiautomator2.server.AppiumServlet.handleHttpRequest(AppiumServlet.java:253)\n\tat io.appium.uiautomator2.http.ServerHandler.channelRead(ServerHandler.java:77)\n\tat io.netty.channel.AbstractChannelHandlerContext.invokeChannelRead(AbstractChannelHandlerContext.java:374)\n\tat io.netty.channel.Abstr...
&amp#27;[38;5;66m[c5dffeeb]&amp#27;[0m&amp#27;[38;5;123m[W3C]&amp#27;[0m Matched W3C error code 'no such element' to NoSuchElementError
&amp#27;[38;5;66m[c5dffeeb]&amp#27;[0m&amp#27;[38;5;-150m[AndroidUiautomator2Driver@3ba1]&amp#27;[0m Waited for 1184 ms so far
&amp#27;[38;5;66m[c5dffeeb]&amp#27;[0m&amp#27;[38;5;-150m[AndroidUiautomator2Driver@3ba1]&amp#27;[0m Matched '/element' to command name 'findElement'
&amp#27;[38;5;66m[c5dffeeb]&amp#27;[0m&amp#27;[38;5;-150m[AndroidUiautomator2Driver@3ba1]&amp#27;[0m Proxying [POST /element] to [POST http://127.0.0.1:8200/session/3f23cf38-c563-4e1f-b3fd-c48e482a31ec/element] with body: {"strategy":"xpath","selector":"//android.widget.RadioButton[@text='Female']","context":"","multiple":false}
&amp#27;[38;5;66m[c5dffeeb]&amp#27;[0m&amp#27;[38;5;-150m[AndroidUiautomator2Driver@3ba1]&amp#27;[0m Got response with status 404: {"sessionId":"3f23cf38-c563-4e1f-b3fd-c48e482a31ec","value":{"error":"no such element","message":"An element could not be located on the page using the given search parameters","stacktrace":"io.appium.uiautomator2.common.exceptions.ElementNotFoundException: An element could not be located on the page using the given search parameters\n\tat io.appium.uiautomator2.utils.ElementLocationHelpers.findElement(ElementLocationHelpers.java:156)\n\tat io.appium.uiautomator2.handler.FindElement.safeHandle(FindElement.java:60)\n\tat io.appium.uiautomator2.handler.request.SafeRequestHandler.handle(SafeRequestHandler.java:59)\n\tat io.appium.uiautomator2.server.AppiumServlet.handleRequest(AppiumServlet.java:259)\n\tat io.appium.uiautomator2.server.AppiumServlet.handleHttpRequest(AppiumServlet.java:253)\n\tat io.appium.uiautomator2.http.ServerHandler.channelRead(ServerHandler.java:77)\n\tat io.netty.channel.AbstractChannelHandlerContext.invokeChannelRead(AbstractChannelHandlerContext.java:374)\n\tat io.netty.channel.Abstr...
&amp#27;[38;5;66m[c5dffeeb]&amp#27;[0m&amp#27;[38;5;123m[W3C]&amp#27;[0m Matched W3C error code 'no such element' to NoSuchElementError
&amp#27;[38;5;66m[c5dffeeb]&amp#27;[0m&amp#27;[38;5;-150m[AndroidUiautomator2Driver@3ba1]&amp#27;[0m Waited for 1726 ms so far
&amp#27;[38;5;66m[c5dffeeb]&amp#27;[0m&amp#27;[38;5;-150m[AndroidUiautomator2Driver@3ba1]&amp#27;[0m Matched '/element' to command name 'findElement'
&amp#27;[38;5;66m[c5dffeeb]&amp#27;[0m&amp#27;[38;5;-150m[AndroidUiautomator2Driver@3ba1]&amp#27;[0m Proxying [POST /element] to [POST http://127.0.0.1:8200/session/3f23cf38-c563-4e1f-b3fd-c48e482a31ec/element] with body: {"strategy":"xpath","selector":"//android.widget.RadioButton[@text='Female']","context":"","multiple":false}
&amp#27;[38;5;66m[c5dffeeb]&amp#27;[0m&amp#27;[38;5;-150m[AndroidUiautomator2Driver@3ba1]&amp#27;[0m Got response with status 404: {"sessionId":"3f23cf38-c563-4e1f-b3fd-c48e482a31ec","value":{"error":"no such element","message":"An element could not be located on the page using the given search parameters","stacktrace":"io.appium.uiautomator2.common.exceptions.ElementNotFoundException: An element could not be located on the page using the given search parameters\n\tat io.appium.uiautomator2.utils.ElementLocationHelpers.findElement(ElementLocationHelpers.java:156)\n\tat io.appium.uiautomator2.handler.FindElement.safeHandle(FindElement.java:60)\n\tat io.appium.uiautomator2.handler.request.SafeRequestHandler.handle(SafeRequestHandler.java:59)\n\tat io.appium.uiautomator2.server.AppiumServlet.handleRequest(AppiumServlet.java:259)\n\tat io.appium.uiautomator2.server.AppiumServlet.handleHttpRequest(AppiumServlet.java:253)\n\tat io.appium.uiautomator2.http.ServerHandler.channelRead(ServerHandler.java:77)\n\tat io.netty.channel.AbstractChannelHandlerContext.invokeChannelRead(AbstractChannelHandlerContext.java:374)\n\tat io.netty.channel.Abstr...
&amp#27;[38;5;66m[c5dffeeb]&amp#27;[0m&amp#27;[38;5;123m[W3C]&amp#27;[0m Matched W3C error code 'no such element' to NoSuchElementError
&amp#27;[38;5;66m[c5dffeeb]&amp#27;[0m&amp#27;[38;5;-150m[AndroidUiautomator2Driver@3ba1]&amp#27;[0m Waited for 2267 ms so far
&amp#27;[38;5;66m[c5dffeeb]&amp#27;[0m&amp#27;[38;5;-150m[AndroidUiautomator2Driver@3ba1]&amp#27;[0m Matched '/element' to command name 'findElement'
&amp#27;[38;5;66m[c5dffeeb]&amp#27;[0m&amp#27;[38;5;-150m[AndroidUiautomator2Driver@3ba1]&amp#27;[0m Proxying [POST /element] to [POST http://127.0.0.1:8200/session/3f23cf38-c563-4e1f-b3fd-c48e482a31ec/element] with body: {"strategy":"xpath","selector":"//android.widget.RadioButton[@text='Female']","context":"","multiple":false}
&amp#27;[38;5;66m[c5dffeeb]&amp#27;[0m&amp#27;[38;5;-150m[AndroidUiautomator2Driver@3ba1]&amp#27;[0m Got response with status 404: {"sessionId":"3f23cf38-c563-4e1f-b3fd-c48e482a31ec","value":{"error":"no such element","message":"An element could not be located on the page using the given search parameters","stacktrace":"io.appium.uiautomator2.common.exceptions.ElementNotFoundException: An element could not be located on the page using the given search parameters\n\tat io.appium.uiautomator2.utils.ElementLocationHelpers.findElement(ElementLocationHelpers.java:156)\n\tat io.appium.uiautomator2.handler.FindElement.safeHandle(FindElement.java:60)\n\tat io.appium.uiautomator2.handler.request.SafeRequestHandler.handle(SafeRequestHandler.java:59)\n\tat io.appium.uiautomator2.server.AppiumServlet.handleRequest(AppiumServlet.java:259)\n\tat io.appium.uiautomator2.server.AppiumServlet.handleHttpRequest(AppiumServlet.java:253)\n\tat io.appium.uiautomator2.http.ServerHandler.channelRead(ServerHandler.java:77)\n\tat io.netty.channel.AbstractChannelHandlerContext.invokeChannelRead(AbstractChannelHandlerContext.java:374)\n\tat io.netty.channel.Abstr...
&amp#27;[38;5;66m[c5dffeeb]&amp#27;[0m&amp#27;[38;5;123m[W3C]&amp#27;[0m Matched W3C error code 'no such element' to NoSuchElementError
&amp#27;[38;5;66m[c5dffeeb]&amp#27;[0m&amp#27;[38;5;-150m[AndroidUiautomator2Driver@3ba1]&amp#27;[0m Waited for 2806 ms so far
&amp#27;[38;5;66m[c5dffeeb]&amp#27;[0m&amp#27;[38;5;-150m[AndroidUiautomator2Driver@3ba1]&amp#27;[0m Matched '/element' to command name 'findElement'
&amp#27;[38;5;66m[c5dffeeb]&amp#27;[0m&amp#27;[38;5;-150m[AndroidUiautomator2Driver@3ba1]&amp#27;[0m Proxying [POST /element] to [POST http://127.0.0.1:8200/session/3f23cf38-c563-4e1f-b3fd-c48e482a31ec/element] with body: {"strategy":"xpath","selector":"//android.widget.RadioButton[@text='Female']","context":"","multiple":false}
&amp#27;[38;5;66m[c5dffeeb]&amp#27;[0m&amp#27;[38;5;-150m[AndroidUiautomator2Driver@3ba1]&amp#27;[0m Got response with status 200: {"sessionId":"3f23cf38-c563-4e1f-b3fd-c48e482a31ec","value":{"ELEMENT":"00000000-0000-0045-ffff-ffff00000020","element-6066-11e4-a52e-4f735466cecf":"00000000-0000-0045-ffff-ffff00000020"}}
&amp#27;[38;5;66m[c5dffeeb]&amp#27;[0m&amp#27;[38;5;-150m[AndroidUiautomator2Driver@3ba1]&amp#27;[0m Responding to client with driver.findElement() result: {"element-6066-11e4-a52e-4f735466cecf":"00000000-0000-0045-ffff-ffff00000020","ELEMENT":"00000000-0000-0045-ffff-ffff00000020"}
&amp#27;[38;5;66m[c5dffeeb]&amp#27;[0m&amp#27;[38;5;86m[HTTP]&amp#27;[0m &amp#27;[37m<-- POST /session/c5dffeeb-4ddc-4168-8588-bad0cfb1f774/element &amp#27;[39m&amp#27;[32m200&amp#27;[39m &amp#27;[90m3677 ms - 137&amp#27;[39m &amp#27;[90m&amp#27;[39m
&amp#27;[38;5;66m[c5dffeeb]&amp#27;[0m&amp#27;[38;5;86m[HTTP]&amp#27;[0m &amp#27;[37m-->&amp#27;[39m &amp#27;[37mPOST&amp#27;[39m &amp#27;[37m/session/c5dffeeb-4ddc-4168-8588-bad0cfb1f774/element/00000000-0000-0045-ffff-ffff00000020/click&amp#27;[39m &amp#27;[90m{"id":"00000000-0000-0045-ffff-ffff00000020"}&amp#27;[39m
&amp#27;[38;5;66m[c5dffeeb]&amp#27;[0m&amp#27;[38;5;-150m[AndroidUiautomator2Driver@3ba1]&amp#27;[0m Calling AppiumDriver.click() with args: ["00000000-0000-0045-ffff-ffff00000020","c5dffeeb-4ddc-4168-8588-bad0cfb1f774"]
&amp#27;[38;5;66m[c5dffeeb]&amp#27;[0m&amp#27;[38;5;-150m[AndroidUiautomator2Driver@3ba1]&amp#27;[0m Matched '/element/00000000-0000-0045-ffff-ffff00000020/click' to command name 'click'
&amp#27;[38;5;66m[c5dffeeb]&amp#27;[0m&amp#27;[38;5;-150m[AndroidUiautomator2Driver@3ba1]&amp#27;[0m Proxying [POST /element/00000000-0000-0045-ffff-ffff00000020/click] to [POST http://127.0.0.1:8200/session/3f23cf38-c563-4e1f-b3fd-c48e482a31ec/element/00000000-0000-0045-ffff-ffff00000020/click] with body: {"element":"00000000-0000-0045-ffff-ffff00000020"}
&amp#27;[38;5;66m[c5dffeeb]&amp#27;[0m&amp#27;[38;5;-150m[AndroidUiautomator2Driver@3ba1]&amp#27;[0m Got response with status 200: {"sessionId":"3f23cf38-c563-4e1f-b3fd-c48e482a31ec","value":null}
&amp#27;[38;5;66m[c5dffeeb]&amp#27;[0m&amp#27;[38;5;-150m[AndroidUiautomator2Driver@3ba1]&amp#27;[0m Responding to client with driver.click() result: null
&amp#27;[38;5;66m[c5dffeeb]&amp#27;[0m&amp#27;[38;5;86m[HTTP]&amp#27;[0m &amp#27;[37m<-- POST /session/c5dffeeb-4ddc-4168-8588-bad0cfb1f774/element/00000000-0000-0045-ffff-ffff00000020/click &amp#27;[39m&amp#27;[32m200&amp#27;[39m &amp#27;[90m154 ms - 14&amp#27;[39m &amp#27;[90m&amp#27;[39m
&amp#27;[38;5;66m[c5dffeeb]&amp#27;[0m&amp#27;[38;5;86m[HTTP]&amp#27;[0m &amp#27;[37m-->&amp#27;[39m &amp#27;[37mGET&amp#27;[39m &amp#27;[37m/session/c5dffeeb-4ddc-4168-8588-bad0cfb1f774/context&amp#27;[39m &amp#27;[90m{}&amp#27;[39m
&amp#27;[38;5;66m[c5dffeeb]&amp#27;[0m&amp#27;[38;5;-150m[AndroidUiautomator2Driver@3ba1]&amp#27;[0m Calling AppiumDriver.getCurrentContext() with args: ["c5dffeeb-4ddc-4168-8588-bad0cfb1f774"]
&amp#27;[38;5;66m[c5dffeeb]&amp#27;[0m&amp#27;[38;5;-150m[AndroidUiautomator2Driver@3ba1]&amp#27;[0m Responding to client with driver.getCurrentContext() result: "NATIVE_APP"
&amp#27;[38;5;66m[c5dffeeb]&amp#27;[0m&amp#27;[38;5;86m[HTTP]&amp#27;[0m &amp#27;[37m<-- GET /session/c5dffeeb-4ddc-4168-8588-bad0cfb1f774/context &amp#27;[39m&amp#27;[32m200&amp#27;[39m &amp#27;[90m2 ms - 22&amp#27;[39m &amp#27;[90m&amp#27;[39m
&amp#27;[38;5;66m[c5dffeeb]&amp#27;[0m&amp#27;[38;5;86m[HTTP]&amp#27;[0m &amp#27;[37m-->&amp#27;[39m &amp#27;[37mPOST&amp#27;[39m &amp#27;[37m/session/c5dffeeb-4ddc-4168-8588-bad0cfb1f774/element&amp#27;[39m &amp#27;[90m{"value":"android:id/text1","using":"id"}&amp#27;[39m
&amp#27;[38;5;66m[c5dffeeb]&amp#27;[0m&amp#27;[38;5;-150m[AndroidUiautomator2Driver@3ba1]&amp#27;[0m Calling AppiumDriver.findElement() with args: ["id","android:id/text1","c5dffeeb-4ddc-4168-8588-bad0cfb1f774"]
&amp#27;[38;5;66m[c5dffeeb]&amp#27;[0m&amp#27;[38;5;-150m[AndroidUiautomator2Driver@3ba1]&amp#27;[0m Valid locator strategies for this request: xpath, id, class name, accessibility id, css selector, -android uiautomator
&amp#27;[38;5;66m[c5dffeeb]&amp#27;[0m&amp#27;[38;5;-150m[AndroidUiautomator2Driver@3ba1]&amp#27;[0m Waiting up to 10000 ms for condition
&amp#27;[38;5;66m[c5dffeeb]&amp#27;[0m&amp#27;[38;5;-150m[AndroidUiautomator2Driver@3ba1]&amp#27;[0m Matched '/element' to command name 'findElement'
&amp#27;[38;5;66m[c5dffeeb]&amp#27;[0m&amp#27;[38;5;-150m[AndroidUiautomator2Driver@3ba1]&amp#27;[0m Proxying [POST /element] to [POST http://127.0.0.1:8200/session/3f23cf38-c563-4e1f-b3fd-c48e482a31ec/element] with body: {"strategy":"id","selector":"android:id/text1","context":"","multiple":false}
&amp#27;[38;5;66m[c5dffeeb]&amp#27;[0m&amp#27;[38;5;-150m[AndroidUiautomator2Driver@3ba1]&amp#27;[0m Got response with status 200: {"sessionId":"3f23cf38-c563-4e1f-b3fd-c48e482a31ec","value":{"ELEMENT":"00000000-0000-0045-ffff-ffff00000024","element-6066-11e4-a52e-4f735466cecf":"00000000-0000-0045-ffff-ffff00000024"}}
&amp#27;[38;5;66m[c5dffeeb]&amp#27;[0m&amp#27;[38;5;-150m[AndroidUiautomator2Driver@3ba1]&amp#27;[0m Responding to client with driver.findElement() result: {"element-6066-11e4-a52e-4f735466cecf":"00000000-0000-0045-ffff-ffff00000024","ELEMENT":"00000000-0000-0045-ffff-ffff00000024"}
&amp#27;[38;5;66m[c5dffeeb]&amp#27;[0m&amp#27;[38;5;86m[HTTP]&amp#27;[0m &amp#27;[37m<-- POST /session/c5dffeeb-4ddc-4168-8588-bad0cfb1f774/element &amp#27;[39m&amp#27;[32m200&amp#27;[39m &amp#27;[90m576 ms - 137&amp#27;[39m &amp#27;[90m&amp#27;[39m
&amp#27;[38;5;66m[c5dffeeb]&amp#27;[0m&amp#27;[38;5;86m[HTTP]&amp#27;[0m &amp#27;[37m-->&amp#27;[39m &amp#27;[37mPOST&amp#27;[39m &amp#27;[37m/session/c5dffeeb-4ddc-4168-8588-bad0cfb1f774/element/00000000-0000-0045-ffff-ffff00000024/click&amp#27;[39m &amp#27;[90m{"id":"00000000-0000-0045-ffff-ffff00000024"}&amp#27;[39m
&amp#27;[38;5;66m[c5dffeeb]&amp#27;[0m&amp#27;[38;5;-150m[AndroidUiautomator2Driver@3ba1]&amp#27;[0m Calling AppiumDriver.click() with args: ["00000000-0000-0045-ffff-ffff00000024","c5dffeeb-4ddc-4168-8588-bad0cfb1f774"]
&amp#27;[38;5;66m[c5dffeeb]&amp#27;[0m&amp#27;[38;5;-150m[AndroidUiautomator2Driver@3ba1]&amp#27;[0m Matched '/element/00000000-0000-0045-ffff-ffff00000024/click' to command name 'click'
&amp#27;[38;5;66m[c5dffeeb]&amp#27;[0m&amp#27;[38;5;-150m[AndroidUiautomator2Driver@3ba1]&amp#27;[0m Proxying [POST /element/00000000-0000-0045-ffff-ffff00000024/click] to [POST http://127.0.0.1:8200/session/3f23cf38-c563-4e1f-b3fd-c48e482a31ec/element/00000000-0000-0045-ffff-ffff00000024/click] with body: {"element":"00000000-0000-0045-ffff-ffff00000024"}
&amp#27;[38;5;66m[c5dffeeb]&amp#27;[0m&amp#27;[38;5;-150m[AndroidUiautomator2Driver@3ba1]&amp#27;[0m Got response with status 200: {"sessionId":"3f23cf38-c563-4e1f-b3fd-c48e482a31ec","value":null}
&amp#27;[38;5;66m[c5dffeeb]&amp#27;[0m&amp#27;[38;5;-150m[AndroidUiautomator2Driver@3ba1]&amp#27;[0m Responding to client with driver.click() result: null
&amp#27;[38;5;66m[c5dffeeb]&amp#27;[0m&amp#27;[38;5;86m[HTTP]&amp#27;[0m &amp#27;[37m<-- POST /session/c5dffeeb-4ddc-4168-8588-bad0cfb1f774/element/00000000-0000-0045-ffff-ffff00000024/click &amp#27;[39m&amp#27;[32m200&amp#27;[39m &amp#27;[90m49 ms - 14&amp#27;[39m &amp#27;[90m&amp#27;[39m
&amp#27;[38;5;66m[c5dffeeb]&amp#27;[0m&amp#27;[38;5;86m[HTTP]&amp#27;[0m &amp#27;[37m-->&amp#27;[39m &amp#27;[37mPOST&amp#27;[39m &amp#27;[37m/session/c5dffeeb-4ddc-4168-8588-bad0cfb1f774/element&amp#27;[39m &amp#27;[90m{"value":"new UiScrollable(new UiSelector()).scrollIntoView(text(\"Australia\"));","using":"-android uiautomator"}&amp#27;[39m
&amp#27;[38;5;66m[c5dffeeb]&amp#27;[0m&amp#27;[38;5;-150m[AndroidUiautomator2Driver@3ba1]&amp#27;[0m Calling AppiumDriver.findElement() with args: ["-android uiautomator","new UiScrollable(new UiSelector()).scrollIntoView(text(\"Australia\"));","c5dffeeb-4ddc-4168-8588-bad0cfb1f774"]
&amp#27;[38;5;66m[c5dffeeb]&amp#27;[0m&amp#27;[38;5;-150m[AndroidUiautomator2Driver@3ba1]&amp#27;[0m Valid locator strategies for this request: xpath, id, class name, accessibility id, css selector, -android uiautomator
&amp#27;[38;5;66m[c5dffeeb]&amp#27;[0m&amp#27;[38;5;-150m[AndroidUiautomator2Driver@3ba1]&amp#27;[0m Waiting up to 10000 ms for condition
&amp#27;[38;5;66m[c5dffeeb]&amp#27;[0m&amp#27;[38;5;-150m[AndroidUiautomator2Driver@3ba1]&amp#27;[0m Matched '/element' to command name 'findElement'
&amp#27;[38;5;66m[c5dffeeb]&amp#27;[0m&amp#27;[38;5;-150m[AndroidUiautomator2Driver@3ba1]&amp#27;[0m Proxying [POST /element] to [POST http://127.0.0.1:8200/session/3f23cf38-c563-4e1f-b3fd-c48e482a31ec/element] with body: {"strategy":"-android uiautomator","selector":"new UiScrollable(new UiSelector()).scrollIntoView(text(\"Australia\"));","context":"","multiple":false}
&amp#27;[38;5;66m[c5dffeeb]&amp#27;[0m&amp#27;[38;5;-150m[AndroidUiautomator2Driver@3ba1]&amp#27;[0m Got response with status 200: {"sessionId":"3f23cf38-c563-4e1f-b3fd-c48e482a31ec","value":{"ELEMENT":"00000000-0000-0046-ffff-ffff0000002b","element-6066-11e4-a52e-4f735466cecf":"00000000-0000-0046-ffff-ffff0000002b"}}
&amp#27;[38;5;66m[c5dffeeb]&amp#27;[0m&amp#27;[38;5;-150m[AndroidUiautomator2Driver@3ba1]&amp#27;[0m Responding to client with driver.findElement() result: {"element-6066-11e4-a52e-4f735466cecf":"00000000-0000-0046-ffff-ffff0000002b","ELEMENT":"00000000-0000-0046-ffff-ffff0000002b"}
&amp#27;[38;5;66m[c5dffeeb]&amp#27;[0m&amp#27;[38;5;86m[HTTP]&amp#27;[0m &amp#27;[37m<-- POST /session/c5dffeeb-4ddc-4168-8588-bad0cfb1f774/element &amp#27;[39m&amp#27;[32m200&amp#27;[39m &amp#27;[90m4073 ms - 137&amp#27;[39m &amp#27;[90m&amp#27;[39m
&amp#27;[38;5;66m[c5dffeeb]&amp#27;[0m&amp#27;[38;5;86m[HTTP]&amp#27;[0m &amp#27;[37m-->&amp#27;[39m &amp#27;[37mPOST&amp#27;[39m &amp#27;[37m/session/c5dffeeb-4ddc-4168-8588-bad0cfb1f774/element&amp#27;[39m &amp#27;[90m{"value":"//android.widget.TextView[@text='Australia']","using":"xpath"}&amp#27;[39m
&amp#27;[38;5;66m[c5dffeeb]&amp#27;[0m&amp#27;[38;5;-150m[AndroidUiautomator2Driver@3ba1]&amp#27;[0m Calling AppiumDriver.findElement() with args: ["xpath","//android.widget.TextView[@text='Australia']","c5dffeeb-4ddc-4168-8588-bad0cfb1f774"]
&amp#27;[38;5;66m[c5dffeeb]&amp#27;[0m&amp#27;[38;5;-150m[AndroidUiautomator2Driver@3ba1]&amp#27;[0m Valid locator strategies for this request: xpath, id, class name, accessibility id, css selector, -android uiautomator
&amp#27;[38;5;66m[c5dffeeb]&amp#27;[0m&amp#27;[38;5;-150m[AndroidUiautomator2Driver@3ba1]&amp#27;[0m Waiting up to 10000 ms for condition
&amp#27;[38;5;66m[c5dffeeb]&amp#27;[0m&amp#27;[38;5;-150m[AndroidUiautomator2Driver@3ba1]&amp#27;[0m Matched '/element' to command name 'findElement'
&amp#27;[38;5;66m[c5dffeeb]&amp#27;[0m&amp#27;[38;5;-150m[AndroidUiautomator2Driver@3ba1]&amp#27;[0m Proxying [POST /element] to [POST http://127.0.0.1:8200/session/3f23cf38-c563-4e1f-b3fd-c48e482a31ec/element] with body: {"strategy":"xpath","selector":"//android.widget.TextView[@text='Australia']","context":"","multiple":false}
&amp#27;[38;5;66m[c5dffeeb]&amp#27;[0m&amp#27;[38;5;-150m[AndroidUiautomator2Driver@3ba1]&amp#27;[0m Got response with status 200: {"sessionId":"3f23cf38-c563-4e1f-b3fd-c48e482a31ec","value":{"ELEMENT":"00000000-0000-0046-ffff-ffff0000002b","element-6066-11e4-a52e-4f735466cecf":"00000000-0000-0046-ffff-ffff0000002b"}}
&amp#27;[38;5;66m[c5dffeeb]&amp#27;[0m&amp#27;[38;5;-150m[AndroidUiautomator2Driver@3ba1]&amp#27;[0m Responding to client with driver.findElement() result: {"element-6066-11e4-a52e-4f735466cecf":"00000000-0000-0046-ffff-ffff0000002b","ELEMENT":"00000000-0000-0046-ffff-ffff0000002b"}
&amp#27;[38;5;66m[c5dffeeb]&amp#27;[0m&amp#27;[38;5;86m[HTTP]&amp#27;[0m &amp#27;[37m<-- POST /session/c5dffeeb-4ddc-4168-8588-bad0cfb1f774/element &amp#27;[39m&amp#27;[32m200&amp#27;[39m &amp#27;[90m31 ms - 137&amp#27;[39m &amp#27;[90m&amp#27;[39m
&amp#27;[38;5;66m[c5dffeeb]&amp#27;[0m&amp#27;[38;5;86m[HTTP]&amp#27;[0m &amp#27;[37m-->&amp#27;[39m &amp#27;[37mPOST&amp#27;[39m &amp#27;[37m/session/c5dffeeb-4ddc-4168-8588-bad0cfb1f774/element/00000000-0000-0046-ffff-ffff0000002b/click&amp#27;[39m &amp#27;[90m{"id":"00000000-0000-0046-ffff-ffff0000002b"}&amp#27;[39m
&amp#27;[38;5;66m[c5dffeeb]&amp#27;[0m&amp#27;[38;5;-150m[AndroidUiautomator2Driver@3ba1]&amp#27;[0m Calling AppiumDriver.click() with args: ["00000000-0000-0046-ffff-ffff0000002b","c5dffeeb-4ddc-4168-8588-bad0cfb1f774"]
&amp#27;[38;5;66m[c5dffeeb]&amp#27;[0m&amp#27;[38;5;-150m[AndroidUiautomator2Driver@3ba1]&amp#27;[0m Matched '/element/00000000-0000-0046-ffff-ffff0000002b/click' to command name 'click'
&amp#27;[38;5;66m[c5dffeeb]&amp#27;[0m&amp#27;[38;5;-150m[AndroidUiautomator2Driver@3ba1]&amp#27;[0m Proxying [POST /element/00000000-0000-0046-ffff-ffff0000002b/click] to [POST http://127.0.0.1:8200/session/3f23cf38-c563-4e1f-b3fd-c48e482a31ec/element/00000000-0000-0046-ffff-ffff0000002b/click] with body: {"element":"00000000-0000-0046-ffff-ffff0000002b"}
&amp#27;[38;5;66m[c5dffeeb]&amp#27;[0m&amp#27;[38;5;-150m[AndroidUiautomator2Driver@3ba1]&amp#27;[0m Got response with status 200: {"sessionId":"3f23cf38-c563-4e1f-b3fd-c48e482a31ec","value":null}
&amp#27;[38;5;66m[c5dffeeb]&amp#27;[0m&amp#27;[38;5;-150m[AndroidUiautomator2Driver@3ba1]&amp#27;[0m Responding to client with driver.click() result: null
&amp#27;[38;5;66m[c5dffeeb]&amp#27;[0m&amp#27;[38;5;86m[HTTP]&amp#27;[0m &amp#27;[37m<-- POST /session/c5dffeeb-4ddc-4168-8588-bad0cfb1f774/element/00000000-0000-0046-ffff-ffff0000002b/click &amp#27;[39m&amp#27;[32m200&amp#27;[39m &amp#27;[90m698 ms - 14&amp#27;[39m &amp#27;[90m&amp#27;[39m
&amp#27;[38;5;66m[c5dffeeb]&amp#27;[0m&amp#27;[38;5;86m[HTTP]&amp#27;[0m &amp#27;[37m-->&amp#27;[39m &amp#27;[37mGET&amp#27;[39m &amp#27;[37m/session/c5dffeeb-4ddc-4168-8588-bad0cfb1f774/context&amp#27;[39m &amp#27;[90m{}&amp#27;[39m
&amp#27;[38;5;66m[c5dffeeb]&amp#27;[0m&amp#27;[38;5;-150m[AndroidUiautomator2Driver@3ba1]&amp#27;[0m Calling AppiumDriver.getCurrentContext() with args: ["c5dffeeb-4ddc-4168-8588-bad0cfb1f774"]
&amp#27;[38;5;66m[c5dffeeb]&amp#27;[0m&amp#27;[38;5;-150m[AndroidUiautomator2Driver@3ba1]&amp#27;[0m Responding to client with driver.getCurrentContext() result: "NATIVE_APP"
&amp#27;[38;5;66m[c5dffeeb]&amp#27;[0m&amp#27;[38;5;86m[HTTP]&amp#27;[0m &amp#27;[37m<-- GET /session/c5dffeeb-4ddc-4168-8588-bad0cfb1f774/context &amp#27;[39m&amp#27;[32m200&amp#27;[39m &amp#27;[90m1 ms - 22&amp#27;[39m &amp#27;[90m&amp#27;[39m
&amp#27;[38;5;66m[c5dffeeb]&amp#27;[0m&amp#27;[38;5;86m[HTTP]&amp#27;[0m &amp#27;[37m-->&amp#27;[39m &amp#27;[37mPOST&amp#27;[39m &amp#27;[37m/session/c5dffeeb-4ddc-4168-8588-bad0cfb1f774/element&amp#27;[39m &amp#27;[90m{"value":"com.androidsample.generalstore:id/btnLetsShop","using":"id"}&amp#27;[39m
&amp#27;[38;5;66m[c5dffeeb]&amp#27;[0m&amp#27;[38;5;-150m[AndroidUiautomator2Driver@3ba1]&amp#27;[0m Calling AppiumDriver.findElement() with args: ["id","com.androidsample.generalstore:id/btnLetsShop","c5dffeeb-4ddc-4168-8588-bad0cfb1f774"]
&amp#27;[38;5;66m[c5dffeeb]&amp#27;[0m&amp#27;[38;5;-150m[AndroidUiautomator2Driver@3ba1]&amp#27;[0m Valid locator strategies for this request: xpath, id, class name, accessibility id, css selector, -android uiautomator
&amp#27;[38;5;66m[c5dffeeb]&amp#27;[0m&amp#27;[38;5;-150m[AndroidUiautomator2Driver@3ba1]&amp#27;[0m Waiting up to 10000 ms for condition
&amp#27;[38;5;66m[c5dffeeb]&amp#27;[0m&amp#27;[38;5;-150m[AndroidUiautomator2Driver@3ba1]&amp#27;[0m Matched '/element' to command name 'findElement'
&amp#27;[38;5;66m[c5dffeeb]&amp#27;[0m&amp#27;[38;5;-150m[AndroidUiautomator2Driver@3ba1]&amp#27;[0m Proxying [POST /element] to [POST http://127.0.0.1:8200/session/3f23cf38-c563-4e1f-b3fd-c48e482a31ec/element] with body: {"strategy":"id","selector":"com.androidsample.generalstore:id/btnLetsShop","context":"","multiple":false}
&amp#27;[38;5;66m[c5dffeeb]&amp#27;[0m&amp#27;[38;5;-150m[AndroidUiautomator2Driver@3ba1]&amp#27;[0m Got response with status 200: {"sessionId":"3f23cf38-c563-4e1f-b3fd-c48e482a31ec","value":{"ELEMENT":"00000000-0000-0045-ffff-ffff00000021","element-6066-11e4-a52e-4f735466cecf":"00000000-0000-0045-ffff-ffff00000021"}}
&amp#27;[38;5;66m[c5dffeeb]&amp#27;[0m&amp#27;[38;5;-150m[AndroidUiautomator2Driver@3ba1]&amp#27;[0m Responding to client with driver.findElement() result: {"element-6066-11e4-a52e-4f735466cecf":"00000000-0000-0045-ffff-ffff00000021","ELEMENT":"00000000-0000-0045-ffff-ffff00000021"}
&amp#27;[38;5;66m[c5dffeeb]&amp#27;[0m&amp#27;[38;5;86m[HTTP]&amp#27;[0m &amp#27;[37m<-- POST /session/c5dffeeb-4ddc-4168-8588-bad0cfb1f774/element &amp#27;[39m&amp#27;[32m200&amp#27;[39m &amp#27;[90m24 ms - 137&amp#27;[39m &amp#27;[90m&amp#27;[39m
&amp#27;[38;5;66m[c5dffeeb]&amp#27;[0m&amp#27;[38;5;86m[HTTP]&amp#27;[0m &amp#27;[37m-->&amp#27;[39m &amp#27;[37mPOST&amp#27;[39m &amp#27;[37m/session/c5dffeeb-4ddc-4168-8588-bad0cfb1f774/element/00000000-0000-0045-ffff-ffff00000021/click&amp#27;[39m &amp#27;[90m{"id":"00000000-0000-0045-ffff-ffff00000021"}&amp#27;[39m
&amp#27;[38;5;66m[c5dffeeb]&amp#27;[0m&amp#27;[38;5;-150m[AndroidUiautomator2Driver@3ba1]&amp#27;[0m Calling AppiumDriver.click() with args: ["00000000-0000-0045-ffff-ffff00000021","c5dffeeb-4ddc-4168-8588-bad0cfb1f774"]
&amp#27;[38;5;66m[c5dffeeb]&amp#27;[0m&amp#27;[38;5;-150m[AndroidUiautomator2Driver@3ba1]&amp#27;[0m Matched '/element/00000000-0000-0045-ffff-ffff00000021/click' to command name 'click'
&amp#27;[38;5;66m[c5dffeeb]&amp#27;[0m&amp#27;[38;5;-150m[AndroidUiautomator2Driver@3ba1]&amp#27;[0m Proxying [POST /element/00000000-0000-0045-ffff-ffff00000021/click] to [POST http://127.0.0.1:8200/session/3f23cf38-c563-4e1f-b3fd-c48e482a31ec/element/00000000-0000-0045-ffff-ffff00000021/click] with body: {"element":"00000000-0000-0045-ffff-ffff00000021"}
&amp#27;[38;5;66m[c5dffeeb]&amp#27;[0m&amp#27;[38;5;-150m[AndroidUiautomator2Driver@3ba1]&amp#27;[0m Got response with status 200: {"sessionId":"3f23cf38-c563-4e1f-b3fd-c48e482a31ec","value":null}
&amp#27;[38;5;66m[c5dffeeb]&amp#27;[0m&amp#27;[38;5;-150m[AndroidUiautomator2Driver@3ba1]&amp#27;[0m Responding to client with driver.click() result: null
&amp#27;[38;5;66m[c5dffeeb]&amp#27;[0m&amp#27;[38;5;86m[HTTP]&amp#27;[0m &amp#27;[37m<-- POST /session/c5dffeeb-4ddc-4168-8588-bad0cfb1f774/element/00000000-0000-0045-ffff-ffff00000021/click &amp#27;[39m&amp#27;[32m200&amp#27;[39m &amp#27;[90m53 ms - 14&amp#27;[39m &amp#27;[90m&amp#27;[39m
&amp#27;[38;5;66m[c5dffeeb]&amp#27;[0m&amp#27;[38;5;86m[HTTP]&amp#27;[0m &amp#27;[37m-->&amp#27;[39m &amp#27;[37mPOST&amp#27;[39m &amp#27;[37m/session/c5dffeeb-4ddc-4168-8588-bad0cfb1f774/element&amp#27;[39m &amp#27;[90m{"value":"(//android.widget.Toast)[1]","using":"xpath"}&amp#27;[39m
&amp#27;[38;5;66m[c5dffeeb]&amp#27;[0m&amp#27;[38;5;-150m[AndroidUiautomator2Driver@3ba1]&amp#27;[0m Calling AppiumDriver.findElement() with args: ["xpath","(//android.widget.Toast)[1]","c5dffeeb-4ddc-4168-8588-bad0cfb1f774"]
&amp#27;[38;5;66m[c5dffeeb]&amp#27;[0m&amp#27;[38;5;-150m[AndroidUiautomator2Driver@3ba1]&amp#27;[0m Valid locator strategies for this request: xpath, id, class name, accessibility id, css selector, -android uiautomator
&amp#27;[38;5;66m[c5dffeeb]&amp#27;[0m&amp#27;[38;5;-150m[AndroidUiautomator2Driver@3ba1]&amp#27;[0m Waiting up to 10000 ms for condition
&amp#27;[38;5;66m[c5dffeeb]&amp#27;[0m&amp#27;[38;5;-150m[AndroidUiautomator2Driver@3ba1]&amp#27;[0m Matched '/element' to command name 'findElement'
&amp#27;[38;5;66m[c5dffeeb]&amp#27;[0m&amp#27;[38;5;-150m[AndroidUiautomator2Driver@3ba1]&amp#27;[0m Proxying [POST /element] to [POST http://127.0.0.1:8200/session/3f23cf38-c563-4e1f-b3fd-c48e482a31ec/element] with body: {"strategy":"xpath","selector":"(//android.widget.Toast)[1]","context":"","multiple":false}
&amp#27;[38;5;66m[c5dffeeb]&amp#27;[0m&amp#27;[38;5;-150m[AndroidUiautomator2Driver@3ba1]&amp#27;[0m Got response with status 200: {"sessionId":"3f23cf38-c563-4e1f-b3fd-c48e482a31ec","value":{"ELEMENT":"07451079-7ead-4e97-8641-176e8d8f0f23","element-6066-11e4-a52e-4f735466cecf":"07451079-7ead-4e97-8641-176e8d8f0f23"}}
&amp#27;[38;5;66m[c5dffeeb]&amp#27;[0m&amp#27;[38;5;-150m[AndroidUiautomator2Driver@3ba1]&amp#27;[0m Responding to client with driver.findElement() result: {"element-6066-11e4-a52e-4f735466cecf":"07451079-7ead-4e97-8641-176e8d8f0f23","ELEMENT":"07451079-7ead-4e97-8641-176e8d8f0f23"}
&amp#27;[38;5;66m[c5dffeeb]&amp#27;[0m&amp#27;[38;5;86m[HTTP]&amp#27;[0m &amp#27;[37m<-- POST /session/c5dffeeb-4ddc-4168-8588-bad0cfb1f774/element &amp#27;[39m&amp#27;[32m200&amp#27;[39m &amp#27;[90m53 ms - 137&amp#27;[39m &amp#27;[90m&amp#27;[39m
&amp#27;[38;5;66m[c5dffeeb]&amp#27;[0m&amp#27;[38;5;86m[HTTP]&amp#27;[0m &amp#27;[37m-->&amp#27;[39m &amp#27;[37mGET&amp#27;[39m &amp#27;[37m/session/c5dffeeb-4ddc-4168-8588-bad0cfb1f774/element/07451079-7ead-4e97-8641-176e8d8f0f23/attribute/name&amp#27;[39m &amp#27;[90m{}&amp#27;[39m
&amp#27;[38;5;66m[c5dffeeb]&amp#27;[0m&amp#27;[38;5;-150m[AndroidUiautomator2Driver@3ba1]&amp#27;[0m Calling AppiumDriver.getAttribute() with args: ["name","07451079-7ead-4e97-8641-176e8d8f0f23","c5dffeeb-4ddc-4168-8588-bad0cfb1f774"]
&amp#27;[38;5;66m[c5dffeeb]&amp#27;[0m&amp#27;[38;5;-150m[AndroidUiautomator2Driver@3ba1]&amp#27;[0m Matched '/element/07451079-7ead-4e97-8641-176e8d8f0f23/attribute/name' to command name 'getAttribute'
&amp#27;[38;5;66m[c5dffeeb]&amp#27;[0m&amp#27;[38;5;-150m[AndroidUiautomator2Driver@3ba1]&amp#27;[0m Proxying [GET /element/07451079-7ead-4e97-8641-176e8d8f0f23/attribute/name] to [GET http://127.0.0.1:8200/session/3f23cf38-c563-4e1f-b3fd-c48e482a31ec/element/07451079-7ead-4e97-8641-176e8d8f0f23/attribute/name] with no body
&amp#27;[38;5;66m[c5dffeeb]&amp#27;[0m&amp#27;[38;5;-150m[AndroidUiautomator2Driver@3ba1]&amp#27;[0m Got response with status 200: {"sessionId":"3f23cf38-c563-4e1f-b3fd-c48e482a31ec","value":"Please enter your name"}
&amp#27;[38;5;66m[c5dffeeb]&amp#27;[0m&amp#27;[38;5;-150m[AndroidUiautomator2Driver@3ba1]&amp#27;[0m Responding to client with driver.getAttribute() result: "Please enter your name"
&amp#27;[38;5;66m[c5dffeeb]&amp#27;[0m&amp#27;[38;5;86m[HTTP]&amp#27;[0m &amp#27;[37m<-- GET /session/c5dffeeb-4ddc-4168-8588-bad0cfb1f774/element/07451079-7ead-4e97-8641-176e8d8f0f23/attribute/name &amp#27;[39m&amp#27;[32m200&amp#27;[39m &amp#27;[90m22 ms - 34&amp#27;[39m &amp#27;[90m&amp#27;[39m
&amp#27;[38;5;66m[c5dffeeb]&amp#27;[0m&amp#27;[38;5;86m[HTTP]&amp#27;[0m &amp#27;[37m-->&amp#27;[39m &amp#27;[37mGET&amp#27;[39m &amp#27;[37m/session/c5dffeeb-4ddc-4168-8588-bad0cfb1f774/screenshot&amp#27;[39m &amp#27;[90m{}&amp#27;[39m
&amp#27;[38;5;66m[c5dffeeb]&amp#27;[0m&amp#27;[38;5;-150m[AndroidUiautomator2Driver@3ba1]&amp#27;[0m Calling AppiumDriver.getScreenshot() with args: ["c5dffeeb-4ddc-4168-8588-bad0cfb1f774"]
&amp#27;[38;5;66m[c5dffeeb]&amp#27;[0m&amp#27;[38;5;-150m[AndroidUiautomator2Driver@3ba1]&amp#27;[0m Matched '/screenshot' to command name 'getScreenshot'
&amp#27;[38;5;66m[c5dffeeb]&amp#27;[0m&amp#27;[38;5;-150m[AndroidUiautomator2Driver@3ba1]&amp#27;[0m Proxying [GET /screenshot] to [GET http://127.0.0.1:8200/session/3f23cf38-c563-4e1f-b3fd-c48e482a31ec/screenshot] with no body
&amp#27;[38;5;66m[c5dffeeb]&amp#27;[0m&amp#27;[38;5;-150m[AndroidUiautomator2Driver@3ba1]&amp#27;[0m Got response with status 200: {"sessionId":"3f23cf38-c563-4e1f-b3fd-c48e482a31ec","value":"iVBORw0KGgoAAAANSUhEUgAABDgAAAisCAYAAACtR1KuAAAAAXNSR0IArs4c6QAAAARzQklUCAgICHwIZIgAACAASURBVHic7N13eBzVocbh78zsrrpkufeCwQZcMJhuCGBMaCGQQOgQCIQQSriQBLiQm94IgQAJkISQQOiQUEMI1VQDxkBoNhgbsHFBWJZtde3uzLl/rFZeSbvSrqw28u99Hj+Wppw5Mzuzu/NpzjmmfPGpVgAAAAAAAAHm9HUFAAAAAAAAthQBBwAAAAAACDwCDgAAAAAAEHgEHAAAAAAAIPAIOAAAAAAAQOARcAAAAAAAgMAj4AAAAAAAAIFHwAEAAAAAAAKPgAMAAAAAAAQeAQcAAAAAAAg8Ag4AAAAAABB4BBwAAAAAACDwQn1dAQC5MTKaFBmucwcfogOKZ2h8eGjKPMk2/xy3nj5oWqP7qhforo0vqsqrlW2ZCwAAAAADiylffCp3PEB/Z6V8J6IrR56qY8r2VFiuHJP9A1i+rGq8Bv268n79ueopgg4AAAAAAw4BBwaMIidfEePKyLSb58uqwW9Sk433Qc22jCtHd4+7SAcUT5eR0u5ftmxztDFiyTfkye+2OgIAACB4BrlF2iFvrEaEyjTULdUgt1AbvXpVetWqiG/SkqZV2ujV9XU1u9348FCtjFX2yrZOLNtX48JDOlzmisoHe6UuWwOaqGBACBlX5w0+RHsWTlW+E243f4NXq1s2zNdTtW/LD9DTC3sXTtVDEy6V203d5ZjmeOTEQfvqto3PdUuZAAAACIZZ+RO1X9E07Vu0g6bnjdfwUFmn63we36R3m1bq+boleq7uPb3V+Ekv1LTnfLN8niZFRuiyijt6ZXsnDNpHcwq373AZAo7uQ8CBAWF63jh9qXRXTcsbl3GZVbH1Wty0Sqti63uxZl1jZPS7UafplEH7bdETG5n8cPjXdPvG52Vl...
&amp#27;[38;5;66m[c5dffeeb]&amp#27;[0m&amp#27;[38;5;-150m[AndroidUiautomator2Driver@3ba1]&amp#27;[0m Responding to client with driver.getScreenshot() result: "iVBORw0KGgoAAAANSUhEUgAABDgAAAisCAYAAACtR1KuAAAAAXNSR0IArs4c6QAAAARzQklUCAgICHwIZIgAACAASURBVHic7N13eBzVocbh78zsrrpkufeCwQZcMJhuCGBMaCGQQOgQCIQQSriQBLiQm94IgQAJkISQQOiQUEMI1VQDxkBoNhgbsHFBWJZtde3uzLl/rFZeSbvSrqw28u99Hj+Wppw5Mzuzu/NpzjmmfPGpVgAAAAAAAAHm9HUFAAAAAAAAthQBBwAAAAAACDwCDgAAAAAAEHgEHAAAAAAAIPAIOAAAAAAAQOARcAAAAAAAgMAj4AAAAAAAAIFHwAEAAAAAAAKPgAMAAAAAAAQeAQcAAAAAAAg8Ag4AAAAAABB4BBwAAAAAACDwQn1dAQC5MTKaFBmucwcfogOKZ2h8eGjKPMk2/xy3nj5oWqP7qhforo0vqsqrlW2ZCwAAAAADiylffCp3PEB/Z6V8J6IrR56qY8r2VFiuHJP9A1i+rGq8Bv268n79ueopgg4AAAAAAw4BBwaMIidfEePKyLSb58uqwW9Sk433Qc22jCtHd4+7SAcUT5eR0u5ftmxztDFiyTfkye+2OgIAACB4BrlF2iFvrEaEyjTULdUgt1AbvXpVetWqiG/SkqZV2ujV9XU1u9348FCtjFX2yrZOLNtX48JDOlzmisoHe6UuWwOaqGBACBlX5w0+RHsWTlW+E243f4NXq1s2zNdTtW/LD9DTC3sXTtVDEy6V203d5ZjmeOTEQfvqto3PdUuZAAAACIZZ+RO1X9E07Vu0g6bnjdfwUFmn63we36R3m1bq+boleq7uPb3V+Ekv1LTnfLN8niZFRuiyijt6ZXsnDNpHcwq373AZAo7uQ8CBAWF63jh9qXRXTcsbl3GZVbH1Wty0Sqti63uxZl1jZPS7UafplEH7bdETG5n8cPjXdPvG52VltU1khD6KVnT7NgAAAND3JoSH6cRB++r4sjkal9J3W7aGh8o0NzRDc4tmSJI+...
&amp#27;[38;5;66m[c5dffeeb]&amp#27;[0m&amp#27;[38;5;86m[HTTP]&amp#27;[0m &amp#27;[37m<-- GET /session/c5dffeeb-4ddc-4168-8588-bad0cfb1f774/screenshot &amp#27;[39m&amp#27;[32m200&amp#27;[39m &amp#27;[90m227 ms - 624608&amp#27;[39m &amp#27;[90m&amp#27;[39m
]]></system-out>
  </testcase>
  <testcase name="FormLogin_ErrorValidationTest" classname="org.latiffsyed.tests.android.LoginFormValidationTest" time="5.562">
    <system-out><![CDATA[Executing @BeforeMethod: preSteup()
&amp#27;[38;5;66m[c5dffeeb]&amp#27;[0m&amp#27;[38;5;86m[HTTP]&amp#27;[0m &amp#27;[37m-->&amp#27;[39m &amp#27;[37mPOST&amp#27;[39m &amp#27;[37m/session/c5dffeeb-4ddc-4168-8588-bad0cfb1f774/execute/sync&amp#27;[39m &amp#27;[90m{"args":[{"intent":"com.androidsample.generalstore/com.androidsample.generalstore.SplashActivity"}],"script":"mobile: startActivity"}&amp#27;[39m
&amp#27;[38;5;66m[c5dffeeb]&amp#27;[0m&amp#27;[38;5;-150m[AndroidUiautomator2Driver@3ba1]&amp#27;[0m Calling AppiumDriver.execute() with args: ["mobile: startActivity",[{"intent":"com.androidsample.generalstore/com.androidsample.generalstore.SplashActivity"}],"c5dffeeb-4ddc-4168-8588-bad0cfb1f774"]
&amp#27;[38;5;66m[c5dffeeb]&amp#27;[0m&amp#27;[38;5;229m[ADB]&amp#27;[0m Running '/Users/administrator/Library/Android/sdk/platform-tools/adb -P 5037 -s emulator-5554 shell am start-activity com.androidsample.generalstore/com.androidsample.generalstore.SplashActivity'
&amp#27;[38;5;66m[c5dffeeb]&amp#27;[0m&amp#27;[38;5;-150m[AndroidUiautomator2Driver@3ba1]&amp#27;[0m Responding to client with driver.execute() result: "Starting: Intent { act=android.intent.action.MAIN cat=[android.intent.category.LAUNCHER] cmp=com.androidsample.generalstore/.SplashActivity }"
&amp#27;[38;5;66m[c5dffeeb]&amp#27;[0m&amp#27;[38;5;86m[HTTP]&amp#27;[0m &amp#27;[37m<-- POST /session/c5dffeeb-4ddc-4168-8588-bad0cfb1f774/execute/sync &amp#27;[39m&amp#27;[32m200&amp#27;[39m &amp#27;[90m21 ms - 153&amp#27;[39m &amp#27;[90m&amp#27;[39m
&amp#27;[38;5;66m[c5dffeeb]&amp#27;[0m&amp#27;[38;5;86m[HTTP]&amp#27;[0m &amp#27;[37m-->&amp#27;[39m &amp#27;[37mGET&amp#27;[39m &amp#27;[37m/session/c5dffeeb-4ddc-4168-8588-bad0cfb1f774/context&amp#27;[39m &amp#27;[90m{}&amp#27;[39m
&amp#27;[38;5;66m[c5dffeeb]&amp#27;[0m&amp#27;[38;5;-150m[AndroidUiautomator2Driver@3ba1]&amp#27;[0m Calling AppiumDriver.getCurrentContext() with args: ["c5dffeeb-4ddc-4168-8588-bad0cfb1f774"]
&amp#27;[38;5;66m[c5dffeeb]&amp#27;[0m&amp#27;[38;5;-150m[AndroidUiautomator2Driver@3ba1]&amp#27;[0m Responding to client with driver.getCurrentContext() result: "NATIVE_APP"
&amp#27;[38;5;66m[c5dffeeb]&amp#27;[0m&amp#27;[38;5;86m[HTTP]&amp#27;[0m &amp#27;[37m<-- GET /session/c5dffeeb-4ddc-4168-8588-bad0cfb1f774/context &amp#27;[39m&amp#27;[32m200&amp#27;[39m &amp#27;[90m0 ms - 22&amp#27;[39m &amp#27;[90m&amp#27;[39m
&amp#27;[38;5;66m[c5dffeeb]&amp#27;[0m&amp#27;[38;5;86m[HTTP]&amp#27;[0m &amp#27;[37m-->&amp#27;[39m &amp#27;[37mPOST&amp#27;[39m &amp#27;[37m/session/c5dffeeb-4ddc-4168-8588-bad0cfb1f774/element&amp#27;[39m &amp#27;[90m{"value":"//android.widget.RadioButton[@text='Female']","using":"xpath"}&amp#27;[39m
&amp#27;[38;5;66m[c5dffeeb]&amp#27;[0m&amp#27;[38;5;-150m[AndroidUiautomator2Driver@3ba1]&amp#27;[0m Calling AppiumDriver.findElement() with args: ["xpath","//android.widget.RadioButton[@text='Female']","c5dffeeb-4ddc-4168-8588-bad0cfb1f774"]
&amp#27;[38;5;66m[c5dffeeb]&amp#27;[0m&amp#27;[38;5;-150m[AndroidUiautomator2Driver@3ba1]&amp#27;[0m Valid locator strategies for this request: xpath, id, class name, accessibility id, css selector, -android uiautomator
&amp#27;[38;5;66m[c5dffeeb]&amp#27;[0m&amp#27;[38;5;-150m[AndroidUiautomator2Driver@3ba1]&amp#27;[0m Waiting up to 10000 ms for condition
&amp#27;[38;5;66m[c5dffeeb]&amp#27;[0m&amp#27;[38;5;-150m[AndroidUiautomator2Driver@3ba1]&amp#27;[0m Matched '/element' to command name 'findElement'
&amp#27;[38;5;66m[c5dffeeb]&amp#27;[0m&amp#27;[38;5;-150m[AndroidUiautomator2Driver@3ba1]&amp#27;[0m Proxying [POST /element] to [POST http://127.0.0.1:8200/session/3f23cf38-c563-4e1f-b3fd-c48e482a31ec/element] with body: {"strategy":"xpath","selector":"//android.widget.RadioButton[@text='Female']","context":"","multiple":false}
&amp#27;[38;5;66m[c5dffeeb]&amp#27;[0m&amp#27;[38;5;-150m[AndroidUiautomator2Driver@3ba1]&amp#27;[0m Got response with status 200: {"sessionId":"3f23cf38-c563-4e1f-b3fd-c48e482a31ec","value":{"ELEMENT":"00000000-0000-0045-ffff-ffff00000020","element-6066-11e4-a52e-4f735466cecf":"00000000-0000-0045-ffff-ffff00000020"}}
&amp#27;[38;5;66m[c5dffeeb]&amp#27;[0m&amp#27;[38;5;-150m[AndroidUiautomator2Driver@3ba1]&amp#27;[0m Responding to client with driver.findElement() result: {"element-6066-11e4-a52e-4f735466cecf":"00000000-0000-0045-ffff-ffff00000020","ELEMENT":"00000000-0000-0045-ffff-ffff00000020"}
&amp#27;[38;5;66m[c5dffeeb]&amp#27;[0m&amp#27;[38;5;86m[HTTP]&amp#27;[0m &amp#27;[37m<-- POST /session/c5dffeeb-4ddc-4168-8588-bad0cfb1f774/element &amp#27;[39m&amp#27;[32m200&amp#27;[39m &amp#27;[90m16 ms - 137&amp#27;[39m &amp#27;[90m&amp#27;[39m
&amp#27;[38;5;66m[c5dffeeb]&amp#27;[0m&amp#27;[38;5;86m[HTTP]&amp#27;[0m &amp#27;[37m-->&amp#27;[39m &amp#27;[37mPOST&amp#27;[39m &amp#27;[37m/session/c5dffeeb-4ddc-4168-8588-bad0cfb1f774/element/00000000-0000-0045-ffff-ffff00000020/click&amp#27;[39m &amp#27;[90m{"id":"00000000-0000-0045-ffff-ffff00000020"}&amp#27;[39m
&amp#27;[38;5;66m[c5dffeeb]&amp#27;[0m&amp#27;[38;5;-150m[AndroidUiautomator2Driver@3ba1]&amp#27;[0m Calling AppiumDriver.click() with args: ["00000000-0000-0045-ffff-ffff00000020","c5dffeeb-4ddc-4168-8588-bad0cfb1f774"]
&amp#27;[38;5;66m[c5dffeeb]&amp#27;[0m&amp#27;[38;5;-150m[AndroidUiautomator2Driver@3ba1]&amp#27;[0m Matched '/element/00000000-0000-0045-ffff-ffff00000020/click' to command name 'click'
&amp#27;[38;5;66m[c5dffeeb]&amp#27;[0m&amp#27;[38;5;-150m[AndroidUiautomator2Driver@3ba1]&amp#27;[0m Proxying [POST /element/00000000-0000-0045-ffff-ffff00000020/click] to [POST http://127.0.0.1:8200/session/3f23cf38-c563-4e1f-b3fd-c48e482a31ec/element/00000000-0000-0045-ffff-ffff00000020/click] with body: {"element":"00000000-0000-0045-ffff-ffff00000020"}
&amp#27;[38;5;66m[c5dffeeb]&amp#27;[0m&amp#27;[38;5;-150m[AndroidUiautomator2Driver@3ba1]&amp#27;[0m Got response with status 200: {"sessionId":"3f23cf38-c563-4e1f-b3fd-c48e482a31ec","value":null}
&amp#27;[38;5;66m[c5dffeeb]&amp#27;[0m&amp#27;[38;5;-150m[AndroidUiautomator2Driver@3ba1]&amp#27;[0m Responding to client with driver.click() result: null
&amp#27;[38;5;66m[c5dffeeb]&amp#27;[0m&amp#27;[38;5;86m[HTTP]&amp#27;[0m &amp#27;[37m<-- POST /session/c5dffeeb-4ddc-4168-8588-bad0cfb1f774/element/00000000-0000-0045-ffff-ffff00000020/click &amp#27;[39m&amp#27;[32m200&amp#27;[39m &amp#27;[90m200 ms - 14&amp#27;[39m &amp#27;[90m&amp#27;[39m
&amp#27;[38;5;66m[c5dffeeb]&amp#27;[0m&amp#27;[38;5;86m[HTTP]&amp#27;[0m &amp#27;[37m-->&amp#27;[39m &amp#27;[37mGET&amp#27;[39m &amp#27;[37m/session/c5dffeeb-4ddc-4168-8588-bad0cfb1f774/context&amp#27;[39m &amp#27;[90m{}&amp#27;[39m
&amp#27;[38;5;66m[c5dffeeb]&amp#27;[0m&amp#27;[38;5;-150m[AndroidUiautomator2Driver@3ba1]&amp#27;[0m Calling AppiumDriver.getCurrentContext() with args: ["c5dffeeb-4ddc-4168-8588-bad0cfb1f774"]
&amp#27;[38;5;66m[c5dffeeb]&amp#27;[0m&amp#27;[38;5;-150m[AndroidUiautomator2Driver@3ba1]&amp#27;[0m Responding to client with driver.getCurrentContext() result: "NATIVE_APP"
&amp#27;[38;5;66m[c5dffeeb]&amp#27;[0m&amp#27;[38;5;86m[HTTP]&amp#27;[0m &amp#27;[37m<-- GET /session/c5dffeeb-4ddc-4168-8588-bad0cfb1f774/context &amp#27;[39m&amp#27;[32m200&amp#27;[39m &amp#27;[90m1 ms - 22&amp#27;[39m &amp#27;[90m&amp#27;[39m
&amp#27;[38;5;66m[c5dffeeb]&amp#27;[0m&amp#27;[38;5;86m[HTTP]&amp#27;[0m &amp#27;[37m-->&amp#27;[39m &amp#27;[37mPOST&amp#27;[39m &amp#27;[37m/session/c5dffeeb-4ddc-4168-8588-bad0cfb1f774/element&amp#27;[39m &amp#27;[90m{"value":"android:id/text1","using":"id"}&amp#27;[39m
&amp#27;[38;5;66m[c5dffeeb]&amp#27;[0m&amp#27;[38;5;-150m[AndroidUiautomator2Driver@3ba1]&amp#27;[0m Calling AppiumDriver.findElement() with args: ["id","android:id/text1","c5dffeeb-4ddc-4168-8588-bad0cfb1f774"]
&amp#27;[38;5;66m[c5dffeeb]&amp#27;[0m&amp#27;[38;5;-150m[AndroidUiautomator2Driver@3ba1]&amp#27;[0m Valid locator strategies for this request: xpath, id, class name, accessibility id, css selector, -android uiautomator
&amp#27;[38;5;66m[c5dffeeb]&amp#27;[0m&amp#27;[38;5;-150m[AndroidUiautomator2Driver@3ba1]&amp#27;[0m Waiting up to 10000 ms for condition
&amp#27;[38;5;66m[c5dffeeb]&amp#27;[0m&amp#27;[38;5;-150m[AndroidUiautomator2Driver@3ba1]&amp#27;[0m Matched '/element' to command name 'findElement'
&amp#27;[38;5;66m[c5dffeeb]&amp#27;[0m&amp#27;[38;5;-150m[AndroidUiautomator2Driver@3ba1]&amp#27;[0m Proxying [POST /element] to [POST http://127.0.0.1:8200/session/3f23cf38-c563-4e1f-b3fd-c48e482a31ec/element] with body: {"strategy":"id","selector":"android:id/text1","context":"","multiple":false}
&amp#27;[38;5;66m[c5dffeeb]&amp#27;[0m&amp#27;[38;5;-150m[AndroidUiautomator2Driver@3ba1]&amp#27;[0m Got response with status 200: {"sessionId":"3f23cf38-c563-4e1f-b3fd-c48e482a31ec","value":{"ELEMENT":"00000000-0000-0045-ffff-ffff00000033","element-6066-11e4-a52e-4f735466cecf":"00000000-0000-0045-ffff-ffff00000033"}}
&amp#27;[38;5;66m[c5dffeeb]&amp#27;[0m&amp#27;[38;5;-150m[AndroidUiautomator2Driver@3ba1]&amp#27;[0m Responding to client with driver.findElement() result: {"element-6066-11e4-a52e-4f735466cecf":"00000000-0000-0045-ffff-ffff00000033","ELEMENT":"00000000-0000-0045-ffff-ffff00000033"}
&amp#27;[38;5;66m[c5dffeeb]&amp#27;[0m&amp#27;[38;5;86m[HTTP]&amp#27;[0m &amp#27;[37m<-- POST /session/c5dffeeb-4ddc-4168-8588-bad0cfb1f774/element &amp#27;[39m&amp#27;[32m200&amp#27;[39m &amp#27;[90m498 ms - 137&amp#27;[39m &amp#27;[90m&amp#27;[39m
&amp#27;[38;5;66m[c5dffeeb]&amp#27;[0m&amp#27;[38;5;86m[HTTP]&amp#27;[0m &amp#27;[37m-->&amp#27;[39m &amp#27;[37mPOST&amp#27;[39m &amp#27;[37m/session/c5dffeeb-4ddc-4168-8588-bad0cfb1f774/element/00000000-0000-0045-ffff-ffff00000033/click&amp#27;[39m &amp#27;[90m{"id":"00000000-0000-0045-ffff-ffff00000033"}&amp#27;[39m
&amp#27;[38;5;66m[c5dffeeb]&amp#27;[0m&amp#27;[38;5;-150m[AndroidUiautomator2Driver@3ba1]&amp#27;[0m Calling AppiumDriver.click() with args: ["00000000-0000-0045-ffff-ffff00000033","c5dffeeb-4ddc-4168-8588-bad0cfb1f774"]
&amp#27;[38;5;66m[c5dffeeb]&amp#27;[0m&amp#27;[38;5;-150m[AndroidUiautomator2Driver@3ba1]&amp#27;[0m Matched '/element/00000000-0000-0045-ffff-ffff00000033/click' to command name 'click'
&amp#27;[38;5;66m[c5dffeeb]&amp#27;[0m&amp#27;[38;5;-150m[AndroidUiautomator2Driver@3ba1]&amp#27;[0m Proxying [POST /element/00000000-0000-0045-ffff-ffff00000033/click] to [POST http://127.0.0.1:8200/session/3f23cf38-c563-4e1f-b3fd-c48e482a31ec/element/00000000-0000-0045-ffff-ffff00000033/click] with body: {"element":"00000000-0000-0045-ffff-ffff00000033"}
&amp#27;[38;5;66m[c5dffeeb]&amp#27;[0m&amp#27;[38;5;-150m[AndroidUiautomator2Driver@3ba1]&amp#27;[0m Got response with status 200: {"sessionId":"3f23cf38-c563-4e1f-b3fd-c48e482a31ec","value":null}
&amp#27;[38;5;66m[c5dffeeb]&amp#27;[0m&amp#27;[38;5;-150m[AndroidUiautomator2Driver@3ba1]&amp#27;[0m Responding to client with driver.click() result: null
&amp#27;[38;5;66m[c5dffeeb]&amp#27;[0m&amp#27;[38;5;86m[HTTP]&amp#27;[0m &amp#27;[37m<-- POST /session/c5dffeeb-4ddc-4168-8588-bad0cfb1f774/element/00000000-0000-0045-ffff-ffff00000033/click &amp#27;[39m&amp#27;[32m200&amp#27;[39m &amp#27;[90m41 ms - 14&amp#27;[39m &amp#27;[90m&amp#27;[39m
&amp#27;[38;5;66m[c5dffeeb]&amp#27;[0m&amp#27;[38;5;86m[HTTP]&amp#27;[0m &amp#27;[37m-->&amp#27;[39m &amp#27;[37mPOST&amp#27;[39m &amp#27;[37m/session/c5dffeeb-4ddc-4168-8588-bad0cfb1f774/element&amp#27;[39m &amp#27;[90m{"value":"new UiScrollable(new UiSelector()).scrollIntoView(text(\"Australia\"));","using":"-android uiautomator"}&amp#27;[39m
&amp#27;[38;5;66m[c5dffeeb]&amp#27;[0m&amp#27;[38;5;-150m[AndroidUiautomator2Driver@3ba1]&amp#27;[0m Calling AppiumDriver.findElement() with args: ["-android uiautomator","new UiScrollable(new UiSelector()).scrollIntoView(text(\"Australia\"));","c5dffeeb-4ddc-4168-8588-bad0cfb1f774"]
&amp#27;[38;5;66m[c5dffeeb]&amp#27;[0m&amp#27;[38;5;-150m[AndroidUiautomator2Driver@3ba1]&amp#27;[0m Valid locator strategies for this request: xpath, id, class name, accessibility id, css selector, -android uiautomator
&amp#27;[38;5;66m[c5dffeeb]&amp#27;[0m&amp#27;[38;5;-150m[AndroidUiautomator2Driver@3ba1]&amp#27;[0m Waiting up to 10000 ms for condition
&amp#27;[38;5;66m[c5dffeeb]&amp#27;[0m&amp#27;[38;5;-150m[AndroidUiautomator2Driver@3ba1]&amp#27;[0m Matched '/element' to command name 'findElement'
&amp#27;[38;5;66m[c5dffeeb]&amp#27;[0m&amp#27;[38;5;-150m[AndroidUiautomator2Driver@3ba1]&amp#27;[0m Proxying [POST /element] to [POST http://127.0.0.1:8200/session/3f23cf38-c563-4e1f-b3fd-c48e482a31ec/element] with body: {"strategy":"-android uiautomator","selector":"new UiScrollable(new UiSelector()).scrollIntoView(text(\"Australia\"));","context":"","multiple":false}
&amp#27;[38;5;66m[c5dffeeb]&amp#27;[0m&amp#27;[38;5;-150m[AndroidUiautomator2Driver@3ba1]&amp#27;[0m Got response with status 200: {"sessionId":"3f23cf38-c563-4e1f-b3fd-c48e482a31ec","value":{"ELEMENT":"00000000-0000-0048-ffff-ffff0000003a","element-6066-11e4-a52e-4f735466cecf":"00000000-0000-0048-ffff-ffff0000003a"}}
&amp#27;[38;5;66m[c5dffeeb]&amp#27;[0m&amp#27;[38;5;-150m[AndroidUiautomator2Driver@3ba1]&amp#27;[0m Responding to client with driver.findElement() result: {"element-6066-11e4-a52e-4f735466cecf":"00000000-0000-0048-ffff-ffff0000003a","ELEMENT":"00000000-0000-0048-ffff-ffff0000003a"}
&amp#27;[38;5;66m[c5dffeeb]&amp#27;[0m&amp#27;[38;5;86m[HTTP]&amp#27;[0m &amp#27;[37m<-- POST /session/c5dffeeb-4ddc-4168-8588-bad0cfb1f774/element &amp#27;[39m&amp#27;[32m200&amp#27;[39m &amp#27;[90m835 ms - 137&amp#27;[39m &amp#27;[90m&amp#27;[39m
&amp#27;[38;5;66m[c5dffeeb]&amp#27;[0m&amp#27;[38;5;86m[HTTP]&amp#27;[0m &amp#27;[37m-->&amp#27;[39m &amp#27;[37mPOST&amp#27;[39m &amp#27;[37m/session/c5dffeeb-4ddc-4168-8588-bad0cfb1f774/element&amp#27;[39m &amp#27;[90m{"value":"//android.widget.TextView[@text='Australia']","using":"xpath"}&amp#27;[39m
&amp#27;[38;5;66m[c5dffeeb]&amp#27;[0m&amp#27;[38;5;-150m[AndroidUiautomator2Driver@3ba1]&amp#27;[0m Calling AppiumDriver.findElement() with args: ["xpath","//android.widget.TextView[@text='Australia']","c5dffeeb-4ddc-4168-8588-bad0cfb1f774"]
&amp#27;[38;5;66m[c5dffeeb]&amp#27;[0m&amp#27;[38;5;-150m[AndroidUiautomator2Driver@3ba1]&amp#27;[0m Valid locator strategies for this request: xpath, id, class name, accessibility id, css selector, -android uiautomator
&amp#27;[38;5;66m[c5dffeeb]&amp#27;[0m&amp#27;[38;5;-150m[AndroidUiautomator2Driver@3ba1]&amp#27;[0m Waiting up to 10000 ms for condition
&amp#27;[38;5;66m[c5dffeeb]&amp#27;[0m&amp#27;[38;5;-150m[AndroidUiautomator2Driver@3ba1]&amp#27;[0m Matched '/element' to command name 'findElement'
&amp#27;[38;5;66m[c5dffeeb]&amp#27;[0m&amp#27;[38;5;-150m[AndroidUiautomator2Driver@3ba1]&amp#27;[0m Proxying [POST /element] to [POST http://127.0.0.1:8200/session/3f23cf38-c563-4e1f-b3fd-c48e482a31ec/element] with body: {"strategy":"xpath","selector":"//android.widget.TextView[@text='Australia']","context":"","multiple":false}
&amp#27;[38;5;66m[c5dffeeb]&amp#27;[0m&amp#27;[38;5;-150m[AndroidUiautomator2Driver@3ba1]&amp#27;[0m Got response with status 200: {"sessionId":"3f23cf38-c563-4e1f-b3fd-c48e482a31ec","value":{"ELEMENT":"00000000-0000-0048-ffff-ffff0000003a","element-6066-11e4-a52e-4f735466cecf":"00000000-0000-0048-ffff-ffff0000003a"}}
&amp#27;[38;5;66m[c5dffeeb]&amp#27;[0m&amp#27;[38;5;-150m[AndroidUiautomator2Driver@3ba1]&amp#27;[0m Responding to client with driver.findElement() result: {"element-6066-11e4-a52e-4f735466cecf":"00000000-0000-0048-ffff-ffff0000003a","ELEMENT":"00000000-0000-0048-ffff-ffff0000003a"}
&amp#27;[38;5;66m[c5dffeeb]&amp#27;[0m&amp#27;[38;5;86m[HTTP]&amp#27;[0m &amp#27;[37m<-- POST /session/c5dffeeb-4ddc-4168-8588-bad0cfb1f774/element &amp#27;[39m&amp#27;[32m200&amp#27;[39m &amp#27;[90m30 ms - 137&amp#27;[39m &amp#27;[90m&amp#27;[39m
&amp#27;[38;5;66m[c5dffeeb]&amp#27;[0m&amp#27;[38;5;86m[HTTP]&amp#27;[0m &amp#27;[37m-->&amp#27;[39m &amp#27;[37mPOST&amp#27;[39m &amp#27;[37m/session/c5dffeeb-4ddc-4168-8588-bad0cfb1f774/element/00000000-0000-0048-ffff-ffff0000003a/click&amp#27;[39m &amp#27;[90m{"id":"00000000-0000-0048-ffff-ffff0000003a"}&amp#27;[39m
&amp#27;[38;5;66m[c5dffeeb]&amp#27;[0m&amp#27;[38;5;-150m[AndroidUiautomator2Driver@3ba1]&amp#27;[0m Calling AppiumDriver.click() with args: ["00000000-0000-0048-ffff-ffff0000003a","c5dffeeb-4ddc-4168-8588-bad0cfb1f774"]
&amp#27;[38;5;66m[c5dffeeb]&amp#27;[0m&amp#27;[38;5;-150m[AndroidUiautomator2Driver@3ba1]&amp#27;[0m Matched '/element/00000000-0000-0048-ffff-ffff0000003a/click' to command name 'click'
&amp#27;[38;5;66m[c5dffeeb]&amp#27;[0m&amp#27;[38;5;-150m[AndroidUiautomator2Driver@3ba1]&amp#27;[0m Proxying [POST /element/00000000-0000-0048-ffff-ffff0000003a/click] to [POST http://127.0.0.1:8200/session/3f23cf38-c563-4e1f-b3fd-c48e482a31ec/element/00000000-0000-0048-ffff-ffff0000003a/click] with body: {"element":"00000000-0000-0048-ffff-ffff0000003a"}
&amp#27;[38;5;66m[c5dffeeb]&amp#27;[0m&amp#27;[38;5;-150m[AndroidUiautomator2Driver@3ba1]&amp#27;[0m Got response with status 200: {"sessionId":"3f23cf38-c563-4e1f-b3fd-c48e482a31ec","value":null}
&amp#27;[38;5;66m[c5dffeeb]&amp#27;[0m&amp#27;[38;5;-150m[AndroidUiautomator2Driver@3ba1]&amp#27;[0m Responding to client with driver.click() result: null
&amp#27;[38;5;66m[c5dffeeb]&amp#27;[0m&amp#27;[38;5;86m[HTTP]&amp#27;[0m &amp#27;[37m<-- POST /session/c5dffeeb-4ddc-4168-8588-bad0cfb1f774/element/00000000-0000-0048-ffff-ffff0000003a/click &amp#27;[39m&amp#27;[32m200&amp#27;[39m &amp#27;[90m682 ms - 14&amp#27;[39m &amp#27;[90m&amp#27;[39m
&amp#27;[38;5;66m[c5dffeeb]&amp#27;[0m&amp#27;[38;5;86m[HTTP]&amp#27;[0m &amp#27;[37m-->&amp#27;[39m &amp#27;[37mGET&amp#27;[39m &amp#27;[37m/session/c5dffeeb-4ddc-4168-8588-bad0cfb1f774/context&amp#27;[39m &amp#27;[90m{}&amp#27;[39m
&amp#27;[38;5;66m[c5dffeeb]&amp#27;[0m&amp#27;[38;5;-150m[AndroidUiautomator2Driver@3ba1]&amp#27;[0m Calling AppiumDriver.getCurrentContext() with args: ["c5dffeeb-4ddc-4168-8588-bad0cfb1f774"]
&amp#27;[38;5;66m[c5dffeeb]&amp#27;[0m&amp#27;[38;5;-150m[AndroidUiautomator2Driver@3ba1]&amp#27;[0m Responding to client with driver.getCurrentContext() result: "NATIVE_APP"
&amp#27;[38;5;66m[c5dffeeb]&amp#27;[0m&amp#27;[38;5;86m[HTTP]&amp#27;[0m &amp#27;[37m<-- GET /session/c5dffeeb-4ddc-4168-8588-bad0cfb1f774/context &amp#27;[39m&amp#27;[32m200&amp#27;[39m &amp#27;[90m1 ms - 22&amp#27;[39m &amp#27;[90m&amp#27;[39m
&amp#27;[38;5;66m[c5dffeeb]&amp#27;[0m&amp#27;[38;5;86m[HTTP]&amp#27;[0m &amp#27;[37m-->&amp#27;[39m &amp#27;[37mPOST&amp#27;[39m &amp#27;[37m/session/c5dffeeb-4ddc-4168-8588-bad0cfb1f774/element&amp#27;[39m &amp#27;[90m{"value":"com.androidsample.generalstore:id/btnLetsShop","using":"id"}&amp#27;[39m
&amp#27;[38;5;66m[c5dffeeb]&amp#27;[0m&amp#27;[38;5;-150m[AndroidUiautomator2Driver@3ba1]&amp#27;[0m Calling AppiumDriver.findElement() with args: ["id","com.androidsample.generalstore:id/btnLetsShop","c5dffeeb-4ddc-4168-8588-bad0cfb1f774"]
&amp#27;[38;5;66m[c5dffeeb]&amp#27;[0m&amp#27;[38;5;-150m[AndroidUiautomator2Driver@3ba1]&amp#27;[0m Valid locator strategies for this request: xpath, id, class name, accessibility id, css selector, -android uiautomator
&amp#27;[38;5;66m[c5dffeeb]&amp#27;[0m&amp#27;[38;5;-150m[AndroidUiautomator2Driver@3ba1]&amp#27;[0m Waiting up to 10000 ms for condition
&amp#27;[38;5;66m[c5dffeeb]&amp#27;[0m&amp#27;[38;5;-150m[AndroidUiautomator2Driver@3ba1]&amp#27;[0m Matched '/element' to command name 'findElement'
&amp#27;[38;5;66m[c5dffeeb]&amp#27;[0m&amp#27;[38;5;-150m[AndroidUiautomator2Driver@3ba1]&amp#27;[0m Proxying [POST /element] to [POST http://127.0.0.1:8200/session/3f23cf38-c563-4e1f-b3fd-c48e482a31ec/element] with body: {"strategy":"id","selector":"com.androidsample.generalstore:id/btnLetsShop","context":"","multiple":false}
&amp#27;[38;5;66m[c5dffeeb]&amp#27;[0m&amp#27;[38;5;-150m[AndroidUiautomator2Driver@3ba1]&amp#27;[0m Got response with status 200: {"sessionId":"3f23cf38-c563-4e1f-b3fd-c48e482a31ec","value":{"ELEMENT":"00000000-0000-0045-ffff-ffff00000021","element-6066-11e4-a52e-4f735466cecf":"00000000-0000-0045-ffff-ffff00000021"}}
&amp#27;[38;5;66m[c5dffeeb]&amp#27;[0m&amp#27;[38;5;-150m[AndroidUiautomator2Driver@3ba1]&amp#27;[0m Responding to client with driver.findElement() result: {"element-6066-11e4-a52e-4f735466cecf":"00000000-0000-0045-ffff-ffff00000021","ELEMENT":"00000000-0000-0045-ffff-ffff00000021"}
&amp#27;[38;5;66m[c5dffeeb]&amp#27;[0m&amp#27;[38;5;86m[HTTP]&amp#27;[0m &amp#27;[37m<-- POST /session/c5dffeeb-4ddc-4168-8588-bad0cfb1f774/element &amp#27;[39m&amp#27;[32m200&amp#27;[39m &amp#27;[90m23 ms - 137&amp#27;[39m &amp#27;[90m&amp#27;[39m
&amp#27;[38;5;66m[c5dffeeb]&amp#27;[0m&amp#27;[38;5;86m[HTTP]&amp#27;[0m &amp#27;[37m-->&amp#27;[39m &amp#27;[37mPOST&amp#27;[39m &amp#27;[37m/session/c5dffeeb-4ddc-4168-8588-bad0cfb1f774/element/00000000-0000-0045-ffff-ffff00000021/click&amp#27;[39m &amp#27;[90m{"id":"00000000-0000-0045-ffff-ffff00000021"}&amp#27;[39m
&amp#27;[38;5;66m[c5dffeeb]&amp#27;[0m&amp#27;[38;5;-150m[AndroidUiautomator2Driver@3ba1]&amp#27;[0m Calling AppiumDriver.click() with args: ["00000000-0000-0045-ffff-ffff00000021","c5dffeeb-4ddc-4168-8588-bad0cfb1f774"]
&amp#27;[38;5;66m[c5dffeeb]&amp#27;[0m&amp#27;[38;5;-150m[AndroidUiautomator2Driver@3ba1]&amp#27;[0m Matched '/element/00000000-0000-0045-ffff-ffff00000021/click' to command name 'click'
&amp#27;[38;5;66m[c5dffeeb]&amp#27;[0m&amp#27;[38;5;-150m[AndroidUiautomator2Driver@3ba1]&amp#27;[0m Proxying [POST /element/00000000-0000-0045-ffff-ffff00000021/click] to [POST http://127.0.0.1:8200/session/3f23cf38-c563-4e1f-b3fd-c48e482a31ec/element/00000000-0000-0045-ffff-ffff00000021/click] with body: {"element":"00000000-0000-0045-ffff-ffff00000021"}
&amp#27;[38;5;66m[c5dffeeb]&amp#27;[0m&amp#27;[38;5;-150m[AndroidUiautomator2Driver@3ba1]&amp#27;[0m Got response with status 200: {"sessionId":"3f23cf38-c563-4e1f-b3fd-c48e482a31ec","value":null}
&amp#27;[38;5;66m[c5dffeeb]&amp#27;[0m&amp#27;[38;5;-150m[AndroidUiautomator2Driver@3ba1]&amp#27;[0m Responding to client with driver.click() result: null
&amp#27;[38;5;66m[c5dffeeb]&amp#27;[0m&amp#27;[38;5;86m[HTTP]&amp#27;[0m &amp#27;[37m<-- POST /session/c5dffeeb-4ddc-4168-8588-bad0cfb1f774/element/00000000-0000-0045-ffff-ffff00000021/click &amp#27;[39m&amp#27;[32m200&amp#27;[39m &amp#27;[90m38 ms - 14&amp#27;[39m &amp#27;[90m&amp#27;[39m
&amp#27;[38;5;66m[c5dffeeb]&amp#27;[0m&amp#27;[38;5;86m[HTTP]&amp#27;[0m &amp#27;[37m-->&amp#27;[39m &amp#27;[37mPOST&amp#27;[39m &amp#27;[37m/session/c5dffeeb-4ddc-4168-8588-bad0cfb1f774/element&amp#27;[39m &amp#27;[90m{"value":"(//android.widget.Toast)[1]","using":"xpath"}&amp#27;[39m
&amp#27;[38;5;66m[c5dffeeb]&amp#27;[0m&amp#27;[38;5;-150m[AndroidUiautomator2Driver@3ba1]&amp#27;[0m Calling AppiumDriver.findElement() with args: ["xpath","(//android.widget.Toast)[1]","c5dffeeb-4ddc-4168-8588-bad0cfb1f774"]
&amp#27;[38;5;66m[c5dffeeb]&amp#27;[0m&amp#27;[38;5;-150m[AndroidUiautomator2Driver@3ba1]&amp#27;[0m Valid locator strategies for this request: xpath, id, class name, accessibility id, css selector, -android uiautomator
&amp#27;[38;5;66m[c5dffeeb]&amp#27;[0m&amp#27;[38;5;-150m[AndroidUiautomator2Driver@3ba1]&amp#27;[0m Waiting up to 10000 ms for condition
&amp#27;[38;5;66m[c5dffeeb]&amp#27;[0m&amp#27;[38;5;-150m[AndroidUiautomator2Driver@3ba1]&amp#27;[0m Matched '/element' to command name 'findElement'
&amp#27;[38;5;66m[c5dffeeb]&amp#27;[0m&amp#27;[38;5;-150m[AndroidUiautomator2Driver@3ba1]&amp#27;[0m Proxying [POST /element] to [POST http://127.0.0.1:8200/session/3f23cf38-c563-4e1f-b3fd-c48e482a31ec/element] with body: {"strategy":"xpath","selector":"(//android.widget.Toast)[1]","context":"","multiple":false}
&amp#27;[38;5;66m[c5dffeeb]&amp#27;[0m&amp#27;[38;5;-150m[AndroidUiautomator2Driver@3ba1]&amp#27;[0m Got response with status 200: {"sessionId":"3f23cf38-c563-4e1f-b3fd-c48e482a31ec","value":{"ELEMENT":"26b348ae-96ac-4a7b-85c4-767d139e4601","element-6066-11e4-a52e-4f735466cecf":"26b348ae-96ac-4a7b-85c4-767d139e4601"}}
&amp#27;[38;5;66m[c5dffeeb]&amp#27;[0m&amp#27;[38;5;-150m[AndroidUiautomator2Driver@3ba1]&amp#27;[0m Responding to client with driver.findElement() result: {"element-6066-11e4-a52e-4f735466cecf":"26b348ae-96ac-4a7b-85c4-767d139e4601","ELEMENT":"26b348ae-96ac-4a7b-85c4-767d139e4601"}
&amp#27;[38;5;66m[c5dffeeb]&amp#27;[0m&amp#27;[38;5;86m[HTTP]&amp#27;[0m &amp#27;[37m<-- POST /session/c5dffeeb-4ddc-4168-8588-bad0cfb1f774/element &amp#27;[39m&amp#27;[32m200&amp#27;[39m &amp#27;[90m42 ms - 137&amp#27;[39m &amp#27;[90m&amp#27;[39m
&amp#27;[38;5;66m[c5dffeeb]&amp#27;[0m&amp#27;[38;5;86m[HTTP]&amp#27;[0m &amp#27;[37m-->&amp#27;[39m &amp#27;[37mGET&amp#27;[39m &amp#27;[37m/session/c5dffeeb-4ddc-4168-8588-bad0cfb1f774/element/26b348ae-96ac-4a7b-85c4-767d139e4601/attribute/name&amp#27;[39m &amp#27;[90m{}&amp#27;[39m
&amp#27;[38;5;66m[c5dffeeb]&amp#27;[0m&amp#27;[38;5;-150m[AndroidUiautomator2Driver@3ba1]&amp#27;[0m Calling AppiumDriver.getAttribute() with args: ["name","26b348ae-96ac-4a7b-85c4-767d139e4601","c5dffeeb-4ddc-4168-8588-bad0cfb1f774"]
&amp#27;[38;5;66m[c5dffeeb]&amp#27;[0m&amp#27;[38;5;-150m[AndroidUiautomator2Driver@3ba1]&amp#27;[0m Matched '/element/26b348ae-96ac-4a7b-85c4-767d139e4601/attribute/name' to command name 'getAttribute'
&amp#27;[38;5;66m[c5dffeeb]&amp#27;[0m&amp#27;[38;5;-150m[AndroidUiautomator2Driver@3ba1]&amp#27;[0m Proxying [GET /element/26b348ae-96ac-4a7b-85c4-767d139e4601/attribute/name] to [GET http://127.0.0.1:8200/session/3f23cf38-c563-4e1f-b3fd-c48e482a31ec/element/26b348ae-96ac-4a7b-85c4-767d139e4601/attribute/name] with no body
&amp#27;[38;5;66m[c5dffeeb]&amp#27;[0m&amp#27;[38;5;-150m[AndroidUiautomator2Driver@3ba1]&amp#27;[0m Got response with status 200: {"sessionId":"3f23cf38-c563-4e1f-b3fd-c48e482a31ec","value":"Please enter your name"}
&amp#27;[38;5;66m[c5dffeeb]&amp#27;[0m&amp#27;[38;5;-150m[AndroidUiautomator2Driver@3ba1]&amp#27;[0m Responding to client with driver.getAttribute() result: "Please enter your name"
&amp#27;[38;5;66m[c5dffeeb]&amp#27;[0m&amp#27;[38;5;86m[HTTP]&amp#27;[0m &amp#27;[37m<-- GET /session/c5dffeeb-4ddc-4168-8588-bad0cfb1f774/element/26b348ae-96ac-4a7b-85c4-767d139e4601/attribute/name &amp#27;[39m&amp#27;[32m200&amp#27;[39m &amp#27;[90m56 ms - 34&amp#27;[39m &amp#27;[90m&amp#27;[39m
]]></system-out>
  </testcase>
  <testcase name="FormLogin_PositiveFlowTest" classname="org.latiffsyed.tests.android.LoginFormValidationTest" time="13.864">
    <system-out><![CDATA[Executing @BeforeMethod: preSteup()
&amp#27;[38;5;66m[c5dffeeb]&amp#27;[0m&amp#27;[38;5;86m[HTTP]&amp#27;[0m &amp#27;[37m-->&amp#27;[39m &amp#27;[37mPOST&amp#27;[39m &amp#27;[37m/session/c5dffeeb-4ddc-4168-8588-bad0cfb1f774/execute/sync&amp#27;[39m &amp#27;[90m{"args":[{"intent":"com.androidsample.generalstore/com.androidsample.generalstore.SplashActivity"}],"script":"mobile: startActivity"}&amp#27;[39m
&amp#27;[38;5;66m[c5dffeeb]&amp#27;[0m&amp#27;[38;5;-150m[AndroidUiautomator2Driver@3ba1]&amp#27;[0m Calling AppiumDriver.execute() with args: ["mobile: startActivity",[{"intent":"com.androidsample.generalstore/com.androidsample.generalstore.SplashActivity"}],"c5dffeeb-4ddc-4168-8588-bad0cfb1f774"]
&amp#27;[38;5;66m[c5dffeeb]&amp#27;[0m&amp#27;[38;5;229m[ADB]&amp#27;[0m Running '/Users/administrator/Library/Android/sdk/platform-tools/adb -P 5037 -s emulator-5554 shell am start-activity com.androidsample.generalstore/com.androidsample.generalstore.SplashActivity'
&amp#27;[38;5;66m[c5dffeeb]&amp#27;[0m&amp#27;[38;5;-150m[AndroidUiautomator2Driver@3ba1]&amp#27;[0m Responding to client with driver.execute() result: "Starting: Intent { act=android.intent.action.MAIN cat=[android.intent.category.LAUNCHER] cmp=com.androidsample.generalstore/.SplashActivity }"
&amp#27;[38;5;66m[c5dffeeb]&amp#27;[0m&amp#27;[38;5;86m[HTTP]&amp#27;[0m &amp#27;[37m<-- POST /session/c5dffeeb-4ddc-4168-8588-bad0cfb1f774/execute/sync &amp#27;[39m&amp#27;[32m200&amp#27;[39m &amp#27;[90m41 ms - 153&amp#27;[39m &amp#27;[90m&amp#27;[39m
&amp#27;[38;5;66m[c5dffeeb]&amp#27;[0m&amp#27;[38;5;86m[HTTP]&amp#27;[0m &amp#27;[37m-->&amp#27;[39m &amp#27;[37mGET&amp#27;[39m &amp#27;[37m/session/c5dffeeb-4ddc-4168-8588-bad0cfb1f774/context&amp#27;[39m &amp#27;[90m{}&amp#27;[39m
&amp#27;[38;5;66m[c5dffeeb]&amp#27;[0m&amp#27;[38;5;-150m[AndroidUiautomator2Driver@3ba1]&amp#27;[0m Calling AppiumDriver.getCurrentContext() with args: ["c5dffeeb-4ddc-4168-8588-bad0cfb1f774"]
&amp#27;[38;5;66m[c5dffeeb]&amp#27;[0m&amp#27;[38;5;-150m[AndroidUiautomator2Driver@3ba1]&amp#27;[0m Responding to client with driver.getCurrentContext() result: "NATIVE_APP"
&amp#27;[38;5;66m[c5dffeeb]&amp#27;[0m&amp#27;[38;5;86m[HTTP]&amp#27;[0m &amp#27;[37m<-- GET /session/c5dffeeb-4ddc-4168-8588-bad0cfb1f774/context &amp#27;[39m&amp#27;[32m200&amp#27;[39m &amp#27;[90m1 ms - 22&amp#27;[39m &amp#27;[90m&amp#27;[39m
&amp#27;[38;5;66m[c5dffeeb]&amp#27;[0m&amp#27;[38;5;86m[HTTP]&amp#27;[0m &amp#27;[37m-->&amp#27;[39m &amp#27;[37mPOST&amp#27;[39m &amp#27;[37m/session/c5dffeeb-4ddc-4168-8588-bad0cfb1f774/element&amp#27;[39m &amp#27;[90m{"value":"com.androidsample.generalstore:id/nameField","using":"id"}&amp#27;[39m
&amp#27;[38;5;66m[c5dffeeb]&amp#27;[0m&amp#27;[38;5;-150m[AndroidUiautomator2Driver@3ba1]&amp#27;[0m Calling AppiumDriver.findElement() with args: ["id","com.androidsample.generalstore:id/nameField","c5dffeeb-4ddc-4168-8588-bad0cfb1f774"]
&amp#27;[38;5;66m[c5dffeeb]&amp#27;[0m&amp#27;[38;5;-150m[AndroidUiautomator2Driver@3ba1]&amp#27;[0m Valid locator strategies for this request: xpath, id, class name, accessibility id, css selector, -android uiautomator
&amp#27;[38;5;66m[c5dffeeb]&amp#27;[0m&amp#27;[38;5;-150m[AndroidUiautomator2Driver@3ba1]&amp#27;[0m Waiting up to 10000 ms for condition
&amp#27;[38;5;66m[c5dffeeb]&amp#27;[0m&amp#27;[38;5;-150m[AndroidUiautomator2Driver@3ba1]&amp#27;[0m Matched '/element' to command name 'findElement'
&amp#27;[38;5;66m[c5dffeeb]&amp#27;[0m&amp#27;[38;5;-150m[AndroidUiautomator2Driver@3ba1]&amp#27;[0m Proxying [POST /element] to [POST http://127.0.0.1:8200/session/3f23cf38-c563-4e1f-b3fd-c48e482a31ec/element] with body: {"strategy":"id","selector":"com.androidsample.generalstore:id/nameField","context":"","multiple":false}
&amp#27;[38;5;66m[c5dffeeb]&amp#27;[0m&amp#27;[38;5;-150m[AndroidUiautomator2Driver@3ba1]&amp#27;[0m Got response with status 200: {"sessionId":"3f23cf38-c563-4e1f-b3fd-c48e482a31ec","value":{"ELEMENT":"00000000-0000-0045-ffff-ffff0000001c","element-6066-11e4-a52e-4f735466cecf":"00000000-0000-0045-ffff-ffff0000001c"}}
&amp#27;[38;5;66m[c5dffeeb]&amp#27;[0m&amp#27;[38;5;-150m[AndroidUiautomator2Driver@3ba1]&amp#27;[0m Responding to client with driver.findElement() result: {"element-6066-11e4-a52e-4f735466cecf":"00000000-0000-0045-ffff-ffff0000001c","ELEMENT":"00000000-0000-0045-ffff-ffff0000001c"}
&amp#27;[38;5;66m[c5dffeeb]&amp#27;[0m&amp#27;[38;5;86m[HTTP]&amp#27;[0m &amp#27;[37m<-- POST /session/c5dffeeb-4ddc-4168-8588-bad0cfb1f774/element &amp#27;[39m&amp#27;[32m200&amp#27;[39m &amp#27;[90m10 ms - 137&amp#27;[39m &amp#27;[90m&amp#27;[39m
&amp#27;[38;5;66m[c5dffeeb]&amp#27;[0m&amp#27;[38;5;86m[HTTP]&amp#27;[0m &amp#27;[37m-->&amp#27;[39m &amp#27;[37mPOST&amp#27;[39m &amp#27;[37m/session/c5dffeeb-4ddc-4168-8588-bad0cfb1f774/element/00000000-0000-0045-ffff-ffff0000001c/value&amp#27;[39m &amp#27;[90m{"value":["L","a","t","i","f","f"," ","S","y","e","d"],"text":"Latiff Syed","id":"00000000-0000-0045-ffff-ffff0000001c"}&amp#27;[39m
&amp#27;[38;5;66m[c5dffeeb]&amp#27;[0m&amp#27;[38;5;-150m[AndroidUiautomator2Driver@3ba1]&amp#27;[0m Calling AppiumDriver.setValue() with args: [["L","a","t","i","f","f"," ","S","y","e","d"],"00000000-0000-0045-ffff-ffff0000001c","c5dffeeb-4ddc-4168-8588-bad0cfb1f774"]
&amp#27;[38;5;66m[c5dffeeb]&amp#27;[0m&amp#27;[38;5;-150m[AndroidUiautomator2Driver@3ba1]&amp#27;[0m Matched '/element/00000000-0000-0045-ffff-ffff0000001c/value' to command name 'setValue'
&amp#27;[38;5;66m[c5dffeeb]&amp#27;[0m&amp#27;[38;5;-150m[AndroidUiautomator2Driver@3ba1]&amp#27;[0m Added 'value' property ["L","a","t","i","f","f"," ","S","y","e","d"] to 'setValue' request body
&amp#27;[38;5;66m[c5dffeeb]&amp#27;[0m&amp#27;[38;5;-150m[AndroidUiautomator2Driver@3ba1]&amp#27;[0m Proxying [POST /element/00000000-0000-0045-ffff-ffff0000001c/value] to [POST http://127.0.0.1:8200/session/3f23cf38-c563-4e1f-b3fd-c48e482a31ec/element/00000000-0000-0045-ffff-ffff0000001c/value] with body: {"elementId":"00000000-0000-0045-ffff-ffff0000001c","text":"Latiff Syed","replace":false,"value":["L","a","t","i","f","f"," ","S","y","e","d"]}
&amp#27;[38;5;66m[c5dffeeb]&amp#27;[0m&amp#27;[38;5;-150m[AndroidUiautomator2Driver@3ba1]&amp#27;[0m Got response with status 200: {"sessionId":"3f23cf38-c563-4e1f-b3fd-c48e482a31ec","value":null}
&amp#27;[38;5;66m[c5dffeeb]&amp#27;[0m&amp#27;[38;5;-150m[AndroidUiautomator2Driver@3ba1]&amp#27;[0m Responding to client with driver.setValue() result: null
&amp#27;[38;5;66m[c5dffeeb]&amp#27;[0m&amp#27;[38;5;86m[HTTP]&amp#27;[0m &amp#27;[37m<-- POST /session/c5dffeeb-4ddc-4168-8588-bad0cfb1f774/element/00000000-0000-0045-ffff-ffff0000001c/value &amp#27;[39m&amp#27;[32m200&amp#27;[39m &amp#27;[90m532 ms - 14&amp#27;[39m &amp#27;[90m&amp#27;[39m
&amp#27;[38;5;66m[c5dffeeb]&amp#27;[0m&amp#27;[38;5;86m[HTTP]&amp#27;[0m &amp#27;[37m-->&amp#27;[39m &amp#27;[37mPOST&amp#27;[39m &amp#27;[37m/session/c5dffeeb-4ddc-4168-8588-bad0cfb1f774/execute/sync&amp#27;[39m &amp#27;[90m{"args":[],"script":"mobile: hideKeyboard"}&amp#27;[39m
&amp#27;[38;5;66m[c5dffeeb]&amp#27;[0m&amp#27;[38;5;-150m[AndroidUiautomator2Driver@3ba1]&amp#27;[0m Calling AppiumDriver.execute() with args: ["mobile: hideKeyboard",[],"c5dffeeb-4ddc-4168-8588-bad0cfb1f774"]
&amp#27;[38;5;66m[c5dffeeb]&amp#27;[0m&amp#27;[38;5;229m[ADB]&amp#27;[0m Running '/Users/administrator/Library/Android/sdk/platform-tools/adb -P 5037 -s emulator-5554 shell dumpsys input_method'
&amp#27;[38;5;66m[c5dffeeb]&amp#27;[0m&amp#27;[38;5;229m[ADB]&amp#27;[0m Keyboard has no UI; no closing necessary
&amp#27;[38;5;66m[c5dffeeb]&amp#27;[0m&amp#27;[38;5;-150m[AndroidUiautomator2Driver@3ba1]&amp#27;[0m Responding to client with driver.execute() result: false
&amp#27;[38;5;66m[c5dffeeb]&amp#27;[0m&amp#27;[38;5;86m[HTTP]&amp#27;[0m &amp#27;[37m<-- POST /session/c5dffeeb-4ddc-4168-8588-bad0cfb1f774/execute/sync &amp#27;[39m&amp#27;[32m200&amp#27;[39m &amp#27;[90m91 ms - 15&amp#27;[39m &amp#27;[90m&amp#27;[39m
&amp#27;[38;5;66m[c5dffeeb]&amp#27;[0m&amp#27;[38;5;86m[HTTP]&amp#27;[0m &amp#27;[37m-->&amp#27;[39m &amp#27;[37mGET&amp#27;[39m &amp#27;[37m/session/c5dffeeb-4ddc-4168-8588-bad0cfb1f774/context&amp#27;[39m &amp#27;[90m{}&amp#27;[39m
&amp#27;[38;5;66m[c5dffeeb]&amp#27;[0m&amp#27;[38;5;-150m[AndroidUiautomator2Driver@3ba1]&amp#27;[0m Calling AppiumDriver.getCurrentContext() with args: ["c5dffeeb-4ddc-4168-8588-bad0cfb1f774"]
&amp#27;[38;5;66m[c5dffeeb]&amp#27;[0m&amp#27;[38;5;-150m[AndroidUiautomator2Driver@3ba1]&amp#27;[0m Responding to client with driver.getCurrentContext() result: "NATIVE_APP"
&amp#27;[38;5;66m[c5dffeeb]&amp#27;[0m&amp#27;[38;5;86m[HTTP]&amp#27;[0m &amp#27;[37m<-- GET /session/c5dffeeb-4ddc-4168-8588-bad0cfb1f774/context &amp#27;[39m&amp#27;[32m200&amp#27;[39m &amp#27;[90m1 ms - 22&amp#27;[39m &amp#27;[90m&amp#27;[39m
&amp#27;[38;5;66m[c5dffeeb]&amp#27;[0m&amp#27;[38;5;86m[HTTP]&amp#27;[0m &amp#27;[37m-->&amp#27;[39m &amp#27;[37mPOST&amp#27;[39m &amp#27;[37m/session/c5dffeeb-4ddc-4168-8588-bad0cfb1f774/element&amp#27;[39m &amp#27;[90m{"value":"//android.widget.RadioButton[@text='Male']","using":"xpath"}&amp#27;[39m
&amp#27;[38;5;66m[c5dffeeb]&amp#27;[0m&amp#27;[38;5;-150m[AndroidUiautomator2Driver@3ba1]&amp#27;[0m Calling AppiumDriver.findElement() with args: ["xpath","//android.widget.RadioButton[@text='Male']","c5dffeeb-4ddc-4168-8588-bad0cfb1f774"]
&amp#27;[38;5;66m[c5dffeeb]&amp#27;[0m&amp#27;[38;5;-150m[AndroidUiautomator2Driver@3ba1]&amp#27;[0m Valid locator strategies for this request: xpath, id, class name, accessibility id, css selector, -android uiautomator
&amp#27;[38;5;66m[c5dffeeb]&amp#27;[0m&amp#27;[38;5;-150m[AndroidUiautomator2Driver@3ba1]&amp#27;[0m Waiting up to 10000 ms for condition
&amp#27;[38;5;66m[c5dffeeb]&amp#27;[0m&amp#27;[38;5;-150m[AndroidUiautomator2Driver@3ba1]&amp#27;[0m Matched '/element' to command name 'findElement'
&amp#27;[38;5;66m[c5dffeeb]&amp#27;[0m&amp#27;[38;5;-150m[AndroidUiautomator2Driver@3ba1]&amp#27;[0m Proxying [POST /element] to [POST http://127.0.0.1:8200/session/3f23cf38-c563-4e1f-b3fd-c48e482a31ec/element] with body: {"strategy":"xpath","selector":"//android.widget.RadioButton[@text='Male']","context":"","multiple":false}
&amp#27;[38;5;66m[c5dffeeb]&amp#27;[0m&amp#27;[38;5;-150m[AndroidUiautomator2Driver@3ba1]&amp#27;[0m Got response with status 200: {"sessionId":"3f23cf38-c563-4e1f-b3fd-c48e482a31ec","value":{"ELEMENT":"00000000-0000-0045-ffff-ffff0000001f","element-6066-11e4-a52e-4f735466cecf":"00000000-0000-0045-ffff-ffff0000001f"}}
&amp#27;[38;5;66m[c5dffeeb]&amp#27;[0m&amp#27;[38;5;-150m[AndroidUiautomator2Driver@3ba1]&amp#27;[0m Responding to client with driver.findElement() result: {"element-6066-11e4-a52e-4f735466cecf":"00000000-0000-0045-ffff-ffff0000001f","ELEMENT":"00000000-0000-0045-ffff-ffff0000001f"}
&amp#27;[38;5;66m[c5dffeeb]&amp#27;[0m&amp#27;[38;5;86m[HTTP]&amp#27;[0m &amp#27;[37m<-- POST /session/c5dffeeb-4ddc-4168-8588-bad0cfb1f774/element &amp#27;[39m&amp#27;[32m200&amp#27;[39m &amp#27;[90m425 ms - 137&amp#27;[39m &amp#27;[90m&amp#27;[39m
&amp#27;[38;5;66m[c5dffeeb]&amp#27;[0m&amp#27;[38;5;86m[HTTP]&amp#27;[0m &amp#27;[37m-->&amp#27;[39m &amp#27;[37mPOST&amp#27;[39m &amp#27;[37m/session/c5dffeeb-4ddc-4168-8588-bad0cfb1f774/element/00000000-0000-0045-ffff-ffff0000001f/click&amp#27;[39m &amp#27;[90m{"id":"00000000-0000-0045-ffff-ffff0000001f"}&amp#27;[39m
&amp#27;[38;5;66m[c5dffeeb]&amp#27;[0m&amp#27;[38;5;-150m[AndroidUiautomator2Driver@3ba1]&amp#27;[0m Calling AppiumDriver.click() with args: ["00000000-0000-0045-ffff-ffff0000001f","c5dffeeb-4ddc-4168-8588-bad0cfb1f774"]
&amp#27;[38;5;66m[c5dffeeb]&amp#27;[0m&amp#27;[38;5;-150m[AndroidUiautomator2Driver@3ba1]&amp#27;[0m Matched '/element/00000000-0000-0045-ffff-ffff0000001f/click' to command name 'click'
&amp#27;[38;5;66m[c5dffeeb]&amp#27;[0m&amp#27;[38;5;-150m[AndroidUiautomator2Driver@3ba1]&amp#27;[0m Proxying [POST /element/00000000-0000-0045-ffff-ffff0000001f/click] to [POST http://127.0.0.1:8200/session/3f23cf38-c563-4e1f-b3fd-c48e482a31ec/element/00000000-0000-0045-ffff-ffff0000001f/click] with body: {"element":"00000000-0000-0045-ffff-ffff0000001f"}
&amp#27;[38;5;66m[c5dffeeb]&amp#27;[0m&amp#27;[38;5;-150m[AndroidUiautomator2Driver@3ba1]&amp#27;[0m Got response with status 200: {"sessionId":"3f23cf38-c563-4e1f-b3fd-c48e482a31ec","value":null}
&amp#27;[38;5;66m[c5dffeeb]&amp#27;[0m&amp#27;[38;5;-150m[AndroidUiautomator2Driver@3ba1]&amp#27;[0m Responding to client with driver.click() result: null
&amp#27;[38;5;66m[c5dffeeb]&amp#27;[0m&amp#27;[38;5;86m[HTTP]&amp#27;[0m &amp#27;[37m<-- POST /session/c5dffeeb-4ddc-4168-8588-bad0cfb1f774/element/00000000-0000-0045-ffff-ffff0000001f/click &amp#27;[39m&amp#27;[32m200&amp#27;[39m &amp#27;[90m85 ms - 14&amp#27;[39m &amp#27;[90m&amp#27;[39m
&amp#27;[38;5;66m[c5dffeeb]&amp#27;[0m&amp#27;[38;5;86m[HTTP]&amp#27;[0m &amp#27;[37m-->&amp#27;[39m &amp#27;[37mGET&amp#27;[39m &amp#27;[37m/session/c5dffeeb-4ddc-4168-8588-bad0cfb1f774/context&amp#27;[39m &amp#27;[90m{}&amp#27;[39m
&amp#27;[38;5;66m[c5dffeeb]&amp#27;[0m&amp#27;[38;5;-150m[AndroidUiautomator2Driver@3ba1]&amp#27;[0m Calling AppiumDriver.getCurrentContext() with args: ["c5dffeeb-4ddc-4168-8588-bad0cfb1f774"]
&amp#27;[38;5;66m[c5dffeeb]&amp#27;[0m&amp#27;[38;5;-150m[AndroidUiautomator2Driver@3ba1]&amp#27;[0m Responding to client with driver.getCurrentContext() result: "NATIVE_APP"
&amp#27;[38;5;66m[c5dffeeb]&amp#27;[0m&amp#27;[38;5;86m[HTTP]&amp#27;[0m &amp#27;[37m<-- GET /session/c5dffeeb-4ddc-4168-8588-bad0cfb1f774/context &amp#27;[39m&amp#27;[32m200&amp#27;[39m &amp#27;[90m1 ms - 22&amp#27;[39m &amp#27;[90m&amp#27;[39m
&amp#27;[38;5;66m[c5dffeeb]&amp#27;[0m&amp#27;[38;5;86m[HTTP]&amp#27;[0m &amp#27;[37m-->&amp#27;[39m &amp#27;[37mPOST&amp#27;[39m &amp#27;[37m/session/c5dffeeb-4ddc-4168-8588-bad0cfb1f774/element&amp#27;[39m &amp#27;[90m{"value":"android:id/text1","using":"id"}&amp#27;[39m
&amp#27;[38;5;66m[c5dffeeb]&amp#27;[0m&amp#27;[38;5;-150m[AndroidUiautomator2Driver@3ba1]&amp#27;[0m Calling AppiumDriver.findElement() with args: ["id","android:id/text1","c5dffeeb-4ddc-4168-8588-bad0cfb1f774"]
&amp#27;[38;5;66m[c5dffeeb]&amp#27;[0m&amp#27;[38;5;-150m[AndroidUiautomator2Driver@3ba1]&amp#27;[0m Valid locator strategies for this request: xpath, id, class name, accessibility id, css selector, -android uiautomator
&amp#27;[38;5;66m[c5dffeeb]&amp#27;[0m&amp#27;[38;5;-150m[AndroidUiautomator2Driver@3ba1]&amp#27;[0m Waiting up to 10000 ms for condition
&amp#27;[38;5;66m[c5dffeeb]&amp#27;[0m&amp#27;[38;5;-150m[AndroidUiautomator2Driver@3ba1]&amp#27;[0m Matched '/element' to command name 'findElement'
&amp#27;[38;5;66m[c5dffeeb]&amp#27;[0m&amp#27;[38;5;-150m[AndroidUiautomator2Driver@3ba1]&amp#27;[0m Proxying [POST /element] to [POST http://127.0.0.1:8200/session/3f23cf38-c563-4e1f-b3fd-c48e482a31ec/element] with body: {"strategy":"id","selector":"android:id/text1","context":"","multiple":false}
&amp#27;[38;5;66m[c5dffeeb]&amp#27;[0m&amp#27;[38;5;-150m[AndroidUiautomator2Driver@3ba1]&amp#27;[0m Got response with status 200: {"sessionId":"3f23cf38-c563-4e1f-b3fd-c48e482a31ec","value":{"ELEMENT":"00000000-0000-0045-ffff-ffff00000033","element-6066-11e4-a52e-4f735466cecf":"00000000-0000-0045-ffff-ffff00000033"}}
&amp#27;[38;5;66m[c5dffeeb]&amp#27;[0m&amp#27;[38;5;-150m[AndroidUiautomator2Driver@3ba1]&amp#27;[0m Responding to client with driver.findElement() result: {"element-6066-11e4-a52e-4f735466cecf":"00000000-0000-0045-ffff-ffff00000033","ELEMENT":"00000000-0000-0045-ffff-ffff00000033"}
&amp#27;[38;5;66m[c5dffeeb]&amp#27;[0m&amp#27;[38;5;86m[HTTP]&amp#27;[0m &amp#27;[37m<-- POST /session/c5dffeeb-4ddc-4168-8588-bad0cfb1f774/element &amp#27;[39m&amp#27;[32m200&amp#27;[39m &amp#27;[90m985 ms - 137&amp#27;[39m &amp#27;[90m&amp#27;[39m
&amp#27;[38;5;66m[c5dffeeb]&amp#27;[0m&amp#27;[38;5;86m[HTTP]&amp#27;[0m &amp#27;[37m-->&amp#27;[39m &amp#27;[37mPOST&amp#27;[39m &amp#27;[37m/session/c5dffeeb-4ddc-4168-8588-bad0cfb1f774/element/00000000-0000-0045-ffff-ffff00000033/click&amp#27;[39m &amp#27;[90m{"id":"00000000-0000-0045-ffff-ffff00000033"}&amp#27;[39m
&amp#27;[38;5;66m[c5dffeeb]&amp#27;[0m&amp#27;[38;5;-150m[AndroidUiautomator2Driver@3ba1]&amp#27;[0m Calling AppiumDriver.click() with args: ["00000000-0000-0045-ffff-ffff00000033","c5dffeeb-4ddc-4168-8588-bad0cfb1f774"]
&amp#27;[38;5;66m[c5dffeeb]&amp#27;[0m&amp#27;[38;5;-150m[AndroidUiautomator2Driver@3ba1]&amp#27;[0m Matched '/element/00000000-0000-0045-ffff-ffff00000033/click' to command name 'click'
&amp#27;[38;5;66m[c5dffeeb]&amp#27;[0m&amp#27;[38;5;-150m[AndroidUiautomator2Driver@3ba1]&amp#27;[0m Proxying [POST /element/00000000-0000-0045-ffff-ffff00000033/click] to [POST http://127.0.0.1:8200/session/3f23cf38-c563-4e1f-b3fd-c48e482a31ec/element/00000000-0000-0045-ffff-ffff00000033/click] with body: {"element":"00000000-0000-0045-ffff-ffff00000033"}
&amp#27;[38;5;66m[c5dffeeb]&amp#27;[0m&amp#27;[38;5;-150m[AndroidUiautomator2Driver@3ba1]&amp#27;[0m Got response with status 200: {"sessionId":"3f23cf38-c563-4e1f-b3fd-c48e482a31ec","value":null}
&amp#27;[38;5;66m[c5dffeeb]&amp#27;[0m&amp#27;[38;5;-150m[AndroidUiautomator2Driver@3ba1]&amp#27;[0m Responding to client with driver.click() result: null
&amp#27;[38;5;66m[c5dffeeb]&amp#27;[0m&amp#27;[38;5;86m[HTTP]&amp#27;[0m &amp#27;[37m<-- POST /session/c5dffeeb-4ddc-4168-8588-bad0cfb1f774/element/00000000-0000-0045-ffff-ffff00000033/click &amp#27;[39m&amp#27;[32m200&amp#27;[39m &amp#27;[90m41 ms - 14&amp#27;[39m &amp#27;[90m&amp#27;[39m
&amp#27;[38;5;66m[c5dffeeb]&amp#27;[0m&amp#27;[38;5;86m[HTTP]&amp#27;[0m &amp#27;[37m-->&amp#27;[39m &amp#27;[37mPOST&amp#27;[39m &amp#27;[37m/session/c5dffeeb-4ddc-4168-8588-bad0cfb1f774/element&amp#27;[39m &amp#27;[90m{"value":"new UiScrollable(new UiSelector()).scrollIntoView(text(\"Australia\"));","using":"-android uiautomator"}&amp#27;[39m
&amp#27;[38;5;66m[c5dffeeb]&amp#27;[0m&amp#27;[38;5;-150m[AndroidUiautomator2Driver@3ba1]&amp#27;[0m Calling AppiumDriver.findElement() with args: ["-android uiautomator","new UiScrollable(new UiSelector()).scrollIntoView(text(\"Australia\"));","c5dffeeb-4ddc-4168-8588-bad0cfb1f774"]
&amp#27;[38;5;66m[c5dffeeb]&amp#27;[0m&amp#27;[38;5;-150m[AndroidUiautomator2Driver@3ba1]&amp#27;[0m Valid locator strategies for this request: xpath, id, class name, accessibility id, css selector, -android uiautomator
&amp#27;[38;5;66m[c5dffeeb]&amp#27;[0m&amp#27;[38;5;-150m[AndroidUiautomator2Driver@3ba1]&amp#27;[0m Waiting up to 10000 ms for condition
&amp#27;[38;5;66m[c5dffeeb]&amp#27;[0m&amp#27;[38;5;-150m[AndroidUiautomator2Driver@3ba1]&amp#27;[0m Matched '/element' to command name 'findElement'
&amp#27;[38;5;66m[c5dffeeb]&amp#27;[0m&amp#27;[38;5;-150m[AndroidUiautomator2Driver@3ba1]&amp#27;[0m Proxying [POST /element] to [POST http://127.0.0.1:8200/session/3f23cf38-c563-4e1f-b3fd-c48e482a31ec/element] with body: {"strategy":"-android uiautomator","selector":"new UiScrollable(new UiSelector()).scrollIntoView(text(\"Australia\"));","context":"","multiple":false}
&amp#27;[38;5;66m[c5dffeeb]&amp#27;[0m&amp#27;[38;5;-150m[AndroidUiautomator2Driver@3ba1]&amp#27;[0m Got response with status 200: {"sessionId":"3f23cf38-c563-4e1f-b3fd-c48e482a31ec","value":{"ELEMENT":"00000000-0000-004a-ffff-ffff00000049","element-6066-11e4-a52e-4f735466cecf":"00000000-0000-004a-ffff-ffff00000049"}}
&amp#27;[38;5;66m[c5dffeeb]&amp#27;[0m&amp#27;[38;5;-150m[AndroidUiautomator2Driver@3ba1]&amp#27;[0m Responding to client with driver.findElement() result: {"element-6066-11e4-a52e-4f735466cecf":"00000000-0000-004a-ffff-ffff00000049","ELEMENT":"00000000-0000-004a-ffff-ffff00000049"}
&amp#27;[38;5;66m[c5dffeeb]&amp#27;[0m&amp#27;[38;5;86m[HTTP]&amp#27;[0m &amp#27;[37m<-- POST /session/c5dffeeb-4ddc-4168-8588-bad0cfb1f774/element &amp#27;[39m&amp#27;[32m200&amp#27;[39m &amp#27;[90m834 ms - 137&amp#27;[39m &amp#27;[90m&amp#27;[39m
&amp#27;[38;5;66m[c5dffeeb]&amp#27;[0m&amp#27;[38;5;86m[HTTP]&amp#27;[0m &amp#27;[37m-->&amp#27;[39m &amp#27;[37mPOST&amp#27;[39m &amp#27;[37m/session/c5dffeeb-4ddc-4168-8588-bad0cfb1f774/element&amp#27;[39m &amp#27;[90m{"value":"//android.widget.TextView[@text='Australia']","using":"xpath"}&amp#27;[39m
&amp#27;[38;5;66m[c5dffeeb]&amp#27;[0m&amp#27;[38;5;-150m[AndroidUiautomator2Driver@3ba1]&amp#27;[0m Calling AppiumDriver.findElement() with args: ["xpath","//android.widget.TextView[@text='Australia']","c5dffeeb-4ddc-4168-8588-bad0cfb1f774"]
&amp#27;[38;5;66m[c5dffeeb]&amp#27;[0m&amp#27;[38;5;-150m[AndroidUiautomator2Driver@3ba1]&amp#27;[0m Valid locator strategies for this request: xpath, id, class name, accessibility id, css selector, -android uiautomator
&amp#27;[38;5;66m[c5dffeeb]&amp#27;[0m&amp#27;[38;5;-150m[AndroidUiautomator2Driver@3ba1]&amp#27;[0m Waiting up to 10000 ms for condition
&amp#27;[38;5;66m[c5dffeeb]&amp#27;[0m&amp#27;[38;5;-150m[AndroidUiautomator2Driver@3ba1]&amp#27;[0m Matched '/element' to command name 'findElement'
&amp#27;[38;5;66m[c5dffeeb]&amp#27;[0m&amp#27;[38;5;-150m[AndroidUiautomator2Driver@3ba1]&amp#27;[0m Proxying [POST /element] to [POST http://127.0.0.1:8200/session/3f23cf38-c563-4e1f-b3fd-c48e482a31ec/element] with body: {"strategy":"xpath","selector":"//android.widget.TextView[@text='Australia']","context":"","multiple":false}
&amp#27;[38;5;66m[c5dffeeb]&amp#27;[0m&amp#27;[38;5;-150m[AndroidUiautomator2Driver@3ba1]&amp#27;[0m Got response with status 200: {"sessionId":"3f23cf38-c563-4e1f-b3fd-c48e482a31ec","value":{"ELEMENT":"00000000-0000-004a-ffff-ffff00000049","element-6066-11e4-a52e-4f735466cecf":"00000000-0000-004a-ffff-ffff00000049"}}
&amp#27;[38;5;66m[c5dffeeb]&amp#27;[0m&amp#27;[38;5;-150m[AndroidUiautomator2Driver@3ba1]&amp#27;[0m Responding to client with driver.findElement() result: {"element-6066-11e4-a52e-4f735466cecf":"00000000-0000-004a-ffff-ffff00000049","ELEMENT":"00000000-0000-004a-ffff-ffff00000049"}
&amp#27;[38;5;66m[c5dffeeb]&amp#27;[0m&amp#27;[38;5;86m[HTTP]&amp#27;[0m &amp#27;[37m<-- POST /session/c5dffeeb-4ddc-4168-8588-bad0cfb1f774/element &amp#27;[39m&amp#27;[32m200&amp#27;[39m &amp#27;[90m28 ms - 137&amp#27;[39m &amp#27;[90m&amp#27;[39m
&amp#27;[38;5;66m[c5dffeeb]&amp#27;[0m&amp#27;[38;5;86m[HTTP]&amp#27;[0m &amp#27;[37m-->&amp#27;[39m &amp#27;[37mPOST&amp#27;[39m &amp#27;[37m/session/c5dffeeb-4ddc-4168-8588-bad0cfb1f774/element/00000000-0000-004a-ffff-ffff00000049/click&amp#27;[39m &amp#27;[90m{"id":"00000000-0000-004a-ffff-ffff00000049"}&amp#27;[39m
&amp#27;[38;5;66m[c5dffeeb]&amp#27;[0m&amp#27;[38;5;-150m[AndroidUiautomator2Driver@3ba1]&amp#27;[0m Calling AppiumDriver.click() with args: ["00000000-0000-004a-ffff-ffff00000049","c5dffeeb-4ddc-4168-8588-bad0cfb1f774"]
&amp#27;[38;5;66m[c5dffeeb]&amp#27;[0m&amp#27;[38;5;-150m[AndroidUiautomator2Driver@3ba1]&amp#27;[0m Matched '/element/00000000-0000-004a-ffff-ffff00000049/click' to command name 'click'
&amp#27;[38;5;66m[c5dffeeb]&amp#27;[0m&amp#27;[38;5;-150m[AndroidUiautomator2Driver@3ba1]&amp#27;[0m Proxying [POST /element/00000000-0000-004a-ffff-ffff00000049/click] to [POST http://127.0.0.1:8200/session/3f23cf38-c563-4e1f-b3fd-c48e482a31ec/element/00000000-0000-004a-ffff-ffff00000049/click] with body: {"element":"00000000-0000-004a-ffff-ffff00000049"}
&amp#27;[38;5;66m[c5dffeeb]&amp#27;[0m&amp#27;[38;5;-150m[AndroidUiautomator2Driver@3ba1]&amp#27;[0m Got response with status 200: {"sessionId":"3f23cf38-c563-4e1f-b3fd-c48e482a31ec","value":null}
&amp#27;[38;5;66m[c5dffeeb]&amp#27;[0m&amp#27;[38;5;-150m[AndroidUiautomator2Driver@3ba1]&amp#27;[0m Responding to client with driver.click() result: null
&amp#27;[38;5;66m[c5dffeeb]&amp#27;[0m&amp#27;[38;5;86m[HTTP]&amp#27;[0m &amp#27;[37m<-- POST /session/c5dffeeb-4ddc-4168-8588-bad0cfb1f774/element/00000000-0000-004a-ffff-ffff00000049/click &amp#27;[39m&amp#27;[32m200&amp#27;[39m &amp#27;[90m656 ms - 14&amp#27;[39m &amp#27;[90m&amp#27;[39m
&amp#27;[38;5;66m[c5dffeeb]&amp#27;[0m&amp#27;[38;5;86m[HTTP]&amp#27;[0m &amp#27;[37m-->&amp#27;[39m &amp#27;[37mGET&amp#27;[39m &amp#27;[37m/session/c5dffeeb-4ddc-4168-8588-bad0cfb1f774/context&amp#27;[39m &amp#27;[90m{}&amp#27;[39m
&amp#27;[38;5;66m[c5dffeeb]&amp#27;[0m&amp#27;[38;5;-150m[AndroidUiautomator2Driver@3ba1]&amp#27;[0m Calling AppiumDriver.getCurrentContext() with args: ["c5dffeeb-4ddc-4168-8588-bad0cfb1f774"]
&amp#27;[38;5;66m[c5dffeeb]&amp#27;[0m&amp#27;[38;5;-150m[AndroidUiautomator2Driver@3ba1]&amp#27;[0m Responding to client with driver.getCurrentContext() result: "NATIVE_APP"
&amp#27;[38;5;66m[c5dffeeb]&amp#27;[0m&amp#27;[38;5;86m[HTTP]&amp#27;[0m &amp#27;[37m<-- GET /session/c5dffeeb-4ddc-4168-8588-bad0cfb1f774/context &amp#27;[39m&amp#27;[32m200&amp#27;[39m &amp#27;[90m1 ms - 22&amp#27;[39m &amp#27;[90m&amp#27;[39m
&amp#27;[38;5;66m[c5dffeeb]&amp#27;[0m&amp#27;[38;5;86m[HTTP]&amp#27;[0m &amp#27;[37m-->&amp#27;[39m &amp#27;[37mPOST&amp#27;[39m &amp#27;[37m/session/c5dffeeb-4ddc-4168-8588-bad0cfb1f774/element&amp#27;[39m &amp#27;[90m{"value":"com.androidsample.generalstore:id/btnLetsShop","using":"id"}&amp#27;[39m
&amp#27;[38;5;66m[c5dffeeb]&amp#27;[0m&amp#27;[38;5;-150m[AndroidUiautomator2Driver@3ba1]&amp#27;[0m Calling AppiumDriver.findElement() with args: ["id","com.androidsample.generalstore:id/btnLetsShop","c5dffeeb-4ddc-4168-8588-bad0cfb1f774"]
&amp#27;[38;5;66m[c5dffeeb]&amp#27;[0m&amp#27;[38;5;-150m[AndroidUiautomator2Driver@3ba1]&amp#27;[0m Valid locator strategies for this request: xpath, id, class name, accessibility id, css selector, -android uiautomator
&amp#27;[38;5;66m[c5dffeeb]&amp#27;[0m&amp#27;[38;5;-150m[AndroidUiautomator2Driver@3ba1]&amp#27;[0m Waiting up to 10000 ms for condition
&amp#27;[38;5;66m[c5dffeeb]&amp#27;[0m&amp#27;[38;5;-150m[AndroidUiautomator2Driver@3ba1]&amp#27;[0m Matched '/element' to command name 'findElement'
&amp#27;[38;5;66m[c5dffeeb]&amp#27;[0m&amp#27;[38;5;-150m[AndroidUiautomator2Driver@3ba1]&amp#27;[0m Proxying [POST /element] to [POST http://127.0.0.1:8200/session/3f23cf38-c563-4e1f-b3fd-c48e482a31ec/element] with body: {"strategy":"id","selector":"com.androidsample.generalstore:id/btnLetsShop","context":"","multiple":false}
&amp#27;[38;5;66m[c5dffeeb]&amp#27;[0m&amp#27;[38;5;-150m[AndroidUiautomator2Driver@3ba1]&amp#27;[0m Got response with status 200: {"sessionId":"3f23cf38-c563-4e1f-b3fd-c48e482a31ec","value":{"ELEMENT":"00000000-0000-0045-ffff-ffff00000021","element-6066-11e4-a52e-4f735466cecf":"00000000-0000-0045-ffff-ffff00000021"}}
&amp#27;[38;5;66m[c5dffeeb]&amp#27;[0m&amp#27;[38;5;-150m[AndroidUiautomator2Driver@3ba1]&amp#27;[0m Responding to client with driver.findElement() result: {"element-6066-11e4-a52e-4f735466cecf":"00000000-0000-0045-ffff-ffff00000021","ELEMENT":"00000000-0000-0045-ffff-ffff00000021"}
&amp#27;[38;5;66m[c5dffeeb]&amp#27;[0m&amp#27;[38;5;86m[HTTP]&amp#27;[0m &amp#27;[37m<-- POST /session/c5dffeeb-4ddc-4168-8588-bad0cfb1f774/element &amp#27;[39m&amp#27;[32m200&amp#27;[39m &amp#27;[90m24 ms - 137&amp#27;[39m &amp#27;[90m&amp#27;[39m
&amp#27;[38;5;66m[c5dffeeb]&amp#27;[0m&amp#27;[38;5;86m[HTTP]&amp#27;[0m &amp#27;[37m-->&amp#27;[39m &amp#27;[37mPOST&amp#27;[39m &amp#27;[37m/session/c5dffeeb-4ddc-4168-8588-bad0cfb1f774/element/00000000-0000-0045-ffff-ffff00000021/click&amp#27;[39m &amp#27;[90m{"id":"00000000-0000-0045-ffff-ffff00000021"}&amp#27;[39m
&amp#27;[38;5;66m[c5dffeeb]&amp#27;[0m&amp#27;[38;5;-150m[AndroidUiautomator2Driver@3ba1]&amp#27;[0m Calling AppiumDriver.click() with args: ["00000000-0000-0045-ffff-ffff00000021","c5dffeeb-4ddc-4168-8588-bad0cfb1f774"]
&amp#27;[38;5;66m[c5dffeeb]&amp#27;[0m&amp#27;[38;5;-150m[AndroidUiautomator2Driver@3ba1]&amp#27;[0m Matched '/element/00000000-0000-0045-ffff-ffff00000021/click' to command name 'click'
&amp#27;[38;5;66m[c5dffeeb]&amp#27;[0m&amp#27;[38;5;-150m[AndroidUiautomator2Driver@3ba1]&amp#27;[0m Proxying [POST /element/00000000-0000-0045-ffff-ffff00000021/click] to [POST http://127.0.0.1:8200/session/3f23cf38-c563-4e1f-b3fd-c48e482a31ec/element/00000000-0000-0045-ffff-ffff00000021/click] with body: {"element":"00000000-0000-0045-ffff-ffff00000021"}
&amp#27;[38;5;66m[c5dffeeb]&amp#27;[0m&amp#27;[38;5;-150m[AndroidUiautomator2Driver@3ba1]&amp#27;[0m Got response with status 200: {"sessionId":"3f23cf38-c563-4e1f-b3fd-c48e482a31ec","value":null}
&amp#27;[38;5;66m[c5dffeeb]&amp#27;[0m&amp#27;[38;5;-150m[AndroidUiautomator2Driver@3ba1]&amp#27;[0m Responding to client with driver.click() result: null
&amp#27;[38;5;66m[c5dffeeb]&amp#27;[0m&amp#27;[38;5;86m[HTTP]&amp#27;[0m &amp#27;[37m<-- POST /session/c5dffeeb-4ddc-4168-8588-bad0cfb1f774/element/00000000-0000-0045-ffff-ffff00000021/click &amp#27;[39m&amp#27;[32m200&amp#27;[39m &amp#27;[90m56 ms - 14&amp#27;[39m &amp#27;[90m&amp#27;[39m
&amp#27;[38;5;66m[c5dffeeb]&amp#27;[0m&amp#27;[38;5;86m[HTTP]&amp#27;[0m &amp#27;[37m-->&amp#27;[39m &amp#27;[37mPOST&amp#27;[39m &amp#27;[37m/session/c5dffeeb-4ddc-4168-8588-bad0cfb1f774/elements&amp#27;[39m &amp#27;[90m{"value":"(//android.widget.Toast)[1]","using":"xpath"}&amp#27;[39m
&amp#27;[38;5;66m[c5dffeeb]&amp#27;[0m&amp#27;[38;5;-150m[AndroidUiautomator2Driver@3ba1]&amp#27;[0m Calling AppiumDriver.findElements() with args: ["xpath","(//android.widget.Toast)[1]","c5dffeeb-4ddc-4168-8588-bad0cfb1f774"]
&amp#27;[38;5;66m[c5dffeeb]&amp#27;[0m&amp#27;[38;5;-150m[AndroidUiautomator2Driver@3ba1]&amp#27;[0m Valid locator strategies for this request: xpath, id, class name, accessibility id, css selector, -android uiautomator
&amp#27;[38;5;66m[c5dffeeb]&amp#27;[0m&amp#27;[38;5;-150m[AndroidUiautomator2Driver@3ba1]&amp#27;[0m Waiting up to 10000 ms for condition
&amp#27;[38;5;66m[c5dffeeb]&amp#27;[0m&amp#27;[38;5;-150m[AndroidUiautomator2Driver@3ba1]&amp#27;[0m Matched '/elements' to command name 'findElements'
&amp#27;[38;5;66m[c5dffeeb]&amp#27;[0m&amp#27;[38;5;-150m[AndroidUiautomator2Driver@3ba1]&amp#27;[0m Proxying [POST /elements] to [POST http://127.0.0.1:8200/session/3f23cf38-c563-4e1f-b3fd-c48e482a31ec/elements] with body: {"strategy":"xpath","selector":"(//android.widget.Toast)[1]","context":"","multiple":true}
&amp#27;[38;5;66m[c5dffeeb]&amp#27;[0m&amp#27;[38;5;-150m[AndroidUiautomator2Driver@3ba1]&amp#27;[0m Got response with status 200: {"sessionId":"3f23cf38-c563-4e1f-b3fd-c48e482a31ec","value":[]}
&amp#27;[38;5;66m[c5dffeeb]&amp#27;[0m&amp#27;[38;5;-150m[AndroidUiautomator2Driver@3ba1]&amp#27;[0m Waited for 675 ms so far
&amp#27;[38;5;66m[c5dffeeb]&amp#27;[0m&amp#27;[38;5;-150m[AndroidUiautomator2Driver@3ba1]&amp#27;[0m Matched '/elements' to command name 'findElements'
&amp#27;[38;5;66m[c5dffeeb]&amp#27;[0m&amp#27;[38;5;-150m[AndroidUiautomator2Driver@3ba1]&amp#27;[0m Proxying [POST /elements] to [POST http://127.0.0.1:8200/session/3f23cf38-c563-4e1f-b3fd-c48e482a31ec/elements] with body: {"strategy":"xpath","selector":"(//android.widget.Toast)[1]","context":"","multiple":true}
&amp#27;[38;5;66m[c5dffeeb]&amp#27;[0m&amp#27;[38;5;-150m[AndroidUiautomator2Driver@3ba1]&amp#27;[0m Got response with status 200: {"sessionId":"3f23cf38-c563-4e1f-b3fd-c48e482a31ec","value":[]}
&amp#27;[38;5;66m[c5dffeeb]&amp#27;[0m&amp#27;[38;5;-150m[AndroidUiautomator2Driver@3ba1]&amp#27;[0m Waited for 1217 ms so far
&amp#27;[38;5;66m[c5dffeeb]&amp#27;[0m&amp#27;[38;5;-150m[AndroidUiautomator2Driver@3ba1]&amp#27;[0m Matched '/elements' to command name 'findElements'
&amp#27;[38;5;66m[c5dffeeb]&amp#27;[0m&amp#27;[38;5;-150m[AndroidUiautomator2Driver@3ba1]&amp#27;[0m Proxying [POST /elements] to [POST http://127.0.0.1:8200/session/3f23cf38-c563-4e1f-b3fd-c48e482a31ec/elements] with body: {"strategy":"xpath","selector":"(//android.widget.Toast)[1]","context":"","multiple":true}
&amp#27;[38;5;66m[c5dffeeb]&amp#27;[0m&amp#27;[38;5;-150m[AndroidUiautomator2Driver@3ba1]&amp#27;[0m Got response with status 200: {"sessionId":"3f23cf38-c563-4e1f-b3fd-c48e482a31ec","value":[]}
&amp#27;[38;5;66m[c5dffeeb]&amp#27;[0m&amp#27;[38;5;-150m[AndroidUiautomator2Driver@3ba1]&amp#27;[0m Waited for 1756 ms so far
&amp#27;[38;5;66m[c5dffeeb]&amp#27;[0m&amp#27;[38;5;-150m[AndroidUiautomator2Driver@3ba1]&amp#27;[0m Matched '/elements' to command name 'findElements'
&amp#27;[38;5;66m[c5dffeeb]&amp#27;[0m&amp#27;[38;5;-150m[AndroidUiautomator2Driver@3ba1]&amp#27;[0m Proxying [POST /elements] to [POST http://127.0.0.1:8200/session/3f23cf38-c563-4e1f-b3fd-c48e482a31ec/elements] with body: {"strategy":"xpath","selector":"(//android.widget.Toast)[1]","context":"","multiple":true}
&amp#27;[38;5;66m[c5dffeeb]&amp#27;[0m&amp#27;[38;5;-150m[AndroidUiautomator2Driver@3ba1]&amp#27;[0m Got response with status 200: {"sessionId":"3f23cf38-c563-4e1f-b3fd-c48e482a31ec","value":[]}
&amp#27;[38;5;66m[c5dffeeb]&amp#27;[0m&amp#27;[38;5;-150m[AndroidUiautomator2Driver@3ba1]&amp#27;[0m Waited for 2296 ms so far
&amp#27;[38;5;66m[c5dffeeb]&amp#27;[0m&amp#27;[38;5;-150m[AndroidUiautomator2Driver@3ba1]&amp#27;[0m Matched '/elements' to command name 'findElements'
&amp#27;[38;5;66m[c5dffeeb]&amp#27;[0m&amp#27;[38;5;-150m[AndroidUiautomator2Driver@3ba1]&amp#27;[0m Proxying [POST /elements] to [POST http://127.0.0.1:8200/session/3f23cf38-c563-4e1f-b3fd-c48e482a31ec/elements] with body: {"strategy":"xpath","selector":"(//android.widget.Toast)[1]","context":"","multiple":true}
&amp#27;[38;5;66m[c5dffeeb]&amp#27;[0m&amp#27;[38;5;-150m[AndroidUiautomator2Driver@3ba1]&amp#27;[0m Got response with status 200: {"sessionId":"3f23cf38-c563-4e1f-b3fd-c48e482a31ec","value":[]}
&amp#27;[38;5;66m[c5dffeeb]&amp#27;[0m&amp#27;[38;5;-150m[AndroidUiautomator2Driver@3ba1]&amp#27;[0m Waited for 2836 ms so far
&amp#27;[38;5;66m[c5dffeeb]&amp#27;[0m&amp#27;[38;5;-150m[AndroidUiautomator2Driver@3ba1]&amp#27;[0m Matched '/elements' to command name 'findElements'
&amp#27;[38;5;66m[c5dffeeb]&amp#27;[0m&amp#27;[38;5;-150m[AndroidUiautomator2Driver@3ba1]&amp#27;[0m Proxying [POST /elements] to [POST http://127.0.0.1:8200/session/3f23cf38-c563-4e1f-b3fd-c48e482a31ec/elements] with body: {"strategy":"xpath","selector":"(//android.widget.Toast)[1]","context":"","multiple":true}
&amp#27;[38;5;66m[c5dffeeb]&amp#27;[0m&amp#27;[38;5;-150m[AndroidUiautomator2Driver@3ba1]&amp#27;[0m Got response with status 200: {"sessionId":"3f23cf38-c563-4e1f-b3fd-c48e482a31ec","value":[]}
&amp#27;[38;5;66m[c5dffeeb]&amp#27;[0m&amp#27;[38;5;-150m[AndroidUiautomator2Driver@3ba1]&amp#27;[0m Waited for 3376 ms so far
&amp#27;[38;5;66m[c5dffeeb]&amp#27;[0m&amp#27;[38;5;-150m[AndroidUiautomator2Driver@3ba1]&amp#27;[0m Matched '/elements' to command name 'findElements'
&amp#27;[38;5;66m[c5dffeeb]&amp#27;[0m&amp#27;[38;5;-150m[AndroidUiautomator2Driver@3ba1]&amp#27;[0m Proxying [POST /elements] to [POST http://127.0.0.1:8200/session/3f23cf38-c563-4e1f-b3fd-c48e482a31ec/elements] with body: {"strategy":"xpath","selector":"(//android.widget.Toast)[1]","context":"","multiple":true}
&amp#27;[38;5;66m[c5dffeeb]&amp#27;[0m&amp#27;[38;5;-150m[AndroidUiautomator2Driver@3ba1]&amp#27;[0m Got response with status 200: {"sessionId":"3f23cf38-c563-4e1f-b3fd-c48e482a31ec","value":[]}
&amp#27;[38;5;66m[c5dffeeb]&amp#27;[0m&amp#27;[38;5;-150m[AndroidUiautomator2Driver@3ba1]&amp#27;[0m Waited for 3914 ms so far
&amp#27;[38;5;66m[c5dffeeb]&amp#27;[0m&amp#27;[38;5;-150m[AndroidUiautomator2Driver@3ba1]&amp#27;[0m Matched '/elements' to command name 'findElements'
&amp#27;[38;5;66m[c5dffeeb]&amp#27;[0m&amp#27;[38;5;-150m[AndroidUiautomator2Driver@3ba1]&amp#27;[0m Proxying [POST /elements] to [POST http://127.0.0.1:8200/session/3f23cf38-c563-4e1f-b3fd-c48e482a31ec/elements] with body: {"strategy":"xpath","selector":"(//android.widget.Toast)[1]","context":"","multiple":true}
&amp#27;[38;5;66m[c5dffeeb]&amp#27;[0m&amp#27;[38;5;-150m[AndroidUiautomator2Driver@3ba1]&amp#27;[0m Got response with status 200: {"sessionId":"3f23cf38-c563-4e1f-b3fd-c48e482a31ec","value":[]}
&amp#27;[38;5;66m[c5dffeeb]&amp#27;[0m&amp#27;[38;5;-150m[AndroidUiautomator2Driver@3ba1]&amp#27;[0m Waited for 4452 ms so far
&amp#27;[38;5;66m[c5dffeeb]&amp#27;[0m&amp#27;[38;5;-150m[AndroidUiautomator2Driver@3ba1]&amp#27;[0m Matched '/elements' to command name 'findElements'
&amp#27;[38;5;66m[c5dffeeb]&amp#27;[0m&amp#27;[38;5;-150m[AndroidUiautomator2Driver@3ba1]&amp#27;[0m Proxying [POST /elements] to [POST http://127.0.0.1:8200/session/3f23cf38-c563-4e1f-b3fd-c48e482a31ec/elements] with body: {"strategy":"xpath","selector":"(//android.widget.Toast)[1]","context":"","multiple":true}
&amp#27;[38;5;66m[c5dffeeb]&amp#27;[0m&amp#27;[38;5;-150m[AndroidUiautomator2Driver@3ba1]&amp#27;[0m Got response with status 200: {"sessionId":"3f23cf38-c563-4e1f-b3fd-c48e482a31ec","value":[]}
&amp#27;[38;5;66m[c5dffeeb]&amp#27;[0m&amp#27;[38;5;-150m[AndroidUiautomator2Driver@3ba1]&amp#27;[0m Waited for 4990 ms so far
&amp#27;[38;5;66m[c5dffeeb]&amp#27;[0m&amp#27;[38;5;-150m[AndroidUiautomator2Driver@3ba1]&amp#27;[0m Matched '/elements' to command name 'findElements'
&amp#27;[38;5;66m[c5dffeeb]&amp#27;[0m&amp#27;[38;5;-150m[AndroidUiautomator2Driver@3ba1]&amp#27;[0m Proxying [POST /elements] to [POST http://127.0.0.1:8200/session/3f23cf38-c563-4e1f-b3fd-c48e482a31ec/elements] with body: {"strategy":"xpath","selector":"(//android.widget.Toast)[1]","context":"","multiple":true}
&amp#27;[38;5;66m[c5dffeeb]&amp#27;[0m&amp#27;[38;5;-150m[AndroidUiautomator2Driver@3ba1]&amp#27;[0m Got response with status 200: {"sessionId":"3f23cf38-c563-4e1f-b3fd-c48e482a31ec","value":[]}
&amp#27;[38;5;66m[c5dffeeb]&amp#27;[0m&amp#27;[38;5;-150m[AndroidUiautomator2Driver@3ba1]&amp#27;[0m Waited for 5529 ms so far
&amp#27;[38;5;66m[c5dffeeb]&amp#27;[0m&amp#27;[38;5;-150m[AndroidUiautomator2Driver@3ba1]&amp#27;[0m Matched '/elements' to command name 'findElements'
&amp#27;[38;5;66m[c5dffeeb]&amp#27;[0m&amp#27;[38;5;-150m[AndroidUiautomator2Driver@3ba1]&amp#27;[0m Proxying [POST /elements] to [POST http://127.0.0.1:8200/session/3f23cf38-c563-4e1f-b3fd-c48e482a31ec/elements] with body: {"strategy":"xpath","selector":"(//android.widget.Toast)[1]","context":"","multiple":true}
&amp#27;[38;5;66m[c5dffeeb]&amp#27;[0m&amp#27;[38;5;-150m[AndroidUiautomator2Driver@3ba1]&amp#27;[0m Got response with status 200: {"sessionId":"3f23cf38-c563-4e1f-b3fd-c48e482a31ec","value":[]}
&amp#27;[38;5;66m[c5dffeeb]&amp#27;[0m&amp#27;[38;5;-150m[AndroidUiautomator2Driver@3ba1]&amp#27;[0m Waited for 6067 ms so far
&amp#27;[38;5;66m[c5dffeeb]&amp#27;[0m&amp#27;[38;5;-150m[AndroidUiautomator2Driver@3ba1]&amp#27;[0m Matched '/elements' to command name 'findElements'
&amp#27;[38;5;66m[c5dffeeb]&amp#27;[0m&amp#27;[38;5;-150m[AndroidUiautomator2Driver@3ba1]&amp#27;[0m Proxying [POST /elements] to [POST http://127.0.0.1:8200/session/3f23cf38-c563-4e1f-b3fd-c48e482a31ec/elements] with body: {"strategy":"xpath","selector":"(//android.widget.Toast)[1]","context":"","multiple":true}
&amp#27;[38;5;66m[c5dffeeb]&amp#27;[0m&amp#27;[38;5;-150m[AndroidUiautomator2Driver@3ba1]&amp#27;[0m Got response with status 200: {"sessionId":"3f23cf38-c563-4e1f-b3fd-c48e482a31ec","value":[]}
&amp#27;[38;5;66m[c5dffeeb]&amp#27;[0m&amp#27;[38;5;-150m[AndroidUiautomator2Driver@3ba1]&amp#27;[0m Waited for 6605 ms so far
&amp#27;[38;5;66m[c5dffeeb]&amp#27;[0m&amp#27;[38;5;-150m[AndroidUiautomator2Driver@3ba1]&amp#27;[0m Matched '/elements' to command name 'findElements'
&amp#27;[38;5;66m[c5dffeeb]&amp#27;[0m&amp#27;[38;5;-150m[AndroidUiautomator2Driver@3ba1]&amp#27;[0m Proxying [POST /elements] to [POST http://127.0.0.1:8200/session/3f23cf38-c563-4e1f-b3fd-c48e482a31ec/elements] with body: {"strategy":"xpath","selector":"(//android.widget.Toast)[1]","context":"","multiple":true}
&amp#27;[38;5;66m[c5dffeeb]&amp#27;[0m&amp#27;[38;5;-150m[AndroidUiautomator2Driver@3ba1]&amp#27;[0m Got response with status 200: {"sessionId":"3f23cf38-c563-4e1f-b3fd-c48e482a31ec","value":[]}
&amp#27;[38;5;66m[c5dffeeb]&amp#27;[0m&amp#27;[38;5;-150m[AndroidUiautomator2Driver@3ba1]&amp#27;[0m Waited for 7142 ms so far
&amp#27;[38;5;66m[c5dffeeb]&amp#27;[0m&amp#27;[38;5;-150m[AndroidUiautomator2Driver@3ba1]&amp#27;[0m Matched '/elements' to command name 'findElements'
&amp#27;[38;5;66m[c5dffeeb]&amp#27;[0m&amp#27;[38;5;-150m[AndroidUiautomator2Driver@3ba1]&amp#27;[0m Proxying [POST /elements] to [POST http://127.0.0.1:8200/session/3f23cf38-c563-4e1f-b3fd-c48e482a31ec/elements] with body: {"strategy":"xpath","selector":"(//android.widget.Toast)[1]","context":"","multiple":true}
&amp#27;[38;5;66m[c5dffeeb]&amp#27;[0m&amp#27;[38;5;-150m[AndroidUiautomator2Driver@3ba1]&amp#27;[0m Got response with status 200: {"sessionId":"3f23cf38-c563-4e1f-b3fd-c48e482a31ec","value":[]}
&amp#27;[38;5;66m[c5dffeeb]&amp#27;[0m&amp#27;[38;5;-150m[AndroidUiautomator2Driver@3ba1]&amp#27;[0m Waited for 7680 ms so far
&amp#27;[38;5;66m[c5dffeeb]&amp#27;[0m&amp#27;[38;5;-150m[AndroidUiautomator2Driver@3ba1]&amp#27;[0m Matched '/elements' to command name 'findElements'
&amp#27;[38;5;66m[c5dffeeb]&amp#27;[0m&amp#27;[38;5;-150m[AndroidUiautomator2Driver@3ba1]&amp#27;[0m Proxying [POST /elements] to [POST http://127.0.0.1:8200/session/3f23cf38-c563-4e1f-b3fd-c48e482a31ec/elements] with body: {"strategy":"xpath","selector":"(//android.widget.Toast)[1]","context":"","multiple":true}
&amp#27;[38;5;66m[c5dffeeb]&amp#27;[0m&amp#27;[38;5;-150m[AndroidUiautomator2Driver@3ba1]&amp#27;[0m Got response with status 200: {"sessionId":"3f23cf38-c563-4e1f-b3fd-c48e482a31ec","value":[]}
&amp#27;[38;5;66m[c5dffeeb]&amp#27;[0m&amp#27;[38;5;-150m[AndroidUiautomator2Driver@3ba1]&amp#27;[0m Waited for 8217 ms so far
&amp#27;[38;5;66m[c5dffeeb]&amp#27;[0m&amp#27;[38;5;-150m[AndroidUiautomator2Driver@3ba1]&amp#27;[0m Matched '/elements' to command name 'findElements'
&amp#27;[38;5;66m[c5dffeeb]&amp#27;[0m&amp#27;[38;5;-150m[AndroidUiautomator2Driver@3ba1]&amp#27;[0m Proxying [POST /elements] to [POST http://127.0.0.1:8200/session/3f23cf38-c563-4e1f-b3fd-c48e482a31ec/elements] with body: {"strategy":"xpath","selector":"(//android.widget.Toast)[1]","context":"","multiple":true}
&amp#27;[38;5;66m[c5dffeeb]&amp#27;[0m&amp#27;[38;5;-150m[AndroidUiautomator2Driver@3ba1]&amp#27;[0m Got response with status 200: {"sessionId":"3f23cf38-c563-4e1f-b3fd-c48e482a31ec","value":[]}
&amp#27;[38;5;66m[c5dffeeb]&amp#27;[0m&amp#27;[38;5;-150m[AndroidUiautomator2Driver@3ba1]&amp#27;[0m Waited for 8757 ms so far
&amp#27;[38;5;66m[c5dffeeb]&amp#27;[0m&amp#27;[38;5;-150m[AndroidUiautomator2Driver@3ba1]&amp#27;[0m Matched '/elements' to command name 'findElements'
&amp#27;[38;5;66m[c5dffeeb]&amp#27;[0m&amp#27;[38;5;-150m[AndroidUiautomator2Driver@3ba1]&amp#27;[0m Proxying [POST /elements] to [POST http://127.0.0.1:8200/session/3f23cf38-c563-4e1f-b3fd-c48e482a31ec/elements] with body: {"strategy":"xpath","selector":"(//android.widget.Toast)[1]","context":"","multiple":true}
&amp#27;[38;5;66m[c5dffeeb]&amp#27;[0m&amp#27;[38;5;-150m[AndroidUiautomator2Driver@3ba1]&amp#27;[0m Got response with status 200: {"sessionId":"3f23cf38-c563-4e1f-b3fd-c48e482a31ec","value":[]}
&amp#27;[38;5;66m[c5dffeeb]&amp#27;[0m&amp#27;[38;5;-150m[AndroidUiautomator2Driver@3ba1]&amp#27;[0m Waited for 9297 ms so far
&amp#27;[38;5;66m[c5dffeeb]&amp#27;[0m&amp#27;[38;5;-150m[AndroidUiautomator2Driver@3ba1]&amp#27;[0m Matched '/elements' to command name 'findElements'
&amp#27;[38;5;66m[c5dffeeb]&amp#27;[0m&amp#27;[38;5;-150m[AndroidUiautomator2Driver@3ba1]&amp#27;[0m Proxying [POST /elements] to [POST http://127.0.0.1:8200/session/3f23cf38-c563-4e1f-b3fd-c48e482a31ec/elements] with body: {"strategy":"xpath","selector":"(//android.widget.Toast)[1]","context":"","multiple":true}
&amp#27;[38;5;66m[c5dffeeb]&amp#27;[0m&amp#27;[38;5;-150m[AndroidUiautomator2Driver@3ba1]&amp#27;[0m Got response with status 200: {"sessionId":"3f23cf38-c563-4e1f-b3fd-c48e482a31ec","value":[]}
&amp#27;[38;5;66m[c5dffeeb]&amp#27;[0m&amp#27;[38;5;-150m[AndroidUiautomator2Driver@3ba1]&amp#27;[0m Waited for 9833 ms so far
&amp#27;[38;5;66m[c5dffeeb]&amp#27;[0m&amp#27;[38;5;-150m[AndroidUiautomator2Driver@3ba1]&amp#27;[0m Matched '/elements' to command name 'findElements'
&amp#27;[38;5;66m[c5dffeeb]&amp#27;[0m&amp#27;[38;5;-150m[AndroidUiautomator2Driver@3ba1]&amp#27;[0m Proxying [POST /elements] to [POST http://127.0.0.1:8200/session/3f23cf38-c563-4e1f-b3fd-c48e482a31ec/elements] with body: {"strategy":"xpath","selector":"(//android.widget.Toast)[1]","context":"","multiple":true}
&amp#27;[38;5;66m[c5dffeeb]&amp#27;[0m&amp#27;[38;5;-150m[AndroidUiautomator2Driver@3ba1]&amp#27;[0m Got response with status 200: {"sessionId":"3f23cf38-c563-4e1f-b3fd-c48e482a31ec","value":[]}
&amp#27;[38;5;66m[c5dffeeb]&amp#27;[0m&amp#27;[38;5;-150m[AndroidUiautomator2Driver@3ba1]&amp#27;[0m Responding to client with driver.findElements() result: []
&amp#27;[38;5;66m[c5dffeeb]&amp#27;[0m&amp#27;[38;5;86m[HTTP]&amp#27;[0m &amp#27;[37m<-- POST /session/c5dffeeb-4ddc-4168-8588-bad0cfb1f774/elements &amp#27;[39m&amp#27;[32m200&amp#27;[39m &amp#27;[90m10040 ms - 12&amp#27;[39m &amp#27;[90m&amp#27;[39m
]]></system-out>
  </testcase>
  <testcase name="ValidateiOSAlertMessageTest" classname="org.latiffsyed.tests.iOS.AlertViewMessageValidationTest" time="4.985">
    <system-out><![CDATA[&amp#27;[38;5;66m[c5dffeeb]&amp#27;[0m&amp#27;[38;5;86m[HTTP]&amp#27;[0m &amp#27;[37m-->&amp#27;[39m &amp#27;[37mDELETE&amp#27;[39m &amp#27;[37m/session/c5dffeeb-4ddc-4168-8588-bad0cfb1f774&amp#27;[39m &amp#27;[90m{}&amp#27;[39m
&amp#27;[38;5;66m[c5dffeeb]&amp#27;[0m&amp#27;[38;5;-150m[AndroidUiautomator2Driver@3ba1]&amp#27;[0m Calling AppiumDriver.deleteSession() with args: ["c5dffeeb-4ddc-4168-8588-bad0cfb1f774"]
&amp#27;[38;5;66m[c5dffeeb]&amp#27;[0m&amp#27;[38;5;38m[AppiumDriver@1ca5]&amp#27;[0m Event 'quitSessionRequested' logged at 1753329012622 (23:50:12 GMT-0400 (Eastern Daylight Time))
&amp#27;[38;5;66m[c5dffeeb]&amp#27;[0m&amp#27;[38;5;38m[AppiumDriver@1ca5]&amp#27;[0m Removing session c5dffeeb-4ddc-4168-8588-bad0cfb1f774 from our master session list
&amp#27;[38;5;66m[c5dffeeb]&amp#27;[0m&amp#27;[38;5;-150m[AndroidUiautomator2Driver@3ba1]&amp#27;[0m Deleting UiAutomator2 session
&amp#27;[38;5;66m[c5dffeeb]&amp#27;[0m&amp#27;[38;5;-150m[AndroidUiautomator2Driver@3ba1]&amp#27;[0m Deleting UiAutomator2 server session
&amp#27;[38;5;66m[c5dffeeb]&amp#27;[0m&amp#27;[38;5;-150m[AndroidUiautomator2Driver@3ba1]&amp#27;[0m Proxying [DELETE /] to [DELETE http://127.0.0.1:8200/session/3f23cf38-c563-4e1f-b3fd-c48e482a31ec] with no body
&amp#27;[38;5;66m[c5dffeeb]&amp#27;[0m&amp#27;[38;5;-150m[AndroidUiautomator2Driver@3ba1]&amp#27;[0m Got response with status 200: {"sessionId":"3f23cf38-c563-4e1f-b3fd-c48e482a31ec","value":null}
&amp#27;[38;5;66m[c5dffeeb]&amp#27;[0m&amp#27;[38;5;229m[ADB]&amp#27;[0m Getting IDs of all 'io.appium.uiautomator2.server' processes
&amp#27;[38;5;66m[c5dffeeb]&amp#27;[0m&amp#27;[38;5;229m[ADB]&amp#27;[0m Running '/Users/administrator/Library/Android/sdk/platform-tools/adb -P 5037 -s emulator-5554 shell 'pgrep --help; echo $?''
&amp#27;[38;5;66m[c5dffeeb]&amp#27;[0m&amp#27;[38;5;-150m[AndroidUiautomator2Driver@3ba1]&amp#27;[0m [Instrumentation] io.appium.uiautomator2.server.test.AppiumUiAutomator2Server:.
&amp#27;[38;5;66m[c5dffeeb]&amp#27;[0m&amp#27;[38;5;-150m[AndroidUiautomator2Driver@3ba1]&amp#27;[0m [Instrumentation] 
&amp#27;[38;5;66m[c5dffeeb]&amp#27;[0m&amp#27;[38;5;-150m[AndroidUiautomator2Driver@3ba1]&amp#27;[0m [Instrumentation] Time: 32.695
&amp#27;[38;5;66m[c5dffeeb]&amp#27;[0m&amp#27;[38;5;-150m[AndroidUiautomator2Driver@3ba1]&amp#27;[0m [Instrumentation] 
&amp#27;[38;5;66m[c5dffeeb]&amp#27;[0m&amp#27;[38;5;-150m[AndroidUiautomator2Driver@3ba1]&amp#27;[0m [Instrumentation] OK (1 test)
&amp#27;[38;5;66m[c5dffeeb]&amp#27;[0m&amp#27;[38;5;-150m[AndroidUiautomator2Driver@3ba1]&amp#27;[0m [Instrumentation] 
&amp#27;[38;5;66m[c5dffeeb]&amp#27;[0m&amp#27;[38;5;-150m[AndroidUiautomator2Driver@3ba1]&amp#27;[0m [Instrumentation] 
&amp#27;[38;5;66m[c5dffeeb]&amp#27;[0m&amp#27;[38;5;229m[ADB]&amp#27;[0m Running '/Users/administrator/Library/Android/sdk/platform-tools/adb -P 5037 -s emulator-5554 shell pgrep -f \(\[\[:blank:\]\]\|\^\)io\.appium\.uiautomator2\.server\(:\[a-zA-Z0-9_-\]\+\)\?\(\[\[:blank:\]\]\|\$\)'
&amp#27;[38;5;66m[c5dffeeb]&amp#27;[0m&amp#27;[38;5;-150m[AndroidUiautomator2Driver@3ba1]&amp#27;[0m [Instrumentation] The process has exited with code null, signal SIGTERM
&amp#27;[38;5;66m[c5dffeeb]&amp#27;[0m&amp#27;[38;5;229m[ADB]&amp#27;[0m Running '/Users/administrator/Library/Android/sdk/platform-tools/adb -P 5037 -s emulator-5554 shell am force-stop io.appium.uiautomator2.server'
&amp#27;[38;5;66m[c5dffeeb]&amp#27;[0m&amp#27;[38;5;229m[ADB]&amp#27;[0m Running '/Users/administrator/Library/Android/sdk/platform-tools/adb -P 5037 -s emulator-5554 shell am force-stop io.appium.uiautomator2.server.test'
&amp#27;[38;5;66m[c5dffeeb]&amp#27;[0m&amp#27;[38;5;229m[ADB]&amp#27;[0m Running '/Users/administrator/Library/Android/sdk/platform-tools/adb -P 5037 -s emulator-5554 shell dumpsys activity services io.appium.settings/.recorder.RecorderService'
&amp#27;[38;5;66m[c5dffeeb]&amp#27;[0m&amp#27;[38;5;229m[ADB]&amp#27;[0m Running '/Users/administrator/Library/Android/sdk/platform-tools/adb -P 5037 -s emulator-5554 shell am force-stop com.androidsample.generalstore'
&amp#27;[38;5;66m[c5dffeeb]&amp#27;[0m&amp#27;[38;5;229m[ADB]&amp#27;[0m Removing forwarded port socket connection: 8200 
&amp#27;[38;5;66m[c5dffeeb]&amp#27;[0m&amp#27;[38;5;229m[ADB]&amp#27;[0m Running '/Users/administrator/Library/Android/sdk/platform-tools/adb -P 5037 -s emulator-5554 forward --remove tcp:8200'
&amp#27;[38;5;66m[c5dffeeb]&amp#27;[0m&amp#27;[38;5;-150m[AndroidUiautomator2Driver@3ba1]&amp#27;[0m Restoring hidden api policy to the device default configuration
&amp#27;[38;5;66m[c5dffeeb]&amp#27;[0m&amp#27;[38;5;229m[ADB]&amp#27;[0m Running '/Users/administrator/Library/Android/sdk/platform-tools/adb -P 5037 -s emulator-5554 shell 'settings delete global hidden_api_policy_pre_p_apps;settings delete global hidden_api_policy_p_apps;settings delete global hidden_api_policy''
&amp#27;[38;5;66m[c5dffeeb]&amp#27;[0m&amp#27;[38;5;160m[Logcat]&amp#27;[0m Stopping logcat capture
&amp#27;[38;5;66m[c5dffeeb]&amp#27;[0m&amp#27;[38;5;38m[AppiumDriver@1ca5]&amp#27;[0m Event 'quitSessionFinished' logged at 1753329012815 (23:50:12 GMT-0400 (Eastern Daylight Time))
&amp#27;[38;5;66m[c5dffeeb]&amp#27;[0m&amp#27;[38;5;38m[AppiumDriver@1ca5]&amp#27;[0m Received response: null
&amp#27;[38;5;66m[c5dffeeb]&amp#27;[0m&amp#27;[38;5;38m[AppiumDriver@1ca5]&amp#27;[0m But deleting session, so not returning
&amp#27;[38;5;66m[c5dffeeb]&amp#27;[0m&amp#27;[38;5;38m[AppiumDriver@1ca5]&amp#27;[0m Responding to client with driver.deleteSession() result: null
&amp#27;[38;5;66m[c5dffeeb]&amp#27;[0m&amp#27;[38;5;86m[HTTP]&amp#27;[0m &amp#27;[37m<-- DELETE /session/c5dffeeb-4ddc-4168-8588-bad0cfb1f774 &amp#27;[39m&amp#27;[32m200&amp#27;[39m &amp#27;[90m194 ms - 14&amp#27;[39m &amp#27;[90m&amp#27;[39m
&amp#27;[38;5;112m[Appium]&amp#27;[0m Received SIGTERM - shutting down
&amp#27;[38;5;38m[AppiumDriver@1ca5]&amp#27;[0m There are no active sessions for cleanup
&amp#27;[38;5;86m[HTTP]&amp#27;[0m Closing Appium HTTP server
&amp#27;[38;5;86m[HTTP]&amp#27;[0m Appium HTTP server has been successfully closed after 0ms
>>> TestNG Listener: onFinish()
>>> TestNG Listener: onStart()
127.0.0.1
&amp#27;[38;5;112m[Appium]&amp#27;[0m Welcome to Appium v2.19.0
&amp#27;[38;5;112m[Appium]&amp#27;[0m Non-default server args:
&amp#27;[38;5;112m[Appium]&amp#27;[0m { address: &amp#27;[32m'127.0.0.1'&amp#27;[39m }
&amp#27;[38;5;112m[Appium]&amp#27;[0m The autodetected Appium home path: /Users/administrator/.appium
&amp#27;[38;5;112m[Appium]&amp#27;[0m Attempting to load driver uiautomator2...
&amp#27;[38;5;112m[Appium]&amp#27;[0m Attempting to load driver xcuitest...
&amp#27;[38;5;112m[Appium]&amp#27;[0m Requiring driver at /Users/administrator/.appium/node_modules/appium-xcuitest-driver/build/index.js
&amp#27;[38;5;112m[Appium]&amp#27;[0m Requiring driver at /Users/administrator/.appium/node_modules/appium-uiautomator2-driver/build/index.js
&amp#27;[38;5;112m[Appium]&amp#27;[0m XCUITestDriver has been successfully loaded in 0.345s
&amp#27;[38;5;112m[Appium]&amp#27;[0m AndroidUiautomator2Driver has been successfully loaded in 0.664s
&amp#27;[38;5;112m[Appium]&amp#27;[0m Appium REST http interface listener started on http://127.0.0.1:4723
&amp#27;[38;5;112m[Appium]&amp#27;[0m Available drivers:
&amp#27;[38;5;112m[Appium]&amp#27;[0m   - uiautomator2@4.2.3 (automationName 'UiAutomator2')
&amp#27;[38;5;112m[Appium]&amp#27;[0m   - xcuitest@9.9.1 (automationName 'XCUITest')
&amp#27;[38;5;112m[Appium]&amp#27;[0m No plugins have been installed. Use the "appium plugin" command to install the one(s) you want to use.
&amp#27;[38;5;86m[HTTP]&amp#27;[0m &amp#27;[37m-->&amp#27;[39m &amp#27;[37mGET&amp#27;[39m &amp#27;[37m/status&amp#27;[39m &amp#27;[90m{}&amp#27;[39m
&amp#27;[38;5;225m[AppiumDriver@406c]&amp#27;[0m Calling AppiumDriver.getStatus() with args: []
&amp#27;[38;5;225m[AppiumDriver@406c]&amp#27;[0m Responding to client with driver.getStatus() result: {"ready":true,"message":"The server is ready to accept new connections","build":{"version":"2.19.0"}}
&amp#27;[38;5;86m[HTTP]&amp#27;[0m &amp#27;[37m<-- GET /status &amp#27;[39m&amp#27;[32m200&amp#27;[39m &amp#27;[90m5 ms - 111&amp#27;[39m &amp#27;[90m&amp#27;[39m
&amp#27;[38;5;86m[HTTP]&amp#27;[0m Request idempotency key: e6a4473f-f651-4f86-9258-dce4ca336c23
&amp#27;[38;5;86m[HTTP]&amp#27;[0m &amp#27;[37m-->&amp#27;[39m &amp#27;[37mPOST&amp#27;[39m &amp#27;[37m/session&amp#27;[39m &amp#27;[90m{"capabilities":{"firstMatch":[{"appium:wdaLaunchTimeout":30000,"appium:deviceName":"iPhone 16 Pro","platformName":"IOS","appium:automationName":"XCuiTest","appium:app":"/Users/administrator/eclipse-workspace/AppiumFrameworkDesign/src/test/java/org/latiffsyed/resources/UIKitCatalog.app","appium:platformVersion":"18.5"}]}}&amp#27;[39m
&amp#27;[38;5;225m[AppiumDriver@406c]&amp#27;[0m Calling AppiumDriver.createSession() with args: [null,null,{"firstMatch":[{"appium:wdaLaunchTimeout":30000,"appium:deviceName":"iPhone 16 Pro","platformName":"IOS","appium:automationName":"XCuiTest","appium:app":"/Users/administrator/eclipse-workspace/AppiumFrameworkDesign/src/test/java/org/latiffsyed/resources/UIKitCatalog.app","appium:platformVersion":"18.5"}]}]
&amp#27;[38;5;225m[AppiumDriver@406c]&amp#27;[0m Event 'newSessionRequested' logged at 1753329014186 (23:50:14 GMT-0400 (Eastern Daylight Time))
&amp#27;[38;5;112m[Appium]&amp#27;[0m Attempting to find matching driver for automationName 'XCuiTest' and platformName 'IOS'
&amp#27;[38;5;112m[Appium]&amp#27;[0m The 'xcuitest' driver was installed and matched caps.
&amp#27;[38;5;112m[Appium]&amp#27;[0m Will require it at /Users/administrator/.appium/node_modules/appium-xcuitest-driver
&amp#27;[38;5;112m[Appium]&amp#27;[0m Requiring driver at /Users/administrator/.appium/node_modules/appium-xcuitest-driver/build/index.js
&amp#27;[38;5;225m[AppiumDriver@406c]&amp#27;[0m Appium v2.19.0 creating new XCUITestDriver (v9.9.1) session
&amp#27;[38;5;225m[AppiumDriver@406c]&amp#27;[0m Checking BaseDriver versions for Appium and XCUITestDriver
&amp#27;[38;5;225m[AppiumDriver@406c]&amp#27;[0m Appium's BaseDriver version is 9.18.0
&amp#27;[38;5;225m[AppiumDriver@406c]&amp#27;[0m XCUITestDriver's BaseDriver version is 9.18.0
&amp#27;[38;5;75m[XCUITestDriver@e733]&amp#27;[0m 
&amp#27;[38;5;75m[XCUITestDriver@e733]&amp#27;[0m Creating session with W3C capabilities: {
  "alwaysMatch": {
    "platformName": "IOS",
    "appium:wdaLaunchTimeout": 30000,
    "appium:deviceName": "iPhone 16 Pro",
    "appium:automationName": "XCuiTest",
    "appium:app": "/Users/administrator/eclipse-workspace/AppiumFrameworkDesign/src/test/java/org/latiffsyed/resources/UIKitCatalog.app",
    "appium:platformVersion": "18.5"
  },
  "firstMatch": [
    {}
  ]
}
&amp#27;[38;5;108m[ef9198cc]&amp#27;[0m&amp#27;[38;5;75m[XCUITestDriver@e733]&amp#27;[0m Session created with session id: ef9198cc-fc8c-4e8e-afe2-130acb1b1b00
&amp#27;[38;5;108m[ef9198cc]&amp#27;[0m&amp#27;[38;5;135m[XCUITest]&amp#27;[0m Current user: 'administrator'
&amp#27;[38;5;108m[ef9198cc]&amp#27;[0m&amp#27;[38;5;75m[XCUITestDriver@e733]&amp#27;[0m No real device udid has been provided in capabilities. Will select a matching simulator to run the test.
&amp#27;[38;5;108m[ef9198cc]&amp#27;[0m&amp#27;[38;5;75m[XCUITestDriver@e733]&amp#27;[0m iOS SDK Version set to '18.5'
&amp#27;[38;5;108m[ef9198cc]&amp#27;[0m&amp#27;[38;5;75m[XCUITestDriver@e733]&amp#27;[0m Looking for an existing Simulator with platformName: iOS, platformVersion: 18.5, deviceName: iPhone 16 Pro
&amp#27;[38;5;108m[ef9198cc]&amp#27;[0m&amp#27;[38;5;75m[XCUITestDriver@e733]&amp#27;[0m Constructing iOS simulator for Xcode version 16.4 with udid 'B8C34805-4B22-41D1-9C25-0F7CD8873BAE'
&amp#27;[38;5;108m[ef9198cc]&amp#27;[0m&amp#27;[38;5;75m[XCUITestDriver@e733]&amp#27;[0m Determining device to run tests on: udid: 'B8C34805-4B22-41D1-9C25-0F7CD8873BAE', real device: false
&amp#27;[38;5;108m[ef9198cc]&amp#27;[0m&amp#27;[38;5;75m[XCUITestDriver@e733]&amp#27;[0m Event 'xcodeDetailsRetrieved' logged at 1753329014364 (23:50:14 GMT-0400 (Eastern Daylight Time))
&amp#27;[38;5;108m[ef9198cc]&amp#27;[0m&amp#27;[38;5;123m[BaseDriver]&amp#27;[0m Using local app '/Users/administrator/eclipse-workspace/AppiumFrameworkDesign/src/test/java/org/latiffsyed/resources/UIKitCatalog.app'
&amp#27;[38;5;108m[ef9198cc]&amp#27;[0m&amp#27;[38;5;75m[XCUITestDriver@e733]&amp#27;[0m Caching the manifest for com.example.apple-samplecode.UICatalog app from a file source using the key 'a9d7581f2436a8e1818b7e3bcad4db14223f96b0'
&amp#27;[38;5;108m[ef9198cc]&amp#27;[0m&amp#27;[38;5;75m[XCUITestDriver@e733]&amp#27;[0m Event 'appConfigured' logged at 1753329014366 (23:50:14 GMT-0400 (Eastern Daylight Time))
&amp#27;[38;5;108m[ef9198cc]&amp#27;[0m&amp#27;[38;5;135m[XCUITest]&amp#27;[0m Checking whether app '/Users/administrator/eclipse-workspace/AppiumFrameworkDesign/src/test/java/org/latiffsyed/resources/UIKitCatalog.app' is actually present on file system
&amp#27;[38;5;108m[ef9198cc]&amp#27;[0m&amp#27;[38;5;135m[XCUITest]&amp#27;[0m App is present
&amp#27;[38;5;108m[ef9198cc]&amp#27;[0m&amp#27;[38;5;75m[XCUITestDriver@e733]&amp#27;[0m CFBundleIdentifier: "com.example.apple-samplecode.UICatalog"
&amp#27;[38;5;108m[ef9198cc]&amp#27;[0m&amp#27;[38;5;75m[XCUITestDriver@e733]&amp#27;[0m Event 'resetStarted' logged at 1753329014367 (23:50:14 GMT-0400 (Eastern Daylight Time))
&amp#27;[38;5;108m[ef9198cc]&amp#27;[0m&amp#27;[38;5;176m[simctl]&amp#27;[0m Error running 'terminate': An error was encountered processing the command (domain=NSPOSIXErrorDomain, code=3):
Simulator device failed to terminate com.example.apple-samplecode.UICatalog.
found nothing to terminate
Underlying error (domain=NSPOSIXErrorDomain, code=3):
	The request to terminate "com.example.apple-samplecode.UICatalog" failed. found nothing to terminate
	found nothing to terminate
&amp#27;[38;5;108m[ef9198cc]&amp#27;[0m&amp#27;[38;5;75m[XCUITestDriver@e733]&amp#27;[0m Reset: failed to terminate Simulator application with id "com.example.apple-samplecode.UICatalog"
&amp#27;[38;5;108m[ef9198cc]&amp#27;[0m&amp#27;[38;5;75m[XCUITestDriver@e733]&amp#27;[0m Not scrubbing third party app in anticipation of uninstall
&amp#27;[38;5;108m[ef9198cc]&amp#27;[0m&amp#27;[38;5;75m[XCUITestDriver@e733]&amp#27;[0m Event 'resetComplete' logged at 1753329014429 (23:50:14 GMT-0400 (Eastern Daylight Time))
&amp#27;[38;5;108m[ef9198cc]&amp#27;[0m&amp#27;[38;5;75m[XCUITestDriver@e733]&amp#27;[0m Using WDA path: '/Users/administrator/.appium/node_modules/appium-xcuitest-driver/node_modules/appium-webdriveragent'
&amp#27;[38;5;108m[ef9198cc]&amp#27;[0m&amp#27;[38;5;75m[XCUITestDriver@e733]&amp#27;[0m Using WDA agent: '/Users/administrator/.appium/node_modules/appium-xcuitest-driver/node_modules/appium-webdriveragent/WebDriverAgent.xcodeproj'
&amp#27;[38;5;108m[ef9198cc]&amp#27;[0m&amp#27;[38;5;75m[XCUITestDriver@e733]&amp#27;[0m Starting log capture for iOS Simulator with udid 'B8C34805-4B22-41D1-9C25-0F7CD8873BAE' via simctl using the following arguments 'log stream --style compact'
&amp#27;[38;5;108m[ef9198cc]&amp#27;[0m&amp#27;[38;5;75m[XCUITestDriver@e733]&amp#27;[0m Event 'logCaptureStarted' logged at 1753329014867 (23:50:14 GMT-0400 (Eastern Daylight Time))
&amp#27;[38;5;108m[ef9198cc]&amp#27;[0m&amp#27;[38;5;75m[XCUITestDriver@e733]&amp#27;[0m Setting up simulator
&amp#27;[38;5;108m[ef9198cc]&amp#27;[0m&amp#27;[38;5;75m[XCUITestDriver@e733]&amp#27;[0m Setting preferences of B8C34805-4B22-41D1-9C25-0F7CD8873BAE Simulator to {"ConnectHardwareKeyboard":false}
&amp#27;[38;5;108m[ef9198cc]&amp#27;[0m&amp#27;[38;5;75m[XCUITestDriver@e733]&amp#27;[0m Setting common Simulator preferences to {"RotateWindowWhenSignaledByGuest":true,"StartLastDeviceOnLaunch":false,"DetachOnWindowClose":false,"AttachBootedOnStart":true,"ConnectHardwareKeyboard":false,"PasteboardAutomaticSync":false}
&amp#27;[38;5;108m[ef9198cc]&amp#27;[0m&amp#27;[38;5;75m[XCUITestDriver@e733]&amp#27;[0m Updated B8C34805-4B22-41D1-9C25-0F7CD8873BAE Simulator preferences at '/Users/administrator/Library/Preferences/com.apple.iphonesimulator.plist' with {"RotateWindowWhenSignaledByGuest":true,"StartLastDeviceOnLaunch":false,"DetachOnWindowClose":false,"AttachBootedOnStart":true,"ConnectHardwareKeyboard":false,"PasteboardAutomaticSync":false,"DevicePreferences":{"B8C34805-4B22-41D1-9C25-0F7CD8873BAE":{"SimulatorExternalDisplay":2114,"ConnectHardwareKeyboard":false,"SimulatorWindowRotationAngle":0,"SimulatorWindowGeometry":{"1B8D568D-C6A1-40BE-8380-88761A01E61F":{"WindowCenter":"{810.5, 558.5}","WindowScale":0.9923076923076923}},"SimulatorWindowOrientation":"Portrait","ChromeTint":""}}}
&amp#27;[38;5;108m[ef9198cc]&amp#27;[0m&amp#27;[38;5;75m[XCUITestDriver@e733]&amp#27;[0m Got Simulator UI client PID: 627
&amp#27;[38;5;108m[ef9198cc]&amp#27;[0m&amp#27;[38;5;75m[XCUITestDriver@e733]&amp#27;[0m Both Simulator with UDID 'B8C34805-4B22-41D1-9C25-0F7CD8873BAE' and the UI client are currently running
&amp#27;[38;5;108m[ef9198cc]&amp#27;[0m&amp#27;[38;5;75m[XCUITestDriver@e733]&amp#27;[0m Event 'simStarted' logged at 1753329014958 (23:50:14 GMT-0400 (Eastern Daylight Time))
&amp#27;[38;5;108m[ef9198cc]&amp#27;[0m&amp#27;[38;5;75m[XCUITestDriver@e733]&amp#27;[0m Verifying application platform
&amp#27;[38;5;108m[ef9198cc]&amp#27;[0m&amp#27;[38;5;75m[XCUITestDriver@e733]&amp#27;[0m CFBundleSupportedPlatforms: ["iPhoneSimulator"]
&amp#27;[38;5;108m[ef9198cc]&amp#27;[0m&amp#27;[38;5;75m[XCUITestDriver@e733]&amp#27;[0m CFBundleExecutable: "UIKitCatalog"
&amp#27;[38;5;108m[ef9198cc]&amp#27;[0m&amp#27;[38;5;75m[XCUITestDriver@e733]&amp#27;[0m Non-fat file: /Users/administrator/eclipse-workspace/AppiumFrameworkDesign/src/test/java/org/latiffsyed/resources/UIKitCatalog.app/UIKitCatalog is architecture: arm64
&amp#27;[38;5;108m[ef9198cc]&amp#27;[0m&amp#27;[38;5;75m[XCUITestDriver@e733]&amp#27;[0m Current process architecture: arm64
&amp#27;[38;5;108m[ef9198cc]&amp#27;[0m&amp#27;[38;5;75m[XCUITestDriver@e733]&amp#27;[0m Is Apple Silicon CPU: true
&amp#27;[38;5;108m[ef9198cc]&amp#27;[0m&amp#27;[38;5;75m[XCUITestDriver@e733]&amp#27;[0m App 'com.example.apple-samplecode.UICatalog' is already installed
&amp#27;[38;5;108m[ef9198cc]&amp#27;[0m&amp#27;[38;5;75m[XCUITestDriver@e733]&amp#27;[0m Parsed BUILD_DIR configuration value: '/Users/administrator/.appium/node_modules/appium-xcuitest-driver/node_modules/appium-webdriveragent/build'
&amp#27;[38;5;108m[ef9198cc]&amp#27;[0m&amp#27;[38;5;75m[XCUITestDriver@e733]&amp#27;[0m Got derived data root: '/Users/administrator/.appium/node_modules/appium-xcuitest-driver/node_modules'
&amp#27;[38;5;108m[ef9198cc]&amp#27;[0m&amp#27;[38;5;75m[XCUITestDriver@e733]&amp#27;[0m Reset requested. Removing app with id 'com.example.apple-samplecode.UICatalog' from the device
&amp#27;[38;5;108m[ef9198cc]&amp#27;[0m&amp#27;[38;5;75m[XCUITestDriver@e733]&amp#27;[0m Installing '/Users/administrator/eclipse-workspace/AppiumFrameworkDesign/src/test/java/org/latiffsyed/resources/UIKitCatalog.app' on Simulator with UUID 'B8C34805-4B22-41D1-9C25-0F7CD8873BAE'...
&amp#27;[38;5;108m[ef9198cc]&amp#27;[0m&amp#27;[38;5;75m[XCUITestDriver@e733]&amp#27;[0m The app has been successfully installed in 239ms
&amp#27;[38;5;108m[ef9198cc]&amp#27;[0m&amp#27;[38;5;75m[XCUITestDriver@e733]&amp#27;[0m Event 'appInstalled' logged at 1753329015533 (23:50:15 GMT-0400 (Eastern Daylight Time))
&amp#27;[38;5;108m[ef9198cc]&amp#27;[0m&amp#27;[38;5;75m[XCUITestDriver@e733]&amp#27;[0m No obsolete cached processes from previous WDA sessions listening on port 8100 have been found
&amp#27;[38;5;108m[ef9198cc]&amp#27;[0m&amp#27;[38;5;23m[DevCon Factory]&amp#27;[0m Requesting connection for device B8C34805-4B22-41D1-9C25-0F7CD8873BAE on local port 8100
&amp#27;[38;5;108m[ef9198cc]&amp#27;[0m&amp#27;[38;5;23m[DevCon Factory]&amp#27;[0m Cached connections count: 0
&amp#27;[38;5;108m[ef9198cc]&amp#27;[0m&amp#27;[38;5;23m[DevCon Factory]&amp#27;[0m Successfully requested the connection for B8C34805-4B22-41D1-9C25-0F7CD8873BAE:8100
&amp#27;[38;5;108m[ef9198cc]&amp#27;[0m&amp#27;[38;5;75m[XCUITestDriver@e733]&amp#27;[0m Starting WebDriverAgent initialization with the synchronization key 'XCUITestDriver'
&amp#27;[38;5;108m[ef9198cc]&amp#27;[0m&amp#27;[38;5;151m[WD Proxy]&amp#27;[0m NoSessionProxy options: {"server":"127.0.0.1","port":"8100","base":"","timeout":3000,"scheme":"http","reqBasePath":"","sessionId":null}
&amp#27;[38;5;108m[ef9198cc]&amp#27;[0m&amp#27;[38;5;151m[WD Proxy]&amp#27;[0m Matched '/status' to command name 'getStatus'
&amp#27;[38;5;108m[ef9198cc]&amp#27;[0m&amp#27;[38;5;151m[WD Proxy]&amp#27;[0m Proxying [GET /status] to [GET http://127.0.0.1:8100/status] with no body
&amp#27;[38;5;108m[ef9198cc]&amp#27;[0m&amp#27;[38;5;151m[WD Proxy]&amp#27;[0m Got response with status 200: {"value":{"build":{"upgradedAt":"1751423158558","version":"9.14.6","time":"Jul  1 2025 23:00:23","productBundleIdentifier":"com.facebook.WebDriverAgentRunner"},"os":{"testmanagerdVersion":65535,"name":"iOS","sdkVersion":"18.4","version":"18.5"},"device":"iphone","ios":{"simulatorVersion":"18.5","ip":"208.78.106.92"},"message":"WebDriverAgent is ready to accept commands","state":"success","ready":true},"sessionId":null}
&amp#27;[38;5;108m[ef9198cc]&amp#27;[0m&amp#27;[38;5;75m[XCUITestDriver@e733]&amp#27;[0m Upgrade timestamp of the currently bundled WDA: 1751423158558
&amp#27;[38;5;108m[ef9198cc]&amp#27;[0m&amp#27;[38;5;75m[XCUITestDriver@e733]&amp#27;[0m Upgrade timestamp of the WDA on the device: 1751423158558
&amp#27;[38;5;108m[ef9198cc]&amp#27;[0m&amp#27;[38;5;75m[XCUITestDriver@e733]&amp#27;[0m Will reuse previously cached WDA instance at 'http://127.0.0.1:8100/' with 'com.facebook.WebDriverAgentRunner'. Set the wdaLocalPort capability to a value different from 8100 if this is an undesired behavior.
&amp#27;[38;5;108m[ef9198cc]&amp#27;[0m&amp#27;[38;5;75m[XCUITestDriver@e733]&amp#27;[0m Trying to start WebDriverAgent 2 times with 10000ms interval
&amp#27;[38;5;108m[ef9198cc]&amp#27;[0m&amp#27;[38;5;75m[XCUITestDriver@e733]&amp#27;[0m These values can be customized by changing wdaStartupRetries/wdaStartupRetryInterval capabilities
&amp#27;[38;5;108m[ef9198cc]&amp#27;[0m&amp#27;[38;5;75m[XCUITestDriver@e733]&amp#27;[0m Event 'wdaStartAttempted' logged at 1753329015591 (23:50:15 GMT-0400 (Eastern Daylight Time))
&amp#27;[38;5;108m[ef9198cc]&amp#27;[0m&amp#27;[38;5;75m[XCUITestDriver@e733]&amp#27;[0m Using provided WebdriverAgent at 'http://127.0.0.1:8100/'
&amp#27;[38;5;108m[ef9198cc]&amp#27;[0m&amp#27;[38;5;75m[XCUITestDriver@e733]&amp#27;[0m JWProxy options: {"server":"127.0.0.1","port":8100,"base":"","timeout":240000,"keepAlive":true,"scheme":"http","reqBasePath":"","sessionId":null}
&amp#27;[38;5;108m[ef9198cc]&amp#27;[0m&amp#27;[38;5;75m[XCUITestDriver@e733]&amp#27;[0m NoSessionProxy options: {"server":"127.0.0.1","port":8100,"base":"","timeout":240000,"keepAlive":true,"scheme":"http","reqBasePath":"","sessionId":null}
&amp#27;[38;5;108m[ef9198cc]&amp#27;[0m&amp#27;[38;5;151m[WD Proxy]&amp#27;[0m NoSessionProxy options: {"server":"127.0.0.1","port":"8100","base":"","timeout":3000,"scheme":"http","reqBasePath":"","sessionId":null}
&amp#27;[38;5;108m[ef9198cc]&amp#27;[0m&amp#27;[38;5;151m[WD Proxy]&amp#27;[0m Matched '/status' to command name 'getStatus'
&amp#27;[38;5;108m[ef9198cc]&amp#27;[0m&amp#27;[38;5;151m[WD Proxy]&amp#27;[0m Proxying [GET /status] to [GET http://127.0.0.1:8100/status] with no body
&amp#27;[38;5;108m[ef9198cc]&amp#27;[0m&amp#27;[38;5;151m[WD Proxy]&amp#27;[0m Got response with status 200: {"value":{"build":{"upgradedAt":"1751423158558","version":"9.14.6","time":"Jul  1 2025 23:00:23","productBundleIdentifier":"com.facebook.WebDriverAgentRunner"},"os":{"testmanagerdVersion":65535,"name":"iOS","sdkVersion":"18.4","version":"18.5"},"device":"iphone","ios":{"simulatorVersion":"18.5","ip":"208.78.106.92"},"message":"WebDriverAgent is ready to accept commands","state":"success","ready":true},"sessionId":null}
&amp#27;[38;5;108m[ef9198cc]&amp#27;[0m&amp#27;[38;5;75m[XCUITestDriver@e733]&amp#27;[0m Event 'wdaSessionAttempted' logged at 1753329015595 (23:50:15 GMT-0400 (Eastern Daylight Time))
&amp#27;[38;5;108m[ef9198cc]&amp#27;[0m&amp#27;[38;5;75m[XCUITestDriver@e733]&amp#27;[0m Sending createSession command to WDA
&amp#27;[38;5;108m[ef9198cc]&amp#27;[0m&amp#27;[38;5;75m[XCUITestDriver@e733]&amp#27;[0m Matched '/session' to command name 'createSession'
&amp#27;[38;5;108m[ef9198cc]&amp#27;[0m&amp#27;[38;5;75m[XCUITestDriver@e733]&amp#27;[0m Proxying [POST /session] to [POST http://127.0.0.1:8100/session] with body: {"capabilities":{"firstMatch":[{"bundleId":"com.example.apple-samplecode.UICatalog","arguments":[],"environment":{},"eventloopIdleDelaySec":0,"shouldWaitForQuiescence":true,"shouldUseTestManagerForVisibilityDetection":false,"maxTypingFrequency":60,"shouldUseSingletonTestManager":true,"shouldTerminateApp":true,"forceAppLaunch":true,"useNativeCachingStrategy":true,"forceSimulatorSoftwareKeyboardPresence":true}],"alwaysMatch":{}}}
&amp#27;[38;5;108m[ef9198cc]&amp#27;[0m&amp#27;[38;5;75m[XCUITestDriver@e733]&amp#27;[0m Got response with status 200: {"value":{"sessionId":"0C992A42-7FC4-4571-B723-B67A37EC79C9","capabilities":{"sdkVersion":"18.5","device":"iphone"}},"sessionId":"0C992A42-7FC4-4571-B723-B67A37EC79C9"}
&amp#27;[38;5;108m[ef9198cc]&amp#27;[0m&amp#27;[38;5;75m[XCUITestDriver@e733]&amp#27;[0m Determined the downstream protocol as 'W3C'
&amp#27;[38;5;108m[ef9198cc]&amp#27;[0m&amp#27;[38;5;75m[XCUITestDriver@e733]&amp#27;[0m WDA session startup took 1536ms
&amp#27;[38;5;108m[ef9198cc]&amp#27;[0m&amp#27;[38;5;75m[XCUITestDriver@e733]&amp#27;[0m Event 'wdaSessionStarted' logged at 1753329017131 (23:50:17 GMT-0400 (Eastern Daylight Time))
&amp#27;[38;5;108m[ef9198cc]&amp#27;[0m&amp#27;[38;5;75m[XCUITestDriver@e733]&amp#27;[0m Event 'wdaStarted' logged at 1753329017131 (23:50:17 GMT-0400 (Eastern Daylight Time))
&amp#27;[38;5;108m[ef9198cc]&amp#27;[0m&amp#27;[38;5;123m[BaseDriver]&amp#27;[0m The value of 'elementResponseAttributes' setting did not change. Skipping the update for it
&amp#27;[38;5;108m[ef9198cc]&amp#27;[0m&amp#27;[38;5;123m[BaseDriver]&amp#27;[0m The value of 'shouldUseCompactResponses' setting did not change. Skipping the update for it
&amp#27;[38;5;108m[ef9198cc]&amp#27;[0m&amp#27;[38;5;75m[XCUITestDriver@e733]&amp#27;[0m Forwarding MJPEG server port 9100 to local port 9100
&amp#27;[38;5;108m[ef9198cc]&amp#27;[0m&amp#27;[38;5;23m[DevCon Factory]&amp#27;[0m Requesting connection for device B8C34805-4B22-41D1-9C25-0F7CD8873BAE on local port 9100, device port 9100
&amp#27;[38;5;108m[ef9198cc]&amp#27;[0m&amp#27;[38;5;23m[DevCon Factory]&amp#27;[0m Cached connections count: 1
&amp#27;[38;5;108m[ef9198cc]&amp#27;[0m&amp#27;[38;5;23m[DevCon Factory]&amp#27;[0m Successfully requested the connection for B8C34805-4B22-41D1-9C25-0F7CD8873BAE:9100
&amp#27;[38;5;108m[ef9198cc]&amp#27;[0m&amp#27;[38;5;225m[AppiumDriver@406c]&amp#27;[0m New XCUITestDriver session created successfully, session ef9198cc-fc8c-4e8e-afe2-130acb1b1b00 added to master session list
&amp#27;[38;5;108m[ef9198cc]&amp#27;[0m&amp#27;[38;5;225m[AppiumDriver@406c]&amp#27;[0m Event 'newSessionStarted' logged at 1753329017133 (23:50:17 GMT-0400 (Eastern Daylight Time))
&amp#27;[38;5;108m[ef9198cc]&amp#27;[0m&amp#27;[38;5;75m[XCUITestDriver@e733]&amp#27;[0m Cached the protocol value 'W3C' for the new session ef9198cc-fc8c-4e8e-afe2-130acb1b1b00
&amp#27;[38;5;108m[ef9198cc]&amp#27;[0m&amp#27;[38;5;75m[XCUITestDriver@e733]&amp#27;[0m Responding to client with driver.createSession() result: {"capabilities":{"webStorageEnabled":false,"locationContextEnabled":false,"browserName":"","platform":"MAC","javascriptEnabled":true,"databaseEnabled":false,"takesScreenshot":true,"networkConnectionEnabled":false,"platformName":"IOS","wdaLaunchTimeout":30000,"deviceName":"iPhone 16 Pro","automationName":"XCuiTest","app":"/Users/administrator/eclipse-workspace/AppiumFrameworkDesign/src/test/java/org/latiffsyed/resources/UIKitCatalog.app","platformVersion":"18.5","udid":"B8C34805-4B22-41D1-9C25-0F7CD8873BAE"}}
&amp#27;[38;5;108m[ef9198cc]&amp#27;[0m&amp#27;[38;5;86m[HTTP]&amp#27;[0m &amp#27;[37m<-- POST /session &amp#27;[39m&amp#27;[32m200&amp#27;[39m &amp#27;[90m2949 ms - 574&amp#27;[39m &amp#27;[90m&amp#27;[39m
&amp#27;[38;5;108m[ef9198cc]&amp#27;[0m&amp#27;[38;5;86m[HTTP]&amp#27;[0m &amp#27;[37m-->&amp#27;[39m &amp#27;[37mPOST&amp#27;[39m &amp#27;[37m/session/ef9198cc-fc8c-4e8e-afe2-130acb1b1b00/timeouts&amp#27;[39m &amp#27;[90m{"implicit":10000}&amp#27;[39m
&amp#27;[38;5;108m[ef9198cc]&amp#27;[0m&amp#27;[38;5;75m[XCUITestDriver@e733]&amp#27;[0m Calling AppiumDriver.timeouts() with args: [null,null,null,null,10000,"ef9198cc-fc8c-4e8e-afe2-130acb1b1b00"]
&amp#27;[38;5;108m[ef9198cc]&amp#27;[0m&amp#27;[38;5;75m[XCUITestDriver@e733]&amp#27;[0m Executing command 'timeouts'
&amp#27;[38;5;108m[ef9198cc]&amp#27;[0m&amp#27;[38;5;75m[XCUITestDriver@e733]&amp#27;[0m W3C timeout argument: {"implicit":10000}}
&amp#27;[38;5;108m[ef9198cc]&amp#27;[0m&amp#27;[38;5;75m[XCUITestDriver@e733]&amp#27;[0m Set implicit wait to 10000ms
&amp#27;[38;5;108m[ef9198cc]&amp#27;[0m&amp#27;[38;5;75m[XCUITestDriver@e733]&amp#27;[0m Responding to client with driver.timeouts() result: null
&amp#27;[38;5;108m[ef9198cc]&amp#27;[0m&amp#27;[38;5;86m[HTTP]&amp#27;[0m &amp#27;[37m<-- POST /session/ef9198cc-fc8c-4e8e-afe2-130acb1b1b00/timeouts &amp#27;[39m&amp#27;[32m200&amp#27;[39m &amp#27;[90m2 ms - 14&amp#27;[39m &amp#27;[90m&amp#27;[39m
&amp#27;[38;5;108m[ef9198cc]&amp#27;[0m&amp#27;[38;5;86m[HTTP]&amp#27;[0m &amp#27;[37m-->&amp#27;[39m &amp#27;[37mGET&amp#27;[39m &amp#27;[37m/session/ef9198cc-fc8c-4e8e-afe2-130acb1b1b00/context&amp#27;[39m &amp#27;[90m{}&amp#27;[39m
&amp#27;[38;5;108m[ef9198cc]&amp#27;[0m&amp#27;[38;5;75m[XCUITestDriver@e733]&amp#27;[0m Calling AppiumDriver.getCurrentContext() with args: ["ef9198cc-fc8c-4e8e-afe2-130acb1b1b00"]
&amp#27;[38;5;108m[ef9198cc]&amp#27;[0m&amp#27;[38;5;75m[XCUITestDriver@e733]&amp#27;[0m Executing command 'getCurrentContext'
&amp#27;[38;5;108m[ef9198cc]&amp#27;[0m&amp#27;[38;5;75m[XCUITestDriver@e733]&amp#27;[0m Responding to client with driver.getCurrentContext() result: "NATIVE_APP"
&amp#27;[38;5;108m[ef9198cc]&amp#27;[0m&amp#27;[38;5;86m[HTTP]&amp#27;[0m &amp#27;[37m<-- GET /session/ef9198cc-fc8c-4e8e-afe2-130acb1b1b00/context &amp#27;[39m&amp#27;[32m200&amp#27;[39m &amp#27;[90m3 ms - 22&amp#27;[39m &amp#27;[90m&amp#27;[39m
&amp#27;[38;5;108m[ef9198cc]&amp#27;[0m&amp#27;[38;5;86m[HTTP]&amp#27;[0m &amp#27;[37m-->&amp#27;[39m &amp#27;[37mPOST&amp#27;[39m &amp#27;[37m/session/ef9198cc-fc8c-4e8e-afe2-130acb1b1b00/element&amp#27;[39m &amp#27;[90m{"value":"Alert Views","using":"accessibility id"}&amp#27;[39m
&amp#27;[38;5;108m[ef9198cc]&amp#27;[0m&amp#27;[38;5;75m[XCUITestDriver@e733]&amp#27;[0m Calling AppiumDriver.findElement() with args: ["accessibility id","Alert Views","ef9198cc-fc8c-4e8e-afe2-130acb1b1b00"]
&amp#27;[38;5;108m[ef9198cc]&amp#27;[0m&amp#27;[38;5;75m[XCUITestDriver@e733]&amp#27;[0m Executing command 'findElement'
&amp#27;[38;5;108m[ef9198cc]&amp#27;[0m&amp#27;[38;5;75m[XCUITestDriver@e733]&amp#27;[0m Valid locator strategies for this request: xpath, id, name, class name, -ios predicate string, -ios class chain, accessibility id, css selector
&amp#27;[38;5;108m[ef9198cc]&amp#27;[0m&amp#27;[38;5;75m[XCUITestDriver@e733]&amp#27;[0m Waiting up to 10000 ms for condition
&amp#27;[38;5;108m[ef9198cc]&amp#27;[0m&amp#27;[38;5;75m[XCUITestDriver@e733]&amp#27;[0m Matched '/element' to command name 'findElement'
&amp#27;[38;5;108m[ef9198cc]&amp#27;[0m&amp#27;[38;5;75m[XCUITestDriver@e733]&amp#27;[0m Proxying [POST /element] to [POST http://127.0.0.1:8100/session/0C992A42-7FC4-4571-B723-B67A37EC79C9/element] with body: {"using":"accessibility id","value":"Alert Views"}
&amp#27;[38;5;108m[ef9198cc]&amp#27;[0m&amp#27;[38;5;75m[XCUITestDriver@e733]&amp#27;[0m Got response with status 200: {"value":{"ELEMENT":"2B000000-0000-0000-D06E-010000000000","element-6066-11e4-a52e-4f735466cecf":"2B000000-0000-0000-D06E-010000000000"},"sessionId":"0C992A42-7FC4-4571-B723-B67A37EC79C9"}
&amp#27;[38;5;108m[ef9198cc]&amp#27;[0m&amp#27;[38;5;75m[XCUITestDriver@e733]&amp#27;[0m Responding to client with driver.findElement() result: {"element-6066-11e4-a52e-4f735466cecf":"2B000000-0000-0000-D06E-010000000000","ELEMENT":"2B000000-0000-0000-D06E-010000000000"}
&amp#27;[38;5;108m[ef9198cc]&amp#27;[0m&amp#27;[38;5;86m[HTTP]&amp#27;[0m &amp#27;[37m<-- POST /session/ef9198cc-fc8c-4e8e-afe2-130acb1b1b00/element &amp#27;[39m&amp#27;[32m200&amp#27;[39m &amp#27;[90m138 ms - 137&amp#27;[39m &amp#27;[90m&amp#27;[39m
&amp#27;[38;5;108m[ef9198cc]&amp#27;[0m&amp#27;[38;5;86m[HTTP]&amp#27;[0m &amp#27;[37m-->&amp#27;[39m &amp#27;[37mPOST&amp#27;[39m &amp#27;[37m/session/ef9198cc-fc8c-4e8e-afe2-130acb1b1b00/element/2B000000-0000-0000-D06E-010000000000/click&amp#27;[39m &amp#27;[90m{"id":"2B000000-0000-0000-D06E-010000000000"}&amp#27;[39m
&amp#27;[38;5;108m[ef9198cc]&amp#27;[0m&amp#27;[38;5;75m[XCUITestDriver@e733]&amp#27;[0m Driver proxy active, passing request on via HTTP proxy
&amp#27;[38;5;108m[ef9198cc]&amp#27;[0m&amp#27;[38;5;75m[XCUITestDriver@e733]&amp#27;[0m Executing command 'proxyReqRes'
&amp#27;[38;5;108m[ef9198cc]&amp#27;[0m&amp#27;[38;5;75m[XCUITestDriver@e733]&amp#27;[0m Matched '/session/ef9198cc-fc8c-4e8e-afe2-130acb1b1b00/element/2B000000-0000-0000-D06E-010000000000/click' to command name 'click'
&amp#27;[38;5;108m[ef9198cc]&amp#27;[0m&amp#27;[38;5;75m[XCUITestDriver@e733]&amp#27;[0m Proxying [POST /session/ef9198cc-fc8c-4e8e-afe2-130acb1b1b00/element/2B000000-0000-0000-D06E-010000000000/click] to [POST http://127.0.0.1:8100/session/0C992A42-7FC4-4571-B723-B67A37EC79C9/element/2B000000-0000-0000-D06E-010000000000/click] with body: {"id":"2B000000-0000-0000-D06E-010000000000"}
&amp#27;[38;5;108m[ef9198cc]&amp#27;[0m&amp#27;[38;5;75m[XCUITestDriver@e733]&amp#27;[0m Got response with status 200: {"value":null,"sessionId":"0C992A42-7FC4-4571-B723-B67A37EC79C9"}
&amp#27;[38;5;108m[ef9198cc]&amp#27;[0m&amp#27;[38;5;75m[XCUITestDriver@e733]&amp#27;[0m Replacing sessionId 0C992A42-7FC4-4571-B723-B67A37EC79C9 with ef9198cc-fc8c-4e8e-afe2-130acb1b1b00
&amp#27;[38;5;108m[ef9198cc]&amp#27;[0m&amp#27;[38;5;86m[HTTP]&amp#27;[0m &amp#27;[37m<-- POST /session/ef9198cc-fc8c-4e8e-afe2-130acb1b1b00/element/2B000000-0000-0000-D06E-010000000000/click &amp#27;[39m&amp#27;[32m200&amp#27;[39m &amp#27;[90m1017 ms - 65&amp#27;[39m &amp#27;[90m&amp#27;[39m
&amp#27;[38;5;108m[ef9198cc]&amp#27;[0m&amp#27;[38;5;86m[HTTP]&amp#27;[0m &amp#27;[37m-->&amp#27;[39m &amp#27;[37mGET&amp#27;[39m &amp#27;[37m/session/ef9198cc-fc8c-4e8e-afe2-130acb1b1b00/context&amp#27;[39m &amp#27;[90m{}&amp#27;[39m
&amp#27;[38;5;108m[ef9198cc]&amp#27;[0m&amp#27;[38;5;75m[XCUITestDriver@e733]&amp#27;[0m Calling AppiumDriver.getCurrentContext() with args: ["ef9198cc-fc8c-4e8e-afe2-130acb1b1b00"]
&amp#27;[38;5;108m[ef9198cc]&amp#27;[0m&amp#27;[38;5;75m[XCUITestDriver@e733]&amp#27;[0m Executing command 'getCurrentContext'
&amp#27;[38;5;108m[ef9198cc]&amp#27;[0m&amp#27;[38;5;75m[XCUITestDriver@e733]&amp#27;[0m Responding to client with driver.getCurrentContext() result: "NATIVE_APP"
&amp#27;[38;5;108m[ef9198cc]&amp#27;[0m&amp#27;[38;5;86m[HTTP]&amp#27;[0m &amp#27;[37m<-- GET /session/ef9198cc-fc8c-4e8e-afe2-130acb1b1b00/context &amp#27;[39m&amp#27;[32m200&amp#27;[39m &amp#27;[90m3 ms - 22&amp#27;[39m &amp#27;[90m&amp#27;[39m
&amp#27;[38;5;108m[ef9198cc]&amp#27;[0m&amp#27;[38;5;86m[HTTP]&amp#27;[0m &amp#27;[37m-->&amp#27;[39m &amp#27;[37mPOST&amp#27;[39m &amp#27;[37m/session/ef9198cc-fc8c-4e8e-afe2-130acb1b1b00/element&amp#27;[39m &amp#27;[90m{"value":"**/XCUIElementTypeStaticText[`name == 'Text Entry'`]","using":"-ios class chain"}&amp#27;[39m
&amp#27;[38;5;108m[ef9198cc]&amp#27;[0m&amp#27;[38;5;75m[XCUITestDriver@e733]&amp#27;[0m Calling AppiumDriver.findElement() with args: ["-ios class chain","**/XCUIElementTypeStaticText[`name == 'Text Entry'`]","ef9198cc-fc8c-4e8e-afe2-130acb1b1b00"]
&amp#27;[38;5;108m[ef9198cc]&amp#27;[0m&amp#27;[38;5;75m[XCUITestDriver@e733]&amp#27;[0m Executing command 'findElement'
&amp#27;[38;5;108m[ef9198cc]&amp#27;[0m&amp#27;[38;5;75m[XCUITestDriver@e733]&amp#27;[0m Valid locator strategies for this request: xpath, id, name, class name, -ios predicate string, -ios class chain, accessibility id, css selector
&amp#27;[38;5;108m[ef9198cc]&amp#27;[0m&amp#27;[38;5;75m[XCUITestDriver@e733]&amp#27;[0m Waiting up to 10000 ms for condition
&amp#27;[38;5;108m[ef9198cc]&amp#27;[0m&amp#27;[38;5;75m[XCUITestDriver@e733]&amp#27;[0m Matched '/element' to command name 'findElement'
&amp#27;[38;5;108m[ef9198cc]&amp#27;[0m&amp#27;[38;5;75m[XCUITestDriver@e733]&amp#27;[0m Proxying [POST /element] to [POST http://127.0.0.1:8100/session/0C992A42-7FC4-4571-B723-B67A37EC79C9/element] with body: {"using":"class chain","value":"**/XCUIElementTypeStaticText[`name == 'Text Entry'`]"}
&amp#27;[38;5;108m[ef9198cc]&amp#27;[0m&amp#27;[38;5;75m[XCUITestDriver@e733]&amp#27;[0m Got response with status 200: {"value":{"ELEMENT":"C1000000-0000-0000-D06E-010000000000","element-6066-11e4-a52e-4f735466cecf":"C1000000-0000-0000-D06E-010000000000"},"sessionId":"0C992A42-7FC4-4571-B723-B67A37EC79C9"}
&amp#27;[38;5;108m[ef9198cc]&amp#27;[0m&amp#27;[38;5;75m[XCUITestDriver@e733]&amp#27;[0m Responding to client with driver.findElement() result: {"element-6066-11e4-a52e-4f735466cecf":"C1000000-0000-0000-D06E-010000000000","ELEMENT":"C1000000-0000-0000-D06E-010000000000"}
&amp#27;[38;5;108m[ef9198cc]&amp#27;[0m&amp#27;[38;5;86m[HTTP]&amp#27;[0m &amp#27;[37m<-- POST /session/ef9198cc-fc8c-4e8e-afe2-130acb1b1b00/element &amp#27;[39m&amp#27;[32m200&amp#27;[39m &amp#27;[90m75 ms - 137&amp#27;[39m &amp#27;[90m&amp#27;[39m
&amp#27;[38;5;108m[ef9198cc]&amp#27;[0m&amp#27;[38;5;86m[HTTP]&amp#27;[0m &amp#27;[37m-->&amp#27;[39m &amp#27;[37mPOST&amp#27;[39m &amp#27;[37m/session/ef9198cc-fc8c-4e8e-afe2-130acb1b1b00/element/C1000000-0000-0000-D06E-010000000000/click&amp#27;[39m &amp#27;[90m{"id":"C1000000-0000-0000-D06E-010000000000"}&amp#27;[39m
&amp#27;[38;5;108m[ef9198cc]&amp#27;[0m&amp#27;[38;5;75m[XCUITestDriver@e733]&amp#27;[0m Driver proxy active, passing request on via HTTP proxy
&amp#27;[38;5;108m[ef9198cc]&amp#27;[0m&amp#27;[38;5;75m[XCUITestDriver@e733]&amp#27;[0m Executing command 'proxyReqRes'
&amp#27;[38;5;108m[ef9198cc]&amp#27;[0m&amp#27;[38;5;75m[XCUITestDriver@e733]&amp#27;[0m Matched '/session/ef9198cc-fc8c-4e8e-afe2-130acb1b1b00/element/C1000000-0000-0000-D06E-010000000000/click' to command name 'click'
&amp#27;[38;5;108m[ef9198cc]&amp#27;[0m&amp#27;[38;5;75m[XCUITestDriver@e733]&amp#27;[0m Proxying [POST /session/ef9198cc-fc8c-4e8e-afe2-130acb1b1b00/element/C1000000-0000-0000-D06E-010000000000/click] to [POST http://127.0.0.1:8100/session/0C992A42-7FC4-4571-B723-B67A37EC79C9/element/C1000000-0000-0000-D06E-010000000000/click] with body: {"id":"C1000000-0000-0000-D06E-010000000000"}
&amp#27;[38;5;108m[ef9198cc]&amp#27;[0m&amp#27;[38;5;75m[XCUITestDriver@e733]&amp#27;[0m Got response with status 200: {"value":null,"sessionId":"0C992A42-7FC4-4571-B723-B67A37EC79C9"}
&amp#27;[38;5;108m[ef9198cc]&amp#27;[0m&amp#27;[38;5;75m[XCUITestDriver@e733]&amp#27;[0m Replacing sessionId 0C992A42-7FC4-4571-B723-B67A37EC79C9 with ef9198cc-fc8c-4e8e-afe2-130acb1b1b00
&amp#27;[38;5;108m[ef9198cc]&amp#27;[0m&amp#27;[38;5;86m[HTTP]&amp#27;[0m &amp#27;[37m<-- POST /session/ef9198cc-fc8c-4e8e-afe2-130acb1b1b00/element/C1000000-0000-0000-D06E-010000000000/click &amp#27;[39m&amp#27;[32m200&amp#27;[39m &amp#27;[90m804 ms - 65&amp#27;[39m &amp#27;[90m&amp#27;[39m
&amp#27;[38;5;108m[ef9198cc]&amp#27;[0m&amp#27;[38;5;86m[HTTP]&amp#27;[0m &amp#27;[37m-->&amp#27;[39m &amp#27;[37mGET&amp#27;[39m &amp#27;[37m/session/ef9198cc-fc8c-4e8e-afe2-130acb1b1b00/context&amp#27;[39m &amp#27;[90m{}&amp#27;[39m
&amp#27;[38;5;108m[ef9198cc]&amp#27;[0m&amp#27;[38;5;75m[XCUITestDriver@e733]&amp#27;[0m Calling AppiumDriver.getCurrentContext() with args: ["ef9198cc-fc8c-4e8e-afe2-130acb1b1b00"]
&amp#27;[38;5;108m[ef9198cc]&amp#27;[0m&amp#27;[38;5;75m[XCUITestDriver@e733]&amp#27;[0m Executing command 'getCurrentContext'
&amp#27;[38;5;108m[ef9198cc]&amp#27;[0m&amp#27;[38;5;75m[XCUITestDriver@e733]&amp#27;[0m Responding to client with driver.getCurrentContext() result: "NATIVE_APP"
&amp#27;[38;5;108m[ef9198cc]&amp#27;[0m&amp#27;[38;5;86m[HTTP]&amp#27;[0m &amp#27;[37m<-- GET /session/ef9198cc-fc8c-4e8e-afe2-130acb1b1b00/context &amp#27;[39m&amp#27;[32m200&amp#27;[39m &amp#27;[90m2 ms - 22&amp#27;[39m &amp#27;[90m&amp#27;[39m
&amp#27;[38;5;108m[ef9198cc]&amp#27;[0m&amp#27;[38;5;86m[HTTP]&amp#27;[0m &amp#27;[37m-->&amp#27;[39m &amp#27;[37mPOST&amp#27;[39m &amp#27;[37m/session/ef9198cc-fc8c-4e8e-afe2-130acb1b1b00/element&amp#27;[39m &amp#27;[90m{"value":"**/XCUIElementTypeTextField","using":"-ios class chain"}&amp#27;[39m
&amp#27;[38;5;108m[ef9198cc]&amp#27;[0m&amp#27;[38;5;75m[XCUITestDriver@e733]&amp#27;[0m Calling AppiumDriver.findElement() with args: ["-ios class chain","**/XCUIElementTypeTextField","ef9198cc-fc8c-4e8e-afe2-130acb1b1b00"]
&amp#27;[38;5;108m[ef9198cc]&amp#27;[0m&amp#27;[38;5;75m[XCUITestDriver@e733]&amp#27;[0m Executing command 'findElement'
&amp#27;[38;5;108m[ef9198cc]&amp#27;[0m&amp#27;[38;5;75m[XCUITestDriver@e733]&amp#27;[0m Valid locator strategies for this request: xpath, id, name, class name, -ios predicate string, -ios class chain, accessibility id, css selector
&amp#27;[38;5;108m[ef9198cc]&amp#27;[0m&amp#27;[38;5;75m[XCUITestDriver@e733]&amp#27;[0m Waiting up to 10000 ms for condition
&amp#27;[38;5;108m[ef9198cc]&amp#27;[0m&amp#27;[38;5;75m[XCUITestDriver@e733]&amp#27;[0m Matched '/element' to command name 'findElement'
&amp#27;[38;5;108m[ef9198cc]&amp#27;[0m&amp#27;[38;5;75m[XCUITestDriver@e733]&amp#27;[0m Proxying [POST /element] to [POST http://127.0.0.1:8100/session/0C992A42-7FC4-4571-B723-B67A37EC79C9/element] with body: {"using":"class chain","value":"**/XCUIElementTypeTextField"}
&amp#27;[38;5;108m[ef9198cc]&amp#27;[0m&amp#27;[38;5;75m[XCUITestDriver@e733]&amp#27;[0m Got response with status 200: {"value":{"ELEMENT":"44010000-0000-0000-D06E-010000000000","element-6066-11e4-a52e-4f735466cecf":"44010000-0000-0000-D06E-010000000000"},"sessionId":"0C992A42-7FC4-4571-B723-B67A37EC79C9"}
&amp#27;[38;5;108m[ef9198cc]&amp#27;[0m&amp#27;[38;5;75m[XCUITestDriver@e733]&amp#27;[0m Responding to client with driver.findElement() result: {"element-6066-11e4-a52e-4f735466cecf":"44010000-0000-0000-D06E-010000000000","ELEMENT":"44010000-0000-0000-D06E-010000000000"}
&amp#27;[38;5;108m[ef9198cc]&amp#27;[0m&amp#27;[38;5;86m[HTTP]&amp#27;[0m &amp#27;[37m<-- POST /session/ef9198cc-fc8c-4e8e-afe2-130acb1b1b00/element &amp#27;[39m&amp#27;[32m200&amp#27;[39m &amp#27;[90m85 ms - 137&amp#27;[39m &amp#27;[90m&amp#27;[39m
&amp#27;[38;5;108m[ef9198cc]&amp#27;[0m&amp#27;[38;5;86m[HTTP]&amp#27;[0m &amp#27;[37m-->&amp#27;[39m &amp#27;[37mPOST&amp#27;[39m &amp#27;[37m/session/ef9198cc-fc8c-4e8e-afe2-130acb1b1b00/element/44010000-0000-0000-D06E-010000000000/value&amp#27;[39m &amp#27;[90m{"value":["H","e","l","l","o"," ","W","o","r","l","d"],"text":"Hello World","id":"44010000-0000-0000-D06E-010000000000"}&amp#27;[39m
&amp#27;[38;5;108m[ef9198cc]&amp#27;[0m&amp#27;[38;5;75m[XCUITestDriver@e733]&amp#27;[0m Calling AppiumDriver.setValue() with args: [["H","e","l","l","o"," ","W","o","r","l","d"],"44010000-0000-0000-D06E-010000000000","ef9198cc-fc8c-4e8e-afe2-130acb1b1b00"]
&amp#27;[38;5;108m[ef9198cc]&amp#27;[0m&amp#27;[38;5;75m[XCUITestDriver@e733]&amp#27;[0m Executing command 'setValue'
&amp#27;[38;5;108m[ef9198cc]&amp#27;[0m&amp#27;[38;5;75m[XCUITestDriver@e733]&amp#27;[0m Matched '/element/44010000-0000-0000-D06E-010000000000/value' to command name 'setValue'
&amp#27;[38;5;108m[ef9198cc]&amp#27;[0m&amp#27;[38;5;75m[XCUITestDriver@e733]&amp#27;[0m Added 'text' property "Hello World" to 'setValue' request body
&amp#27;[38;5;108m[ef9198cc]&amp#27;[0m&amp#27;[38;5;75m[XCUITestDriver@e733]&amp#27;[0m Proxying [POST /element/44010000-0000-0000-D06E-010000000000/value] to [POST http://127.0.0.1:8100/session/0C992A42-7FC4-4571-B723-B67A37EC79C9/element/44010000-0000-0000-D06E-010000000000/value] with body: {"value":["H","e","l","l","o"," ","W","o","r","l","d"],"text":"Hello World"}
&amp#27;[38;5;108m[ef9198cc]&amp#27;[0m&amp#27;[38;5;75m[XCUITestDriver@e733]&amp#27;[0m Got response with status 200: {"value":null,"sessionId":"0C992A42-7FC4-4571-B723-B67A37EC79C9"}
&amp#27;[38;5;108m[ef9198cc]&amp#27;[0m&amp#27;[38;5;75m[XCUITestDriver@e733]&amp#27;[0m Responding to client with driver.setValue() result: null
&amp#27;[38;5;108m[ef9198cc]&amp#27;[0m&amp#27;[38;5;86m[HTTP]&amp#27;[0m &amp#27;[37m<-- POST /session/ef9198cc-fc8c-4e8e-afe2-130acb1b1b00/element/44010000-0000-0000-D06E-010000000000/value &amp#27;[39m&amp#27;[32m200&amp#27;[39m &amp#27;[90m479 ms - 14&amp#27;[39m &amp#27;[90m&amp#27;[39m
&amp#27;[38;5;108m[ef9198cc]&amp#27;[0m&amp#27;[38;5;86m[HTTP]&amp#27;[0m &amp#27;[37m-->&amp#27;[39m &amp#27;[37mGET&amp#27;[39m &amp#27;[37m/session/ef9198cc-fc8c-4e8e-afe2-130acb1b1b00/context&amp#27;[39m &amp#27;[90m{}&amp#27;[39m
&amp#27;[38;5;108m[ef9198cc]&amp#27;[0m&amp#27;[38;5;75m[XCUITestDriver@e733]&amp#27;[0m Calling AppiumDriver.getCurrentContext() with args: ["ef9198cc-fc8c-4e8e-afe2-130acb1b1b00"]
&amp#27;[38;5;108m[ef9198cc]&amp#27;[0m&amp#27;[38;5;75m[XCUITestDriver@e733]&amp#27;[0m Executing command 'getCurrentContext'
&amp#27;[38;5;108m[ef9198cc]&amp#27;[0m&amp#27;[38;5;75m[XCUITestDriver@e733]&amp#27;[0m Responding to client with driver.getCurrentContext() result: "NATIVE_APP"
&amp#27;[38;5;108m[ef9198cc]&amp#27;[0m&amp#27;[38;5;86m[HTTP]&amp#27;[0m &amp#27;[37m<-- GET /session/ef9198cc-fc8c-4e8e-afe2-130acb1b1b00/context &amp#27;[39m&amp#27;[32m200&amp#27;[39m &amp#27;[90m1 ms - 22&amp#27;[39m &amp#27;[90m&amp#27;[39m
&amp#27;[38;5;108m[ef9198cc]&amp#27;[0m&amp#27;[38;5;86m[HTTP]&amp#27;[0m &amp#27;[37m-->&amp#27;[39m &amp#27;[37mPOST&amp#27;[39m &amp#27;[37m/session/ef9198cc-fc8c-4e8e-afe2-130acb1b1b00/element&amp#27;[39m &amp#27;[90m{"value":"OK","using":"accessibility id"}&amp#27;[39m
&amp#27;[38;5;108m[ef9198cc]&amp#27;[0m&amp#27;[38;5;75m[XCUITestDriver@e733]&amp#27;[0m Calling AppiumDriver.findElement() with args: ["accessibility id","OK","ef9198cc-fc8c-4e8e-afe2-130acb1b1b00"]
&amp#27;[38;5;108m[ef9198cc]&amp#27;[0m&amp#27;[38;5;75m[XCUITestDriver@e733]&amp#27;[0m Executing command 'findElement'
&amp#27;[38;5;108m[ef9198cc]&amp#27;[0m&amp#27;[38;5;75m[XCUITestDriver@e733]&amp#27;[0m Valid locator strategies for this request: xpath, id, name, class name, -ios predicate string, -ios class chain, accessibility id, css selector
&amp#27;[38;5;108m[ef9198cc]&amp#27;[0m&amp#27;[38;5;75m[XCUITestDriver@e733]&amp#27;[0m Waiting up to 10000 ms for condition
&amp#27;[38;5;108m[ef9198cc]&amp#27;[0m&amp#27;[38;5;75m[XCUITestDriver@e733]&amp#27;[0m Matched '/element' to command name 'findElement'
&amp#27;[38;5;108m[ef9198cc]&amp#27;[0m&amp#27;[38;5;75m[XCUITestDriver@e733]&amp#27;[0m Proxying [POST /element] to [POST http://127.0.0.1:8100/session/0C992A42-7FC4-4571-B723-B67A37EC79C9/element] with body: {"using":"accessibility id","value":"OK"}
&amp#27;[38;5;108m[ef9198cc]&amp#27;[0m&amp#27;[38;5;75m[XCUITestDriver@e733]&amp#27;[0m Got response with status 200: {"value":{"ELEMENT":"37010000-0000-0000-D06E-010000000000","element-6066-11e4-a52e-4f735466cecf":"37010000-0000-0000-D06E-010000000000"},"sessionId":"0C992A42-7FC4-4571-B723-B67A37EC79C9"}
&amp#27;[38;5;108m[ef9198cc]&amp#27;[0m&amp#27;[38;5;75m[XCUITestDriver@e733]&amp#27;[0m Responding to client with driver.findElement() result: {"element-6066-11e4-a52e-4f735466cecf":"37010000-0000-0000-D06E-010000000000","ELEMENT":"37010000-0000-0000-D06E-010000000000"}
&amp#27;[38;5;108m[ef9198cc]&amp#27;[0m&amp#27;[38;5;86m[HTTP]&amp#27;[0m &amp#27;[37m<-- POST /session/ef9198cc-fc8c-4e8e-afe2-130acb1b1b00/element &amp#27;[39m&amp#27;[32m200&amp#27;[39m &amp#27;[90m124 ms - 137&amp#27;[39m &amp#27;[90m&amp#27;[39m
&amp#27;[38;5;108m[ef9198cc]&amp#27;[0m&amp#27;[38;5;86m[HTTP]&amp#27;[0m &amp#27;[37m-->&amp#27;[39m &amp#27;[37mPOST&amp#27;[39m &amp#27;[37m/session/ef9198cc-fc8c-4e8e-afe2-130acb1b1b00/element/37010000-0000-0000-D06E-010000000000/click&amp#27;[39m &amp#27;[90m{"id":"37010000-0000-0000-D06E-010000000000"}&amp#27;[39m
&amp#27;[38;5;108m[ef9198cc]&amp#27;[0m&amp#27;[38;5;75m[XCUITestDriver@e733]&amp#27;[0m Driver proxy active, passing request on via HTTP proxy
&amp#27;[38;5;108m[ef9198cc]&amp#27;[0m&amp#27;[38;5;75m[XCUITestDriver@e733]&amp#27;[0m Executing command 'proxyReqRes'
&amp#27;[38;5;108m[ef9198cc]&amp#27;[0m&amp#27;[38;5;75m[XCUITestDriver@e733]&amp#27;[0m Matched '/session/ef9198cc-fc8c-4e8e-afe2-130acb1b1b00/element/37010000-0000-0000-D06E-010000000000/click' to command name 'click'
&amp#27;[38;5;108m[ef9198cc]&amp#27;[0m&amp#27;[38;5;75m[XCUITestDriver@e733]&amp#27;[0m Proxying [POST /session/ef9198cc-fc8c-4e8e-afe2-130acb1b1b00/element/37010000-0000-0000-D06E-010000000000/click] to [POST http://127.0.0.1:8100/session/0C992A42-7FC4-4571-B723-B67A37EC79C9/element/37010000-0000-0000-D06E-010000000000/click] with body: {"id":"37010000-0000-0000-D06E-010000000000"}
&amp#27;[38;5;108m[ef9198cc]&amp#27;[0m&amp#27;[38;5;75m[XCUITestDriver@e733]&amp#27;[0m Got response with status 200: {"value":null,"sessionId":"0C992A42-7FC4-4571-B723-B67A37EC79C9"}
&amp#27;[38;5;108m[ef9198cc]&amp#27;[0m&amp#27;[38;5;75m[XCUITestDriver@e733]&amp#27;[0m Replacing sessionId 0C992A42-7FC4-4571-B723-B67A37EC79C9 with ef9198cc-fc8c-4e8e-afe2-130acb1b1b00
&amp#27;[38;5;108m[ef9198cc]&amp#27;[0m&amp#27;[38;5;86m[HTTP]&amp#27;[0m &amp#27;[37m<-- POST /session/ef9198cc-fc8c-4e8e-afe2-130acb1b1b00/element/37010000-0000-0000-D06E-010000000000/click &amp#27;[39m&amp#27;[32m200&amp#27;[39m &amp#27;[90m705 ms - 65&amp#27;[39m &amp#27;[90m&amp#27;[39m
&amp#27;[38;5;108m[ef9198cc]&amp#27;[0m&amp#27;[38;5;86m[HTTP]&amp#27;[0m &amp#27;[37m-->&amp#27;[39m &amp#27;[37mGET&amp#27;[39m &amp#27;[37m/session/ef9198cc-fc8c-4e8e-afe2-130acb1b1b00/context&amp#27;[39m &amp#27;[90m{}&amp#27;[39m
&amp#27;[38;5;108m[ef9198cc]&amp#27;[0m&amp#27;[38;5;75m[XCUITestDriver@e733]&amp#27;[0m Calling AppiumDriver.getCurrentContext() with args: ["ef9198cc-fc8c-4e8e-afe2-130acb1b1b00"]
&amp#27;[38;5;108m[ef9198cc]&amp#27;[0m&amp#27;[38;5;75m[XCUITestDriver@e733]&amp#27;[0m Executing command 'getCurrentContext'
&amp#27;[38;5;108m[ef9198cc]&amp#27;[0m&amp#27;[38;5;75m[XCUITestDriver@e733]&amp#27;[0m Responding to client with driver.getCurrentContext() result: "NATIVE_APP"
&amp#27;[38;5;108m[ef9198cc]&amp#27;[0m&amp#27;[38;5;86m[HTTP]&amp#27;[0m &amp#27;[37m<-- GET /session/ef9198cc-fc8c-4e8e-afe2-130acb1b1b00/context &amp#27;[39m&amp#27;[32m200&amp#27;[39m &amp#27;[90m3 ms - 22&amp#27;[39m &amp#27;[90m&amp#27;[39m
&amp#27;[38;5;108m[ef9198cc]&amp#27;[0m&amp#27;[38;5;86m[HTTP]&amp#27;[0m &amp#27;[37m-->&amp#27;[39m &amp#27;[37mPOST&amp#27;[39m &amp#27;[37m/session/ef9198cc-fc8c-4e8e-afe2-130acb1b1b00/element&amp#27;[39m &amp#27;[90m{"value":"name == 'Confirm / Cancel'","using":"-ios predicate string"}&amp#27;[39m
&amp#27;[38;5;108m[ef9198cc]&amp#27;[0m&amp#27;[38;5;75m[XCUITestDriver@e733]&amp#27;[0m Calling AppiumDriver.findElement() with args: ["-ios predicate string","name == 'Confirm / Cancel'","ef9198cc-fc8c-4e8e-afe2-130acb1b1b00"]
&amp#27;[38;5;108m[ef9198cc]&amp#27;[0m&amp#27;[38;5;75m[XCUITestDriver@e733]&amp#27;[0m Executing command 'findElement'
&amp#27;[38;5;108m[ef9198cc]&amp#27;[0m&amp#27;[38;5;75m[XCUITestDriver@e733]&amp#27;[0m Valid locator strategies for this request: xpath, id, name, class name, -ios predicate string, -ios class chain, accessibility id, css selector
&amp#27;[38;5;108m[ef9198cc]&amp#27;[0m&amp#27;[38;5;75m[XCUITestDriver@e733]&amp#27;[0m Waiting up to 10000 ms for condition
&amp#27;[38;5;108m[ef9198cc]&amp#27;[0m&amp#27;[38;5;75m[XCUITestDriver@e733]&amp#27;[0m Matched '/element' to command name 'findElement'
&amp#27;[38;5;108m[ef9198cc]&amp#27;[0m&amp#27;[38;5;75m[XCUITestDriver@e733]&amp#27;[0m Proxying [POST /element] to [POST http://127.0.0.1:8100/session/0C992A42-7FC4-4571-B723-B67A37EC79C9/element] with body: {"using":"predicate string","value":"name == 'Confirm / Cancel'"}
&amp#27;[38;5;108m[ef9198cc]&amp#27;[0m&amp#27;[38;5;75m[XCUITestDriver@e733]&amp#27;[0m Got response with status 200: {"value":{"ELEMENT":"CB000000-0000-0000-D06E-010000000000","element-6066-11e4-a52e-4f735466cecf":"CB000000-0000-0000-D06E-010000000000"},"sessionId":"0C992A42-7FC4-4571-B723-B67A37EC79C9"}
&amp#27;[38;5;108m[ef9198cc]&amp#27;[0m&amp#27;[38;5;75m[XCUITestDriver@e733]&amp#27;[0m Responding to client with driver.findElement() result: {"element-6066-11e4-a52e-4f735466cecf":"CB000000-0000-0000-D06E-010000000000","ELEMENT":"CB000000-0000-0000-D06E-010000000000"}
&amp#27;[38;5;108m[ef9198cc]&amp#27;[0m&amp#27;[38;5;86m[HTTP]&amp#27;[0m &amp#27;[37m<-- POST /session/ef9198cc-fc8c-4e8e-afe2-130acb1b1b00/element &amp#27;[39m&amp#27;[32m200&amp#27;[39m &amp#27;[90m60 ms - 137&amp#27;[39m &amp#27;[90m&amp#27;[39m
&amp#27;[38;5;108m[ef9198cc]&amp#27;[0m&amp#27;[38;5;86m[HTTP]&amp#27;[0m &amp#27;[37m-->&amp#27;[39m &amp#27;[37mPOST&amp#27;[39m &amp#27;[37m/session/ef9198cc-fc8c-4e8e-afe2-130acb1b1b00/element/CB000000-0000-0000-D06E-010000000000/click&amp#27;[39m &amp#27;[90m{"id":"CB000000-0000-0000-D06E-010000000000"}&amp#27;[39m
&amp#27;[38;5;108m[ef9198cc]&amp#27;[0m&amp#27;[38;5;75m[XCUITestDriver@e733]&amp#27;[0m Driver proxy active, passing request on via HTTP proxy
&amp#27;[38;5;108m[ef9198cc]&amp#27;[0m&amp#27;[38;5;75m[XCUITestDriver@e733]&amp#27;[0m Executing command 'proxyReqRes'
&amp#27;[38;5;108m[ef9198cc]&amp#27;[0m&amp#27;[38;5;75m[XCUITestDriver@e733]&amp#27;[0m Matched '/session/ef9198cc-fc8c-4e8e-afe2-130acb1b1b00/element/CB000000-0000-0000-D06E-010000000000/click' to command name 'click'
&amp#27;[38;5;108m[ef9198cc]&amp#27;[0m&amp#27;[38;5;75m[XCUITestDriver@e733]&amp#27;[0m Proxying [POST /session/ef9198cc-fc8c-4e8e-afe2-130acb1b1b00/element/CB000000-0000-0000-D06E-010000000000/click] to [POST http://127.0.0.1:8100/session/0C992A42-7FC4-4571-B723-B67A37EC79C9/element/CB000000-0000-0000-D06E-010000000000/click] with body: {"id":"CB000000-0000-0000-D06E-010000000000"}
&amp#27;[38;5;108m[ef9198cc]&amp#27;[0m&amp#27;[38;5;75m[XCUITestDriver@e733]&amp#27;[0m Got response with status 200: {"value":null,"sessionId":"0C992A42-7FC4-4571-B723-B67A37EC79C9"}
&amp#27;[38;5;108m[ef9198cc]&amp#27;[0m&amp#27;[38;5;75m[XCUITestDriver@e733]&amp#27;[0m Replacing sessionId 0C992A42-7FC4-4571-B723-B67A37EC79C9 with ef9198cc-fc8c-4e8e-afe2-130acb1b1b00
&amp#27;[38;5;108m[ef9198cc]&amp#27;[0m&amp#27;[38;5;86m[HTTP]&amp#27;[0m &amp#27;[37m<-- POST /session/ef9198cc-fc8c-4e8e-afe2-130acb1b1b00/element/CB000000-0000-0000-D06E-010000000000/click &amp#27;[39m&amp#27;[32m200&amp#27;[39m &amp#27;[90m641 ms - 65&amp#27;[39m &amp#27;[90m&amp#27;[39m
&amp#27;[38;5;108m[ef9198cc]&amp#27;[0m&amp#27;[38;5;86m[HTTP]&amp#27;[0m &amp#27;[37m-->&amp#27;[39m &amp#27;[37mGET&amp#27;[39m &amp#27;[37m/session/ef9198cc-fc8c-4e8e-afe2-130acb1b1b00/context&amp#27;[39m &amp#27;[90m{}&amp#27;[39m
&amp#27;[38;5;108m[ef9198cc]&amp#27;[0m&amp#27;[38;5;75m[XCUITestDriver@e733]&amp#27;[0m Calling AppiumDriver.getCurrentContext() with args: ["ef9198cc-fc8c-4e8e-afe2-130acb1b1b00"]
&amp#27;[38;5;108m[ef9198cc]&amp#27;[0m&amp#27;[38;5;75m[XCUITestDriver@e733]&amp#27;[0m Executing command 'getCurrentContext'
&amp#27;[38;5;108m[ef9198cc]&amp#27;[0m&amp#27;[38;5;75m[XCUITestDriver@e733]&amp#27;[0m Responding to client with driver.getCurrentContext() result: "NATIVE_APP"
&amp#27;[38;5;108m[ef9198cc]&amp#27;[0m&amp#27;[38;5;86m[HTTP]&amp#27;[0m &amp#27;[37m<-- GET /session/ef9198cc-fc8c-4e8e-afe2-130acb1b1b00/context &amp#27;[39m&amp#27;[32m200&amp#27;[39m &amp#27;[90m1 ms - 22&amp#27;[39m &amp#27;[90m&amp#27;[39m
&amp#27;[38;5;108m[ef9198cc]&amp#27;[0m&amp#27;[38;5;86m[HTTP]&amp#27;[0m &amp#27;[37m-->&amp#27;[39m &amp#27;[37mPOST&amp#27;[39m &amp#27;[37m/session/ef9198cc-fc8c-4e8e-afe2-130acb1b1b00/element&amp#27;[39m &amp#27;[90m{"value":"type == 'XCUIElementTypeStaticText' AND name BEGINSWITH[c] 'A message'","using":"-ios predicate string"}&amp#27;[39m
&amp#27;[38;5;108m[ef9198cc]&amp#27;[0m&amp#27;[38;5;75m[XCUITestDriver@e733]&amp#27;[0m Calling AppiumDriver.findElement() with args: ["-ios predicate string","type == 'XCUIElementTypeStaticText' AND name BEGINSWITH[c] 'A message'","ef9198cc-fc8c-4e8e-afe2-130acb1b1b00"]
&amp#27;[38;5;108m[ef9198cc]&amp#27;[0m&amp#27;[38;5;75m[XCUITestDriver@e733]&amp#27;[0m Executing command 'findElement'
&amp#27;[38;5;108m[ef9198cc]&amp#27;[0m&amp#27;[38;5;75m[XCUITestDriver@e733]&amp#27;[0m Valid locator strategies for this request: xpath, id, name, class name, -ios predicate string, -ios class chain, accessibility id, css selector
&amp#27;[38;5;108m[ef9198cc]&amp#27;[0m&amp#27;[38;5;75m[XCUITestDriver@e733]&amp#27;[0m Waiting up to 10000 ms for condition
&amp#27;[38;5;108m[ef9198cc]&amp#27;[0m&amp#27;[38;5;75m[XCUITestDriver@e733]&amp#27;[0m Matched '/element' to command name 'findElement'
&amp#27;[38;5;108m[ef9198cc]&amp#27;[0m&amp#27;[38;5;75m[XCUITestDriver@e733]&amp#27;[0m Proxying [POST /element] to [POST http://127.0.0.1:8100/session/0C992A42-7FC4-4571-B723-B67A37EC79C9/element] with body: {"using":"predicate string","value":"type == 'XCUIElementTypeStaticText' AND name BEGINSWITH[c] 'A message'"}
&amp#27;[38;5;108m[ef9198cc]&amp#27;[0m&amp#27;[38;5;75m[XCUITestDriver@e733]&amp#27;[0m Got response with status 200: {"value":{"ELEMENT":"72010000-0000-0000-D06E-010000000000","element-6066-11e4-a52e-4f735466cecf":"72010000-0000-0000-D06E-010000000000"},"sessionId":"0C992A42-7FC4-4571-B723-B67A37EC79C9"}
&amp#27;[38;5;108m[ef9198cc]&amp#27;[0m&amp#27;[38;5;75m[XCUITestDriver@e733]&amp#27;[0m Responding to client with driver.findElement() result: {"element-6066-11e4-a52e-4f735466cecf":"72010000-0000-0000-D06E-010000000000","ELEMENT":"72010000-0000-0000-D06E-010000000000"}
&amp#27;[38;5;108m[ef9198cc]&amp#27;[0m&amp#27;[38;5;86m[HTTP]&amp#27;[0m &amp#27;[37m<-- POST /session/ef9198cc-fc8c-4e8e-afe2-130acb1b1b00/element &amp#27;[39m&amp#27;[32m200&amp#27;[39m &amp#27;[90m95 ms - 137&amp#27;[39m &amp#27;[90m&amp#27;[39m
&amp#27;[38;5;108m[ef9198cc]&amp#27;[0m&amp#27;[38;5;86m[HTTP]&amp#27;[0m &amp#27;[37m-->&amp#27;[39m &amp#27;[37mGET&amp#27;[39m &amp#27;[37m/session/ef9198cc-fc8c-4e8e-afe2-130acb1b1b00/element/72010000-0000-0000-D06E-010000000000/text&amp#27;[39m &amp#27;[90m{}&amp#27;[39m
&amp#27;[38;5;108m[ef9198cc]&amp#27;[0m&amp#27;[38;5;75m[XCUITestDriver@e733]&amp#27;[0m Driver proxy active, passing request on via HTTP proxy
&amp#27;[38;5;108m[ef9198cc]&amp#27;[0m&amp#27;[38;5;75m[XCUITestDriver@e733]&amp#27;[0m Executing command 'proxyReqRes'
&amp#27;[38;5;108m[ef9198cc]&amp#27;[0m&amp#27;[38;5;75m[XCUITestDriver@e733]&amp#27;[0m Matched '/session/ef9198cc-fc8c-4e8e-afe2-130acb1b1b00/element/72010000-0000-0000-D06E-010000000000/text' to command name 'getText'
&amp#27;[38;5;108m[ef9198cc]&amp#27;[0m&amp#27;[38;5;75m[XCUITestDriver@e733]&amp#27;[0m Proxying [GET /session/ef9198cc-fc8c-4e8e-afe2-130acb1b1b00/element/72010000-0000-0000-D06E-010000000000/text] to [GET http://127.0.0.1:8100/session/0C992A42-7FC4-4571-B723-B67A37EC79C9/element/72010000-0000-0000-D06E-010000000000/text] with no body
&amp#27;[38;5;108m[ef9198cc]&amp#27;[0m&amp#27;[38;5;75m[XCUITestDriver@e733]&amp#27;[0m Got response with status 200: {"value":"A message should be a short, complete sentence.","sessionId":"0C992A42-7FC4-4571-B723-B67A37EC79C9"}
&amp#27;[38;5;108m[ef9198cc]&amp#27;[0m&amp#27;[38;5;75m[XCUITestDriver@e733]&amp#27;[0m Replacing sessionId 0C992A42-7FC4-4571-B723-B67A37EC79C9 with ef9198cc-fc8c-4e8e-afe2-130acb1b1b00
&amp#27;[38;5;108m[ef9198cc]&amp#27;[0m&amp#27;[38;5;86m[HTTP]&amp#27;[0m &amp#27;[37m<-- GET /session/ef9198cc-fc8c-4e8e-afe2-130acb1b1b00/element/72010000-0000-0000-D06E-010000000000/text &amp#27;[39m&amp#27;[32m200&amp#27;[39m &amp#27;[90m35 ms - 110&amp#27;[39m &amp#27;[90m&amp#27;[39m
&amp#27;[38;5;108m[ef9198cc]&amp#27;[0m&amp#27;[38;5;86m[HTTP]&amp#27;[0m &amp#27;[37m-->&amp#27;[39m &amp#27;[37mGET&amp#27;[39m &amp#27;[37m/session/ef9198cc-fc8c-4e8e-afe2-130acb1b1b00/context&amp#27;[39m &amp#27;[90m{}&amp#27;[39m
&amp#27;[38;5;108m[ef9198cc]&amp#27;[0m&amp#27;[38;5;75m[XCUITestDriver@e733]&amp#27;[0m Calling AppiumDriver.getCurrentContext() with args: ["ef9198cc-fc8c-4e8e-afe2-130acb1b1b00"]
&amp#27;[38;5;108m[ef9198cc]&amp#27;[0m&amp#27;[38;5;75m[XCUITestDriver@e733]&amp#27;[0m Executing command 'getCurrentContext'
&amp#27;[38;5;108m[ef9198cc]&amp#27;[0m&amp#27;[38;5;75m[XCUITestDriver@e733]&amp#27;[0m Responding to client with driver.getCurrentContext() result: "NATIVE_APP"
&amp#27;[38;5;108m[ef9198cc]&amp#27;[0m&amp#27;[38;5;86m[HTTP]&amp#27;[0m &amp#27;[37m<-- GET /session/ef9198cc-fc8c-4e8e-afe2-130acb1b1b00/context &amp#27;[39m&amp#27;[32m200&amp#27;[39m &amp#27;[90m1 ms - 22&amp#27;[39m &amp#27;[90m&amp#27;[39m
&amp#27;[38;5;108m[ef9198cc]&amp#27;[0m&amp#27;[38;5;86m[HTTP]&amp#27;[0m &amp#27;[37m-->&amp#27;[39m &amp#27;[37mPOST&amp#27;[39m &amp#27;[37m/session/ef9198cc-fc8c-4e8e-afe2-130acb1b1b00/element&amp#27;[39m &amp#27;[90m{"value":"label == 'Confirm'","using":"-ios predicate string"}&amp#27;[39m
&amp#27;[38;5;108m[ef9198cc]&amp#27;[0m&amp#27;[38;5;75m[XCUITestDriver@e733]&amp#27;[0m Calling AppiumDriver.findElement() with args: ["-ios predicate string","label == 'Confirm'","ef9198cc-fc8c-4e8e-afe2-130acb1b1b00"]
&amp#27;[38;5;108m[ef9198cc]&amp#27;[0m&amp#27;[38;5;75m[XCUITestDriver@e733]&amp#27;[0m Executing command 'findElement'
&amp#27;[38;5;108m[ef9198cc]&amp#27;[0m&amp#27;[38;5;75m[XCUITestDriver@e733]&amp#27;[0m Valid locator strategies for this request: xpath, id, name, class name, -ios predicate string, -ios class chain, accessibility id, css selector
&amp#27;[38;5;108m[ef9198cc]&amp#27;[0m&amp#27;[38;5;75m[XCUITestDriver@e733]&amp#27;[0m Waiting up to 10000 ms for condition
&amp#27;[38;5;108m[ef9198cc]&amp#27;[0m&amp#27;[38;5;75m[XCUITestDriver@e733]&amp#27;[0m Matched '/element' to command name 'findElement'
&amp#27;[38;5;108m[ef9198cc]&amp#27;[0m&amp#27;[38;5;75m[XCUITestDriver@e733]&amp#27;[0m Proxying [POST /element] to [POST http://127.0.0.1:8100/session/0C992A42-7FC4-4571-B723-B67A37EC79C9/element] with body: {"using":"predicate string","value":"label == 'Confirm'"}
&amp#27;[38;5;108m[ef9198cc]&amp#27;[0m&amp#27;[38;5;75m[XCUITestDriver@e733]&amp#27;[0m Got response with status 200: {"value":{"ELEMENT":"73010000-0000-0000-D06E-010000000000","element-6066-11e4-a52e-4f735466cecf":"73010000-0000-0000-D06E-010000000000"},"sessionId":"0C992A42-7FC4-4571-B723-B67A37EC79C9"}
&amp#27;[38;5;108m[ef9198cc]&amp#27;[0m&amp#27;[38;5;75m[XCUITestDriver@e733]&amp#27;[0m Responding to client with driver.findElement() result: {"element-6066-11e4-a52e-4f735466cecf":"73010000-0000-0000-D06E-010000000000","ELEMENT":"73010000-0000-0000-D06E-010000000000"}
&amp#27;[38;5;108m[ef9198cc]&amp#27;[0m&amp#27;[38;5;86m[HTTP]&amp#27;[0m &amp#27;[37m<-- POST /session/ef9198cc-fc8c-4e8e-afe2-130acb1b1b00/element &amp#27;[39m&amp#27;[32m200&amp#27;[39m &amp#27;[90m63 ms - 137&amp#27;[39m &amp#27;[90m&amp#27;[39m
&amp#27;[38;5;108m[ef9198cc]&amp#27;[0m&amp#27;[38;5;86m[HTTP]&amp#27;[0m &amp#27;[37m-->&amp#27;[39m &amp#27;[37mPOST&amp#27;[39m &amp#27;[37m/session/ef9198cc-fc8c-4e8e-afe2-130acb1b1b00/element/73010000-0000-0000-D06E-010000000000/click&amp#27;[39m &amp#27;[90m{"id":"73010000-0000-0000-D06E-010000000000"}&amp#27;[39m
&amp#27;[38;5;108m[ef9198cc]&amp#27;[0m&amp#27;[38;5;75m[XCUITestDriver@e733]&amp#27;[0m Driver proxy active, passing request on via HTTP proxy
&amp#27;[38;5;108m[ef9198cc]&amp#27;[0m&amp#27;[38;5;75m[XCUITestDriver@e733]&amp#27;[0m Executing command 'proxyReqRes'
&amp#27;[38;5;108m[ef9198cc]&amp#27;[0m&amp#27;[38;5;75m[XCUITestDriver@e733]&amp#27;[0m Matched '/session/ef9198cc-fc8c-4e8e-afe2-130acb1b1b00/element/73010000-0000-0000-D06E-010000000000/click' to command name 'click'
&amp#27;[38;5;108m[ef9198cc]&amp#27;[0m&amp#27;[38;5;75m[XCUITestDriver@e733]&amp#27;[0m Proxying [POST /session/ef9198cc-fc8c-4e8e-afe2-130acb1b1b00/element/73010000-0000-0000-D06E-010000000000/click] to [POST http://127.0.0.1:8100/session/0C992A42-7FC4-4571-B723-B67A37EC79C9/element/73010000-0000-0000-D06E-010000000000/click] with body: {"id":"73010000-0000-0000-D06E-010000000000"}
&amp#27;[38;5;108m[ef9198cc]&amp#27;[0m&amp#27;[38;5;75m[XCUITestDriver@e733]&amp#27;[0m Got response with status 200: {"value":null,"sessionId":"0C992A42-7FC4-4571-B723-B67A37EC79C9"}
&amp#27;[38;5;108m[ef9198cc]&amp#27;[0m&amp#27;[38;5;75m[XCUITestDriver@e733]&amp#27;[0m Replacing sessionId 0C992A42-7FC4-4571-B723-B67A37EC79C9 with ef9198cc-fc8c-4e8e-afe2-130acb1b1b00
&amp#27;[38;5;108m[ef9198cc]&amp#27;[0m&amp#27;[38;5;86m[HTTP]&amp#27;[0m &amp#27;[37m<-- POST /session/ef9198cc-fc8c-4e8e-afe2-130acb1b1b00/element/73010000-0000-0000-D06E-010000000000/click &amp#27;[39m&amp#27;[32m200&amp#27;[39m &amp#27;[90m571 ms - 65&amp#27;[39m &amp#27;[90m&amp#27;[39m
]]></system-out>
  </testcase>
</testsuite>