<?xml version="1.0" encoding="UTF-8"?>
<!-- Generated by org.testng.reporters.JUnitReportReporter -->
<testsuite hostname="73155.local" failures="0" tests="1" name="org.latiffsyed.tests.iOS.AlertViewMessageValidationTest" time="4.788" errors="0" timestamp="2025-07-22T16:54:52 EDT" skipped="0">
  <testcase classname="org.latiffsyed.tests.iOS.AlertViewMessageValidationTest" name="ValidateiOSAlertMessageTest" time="4.788"/>
</testsuite> <!-- org.latiffsyed.tests.iOS.AlertViewMessageValidationTest -->
