<?xml version="1.0" encoding="UTF-8"?>
<!-- Generated by org.testng.reporters.JUnitReportReporter -->
<testsuite hostname="73155.local" failures="0" tests="2" name="org.latiffsyed.tests.android.EcommerceLogInFormValidationTest" time="25.674" errors="0" timestamp="2025-07-16T11:15:17 EDT" skipped="0">
  <testcase classname="org.latiffsyed.tests.android.EcommerceLogInFormValidationTest" name="FormLogIn_ErrorValidation" time="12.044"/>
  <testcase classname="org.latiffsyed.tests.android.EcommerceLogInFormValidationTest" name="FormLogIn_PositiveFlow" time="13.630"/>
</testsuite> <!-- org.latiffsyed.tests.android.EcommerceLogInFormValidationTest -->
