<?xml version="1.0" encoding="UTF-8"?>
<!-- Generated by org.testng.reporters.JUnitReportReporter -->
<testsuite hostname="73155.local" failures="0" tests="1" name="org.latiffsyedacademy.Ecommerce_switchContextHybrid_testcase" time="16.900" errors="0" timestamp="2025-07-14T22:00:57 EDT" skipped="0">
  <testcase classname="org.latiffsyedacademy.Ecommerce_switchContextHybrid_testcase" name="ShopLogin" time="16.900"/>
</testsuite> <!-- org.latiffsyedacademy.Ecommerce_switchContextHybrid_testcase -->
