<?xml version="1.0" encoding="UTF-8"?>
<!-- Generated by org.testng.reporters.JUnitReportReporter -->
<testsuite hostname="73155.local" failures="0" tests="1" name="org.latiffsyedacademy.EcommercePurchaseFlowTest" time="16.808" errors="0" timestamp="2025-07-14T22:50:10 EDT" skipped="0">
  <testcase classname="org.latiffsyedacademy.EcommercePurchaseFlowTest" name="ShopLogin" time="16.808"/>
</testsuite> <!-- org.latiffsyedacademy.EcommercePurchaseFlowTest -->
