<?xml version="1.0" encoding="UTF-8"?>
<!-- Generated by org.testng.reporters.JUnitReportReporter -->
<testsuite hostname="73155.local" failures="0" tests="1" name="org.latiffsyed.tests.iOS.AlertViewMessageValidation" time="4.913" errors="0" timestamp="2025-07-15T13:47:25 EDT" skipped="0">
  <testcase classname="org.latiffsyed.tests.iOS.AlertViewMessageValidation" name="IOSBasicsTest" time="4.913"/>
</testsuite> <!-- org.latiffsyed.tests.iOS.AlertViewMessageValidation -->
