<?xml version="1.0" encoding="UTF-8"?>
<!-- Generated by org.testng.reporters.JUnitReportReporter -->
<testsuite hostname="73155.local" failures="0" tests="1" name="org.latiffsyed.tests.android.Ecommerce_validate_error_message_testcase" time="12.021" errors="0" timestamp="2025-07-15T23:11:59 EDT" skipped="0">
  <testcase classname="org.latiffsyed.tests.android.Ecommerce_validate_error_message_testcase" name="ShopLogin" time="12.021"/>
</testsuite> <!-- org.latiffsyed.tests.android.Ecommerce_validate_error_message_testcase -->
