<?xml version="1.0" encoding="UTF-8"?>
<!-- Generated by org.testng.reporters.JUnitReportReporter -->
<testsuite hostname="73155.local" failures="0" tests="1" name="org.latiffsyed.tests.iOS.AlertViewMessageValidationTest" time="4.986" errors="0" timestamp="2025-07-23T23:50:23 EDT" skipped="0">
  <testcase classname="org.latiffsyed.tests.iOS.AlertViewMessageValidationTest" name="ValidateiOSAlertMessageTest" time="4.986"/>
</testsuite> <!-- org.latiffsyed.tests.iOS.AlertViewMessageValidationTest -->
